6 Jan, 2012 12:16:13 AM org.apache.catalina.startup.HostConfig checkResources
INFO: Undeploying context []
6 Jan, 2012 12:16:13 AM org.apache.catalina.startup.HostConfig deployDescriptor
INFO: Deploying configuration descriptor ROOT.xml
6 Jan, 2012 12:16:13 AM org.apache.catalina.core.StandardContext start
INFO: Container org.apache.catalina.core.ContainerBase.[Catalina].[localhost].[/] has already been started
6 Jan, 2012 12:39:45 AM org.apache.catalina.startup.HostConfig checkResources
INFO: Undeploying context []
6 Jan, 2012 12:39:45 AM org.apache.catalina.startup.HostConfig deployDescriptor
INFO: Deploying configuration descriptor ROOT.xml
6 Jan, 2012 12:39:45 AM org.apache.catalina.core.StandardContext start
INFO: Container org.apache.catalina.core.ContainerBase.[Catalina].[localhost].[/] has already been started
6 Jan, 2012 12:44:12 AM org.apache.catalina.startup.HostConfig checkResources
INFO: Undeploying context []
6 Jan, 2012 12:44:12 AM org.apache.catalina.startup.HostConfig deployDescriptor
INFO: Deploying configuration descriptor ROOT.xml
6 Jan, 2012 12:44:12 AM org.apache.catalina.core.StandardContext start
INFO: Container org.apache.catalina.core.ContainerBase.[Catalina].[localhost].[/] has already been started
6 Jan, 2012 12:57:50 AM org.apache.coyote.http11.Http11AprProtocol pause
INFO: Pausing Coyote HTTP/1.1 on http-8080
6 Jan, 2012 12:57:50 AM org.apache.coyote.ajp.AjpAprProtocol pause
INFO: Pausing Coyote AJP/1.3 on ajp-8009
6 Jan, 2012 12:57:51 AM org.apache.catalina.core.StandardService stop
INFO: Stopping service Catalina
6 Jan, 2012 12:57:51 AM org.apache.coyote.http11.Http11AprProtocol destroy
INFO: Stopping Coyote HTTP/1.1 on http-8080
6 Jan, 2012 12:57:51 AM org.apache.coyote.ajp.AjpAprProtocol destroy
INFO: Stopping Coyote AJP/1.3 on ajp-8009
