19 Feb, 2012 12:00:04 AM org.apache.catalina.startup.HostConfig checkResources
INFO: Undeploying context []
19 Feb, 2012 12:00:04 AM org.apache.catalina.startup.HostConfig deployDescriptor
INFO: Deploying configuration descriptor ROOT.xml
19 Feb, 2012 12:00:04 AM org.apache.catalina.core.StandardContext start
INFO: Container org.apache.catalina.core.ContainerBase.[Catalina].[localhost].[/] has already been started
19 Feb, 2012 12:24:18 AM org.apache.catalina.core.AprLifecycleListener init
INFO: Loaded APR based Apache Tomcat Native library 1.1.22.
19 Feb, 2012 12:24:18 AM org.apache.catalina.core.AprLifecycleListener init
INFO: APR capabilities: IPv6 [false], sendfile [true], accept filters [false], random [true].
19 Feb, 2012 12:24:19 AM org.apache.coyote.http11.Http11AprProtocol init
INFO: Initializing Coyote HTTP/1.1 on http-8080
19 Feb, 2012 12:24:19 AM org.apache.coyote.ajp.AjpAprProtocol init
INFO: Initializing Coyote AJP/1.3 on ajp-8009
19 Feb, 2012 12:24:19 AM org.apache.catalina.startup.Catalina load
INFO: Initialization processed in 2201 ms
19 Feb, 2012 12:24:20 AM org.apache.catalina.core.StandardService start
INFO: Starting service Catalina
19 Feb, 2012 12:24:20 AM org.apache.catalina.core.StandardEngine start
INFO: Starting Servlet Engine: Apache Tomcat/6.0.35
19 Feb, 2012 12:24:20 AM org.apache.catalina.startup.HostConfig deployDescriptor
INFO: Deploying configuration descriptor FileUP.xml
19 Feb, 2012 12:24:20 AM org.apache.catalina.startup.HostConfig deployDescriptor
WARNING: A docBase D:\Dropbox\YAID\apache-tomcat-6.0.35\webapps\home\vignesh\Dropbox\dev\project\jQuery-File-Upload-Java-nb\FileUP\build\web inside the host appBase has been specified, and will be ignored
19 Feb, 2012 12:24:20 AM org.apache.catalina.core.StandardContext resourcesStart
SEVERE: Error starting static Resources
java.lang.IllegalArgumentException: Document base D:\Dropbox\YAID\apache-tomcat-6.0.35\webapps\FileUP does not exist or is not a readable directory
	at org.apache.naming.resources.FileDirContext.setDocBase(FileDirContext.java:142)
	at org.apache.catalina.core.StandardContext.resourcesStart(StandardContext.java:4320)
	at org.apache.catalina.core.StandardContext.start(StandardContext.java:4489)
	at org.apache.catalina.core.ContainerBase.addChildInternal(ContainerBase.java:799)
	at org.apache.catalina.core.ContainerBase.addChild(ContainerBase.java:779)
	at org.apache.catalina.core.StandardHost.addChild(StandardHost.java:601)
	at org.apache.catalina.startup.HostConfig.deployDescriptor(HostConfig.java:675)
	at org.apache.catalina.startup.HostConfig.deployDescriptors(HostConfig.java:601)
	at org.apache.catalina.startup.HostConfig.deployApps(HostConfig.java:502)
	at org.apache.catalina.startup.HostConfig.start(HostConfig.java:1317)
	at org.apache.catalina.startup.HostConfig.lifecycleEvent(HostConfig.java:324)
	at org.apache.catalina.util.LifecycleSupport.fireLifecycleEvent(LifecycleSupport.java:142)
	at org.apache.catalina.core.ContainerBase.start(ContainerBase.java:1065)
	at org.apache.catalina.core.StandardHost.start(StandardHost.java:840)
	at org.apache.catalina.core.ContainerBase.start(ContainerBase.java:1057)
	at org.apache.catalina.core.StandardEngine.start(StandardEngine.java:463)
	at org.apache.catalina.core.StandardService.start(StandardService.java:525)
	at org.apache.catalina.core.StandardServer.start(StandardServer.java:754)
	at org.apache.catalina.startup.Catalina.start(Catalina.java:595)
	at sun.reflect.NativeMethodAccessorImpl.invoke0(Native Method)
	at sun.reflect.NativeMethodAccessorImpl.invoke(NativeMethodAccessorImpl.java:39)
	at sun.reflect.DelegatingMethodAccessorImpl.invoke(DelegatingMethodAccessorImpl.java:25)
	at java.lang.reflect.Method.invoke(Method.java:597)
	at org.apache.catalina.startup.Bootstrap.start(Bootstrap.java:289)
	at org.apache.catalina.startup.Bootstrap.main(Bootstrap.java:414)
19 Feb, 2012 12:24:20 AM org.apache.catalina.core.StandardContext start
SEVERE: Error in resourceStart()
19 Feb, 2012 12:24:20 AM org.apache.catalina.core.StandardContext start
SEVERE: Error getConfigured
19 Feb, 2012 12:24:20 AM org.apache.catalina.core.StandardContext start
SEVERE: Context [/FileUP] startup failed due to previous errors
19 Feb, 2012 12:24:20 AM org.apache.catalina.core.StandardContext stop
INFO: Container org.apache.catalina.core.ContainerBase.[Catalina].[localhost].[/FileUP] has not been started
19 Feb, 2012 12:24:22 AM org.apache.catalina.startup.HostConfig deployDescriptor
INFO: Deploying configuration descriptor fileupload.xml
19 Feb, 2012 12:24:22 AM org.apache.catalina.startup.HostConfig deployDescriptor
INFO: Deploying configuration descriptor host-manager.xml
19 Feb, 2012 12:24:22 AM org.apache.catalina.startup.HostConfig deployDescriptor
INFO: Deploying configuration descriptor manager.xml
19 Feb, 2012 12:24:22 AM org.apache.catalina.startup.HostConfig deployDescriptor
INFO: Deploying configuration descriptor ROOT.xml
19 Feb, 2012 12:24:22 AM org.apache.catalina.core.StandardContext resourcesStart
SEVERE: Error starting static Resources
java.lang.IllegalArgumentException: Document base E:\Dropbox\YAID\build\web does not exist or is not a readable directory
	at org.apache.naming.resources.FileDirContext.setDocBase(FileDirContext.java:142)
	at org.apache.catalina.core.StandardContext.resourcesStart(StandardContext.java:4320)
	at org.apache.catalina.core.StandardContext.start(StandardContext.java:4489)
	at org.apache.catalina.core.ContainerBase.addChildInternal(ContainerBase.java:799)
	at org.apache.catalina.core.ContainerBase.addChild(ContainerBase.java:779)
	at org.apache.catalina.core.StandardHost.addChild(StandardHost.java:601)
	at org.apache.catalina.startup.HostConfig.deployDescriptor(HostConfig.java:675)
	at org.apache.catalina.startup.HostConfig.deployDescriptors(HostConfig.java:601)
	at org.apache.catalina.startup.HostConfig.deployApps(HostConfig.java:502)
	at org.apache.catalina.startup.HostConfig.start(HostConfig.java:1317)
	at org.apache.catalina.startup.HostConfig.lifecycleEvent(HostConfig.java:324)
	at org.apache.catalina.util.LifecycleSupport.fireLifecycleEvent(LifecycleSupport.java:142)
	at org.apache.catalina.core.ContainerBase.start(ContainerBase.java:1065)
	at org.apache.catalina.core.StandardHost.start(StandardHost.java:840)
	at org.apache.catalina.core.ContainerBase.start(ContainerBase.java:1057)
	at org.apache.catalina.core.StandardEngine.start(StandardEngine.java:463)
	at org.apache.catalina.core.StandardService.start(StandardService.java:525)
	at org.apache.catalina.core.StandardServer.start(StandardServer.java:754)
	at org.apache.catalina.startup.Catalina.start(Catalina.java:595)
	at sun.reflect.NativeMethodAccessorImpl.invoke0(Native Method)
	at sun.reflect.NativeMethodAccessorImpl.invoke(NativeMethodAccessorImpl.java:39)
	at sun.reflect.DelegatingMethodAccessorImpl.invoke(DelegatingMethodAccessorImpl.java:25)
	at java.lang.reflect.Method.invoke(Method.java:597)
	at org.apache.catalina.startup.Bootstrap.start(Bootstrap.java:289)
	at org.apache.catalina.startup.Bootstrap.main(Bootstrap.java:414)
19 Feb, 2012 12:24:22 AM org.apache.catalina.core.StandardContext start
SEVERE: Error in resourceStart()
19 Feb, 2012 12:24:22 AM org.apache.catalina.core.StandardContext start
SEVERE: Error getConfigured
19 Feb, 2012 12:24:22 AM org.apache.catalina.core.StandardContext start
SEVERE: Context [] startup failed due to previous errors
19 Feb, 2012 12:24:22 AM org.apache.catalina.core.StandardContext stop
INFO: Container org.apache.catalina.core.ContainerBase.[Catalina].[localhost].[/] has not been started
19 Feb, 2012 12:24:22 AM org.apache.catalina.startup.HostConfig deployDirectory
INFO: Deploying web application directory docs
19 Feb, 2012 12:24:22 AM org.apache.catalina.startup.HostConfig deployDirectory
INFO: Deploying web application directory examples
19 Feb, 2012 12:24:23 AM org.apache.coyote.http11.Http11AprProtocol start
INFO: Starting Coyote HTTP/1.1 on http-8080
19 Feb, 2012 12:24:23 AM org.apache.coyote.ajp.AjpAprProtocol start
INFO: Starting Coyote AJP/1.3 on ajp-8009
19 Feb, 2012 12:24:23 AM org.apache.catalina.startup.Catalina start
INFO: Server startup in 3240 ms
19 Feb, 2012 12:24:25 AM org.apache.catalina.core.StandardContext stop
INFO: Container org.apache.catalina.core.ContainerBase.[Catalina].[localhost].[/] has not been started
19 Feb, 2012 12:24:25 AM org.apache.catalina.startup.HostConfig checkResources
INFO: Undeploying context []
19 Feb, 2012 12:24:25 AM org.apache.catalina.startup.HostConfig deployDescriptor
INFO: Deploying configuration descriptor ROOT.xml
19 Feb, 2012 12:24:26 AM org.apache.catalina.core.StandardContext start
INFO: Container org.apache.catalina.core.ContainerBase.[Catalina].[localhost].[/] has already been started
19 Feb, 2012 12:24:53 AM org.apache.catalina.core.StandardContext reload
INFO: Reloading Context with name [] has started
19 Feb, 2012 12:26:00 AM org.apache.catalina.startup.HostConfig checkResources
INFO: Undeploying context []
19 Feb, 2012 12:26:00 AM org.apache.catalina.startup.ExpandWar deleteDir
SEVERE: [D:\Dropbox\YAID\apache-tomcat-6.0.35\work\Catalina\localhost\_] could not be completely deleted. The presence of the remaining files may cause problems
19 Feb, 2012 12:26:00 AM org.apache.catalina.startup.ExpandWar delete
SEVERE: [D:\Dropbox\YAID\apache-tomcat-6.0.35\work\Catalina\localhost\_] could not be completely deleted. The presence of the remaining files may cause problems
19 Feb, 2012 12:26:01 AM org.apache.catalina.startup.HostConfig deployDescriptor
INFO: Deploying configuration descriptor ROOT.xml
19 Feb, 2012 12:26:01 AM org.apache.catalina.core.StandardContext start
INFO: Container org.apache.catalina.core.ContainerBase.[Catalina].[localhost].[/] has already been started
19 Feb, 2012 12:29:59 AM org.apache.catalina.startup.HostConfig checkResources
INFO: Undeploying context []
19 Feb, 2012 12:29:59 AM org.apache.catalina.startup.HostConfig deployDescriptor
INFO: Deploying configuration descriptor ROOT.xml
19 Feb, 2012 12:29:59 AM org.apache.catalina.core.StandardContext start
INFO: Container org.apache.catalina.core.ContainerBase.[Catalina].[localhost].[/] has already been started
19 Feb, 2012 12:32:59 AM org.apache.catalina.startup.HostConfig checkResources
INFO: Undeploying context []
19 Feb, 2012 12:32:59 AM org.apache.catalina.startup.HostConfig deployDescriptor
INFO: Deploying configuration descriptor ROOT.xml
19 Feb, 2012 12:32:59 AM org.apache.catalina.core.StandardContext start
INFO: Container org.apache.catalina.core.ContainerBase.[Catalina].[localhost].[/] has already been started
19 Feb, 2012 12:36:49 AM org.apache.catalina.startup.HostConfig checkResources
INFO: Undeploying context []
19 Feb, 2012 12:36:49 AM org.apache.catalina.startup.HostConfig deployDescriptor
INFO: Deploying configuration descriptor ROOT.xml
19 Feb, 2012 12:36:49 AM org.apache.catalina.core.StandardContext start
INFO: Container org.apache.catalina.core.ContainerBase.[Catalina].[localhost].[/] has already been started
19 Feb, 2012 12:37:41 AM org.apache.catalina.startup.HostConfig checkResources
INFO: Undeploying context []
19 Feb, 2012 12:37:41 AM org.apache.catalina.startup.HostConfig deployDescriptor
INFO: Deploying configuration descriptor ROOT.xml
19 Feb, 2012 12:37:41 AM org.apache.catalina.core.StandardContext start
INFO: Container org.apache.catalina.core.ContainerBase.[Catalina].[localhost].[/] has already been started
19 Feb, 2012 12:43:17 AM org.apache.catalina.loader.WebappClassLoader modified
SEVERE:     Resource '/WEB-INF/lib/commons-fileupload-1.2.2.jar' is missing
19 Feb, 2012 12:43:17 AM org.apache.catalina.core.StandardContext reload
INFO: Reloading Context with name [] has started
19 Feb, 2012 12:43:27 AM org.apache.catalina.startup.HostConfig checkResources
INFO: Reloading context []
19 Feb, 2012 12:43:38 AM org.apache.catalina.loader.WebappClassLoader modified
INFO:     Additional JARs have been added
19 Feb, 2012 12:43:38 AM org.apache.catalina.core.StandardContext reload
INFO: Reloading Context with name [] has started
19 Feb, 2012 12:43:41 AM org.apache.catalina.startup.HostConfig checkResources
INFO: Undeploying context []
19 Feb, 2012 12:43:41 AM org.apache.catalina.startup.HostConfig deployDescriptor
INFO: Deploying configuration descriptor ROOT.xml
19 Feb, 2012 12:43:41 AM org.apache.catalina.core.StandardContext start
INFO: Container org.apache.catalina.core.ContainerBase.[Catalina].[localhost].[/] has already been started
19 Feb, 2012 12:45:28 AM org.apache.catalina.loader.WebappClassLoader modified
SEVERE:     Resource '/WEB-INF/classes/com/yaid/administrator/ViewAllUsers.class' is missing
19 Feb, 2012 12:45:28 AM org.apache.catalina.core.StandardContext reload
INFO: Reloading Context with name [] has started
19 Feb, 2012 12:45:28 AM org.apache.catalina.loader.WebappClassLoader clearReferencesJdbc
SEVERE: The web application [] registered the JDBC driver [com.mysql.jdbc.Driver] but failed to unregister it when the web application was stopped. To prevent a memory leak, the JDBC Driver has been forcibly unregistered.
19 Feb, 2012 12:45:33 AM org.apache.coyote.http11.Http11AprProtocol pause
INFO: Pausing Coyote HTTP/1.1 on http-8080
19 Feb, 2012 12:45:33 AM org.apache.coyote.ajp.AjpAprProtocol pause
INFO: Pausing Coyote AJP/1.3 on ajp-8009
19 Feb, 2012 12:45:34 AM org.apache.catalina.core.StandardService stop
INFO: Stopping service Catalina
19 Feb, 2012 12:45:34 AM org.apache.coyote.http11.Http11AprProtocol destroy
INFO: Stopping Coyote HTTP/1.1 on http-8080
19 Feb, 2012 12:45:34 AM org.apache.coyote.ajp.AjpAprProtocol destroy
INFO: Stopping Coyote AJP/1.3 on ajp-8009
19 Feb, 2012 12:53:24 AM org.apache.catalina.core.AprLifecycleListener init
INFO: Loaded APR based Apache Tomcat Native library 1.1.22.
19 Feb, 2012 12:53:24 AM org.apache.catalina.core.AprLifecycleListener init
INFO: APR capabilities: IPv6 [false], sendfile [true], accept filters [false], random [true].
19 Feb, 2012 12:53:25 AM org.apache.coyote.http11.Http11AprProtocol init
INFO: Initializing Coyote HTTP/1.1 on http-8080
19 Feb, 2012 12:53:25 AM org.apache.coyote.ajp.AjpAprProtocol init
INFO: Initializing Coyote AJP/1.3 on ajp-8009
19 Feb, 2012 12:53:25 AM org.apache.catalina.startup.Catalina load
INFO: Initialization processed in 1131 ms
19 Feb, 2012 12:53:25 AM org.apache.catalina.core.StandardService start
INFO: Starting service Catalina
19 Feb, 2012 12:53:25 AM org.apache.catalina.core.StandardEngine start
INFO: Starting Servlet Engine: Apache Tomcat/6.0.35
19 Feb, 2012 12:53:25 AM org.apache.catalina.startup.HostConfig deployDescriptor
INFO: Deploying configuration descriptor FileUP.xml
19 Feb, 2012 12:53:25 AM org.apache.catalina.startup.HostConfig deployDescriptor
WARNING: A docBase D:\Dropbox\YAID\apache-tomcat-6.0.35\webapps\home\vignesh\Dropbox\dev\project\jQuery-File-Upload-Java-nb\FileUP\build\web inside the host appBase has been specified, and will be ignored
19 Feb, 2012 12:53:25 AM org.apache.catalina.core.StandardContext resourcesStart
SEVERE: Error starting static Resources
java.lang.IllegalArgumentException: Document base D:\Dropbox\YAID\apache-tomcat-6.0.35\webapps\FileUP does not exist or is not a readable directory
	at org.apache.naming.resources.FileDirContext.setDocBase(FileDirContext.java:142)
	at org.apache.catalina.core.StandardContext.resourcesStart(StandardContext.java:4320)
	at org.apache.catalina.core.StandardContext.start(StandardContext.java:4489)
	at org.apache.catalina.core.ContainerBase.addChildInternal(ContainerBase.java:799)
	at org.apache.catalina.core.ContainerBase.addChild(ContainerBase.java:779)
	at org.apache.catalina.core.StandardHost.addChild(StandardHost.java:601)
	at org.apache.catalina.startup.HostConfig.deployDescriptor(HostConfig.java:675)
	at org.apache.catalina.startup.HostConfig.deployDescriptors(HostConfig.java:601)
	at org.apache.catalina.startup.HostConfig.deployApps(HostConfig.java:502)
	at org.apache.catalina.startup.HostConfig.start(HostConfig.java:1317)
	at org.apache.catalina.startup.HostConfig.lifecycleEvent(HostConfig.java:324)
	at org.apache.catalina.util.LifecycleSupport.fireLifecycleEvent(LifecycleSupport.java:142)
	at org.apache.catalina.core.ContainerBase.start(ContainerBase.java:1065)
	at org.apache.catalina.core.StandardHost.start(StandardHost.java:840)
	at org.apache.catalina.core.ContainerBase.start(ContainerBase.java:1057)
	at org.apache.catalina.core.StandardEngine.start(StandardEngine.java:463)
	at org.apache.catalina.core.StandardService.start(StandardService.java:525)
	at org.apache.catalina.core.StandardServer.start(StandardServer.java:754)
	at org.apache.catalina.startup.Catalina.start(Catalina.java:595)
	at sun.reflect.NativeMethodAccessorImpl.invoke0(Native Method)
	at sun.reflect.NativeMethodAccessorImpl.invoke(NativeMethodAccessorImpl.java:39)
	at sun.reflect.DelegatingMethodAccessorImpl.invoke(DelegatingMethodAccessorImpl.java:25)
	at java.lang.reflect.Method.invoke(Method.java:597)
	at org.apache.catalina.startup.Bootstrap.start(Bootstrap.java:289)
	at org.apache.catalina.startup.Bootstrap.main(Bootstrap.java:414)
19 Feb, 2012 12:53:25 AM org.apache.catalina.core.StandardContext start
SEVERE: Error in resourceStart()
19 Feb, 2012 12:53:25 AM org.apache.catalina.core.StandardContext start
SEVERE: Error getConfigured
19 Feb, 2012 12:53:25 AM org.apache.catalina.core.StandardContext start
SEVERE: Context [/FileUP] startup failed due to previous errors
19 Feb, 2012 12:53:25 AM org.apache.catalina.core.StandardContext stop
INFO: Container org.apache.catalina.core.ContainerBase.[Catalina].[localhost].[/FileUP] has not been started
19 Feb, 2012 12:53:27 AM org.apache.catalina.startup.HostConfig deployDescriptor
INFO: Deploying configuration descriptor fileupload.xml
19 Feb, 2012 12:53:28 AM org.apache.catalina.startup.HostConfig deployDescriptor
INFO: Deploying configuration descriptor host-manager.xml
19 Feb, 2012 12:53:28 AM org.apache.catalina.startup.HostConfig deployDescriptor
INFO: Deploying configuration descriptor manager.xml
19 Feb, 2012 12:53:28 AM org.apache.catalina.startup.HostConfig deployDescriptor
INFO: Deploying configuration descriptor ROOT.xml
19 Feb, 2012 12:53:28 AM org.apache.catalina.startup.HostConfig deployDirectory
INFO: Deploying web application directory docs
19 Feb, 2012 12:53:28 AM org.apache.catalina.startup.HostConfig deployDirectory
INFO: Deploying web application directory examples
19 Feb, 2012 12:53:28 AM org.apache.coyote.http11.Http11AprProtocol start
INFO: Starting Coyote HTTP/1.1 on http-8080
19 Feb, 2012 12:53:28 AM org.apache.coyote.ajp.AjpAprProtocol start
INFO: Starting Coyote AJP/1.3 on ajp-8009
19 Feb, 2012 12:53:28 AM org.apache.catalina.startup.Catalina start
INFO: Server startup in 3224 ms
19 Feb, 2012 12:53:31 AM org.apache.catalina.startup.HostConfig checkResources
INFO: Undeploying context []
19 Feb, 2012 12:53:31 AM org.apache.catalina.startup.HostConfig deployDescriptor
INFO: Deploying configuration descriptor ROOT.xml
19 Feb, 2012 12:53:31 AM org.apache.catalina.core.StandardContext start
INFO: Container org.apache.catalina.core.ContainerBase.[Catalina].[localhost].[/] has already been started
19 Feb, 2012 12:56:07 AM org.apache.coyote.http11.Http11AprProtocol pause
INFO: Pausing Coyote HTTP/1.1 on http-8080
19 Feb, 2012 12:56:07 AM org.apache.coyote.ajp.AjpAprProtocol pause
INFO: Pausing Coyote AJP/1.3 on ajp-8009
19 Feb, 2012 12:56:08 AM org.apache.catalina.core.StandardService stop
INFO: Stopping service Catalina
19 Feb, 2012 12:56:08 AM org.apache.catalina.loader.WebappClassLoader clearReferencesJdbc
SEVERE: The web application [] registered the JDBC driver [com.mysql.jdbc.Driver] but failed to unregister it when the web application was stopped. To prevent a memory leak, the JDBC Driver has been forcibly unregistered.
19 Feb, 2012 12:56:08 AM org.apache.coyote.http11.Http11AprProtocol destroy
INFO: Stopping Coyote HTTP/1.1 on http-8080
19 Feb, 2012 12:56:08 AM org.apache.coyote.ajp.AjpAprProtocol destroy
INFO: Stopping Coyote AJP/1.3 on ajp-8009
