19 Feb, 2012 12:00:04 AM org.apache.catalina.startup.HostConfig checkResources
INFO: Undeploying context []
19 Feb, 2012 12:00:04 AM org.apache.catalina.startup.HostConfig deployDescriptor
INFO: Deploying configuration descriptor ROOT.xml
19 Feb, 2012 12:00:04 AM org.apache.catalina.core.StandardContext start
INFO: Container org.apache.catalina.core.ContainerBase.[Catalina].[localhost].[/] has already been started
19 Feb, 2012 12:24:18 AM org.apache.catalina.core.AprLifecycleListener init
INFO: Loaded APR based Apache Tomcat Native library 1.1.22.
19 Feb, 2012 12:24:18 AM org.apache.catalina.core.AprLifecycleListener init
INFO: APR capabilities: IPv6 [false], sendfile [true], accept filters [false], random [true].
19 Feb, 2012 12:24:19 AM org.apache.coyote.http11.Http11AprProtocol init
INFO: Initializing Coyote HTTP/1.1 on http-8080
19 Feb, 2012 12:24:19 AM org.apache.coyote.ajp.AjpAprProtocol init
INFO: Initializing Coyote AJP/1.3 on ajp-8009
19 Feb, 2012 12:24:19 AM org.apache.catalina.startup.Catalina load
INFO: Initialization processed in 2201 ms
19 Feb, 2012 12:24:20 AM org.apache.catalina.core.StandardService start
INFO: Starting service Catalina
19 Feb, 2012 12:24:20 AM org.apache.catalina.core.StandardEngine start
INFO: Starting Servlet Engine: Apache Tomcat/6.0.35
19 Feb, 2012 12:24:20 AM org.apache.catalina.startup.HostConfig deployDescriptor
INFO: Deploying configuration descriptor FileUP.xml
19 Feb, 2012 12:24:20 AM org.apache.catalina.startup.HostConfig deployDescriptor
WARNING: A docBase D:\Dropbox\YAID\apache-tomcat-6.0.35\webapps\home\vignesh\Dropbox\dev\project\jQuery-File-Upload-Java-nb\FileUP\build\web inside the host appBase has been specified, and will be ignored
19 Feb, 2012 12:24:20 AM org.apache.catalina.core.StandardContext resourcesStart
SEVERE: Error starting static Resources
java.lang.IllegalArgumentException: Document base D:\Dropbox\YAID\apache-tomcat-6.0.35\webapps\FileUP does not exist or is not a readable directory
	at org.apache.naming.resources.FileDirContext.setDocBase(FileDirContext.java:142)
	at org.apache.catalina.core.StandardContext.resourcesStart(StandardContext.java:4320)
	at org.apache.catalina.core.StandardContext.start(StandardContext.java:4489)
	at org.apache.catalina.core.ContainerBase.addChildInternal(ContainerBase.java:799)
	at org.apache.catalina.core.ContainerBase.addChild(ContainerBase.java:779)
	at org.apache.catalina.core.StandardHost.addChild(StandardHost.java:601)
	at org.apache.catalina.startup.HostConfig.deployDescriptor(HostConfig.java:675)
	at org.apache.catalina.startup.HostConfig.deployDescriptors(HostConfig.java:601)
	at org.apache.catalina.startup.HostConfig.deployApps(HostConfig.java:502)
	at org.apache.catalina.startup.HostConfig.start(HostConfig.java:1317)
	at org.apache.catalina.startup.HostConfig.lifecycleEvent(HostConfig.java:324)
	at org.apache.catalina.util.LifecycleSupport.fireLifecycleEvent(LifecycleSupport.java:142)
	at org.apache.catalina.core.ContainerBase.start(ContainerBase.java:1065)
	at org.apache.catalina.core.StandardHost.start(StandardHost.java:840)
	at org.apache.catalina.core.ContainerBase.start(ContainerBase.java:1057)
	at org.apache.catalina.core.StandardEngine.start(StandardEngine.java:463)
	at org.apache.catalina.core.StandardService.start(StandardService.java:525)
	at org.apache.catalina.core.StandardServer.start(StandardServer.java:754)
	at org.apache.catalina.startup.Catalina.start(Catalina.java:595)
	at sun.reflect.NativeMethodAccessorImpl.invoke0(Native Method)
	at sun.reflect.NativeMethodAccessorImpl.invoke(NativeMethodAccessorImpl.java:39)
	at sun.reflect.DelegatingMethodAccessorImpl.invoke(DelegatingMethodAccessorImpl.java:25)
	at java.lang.reflect.Method.invoke(Method.java:597)
	at org.apache.catalina.startup.Bootstrap.start(Bootstrap.java:289)
	at org.apache.catalina.startup.Bootstrap.main(Bootstrap.java:414)
19 Feb, 2012 12:24:20 AM org.apache.catalina.core.StandardContext start
SEVERE: Error in resourceStart()
19 Feb, 2012 12:24:20 AM org.apache.catalina.core.StandardContext start
SEVERE: Error getConfigured
19 Feb, 2012 12:24:20 AM org.apache.catalina.core.StandardContext start
SEVERE: Context [/FileUP] startup failed due to previous errors
19 Feb, 2012 12:24:20 AM org.apache.catalina.core.StandardContext stop
INFO: Container org.apache.catalina.core.ContainerBase.[Catalina].[localhost].[/FileUP] has not been started
19 Feb, 2012 12:24:22 AM org.apache.catalina.startup.HostConfig deployDescriptor
INFO: Deploying configuration descriptor fileupload.xml
19 Feb, 2012 12:24:22 AM org.apache.catalina.startup.HostConfig deployDescriptor
INFO: Deploying configuration descriptor host-manager.xml
19 Feb, 2012 12:24:22 AM org.apache.catalina.startup.HostConfig deployDescriptor
INFO: Deploying configuration descriptor manager.xml
19 Feb, 2012 12:24:22 AM org.apache.catalina.startup.HostConfig deployDescriptor
INFO: Deploying configuration descriptor ROOT.xml
19 Feb, 2012 12:24:22 AM org.apache.catalina.core.StandardContext resourcesStart
SEVERE: Error starting static Resources
java.lang.IllegalArgumentException: Document base E:\Dropbox\YAID\build\web does not exist or is not a readable directory
	at org.apache.naming.resources.FileDirContext.setDocBase(FileDirContext.java:142)
	at org.apache.catalina.core.StandardContext.resourcesStart(StandardContext.java:4320)
	at org.apache.catalina.core.StandardContext.start(StandardContext.java:4489)
	at org.apache.catalina.core.ContainerBase.addChildInternal(ContainerBase.java:799)
	at org.apache.catalina.core.ContainerBase.addChild(ContainerBase.java:779)
	at org.apache.catalina.core.StandardHost.addChild(StandardHost.java:601)
	at org.apache.catalina.startup.HostConfig.deployDescriptor(HostConfig.java:675)
	at org.apache.catalina.startup.HostConfig.deployDescriptors(HostConfig.java:601)
	at org.apache.catalina.startup.HostConfig.deployApps(HostConfig.java:502)
	at org.apache.catalina.startup.HostConfig.start(HostConfig.java:1317)
	at org.apache.catalina.startup.HostConfig.lifecycleEvent(HostConfig.java:324)
	at org.apache.catalina.util.LifecycleSupport.fireLifecycleEvent(LifecycleSupport.java:142)
	at org.apache.catalina.core.ContainerBase.start(ContainerBase.java:1065)
	at org.apache.catalina.core.StandardHost.start(StandardHost.java:840)
	at org.apache.catalina.core.ContainerBase.start(ContainerBase.java:1057)
	at org.apache.catalina.core.StandardEngine.start(StandardEngine.java:463)
	at org.apache.catalina.core.StandardService.start(StandardService.java:525)
	at org.apache.catalina.core.StandardServer.start(StandardServer.java:754)
	at org.apache.catalina.startup.Catalina.start(Catalina.java:595)
	at sun.reflect.NativeMethodAccessorImpl.invoke0(Native Method)
	at sun.reflect.NativeMethodAccessorImpl.invoke(NativeMethodAccessorImpl.java:39)
	at sun.reflect.DelegatingMethodAccessorImpl.invoke(DelegatingMethodAccessorImpl.java:25)
	at java.lang.reflect.Method.invoke(Method.java:597)
	at org.apache.catalina.startup.Bootstrap.start(Bootstrap.java:289)
	at org.apache.catalina.startup.Bootstrap.main(Bootstrap.java:414)
19 Feb, 2012 12:24:22 AM org.apache.catalina.core.StandardContext start
SEVERE: Error in resourceStart()
19 Feb, 2012 12:24:22 AM org.apache.catalina.core.StandardContext start
SEVERE: Error getConfigured
19 Feb, 2012 12:24:22 AM org.apache.catalina.core.StandardContext start
SEVERE: Context [] startup failed due to previous errors
19 Feb, 2012 12:24:22 AM org.apache.catalina.core.StandardContext stop
INFO: Container org.apache.catalina.core.ContainerBase.[Catalina].[localhost].[/] has not been started
19 Feb, 2012 12:24:22 AM org.apache.catalina.startup.HostConfig deployDirectory
INFO: Deploying web application directory docs
19 Feb, 2012 12:24:22 AM org.apache.catalina.startup.HostConfig deployDirectory
INFO: Deploying web application directory examples
19 Feb, 2012 12:24:23 AM org.apache.coyote.http11.Http11AprProtocol start
INFO: Starting Coyote HTTP/1.1 on http-8080
19 Feb, 2012 12:24:23 AM org.apache.coyote.ajp.AjpAprProtocol start
INFO: Starting Coyote AJP/1.3 on ajp-8009
19 Feb, 2012 12:24:23 AM org.apache.catalina.startup.Catalina start
INFO: Server startup in 3240 ms
19 Feb, 2012 12:24:25 AM org.apache.catalina.core.StandardContext stop
INFO: Container org.apache.catalina.core.ContainerBase.[Catalina].[localhost].[/] has not been started
19 Feb, 2012 12:24:25 AM org.apache.catalina.startup.HostConfig checkResources
INFO: Undeploying context []
19 Feb, 2012 12:24:25 AM org.apache.catalina.startup.HostConfig deployDescriptor
INFO: Deploying configuration descriptor ROOT.xml
19 Feb, 2012 12:24:26 AM org.apache.catalina.core.StandardContext start
INFO: Container org.apache.catalina.core.ContainerBase.[Catalina].[localhost].[/] has already been started
19 Feb, 2012 12:24:53 AM org.apache.catalina.core.StandardContext reload
INFO: Reloading Context with name [] has started
19 Feb, 2012 12:26:00 AM org.apache.catalina.startup.HostConfig checkResources
INFO: Undeploying context []
19 Feb, 2012 12:26:00 AM org.apache.catalina.startup.ExpandWar deleteDir
SEVERE: [D:\Dropbox\YAID\apache-tomcat-6.0.35\work\Catalina\localhost\_] could not be completely deleted. The presence of the remaining files may cause problems
19 Feb, 2012 12:26:00 AM org.apache.catalina.startup.ExpandWar delete
SEVERE: [D:\Dropbox\YAID\apache-tomcat-6.0.35\work\Catalina\localhost\_] could not be completely deleted. The presence of the remaining files may cause problems
19 Feb, 2012 12:26:01 AM org.apache.catalina.startup.HostConfig deployDescriptor
INFO: Deploying configuration descriptor ROOT.xml
19 Feb, 2012 12:26:01 AM org.apache.catalina.core.StandardContext start
INFO: Container org.apache.catalina.core.ContainerBase.[Catalina].[localhost].[/] has already been started
19 Feb, 2012 12:29:59 AM org.apache.catalina.startup.HostConfig checkResources
INFO: Undeploying context []
19 Feb, 2012 12:29:59 AM org.apache.catalina.startup.HostConfig deployDescriptor
INFO: Deploying configuration descriptor ROOT.xml
19 Feb, 2012 12:29:59 AM org.apache.catalina.core.StandardContext start
INFO: Container org.apache.catalina.core.ContainerBase.[Catalina].[localhost].[/] has already been started
19 Feb, 2012 12:32:59 AM org.apache.catalina.startup.HostConfig checkResources
INFO: Undeploying context []
19 Feb, 2012 12:32:59 AM org.apache.catalina.startup.HostConfig deployDescriptor
INFO: Deploying configuration descriptor ROOT.xml
19 Feb, 2012 12:32:59 AM org.apache.catalina.core.StandardContext start
INFO: Container org.apache.catalina.core.ContainerBase.[Catalina].[localhost].[/] has already been started
19 Feb, 2012 12:36:49 AM org.apache.catalina.startup.HostConfig checkResources
INFO: Undeploying context []
19 Feb, 2012 12:36:49 AM org.apache.catalina.startup.HostConfig deployDescriptor
INFO: Deploying configuration descriptor ROOT.xml
19 Feb, 2012 12:36:49 AM org.apache.catalina.core.StandardContext start
INFO: Container org.apache.catalina.core.ContainerBase.[Catalina].[localhost].[/] has already been started
19 Feb, 2012 12:37:41 AM org.apache.catalina.startup.HostConfig checkResources
INFO: Undeploying context []
19 Feb, 2012 12:37:41 AM org.apache.catalina.startup.HostConfig deployDescriptor
INFO: Deploying configuration descriptor ROOT.xml
19 Feb, 2012 12:37:41 AM org.apache.catalina.core.StandardContext start
INFO: Container org.apache.catalina.core.ContainerBase.[Catalina].[localhost].[/] has already been started
19 Feb, 2012 12:43:17 AM org.apache.catalina.loader.WebappClassLoader modified
SEVERE:     Resource '/WEB-INF/lib/commons-fileupload-1.2.2.jar' is missing
19 Feb, 2012 12:43:17 AM org.apache.catalina.core.StandardContext reload
INFO: Reloading Context with name [] has started
19 Feb, 2012 12:43:27 AM org.apache.catalina.startup.HostConfig checkResources
INFO: Reloading context []
19 Feb, 2012 12:43:38 AM org.apache.catalina.loader.WebappClassLoader modified
INFO:     Additional JARs have been added
19 Feb, 2012 12:43:38 AM org.apache.catalina.core.StandardContext reload
INFO: Reloading Context with name [] has started
19 Feb, 2012 12:43:41 AM org.apache.catalina.startup.HostConfig checkResources
INFO: Undeploying context []
19 Feb, 2012 12:43:41 AM org.apache.catalina.startup.HostConfig deployDescriptor
INFO: Deploying configuration descriptor ROOT.xml
19 Feb, 2012 12:43:41 AM org.apache.catalina.core.StandardContext start
INFO: Container org.apache.catalina.core.ContainerBase.[Catalina].[localhost].[/] has already been started
19 Feb, 2012 12:45:28 AM org.apache.catalina.loader.WebappClassLoader modified
SEVERE:     Resource '/WEB-INF/classes/com/yaid/administrator/ViewAllUsers.class' is missing
19 Feb, 2012 12:45:28 AM org.apache.catalina.core.StandardContext reload
INFO: Reloading Context with name [] has started
19 Feb, 2012 12:45:28 AM org.apache.catalina.loader.WebappClassLoader clearReferencesJdbc
SEVERE: The web application [] registered the JDBC driver [com.mysql.jdbc.Driver] but failed to unregister it when the web application was stopped. To prevent a memory leak, the JDBC Driver has been forcibly unregistered.
19 Feb, 2012 12:45:33 AM org.apache.coyote.http11.Http11AprProtocol pause
INFO: Pausing Coyote HTTP/1.1 on http-8080
19 Feb, 2012 12:45:33 AM org.apache.coyote.ajp.AjpAprProtocol pause
INFO: Pausing Coyote AJP/1.3 on ajp-8009
19 Feb, 2012 12:45:34 AM org.apache.catalina.core.StandardService stop
INFO: Stopping service Catalina
19 Feb, 2012 12:45:34 AM org.apache.coyote.http11.Http11AprProtocol destroy
INFO: Stopping Coyote HTTP/1.1 on http-8080
19 Feb, 2012 12:45:34 AM org.apache.coyote.ajp.AjpAprProtocol destroy
INFO: Stopping Coyote AJP/1.3 on ajp-8009
19 Feb, 2012 12:53:24 AM org.apache.catalina.core.AprLifecycleListener init
INFO: Loaded APR based Apache Tomcat Native library 1.1.22.
19 Feb, 2012 12:53:24 AM org.apache.catalina.core.AprLifecycleListener init
INFO: APR capabilities: IPv6 [false], sendfile [true], accept filters [false], random [true].
19 Feb, 2012 12:53:25 AM org.apache.coyote.http11.Http11AprProtocol init
INFO: Initializing Coyote HTTP/1.1 on http-8080
19 Feb, 2012 12:53:25 AM org.apache.coyote.ajp.AjpAprProtocol init
INFO: Initializing Coyote AJP/1.3 on ajp-8009
19 Feb, 2012 12:53:25 AM org.apache.catalina.startup.Catalina load
INFO: Initialization processed in 1131 ms
19 Feb, 2012 12:53:25 AM org.apache.catalina.core.StandardService start
INFO: Starting service Catalina
19 Feb, 2012 12:53:25 AM org.apache.catalina.core.StandardEngine start
INFO: Starting Servlet Engine: Apache Tomcat/6.0.35
19 Feb, 2012 12:53:25 AM org.apache.catalina.startup.HostConfig deployDescriptor
INFO: Deploying configuration descriptor FileUP.xml
19 Feb, 2012 12:53:25 AM org.apache.catalina.startup.HostConfig deployDescriptor
WARNING: A docBase D:\Dropbox\YAID\apache-tomcat-6.0.35\webapps\home\vignesh\Dropbox\dev\project\jQuery-File-Upload-Java-nb\FileUP\build\web inside the host appBase has been specified, and will be ignored
19 Feb, 2012 12:53:25 AM org.apache.catalina.core.StandardContext resourcesStart
SEVERE: Error starting static Resources
java.lang.IllegalArgumentException: Document base D:\Dropbox\YAID\apache-tomcat-6.0.35\webapps\FileUP does not exist or is not a readable directory
	at org.apache.naming.resources.FileDirContext.setDocBase(FileDirContext.java:142)
	at org.apache.catalina.core.StandardContext.resourcesStart(StandardContext.java:4320)
	at org.apache.catalina.core.StandardContext.start(StandardContext.java:4489)
	at org.apache.catalina.core.ContainerBase.addChildInternal(ContainerBase.java:799)
	at org.apache.catalina.core.ContainerBase.addChild(ContainerBase.java:779)
	at org.apache.catalina.core.StandardHost.addChild(StandardHost.java:601)
	at org.apache.catalina.startup.HostConfig.deployDescriptor(HostConfig.java:675)
	at org.apache.catalina.startup.HostConfig.deployDescriptors(HostConfig.java:601)
	at org.apache.catalina.startup.HostConfig.deployApps(HostConfig.java:502)
	at org.apache.catalina.startup.HostConfig.start(HostConfig.java:1317)
	at org.apache.catalina.startup.HostConfig.lifecycleEvent(HostConfig.java:324)
	at org.apache.catalina.util.LifecycleSupport.fireLifecycleEvent(LifecycleSupport.java:142)
	at org.apache.catalina.core.ContainerBase.start(ContainerBase.java:1065)
	at org.apache.catalina.core.StandardHost.start(StandardHost.java:840)
	at org.apache.catalina.core.ContainerBase.start(ContainerBase.java:1057)
	at org.apache.catalina.core.StandardEngine.start(StandardEngine.java:463)
	at org.apache.catalina.core.StandardService.start(StandardService.java:525)
	at org.apache.catalina.core.StandardServer.start(StandardServer.java:754)
	at org.apache.catalina.startup.Catalina.start(Catalina.java:595)
	at sun.reflect.NativeMethodAccessorImpl.invoke0(Native Method)
	at sun.reflect.NativeMethodAccessorImpl.invoke(NativeMethodAccessorImpl.java:39)
	at sun.reflect.DelegatingMethodAccessorImpl.invoke(DelegatingMethodAccessorImpl.java:25)
	at java.lang.reflect.Method.invoke(Method.java:597)
	at org.apache.catalina.startup.Bootstrap.start(Bootstrap.java:289)
	at org.apache.catalina.startup.Bootstrap.main(Bootstrap.java:414)
19 Feb, 2012 12:53:25 AM org.apache.catalina.core.StandardContext start
SEVERE: Error in resourceStart()
19 Feb, 2012 12:53:25 AM org.apache.catalina.core.StandardContext start
SEVERE: Error getConfigured
19 Feb, 2012 12:53:25 AM org.apache.catalina.core.StandardContext start
SEVERE: Context [/FileUP] startup failed due to previous errors
19 Feb, 2012 12:53:25 AM org.apache.catalina.core.StandardContext stop
INFO: Container org.apache.catalina.core.ContainerBase.[Catalina].[localhost].[/FileUP] has not been started
19 Feb, 2012 12:53:27 AM org.apache.catalina.startup.HostConfig deployDescriptor
INFO: Deploying configuration descriptor fileupload.xml
19 Feb, 2012 12:53:28 AM org.apache.catalina.startup.HostConfig deployDescriptor
INFO: Deploying configuration descriptor host-manager.xml
19 Feb, 2012 12:53:28 AM org.apache.catalina.startup.HostConfig deployDescriptor
INFO: Deploying configuration descriptor manager.xml
19 Feb, 2012 12:53:28 AM org.apache.catalina.startup.HostConfig deployDescriptor
INFO: Deploying configuration descriptor ROOT.xml
19 Feb, 2012 12:53:28 AM org.apache.catalina.startup.HostConfig deployDirectory
INFO: Deploying web application directory docs
19 Feb, 2012 12:53:28 AM org.apache.catalina.startup.HostConfig deployDirectory
INFO: Deploying web application directory examples
19 Feb, 2012 12:53:28 AM org.apache.coyote.http11.Http11AprProtocol start
INFO: Starting Coyote HTTP/1.1 on http-8080
19 Feb, 2012 12:53:28 AM org.apache.coyote.ajp.AjpAprProtocol start
INFO: Starting Coyote AJP/1.3 on ajp-8009
19 Feb, 2012 12:53:28 AM org.apache.catalina.startup.Catalina start
INFO: Server startup in 3224 ms
19 Feb, 2012 12:53:31 AM org.apache.catalina.startup.HostConfig checkResources
INFO: Undeploying context []
19 Feb, 2012 12:53:31 AM org.apache.catalina.startup.HostConfig deployDescriptor
INFO: Deploying configuration descriptor ROOT.xml
19 Feb, 2012 12:53:31 AM org.apache.catalina.core.StandardContext start
INFO: Container org.apache.catalina.core.ContainerBase.[Catalina].[localhost].[/] has already been started
19 Feb, 2012 12:56:07 AM org.apache.coyote.http11.Http11AprProtocol pause
INFO: Pausing Coyote HTTP/1.1 on http-8080
19 Feb, 2012 12:56:07 AM org.apache.coyote.ajp.AjpAprProtocol pause
INFO: Pausing Coyote AJP/1.3 on ajp-8009
19 Feb, 2012 12:56:08 AM org.apache.catalina.core.StandardService stop
INFO: Stopping service Catalina
19 Feb, 2012 12:56:08 AM org.apache.catalina.loader.WebappClassLoader clearReferencesJdbc
SEVERE: The web application [] registered the JDBC driver [com.mysql.jdbc.Driver] but failed to unregister it when the web application was stopped. To prevent a memory leak, the JDBC Driver has been forcibly unregistered.
19 Feb, 2012 12:56:08 AM org.apache.coyote.http11.Http11AprProtocol destroy
INFO: Stopping Coyote HTTP/1.1 on http-8080
19 Feb, 2012 12:56:08 AM org.apache.coyote.ajp.AjpAprProtocol destroy
INFO: Stopping Coyote AJP/1.3 on ajp-8009
Feb 19, 2012 12:03:52 AM org.apache.catalina.startup.HostConfig checkResources
INFO: Undeploying context []
Feb 19, 2012 12:03:52 AM org.apache.catalina.startup.HostConfig deployDescriptor
INFO: Deploying configuration descriptor ROOT.xml
Feb 19, 2012 12:03:52 AM org.apache.catalina.core.StandardContext start
INFO: Container org.apache.catalina.core.ContainerBase.[Catalina].[localhost].[/] has already been started
Feb 19, 2012 12:06:19 AM org.apache.catalina.startup.HostConfig checkResources
INFO: Undeploying context []
Feb 19, 2012 12:06:19 AM org.apache.catalina.startup.HostConfig deployDescriptor
INFO: Deploying configuration descriptor ROOT.xml
Feb 19, 2012 12:06:20 AM org.apache.catalina.core.StandardContext start
INFO: Container org.apache.catalina.core.ContainerBase.[Catalina].[localhost].[/] has already been started
Feb 19, 2012 11:26:03 AM org.apache.catalina.core.StandardContext reload
INFO: Reloading Context with name [] has started
Feb 19, 2012 11:26:12 AM org.apache.catalina.startup.HostConfig checkResources
INFO: Reloading context []
Feb 19, 2012 11:27:49 AM org.apache.catalina.core.StandardContext reload
INFO: Reloading Context with name [] has started
Feb 19, 2012 11:28:28 AM org.apache.catalina.core.StandardContext reload
INFO: Reloading Context with name [] has started
Feb 19, 2012 11:30:03 AM org.apache.catalina.core.StandardContext reload
INFO: Reloading Context with name [] has started
Feb 19, 2012 11:30:37 AM org.apache.catalina.core.StandardContext reload
INFO: Reloading Context with name [] has started
Feb 19, 2012 11:31:14 AM org.apache.catalina.core.StandardContext reload
INFO: Reloading Context with name [] has started
Feb 19, 2012 11:31:27 AM org.apache.catalina.core.StandardContext reload
INFO: Reloading Context with name [] has started
Feb 19, 2012 11:32:07 AM org.apache.catalina.core.StandardContext reload
INFO: Reloading Context with name [] has started
Feb 19, 2012 11:32:19 AM org.apache.catalina.core.StandardContext reload
INFO: Reloading Context with name [] has started
19 Feb, 2012 2:20:35 PM org.apache.catalina.core.AprLifecycleListener init
INFO: The APR based Apache Tomcat Native library which allows optimal performance in production environments was not found on the java.library.path: D:\Java\jdk1.6.0_26\bin;C:\Windows\Sun\Java\bin;C:\Windows\system32;C:\Windows;C:\Program Files\Common Files\Microsoft Shared\Windows Live;C:\Windows\system32;C:\Windows;C:\Windows\System32\Wbem;C:\Windows\System32\WindowsPowerShell\v1.0\;C:\Program Files\Broadcom\Broadcom 802.11 Network Adapter\Driver;C:\Program Files (x86)\Toshiba\Bluetooth Toshiba Stack\sys\;C:\Program Files (x86)\Toshiba\Bluetooth Toshiba Stack\sys\x64\;D:\Heroku;C:\Program Files (x86)\git\bin;C:\Program Files (x86)\git\cmd;D:\Java\jdk1.6.0_26\bin;D:\Mercurial;.
19 Feb, 2012 2:20:36 PM org.apache.coyote.http11.Http11Protocol init
INFO: Initializing Coyote HTTP/1.1 on http-8080
19 Feb, 2012 2:20:36 PM org.apache.catalina.startup.Catalina load
INFO: Initialization processed in 1578 ms
19 Feb, 2012 2:20:37 PM org.apache.catalina.core.StandardService start
INFO: Starting service Catalina
19 Feb, 2012 2:20:37 PM org.apache.catalina.core.StandardEngine start
INFO: Starting Servlet Engine: Apache Tomcat/6.0.35
19 Feb, 2012 2:20:37 PM org.apache.catalina.startup.HostConfig deployDescriptor
INFO: Deploying configuration descriptor FileUP.xml
19 Feb, 2012 2:20:37 PM org.apache.catalina.startup.HostConfig deployDescriptor
WARNING: A docBase E:\Dropbox\YAID\apache-tomcat-6.0.35\webapps\home\vignesh\Dropbox\dev\project\jQuery-File-Upload-Java-nb\FileUP\build\web inside the host appBase has been specified, and will be ignored
19 Feb, 2012 2:20:37 PM org.apache.catalina.core.StandardContext resourcesStart
SEVERE: Error starting static Resources
java.lang.IllegalArgumentException: Document base E:\Dropbox\YAID\apache-tomcat-6.0.35\webapps\FileUP does not exist or is not a readable directory
	at org.apache.naming.resources.FileDirContext.setDocBase(FileDirContext.java:142)
	at org.apache.catalina.core.StandardContext.resourcesStart(StandardContext.java:4320)
	at org.apache.catalina.core.StandardContext.start(StandardContext.java:4489)
	at org.apache.catalina.core.ContainerBase.addChildInternal(ContainerBase.java:799)
	at org.apache.catalina.core.ContainerBase.addChild(ContainerBase.java:779)
	at org.apache.catalina.core.StandardHost.addChild(StandardHost.java:601)
	at org.apache.catalina.startup.HostConfig.deployDescriptor(HostConfig.java:675)
	at org.apache.catalina.startup.HostConfig.deployDescriptors(HostConfig.java:601)
	at org.apache.catalina.startup.HostConfig.deployApps(HostConfig.java:502)
	at org.apache.catalina.startup.HostConfig.start(HostConfig.java:1317)
	at org.apache.catalina.startup.HostConfig.lifecycleEvent(HostConfig.java:324)
	at org.apache.catalina.util.LifecycleSupport.fireLifecycleEvent(LifecycleSupport.java:142)
	at org.apache.catalina.core.ContainerBase.start(ContainerBase.java:1065)
	at org.apache.catalina.core.StandardHost.start(StandardHost.java:840)
	at org.apache.catalina.core.ContainerBase.start(ContainerBase.java:1057)
	at org.apache.catalina.core.StandardEngine.start(StandardEngine.java:463)
	at org.apache.catalina.core.StandardService.start(StandardService.java:525)
	at org.apache.catalina.core.StandardServer.start(StandardServer.java:754)
	at org.apache.catalina.startup.Catalina.start(Catalina.java:595)
	at sun.reflect.NativeMethodAccessorImpl.invoke0(Native Method)
	at sun.reflect.NativeMethodAccessorImpl.invoke(NativeMethodAccessorImpl.java:39)
	at sun.reflect.DelegatingMethodAccessorImpl.invoke(DelegatingMethodAccessorImpl.java:25)
	at java.lang.reflect.Method.invoke(Method.java:597)
	at org.apache.catalina.startup.Bootstrap.start(Bootstrap.java:289)
	at org.apache.catalina.startup.Bootstrap.main(Bootstrap.java:414)
19 Feb, 2012 2:20:37 PM org.apache.catalina.core.StandardContext start
SEVERE: Error in resourceStart()
19 Feb, 2012 2:20:37 PM org.apache.catalina.core.StandardContext start
SEVERE: Error getConfigured
19 Feb, 2012 2:20:37 PM org.apache.catalina.core.StandardContext start
SEVERE: Context [/FileUP] startup failed due to previous errors
19 Feb, 2012 2:20:37 PM org.apache.catalina.core.StandardContext stop
INFO: Container org.apache.catalina.core.ContainerBase.[Catalina].[localhost].[/FileUP] has not been started
19 Feb, 2012 2:20:37 PM org.apache.catalina.startup.HostConfig deployDescriptor
INFO: Deploying configuration descriptor fileupload.xml
19 Feb, 2012 2:20:37 PM org.apache.catalina.core.StandardContext resourcesStart
SEVERE: Error starting static Resources
java.lang.IllegalArgumentException: Document base D:\Dropbox\201103-file-upload-jquery\build\web does not exist or is not a readable directory
	at org.apache.naming.resources.FileDirContext.setDocBase(FileDirContext.java:142)
	at org.apache.catalina.core.StandardContext.resourcesStart(StandardContext.java:4320)
	at org.apache.catalina.core.StandardContext.start(StandardContext.java:4489)
	at org.apache.catalina.core.ContainerBase.addChildInternal(ContainerBase.java:799)
	at org.apache.catalina.core.ContainerBase.addChild(ContainerBase.java:779)
	at org.apache.catalina.core.StandardHost.addChild(StandardHost.java:601)
	at org.apache.catalina.startup.HostConfig.deployDescriptor(HostConfig.java:675)
	at org.apache.catalina.startup.HostConfig.deployDescriptors(HostConfig.java:601)
	at org.apache.catalina.startup.HostConfig.deployApps(HostConfig.java:502)
	at org.apache.catalina.startup.HostConfig.start(HostConfig.java:1317)
	at org.apache.catalina.startup.HostConfig.lifecycleEvent(HostConfig.java:324)
	at org.apache.catalina.util.LifecycleSupport.fireLifecycleEvent(LifecycleSupport.java:142)
	at org.apache.catalina.core.ContainerBase.start(ContainerBase.java:1065)
	at org.apache.catalina.core.StandardHost.start(StandardHost.java:840)
	at org.apache.catalina.core.ContainerBase.start(ContainerBase.java:1057)
	at org.apache.catalina.core.StandardEngine.start(StandardEngine.java:463)
	at org.apache.catalina.core.StandardService.start(StandardService.java:525)
	at org.apache.catalina.core.StandardServer.start(StandardServer.java:754)
	at org.apache.catalina.startup.Catalina.start(Catalina.java:595)
	at sun.reflect.NativeMethodAccessorImpl.invoke0(Native Method)
	at sun.reflect.NativeMethodAccessorImpl.invoke(NativeMethodAccessorImpl.java:39)
	at sun.reflect.DelegatingMethodAccessorImpl.invoke(DelegatingMethodAccessorImpl.java:25)
	at java.lang.reflect.Method.invoke(Method.java:597)
	at org.apache.catalina.startup.Bootstrap.start(Bootstrap.java:289)
	at org.apache.catalina.startup.Bootstrap.main(Bootstrap.java:414)
19 Feb, 2012 2:20:37 PM org.apache.catalina.core.StandardContext start
SEVERE: Error in resourceStart()
19 Feb, 2012 2:20:37 PM org.apache.catalina.core.StandardContext start
SEVERE: Error getConfigured
19 Feb, 2012 2:20:37 PM org.apache.catalina.core.StandardContext start
SEVERE: Context [/fileupload] startup failed due to previous errors
19 Feb, 2012 2:20:37 PM org.apache.catalina.core.StandardContext stop
INFO: Container org.apache.catalina.core.ContainerBase.[Catalina].[localhost].[/fileupload] has not been started
19 Feb, 2012 2:20:37 PM org.apache.catalina.startup.HostConfig deployDescriptor
INFO: Deploying configuration descriptor host-manager.xml
19 Feb, 2012 2:20:37 PM org.apache.catalina.startup.HostConfig deployDescriptor
INFO: Deploying configuration descriptor manager.xml
19 Feb, 2012 2:20:37 PM org.apache.catalina.startup.HostConfig deployDescriptor
INFO: Deploying configuration descriptor ROOT.xml
19 Feb, 2012 2:20:37 PM org.apache.catalina.startup.HostConfig deployDescriptor
WARNING: A docBase E:\Dropbox\YAID\apache-tomcat-6.0.35\webapps\home\vignesh\Dropbox\YAID\build\web inside the host appBase has been specified, and will be ignored
19 Feb, 2012 2:20:37 PM org.apache.catalina.core.StandardContext resourcesStart
SEVERE: Error starting static Resources
java.lang.IllegalArgumentException: Document base E:\Dropbox\YAID\apache-tomcat-6.0.35\webapps\ROOT does not exist or is not a readable directory
	at org.apache.naming.resources.FileDirContext.setDocBase(FileDirContext.java:142)
	at org.apache.catalina.core.StandardContext.resourcesStart(StandardContext.java:4320)
	at org.apache.catalina.core.StandardContext.start(StandardContext.java:4489)
	at org.apache.catalina.core.ContainerBase.addChildInternal(ContainerBase.java:799)
	at org.apache.catalina.core.ContainerBase.addChild(ContainerBase.java:779)
	at org.apache.catalina.core.StandardHost.addChild(StandardHost.java:601)
	at org.apache.catalina.startup.HostConfig.deployDescriptor(HostConfig.java:675)
	at org.apache.catalina.startup.HostConfig.deployDescriptors(HostConfig.java:601)
	at org.apache.catalina.startup.HostConfig.deployApps(HostConfig.java:502)
	at org.apache.catalina.startup.HostConfig.start(HostConfig.java:1317)
	at org.apache.catalina.startup.HostConfig.lifecycleEvent(HostConfig.java:324)
	at org.apache.catalina.util.LifecycleSupport.fireLifecycleEvent(LifecycleSupport.java:142)
	at org.apache.catalina.core.ContainerBase.start(ContainerBase.java:1065)
	at org.apache.catalina.core.StandardHost.start(StandardHost.java:840)
	at org.apache.catalina.core.ContainerBase.start(ContainerBase.java:1057)
	at org.apache.catalina.core.StandardEngine.start(StandardEngine.java:463)
	at org.apache.catalina.core.StandardService.start(StandardService.java:525)
	at org.apache.catalina.core.StandardServer.start(StandardServer.java:754)
	at org.apache.catalina.startup.Catalina.start(Catalina.java:595)
	at sun.reflect.NativeMethodAccessorImpl.invoke0(Native Method)
	at sun.reflect.NativeMethodAccessorImpl.invoke(NativeMethodAccessorImpl.java:39)
	at sun.reflect.DelegatingMethodAccessorImpl.invoke(DelegatingMethodAccessorImpl.java:25)
	at java.lang.reflect.Method.invoke(Method.java:597)
	at org.apache.catalina.startup.Bootstrap.start(Bootstrap.java:289)
	at org.apache.catalina.startup.Bootstrap.main(Bootstrap.java:414)
19 Feb, 2012 2:20:37 PM org.apache.catalina.core.StandardContext start
SEVERE: Error in resourceStart()
19 Feb, 2012 2:20:37 PM org.apache.catalina.core.StandardContext start
SEVERE: Error getConfigured
19 Feb, 2012 2:20:37 PM org.apache.catalina.core.StandardContext start
SEVERE: Context [] startup failed due to previous errors
19 Feb, 2012 2:20:37 PM org.apache.catalina.core.StandardContext stop
INFO: Container org.apache.catalina.core.ContainerBase.[Catalina].[localhost].[/] has not been started
19 Feb, 2012 2:20:37 PM org.apache.catalina.startup.HostConfig deployDirectory
INFO: Deploying web application directory docs
19 Feb, 2012 2:20:38 PM org.apache.catalina.startup.HostConfig deployDirectory
INFO: Deploying web application directory examples
19 Feb, 2012 2:20:38 PM org.apache.coyote.http11.Http11Protocol start
INFO: Starting Coyote HTTP/1.1 on http-8080
19 Feb, 2012 2:20:38 PM org.apache.jk.common.ChannelSocket init
INFO: JK: ajp13 listening on /0.0.0.0:8009
19 Feb, 2012 2:20:38 PM org.apache.jk.server.JkMain start
INFO: Jk running ID=0 time=0/48  config=null
19 Feb, 2012 2:20:38 PM org.apache.catalina.startup.Catalina start
INFO: Server startup in 1958 ms
19 Feb, 2012 2:20:39 PM org.apache.catalina.core.StandardContext stop
INFO: Container org.apache.catalina.core.ContainerBase.[Catalina].[localhost].[/] has not been started
19 Feb, 2012 2:20:40 PM org.apache.catalina.startup.HostConfig checkResources
INFO: Undeploying context []
19 Feb, 2012 2:20:40 PM org.apache.catalina.startup.HostConfig deployDescriptor
INFO: Deploying configuration descriptor ROOT.xml
19 Feb, 2012 2:20:40 PM org.apache.catalina.core.StandardContext start
INFO: Container org.apache.catalina.core.ContainerBase.[Catalina].[localhost].[/] has already been started
19 Feb, 2012 2:21:02 PM org.apache.catalina.startup.HostConfig checkResources
INFO: Undeploying context []
19 Feb, 2012 2:21:02 PM org.apache.catalina.startup.HostConfig deployDescriptor
INFO: Deploying configuration descriptor ROOT.xml
19 Feb, 2012 2:21:02 PM org.apache.catalina.core.StandardContext start
INFO: Container org.apache.catalina.core.ContainerBase.[Catalina].[localhost].[/] has already been started
19 Feb, 2012 2:23:46 PM org.apache.catalina.startup.HostConfig checkResources
INFO: Undeploying context []
19 Feb, 2012 2:23:46 PM org.apache.catalina.startup.HostConfig deployDescriptor
INFO: Deploying configuration descriptor ROOT.xml
19 Feb, 2012 2:23:46 PM org.apache.catalina.core.StandardContext start
INFO: Container org.apache.catalina.core.ContainerBase.[Catalina].[localhost].[/] has already been started
19 Feb, 2012 2:30:59 PM org.apache.catalina.startup.HostConfig checkResources
INFO: Undeploying context []
19 Feb, 2012 2:30:59 PM org.apache.catalina.startup.HostConfig deployDescriptor
INFO: Deploying configuration descriptor ROOT.xml
19 Feb, 2012 2:30:59 PM org.apache.catalina.core.StandardContext start
INFO: Container org.apache.catalina.core.ContainerBase.[Catalina].[localhost].[/] has already been started
19 Feb, 2012 2:39:23 PM org.apache.catalina.core.StandardContext reload
INFO: Reloading Context with name [] has started
19 Feb, 2012 2:40:36 PM org.apache.catalina.core.StandardContext reload
INFO: Reloading Context with name [] has started
19 Feb, 2012 2:43:04 PM org.apache.catalina.core.StandardContext reload
INFO: Reloading Context with name [] has started
19 Feb, 2012 2:45:10 PM org.apache.catalina.core.StandardContext reload
INFO: Reloading Context with name [] has started
19 Feb, 2012 2:45:20 PM org.apache.catalina.core.StandardContext reload
INFO: Reloading Context with name [] has started
19 Feb, 2012 2:45:52 PM org.apache.catalina.core.StandardContext reload
INFO: Reloading Context with name [] has started
19 Feb, 2012 2:46:03 PM org.apache.catalina.core.StandardContext reload
INFO: Reloading Context with name [] has started
19 Feb, 2012 2:46:23 PM org.apache.catalina.startup.HostConfig checkResources
INFO: Reloading context []
19 Feb, 2012 2:46:34 PM org.apache.catalina.startup.HostConfig checkResources
INFO: Reloading context []
19 Feb, 2012 2:46:52 PM org.apache.catalina.startup.HostConfig checkResources
INFO: Undeploying context []
19 Feb, 2012 2:46:52 PM org.apache.catalina.startup.HostConfig deployDescriptor
INFO: Deploying configuration descriptor ROOT.xml
19 Feb, 2012 2:46:52 PM org.apache.catalina.core.StandardContext start
INFO: Container org.apache.catalina.core.ContainerBase.[Catalina].[localhost].[/] has already been started
19 Feb, 2012 2:49:44 PM org.apache.catalina.core.StandardContext reload
INFO: Reloading Context with name [] has started
19 Feb, 2012 2:50:10 PM org.apache.catalina.startup.HostConfig checkResources
INFO: Undeploying context []
19 Feb, 2012 2:50:10 PM org.apache.catalina.startup.HostConfig deployDescriptor
INFO: Deploying configuration descriptor ROOT.xml
19 Feb, 2012 2:50:10 PM org.apache.catalina.core.StandardContext start
INFO: Container org.apache.catalina.core.ContainerBase.[Catalina].[localhost].[/] has already been started
19 Feb, 2012 2:50:36 PM org.apache.catalina.core.StandardContext reload
INFO: Reloading Context with name [] has started
19 Feb, 2012 2:50:41 PM org.apache.catalina.startup.HostConfig checkResources
INFO: Undeploying context []
19 Feb, 2012 2:50:41 PM org.apache.catalina.startup.HostConfig deployDescriptor
INFO: Deploying configuration descriptor ROOT.xml
19 Feb, 2012 2:50:41 PM org.apache.catalina.core.StandardContext start
INFO: Container org.apache.catalina.core.ContainerBase.[Catalina].[localhost].[/] has already been started
19 Feb, 2012 3:00:57 PM org.apache.catalina.core.StandardContext reload
INFO: Reloading Context with name [] has started
19 Feb, 2012 3:03:48 PM org.apache.catalina.startup.HostConfig checkResources
INFO: Undeploying context []
19 Feb, 2012 3:03:48 PM org.apache.catalina.startup.HostConfig deployDescriptor
INFO: Deploying configuration descriptor ROOT.xml
19 Feb, 2012 3:03:49 PM org.apache.catalina.core.StandardContext start
INFO: Container org.apache.catalina.core.ContainerBase.[Catalina].[localhost].[/] has already been started
19 Feb, 2012 3:04:20 PM org.apache.catalina.startup.HostConfig checkResources
INFO: Undeploying context []
19 Feb, 2012 3:04:20 PM org.apache.catalina.startup.HostConfig deployDescriptor
INFO: Deploying configuration descriptor ROOT.xml
19 Feb, 2012 3:04:20 PM org.apache.catalina.core.StandardContext start
INFO: Container org.apache.catalina.core.ContainerBase.[Catalina].[localhost].[/] has already been started
19 Feb, 2012 3:04:48 PM org.apache.catalina.startup.HostConfig checkResources
INFO: Undeploying context []
19 Feb, 2012 3:04:48 PM org.apache.catalina.startup.HostConfig deployDescriptor
INFO: Deploying configuration descriptor ROOT.xml
19 Feb, 2012 3:04:48 PM org.apache.catalina.core.StandardContext start
INFO: Container org.apache.catalina.core.ContainerBase.[Catalina].[localhost].[/] has already been started
19 Feb, 2012 3:05:46 PM org.apache.catalina.startup.HostConfig checkResources
INFO: Undeploying context []
19 Feb, 2012 3:05:46 PM org.apache.catalina.startup.HostConfig deployDescriptor
INFO: Deploying configuration descriptor ROOT.xml
19 Feb, 2012 3:05:46 PM org.apache.catalina.core.StandardContext start
INFO: Container org.apache.catalina.core.ContainerBase.[Catalina].[localhost].[/] has already been started
19 Feb, 2012 3:15:22 PM org.apache.catalina.startup.HostConfig checkResources
INFO: Undeploying context []
19 Feb, 2012 3:15:22 PM org.apache.catalina.startup.HostConfig deployDescriptor
INFO: Deploying configuration descriptor ROOT.xml
19 Feb, 2012 3:15:22 PM org.apache.catalina.core.StandardContext start
INFO: Container org.apache.catalina.core.ContainerBase.[Catalina].[localhost].[/] has already been started
19 Feb, 2012 3:17:55 PM org.apache.catalina.startup.HostConfig checkResources
INFO: Undeploying context []
19 Feb, 2012 3:17:55 PM org.apache.catalina.startup.HostConfig deployDescriptor
INFO: Deploying configuration descriptor ROOT.xml
19 Feb, 2012 3:17:55 PM org.apache.catalina.core.StandardContext start
INFO: Container org.apache.catalina.core.ContainerBase.[Catalina].[localhost].[/] has already been started
19 Feb, 2012 3:28:08 PM org.apache.catalina.startup.HostConfig checkResources
INFO: Undeploying context []
19 Feb, 2012 3:28:08 PM org.apache.catalina.startup.HostConfig deployDescriptor
INFO: Deploying configuration descriptor ROOT.xml
19 Feb, 2012 3:28:08 PM org.apache.catalina.core.StandardContext start
INFO: Container org.apache.catalina.core.ContainerBase.[Catalina].[localhost].[/] has already been started
19 Feb, 2012 3:30:43 PM org.apache.catalina.core.StandardContext reload
INFO: Reloading Context with name [] has started
19 Feb, 2012 3:31:04 PM org.apache.catalina.startup.HostConfig checkResources
INFO: Reloading context []
19 Feb, 2012 3:31:19 PM org.apache.catalina.startup.HostConfig checkResources
INFO: Undeploying context []
19 Feb, 2012 3:31:19 PM org.apache.catalina.startup.HostConfig deployDescriptor
INFO: Deploying configuration descriptor ROOT.xml
19 Feb, 2012 3:31:19 PM org.apache.catalina.core.StandardContext start
INFO: Container org.apache.catalina.core.ContainerBase.[Catalina].[localhost].[/] has already been started
19 Feb, 2012 4:00:58 PM org.apache.catalina.startup.HostConfig checkResources
INFO: Undeploying context []
19 Feb, 2012 4:00:58 PM org.apache.catalina.startup.HostConfig deployDescriptor
INFO: Deploying configuration descriptor ROOT.xml
19 Feb, 2012 4:00:58 PM org.apache.catalina.core.StandardContext start
INFO: Container org.apache.catalina.core.ContainerBase.[Catalina].[localhost].[/] has already been started
19 Feb, 2012 4:01:18 PM org.apache.catalina.startup.HostConfig checkResources
INFO: Undeploying context []
19 Feb, 2012 4:01:18 PM org.apache.catalina.startup.HostConfig deployDescriptor
INFO: Deploying configuration descriptor ROOT.xml
19 Feb, 2012 4:01:18 PM org.apache.catalina.core.StandardContext start
INFO: Container org.apache.catalina.core.ContainerBase.[Catalina].[localhost].[/] has already been started
19 Feb, 2012 4:02:32 PM org.apache.catalina.core.StandardContext reload
INFO: Reloading Context with name [] has started
19 Feb, 2012 4:02:53 PM org.apache.catalina.startup.HostConfig checkResources
INFO: Reloading context []
19 Feb, 2012 4:03:03 PM org.apache.catalina.startup.HostConfig checkResources
INFO: Undeploying context []
19 Feb, 2012 4:03:03 PM org.apache.catalina.startup.HostConfig deployDescriptor
INFO: Deploying configuration descriptor ROOT.xml
19 Feb, 2012 4:03:03 PM org.apache.catalina.core.StandardContext start
INFO: Container org.apache.catalina.core.ContainerBase.[Catalina].[localhost].[/] has already been started
19 Feb, 2012 4:03:46 PM org.apache.catalina.core.StandardContext reload
INFO: Reloading Context with name [] has started
19 Feb, 2012 4:03:48 PM org.apache.catalina.startup.HostConfig checkResources
INFO: Undeploying context []
19 Feb, 2012 4:03:48 PM org.apache.catalina.startup.HostConfig deployDescriptor
INFO: Deploying configuration descriptor ROOT.xml
19 Feb, 2012 4:03:48 PM org.apache.catalina.core.StandardContext start
INFO: Container org.apache.catalina.core.ContainerBase.[Catalina].[localhost].[/] has already been started
19 Feb, 2012 4:04:07 PM org.apache.catalina.core.StandardContext reload
INFO: Reloading Context with name [] has started
19 Feb, 2012 4:04:09 PM org.apache.catalina.startup.HostConfig checkResources
INFO: Undeploying context []
19 Feb, 2012 4:04:09 PM org.apache.catalina.startup.HostConfig deployDescriptor
INFO: Deploying configuration descriptor ROOT.xml
19 Feb, 2012 4:04:09 PM org.apache.catalina.core.StandardContext start
INFO: Container org.apache.catalina.core.ContainerBase.[Catalina].[localhost].[/] has already been started
19 Feb, 2012 4:05:21 PM org.apache.catalina.loader.WebappClassLoader clearReferencesThreads
SEVERE: The web application [] appears to have started a thread named [ContainerBackgroundProcessor[StandardEngine[Catalina]]] but has failed to stop it. This is very likely to create a memory leak.
19 Feb, 2012 4:05:21 PM org.apache.catalina.startup.HostConfig checkResources
INFO: Undeploying context []
19 Feb, 2012 4:05:21 PM org.apache.catalina.startup.HostConfig deployDescriptor
INFO: Deploying configuration descriptor ROOT.xml
19 Feb, 2012 4:05:21 PM org.apache.catalina.core.StandardContext start
INFO: Container org.apache.catalina.core.ContainerBase.[Catalina].[localhost].[/] has already been started
19 Feb, 2012 4:06:45 PM org.apache.catalina.core.StandardContext reload
INFO: Reloading Context with name [] has started
19 Feb, 2012 4:14:47 PM org.apache.catalina.startup.HostConfig checkResources
INFO: Undeploying context []
19 Feb, 2012 4:14:49 PM org.apache.catalina.startup.HostConfig deployDescriptor
INFO: Deploying configuration descriptor ROOT.xml
19 Feb, 2012 4:14:49 PM org.apache.catalina.core.StandardContext start
INFO: Container org.apache.catalina.core.ContainerBase.[Catalina].[localhost].[/] has already been started
19 Feb, 2012 4:19:45 PM org.apache.coyote.http11.Http11Protocol pause
INFO: Pausing Coyote HTTP/1.1 on http-8080
19 Feb, 2012 4:19:46 PM org.apache.catalina.core.StandardService stop
INFO: Stopping service Catalina
19 Feb, 2012 4:19:47 PM org.apache.coyote.http11.Http11Protocol destroy
INFO: Stopping Coyote HTTP/1.1 on http-8080
