13 Feb, 2012 12:03:14 AM org.apache.coyote.http11.Http11AprProtocol pause
INFO: Pausing Coyote HTTP/1.1 on http-8080
13 Feb, 2012 12:03:14 AM org.apache.coyote.ajp.AjpAprProtocol pause
INFO: Pausing Coyote AJP/1.3 on ajp-8009
13 Feb, 2012 12:03:15 AM org.apache.catalina.core.StandardService stop
INFO: Stopping service Catalina
13 Feb, 2012 12:03:15 AM org.apache.coyote.http11.Http11AprProtocol destroy
INFO: Stopping Coyote HTTP/1.1 on http-8080
13 Feb, 2012 12:03:15 AM org.apache.coyote.ajp.AjpAprProtocol destroy
INFO: Stopping Coyote AJP/1.3 on ajp-8009
Feb 13, 2012 8:15:58 PM org.apache.catalina.core.AprLifecycleListener init
INFO: The APR based Apache Tomcat Native library which allows optimal performance in production environments was not found on the java.library.path: /usr/java/packages/lib/i386:/usr/lib/i386-linux-gnu/jni:/lib/i386-linux-gnu:/usr/lib/i386-linux-gnu:/usr/lib/jni:/lib:/usr/lib
Feb 13, 2012 8:16:00 PM org.apache.coyote.http11.Http11Protocol init
INFO: Initializing Coyote HTTP/1.1 on http-8080
Feb 13, 2012 8:16:00 PM org.apache.catalina.startup.Catalina load
INFO: Initialization processed in 3309 ms
Feb 13, 2012 8:16:00 PM org.apache.catalina.core.StandardService start
INFO: Starting service Catalina
Feb 13, 2012 8:16:00 PM org.apache.catalina.core.StandardEngine start
INFO: Starting Servlet Engine: Apache Tomcat/6.0.35
Feb 13, 2012 8:16:00 PM org.apache.catalina.startup.HostConfig deployDescriptor
INFO: Deploying configuration descriptor manager.xml
Feb 13, 2012 8:16:01 PM org.apache.catalina.startup.HostConfig deployDescriptor
INFO: Deploying configuration descriptor ROOT.xml
Feb 13, 2012 8:16:02 PM org.apache.catalina.startup.HostConfig deployDescriptor
INFO: Deploying configuration descriptor host-manager.xml
Feb 13, 2012 8:16:02 PM org.apache.catalina.startup.HostConfig deployDirectory
INFO: Deploying web application directory examples
Feb 13, 2012 8:16:03 PM org.apache.catalina.startup.HostConfig deployDirectory
INFO: Deploying web application directory docs
Feb 13, 2012 8:16:03 PM org.apache.coyote.http11.Http11Protocol start
INFO: Starting Coyote HTTP/1.1 on http-8080
Feb 13, 2012 8:16:03 PM org.apache.jk.common.ChannelSocket init
INFO: JK: ajp13 listening on /0.0.0.0:8009
Feb 13, 2012 8:16:03 PM org.apache.jk.server.JkMain start
INFO: Jk running ID=0 time=0/130  config=null
Feb 13, 2012 8:16:03 PM org.apache.catalina.startup.Catalina start
INFO: Server startup in 3529 ms
Feb 13, 2012 8:16:05 PM org.apache.catalina.core.StandardContext reload
INFO: Reloading Context with name [] has started
Feb 13, 2012 8:53:54 PM org.apache.catalina.core.StandardContext reload
INFO: Reloading Context with name [] has started
Feb 13, 2012 8:54:02 PM org.apache.catalina.core.StandardContext reload
INFO: Reloading Context with name [] has started
Feb 13, 2012 8:54:14 PM org.apache.catalina.core.StandardContext reload
INFO: Reloading Context with name [] has started
Feb 13, 2012 8:54:16 PM org.apache.catalina.core.StandardContext reload
INFO: Reloading Context with name [] has started
Feb 13, 2012 8:54:21 PM org.apache.catalina.core.StandardContext reload
INFO: Reloading Context with name [] has started
Feb 13, 2012 9:05:59 PM org.apache.catalina.core.StandardContext reload
INFO: Reloading Context with name [] has started
Feb 13, 2012 9:06:04 PM org.apache.catalina.startup.HostConfig checkResources
INFO: Undeploying context []
Feb 13, 2012 9:06:14 PM org.apache.catalina.startup.HostConfig deployDescriptor
INFO: Deploying configuration descriptor ROOT.xml
Feb 13, 2012 9:06:14 PM org.apache.catalina.startup.HostConfig deployDescriptor
WARNING: A docBase /home/vignesh/Dropbox/YAID/apache-tomcat-6.0.35/webapps/E:\Dropbox\YAID\build\web inside the host appBase has been specified, and will be ignored
Feb 13, 2012 9:06:14 PM org.apache.catalina.core.StandardContext resourcesStart
SEVERE: Error starting static Resources
java.lang.IllegalArgumentException: Document base /home/vignesh/Dropbox/YAID/apache-tomcat-6.0.35/webapps/ROOT does not exist or is not a readable directory
	at org.apache.naming.resources.FileDirContext.setDocBase(FileDirContext.java:142)
	at org.apache.catalina.core.StandardContext.resourcesStart(StandardContext.java:4320)
	at org.apache.catalina.core.StandardContext.start(StandardContext.java:4489)
	at org.apache.catalina.core.ContainerBase.addChildInternal(ContainerBase.java:799)
	at org.apache.catalina.core.ContainerBase.addChild(ContainerBase.java:779)
	at org.apache.catalina.core.StandardHost.addChild(StandardHost.java:601)
	at org.apache.catalina.startup.HostConfig.deployDescriptor(HostConfig.java:675)
	at org.apache.catalina.startup.HostConfig.deployDescriptors(HostConfig.java:601)
	at org.apache.catalina.startup.HostConfig.deployApps(HostConfig.java:502)
	at org.apache.catalina.startup.HostConfig.check(HostConfig.java:1385)
	at org.apache.catalina.startup.HostConfig.lifecycleEvent(HostConfig.java:306)
	at org.apache.catalina.util.LifecycleSupport.fireLifecycleEvent(LifecycleSupport.java:142)
	at org.apache.catalina.core.ContainerBase.backgroundProcess(ContainerBase.java:1389)
	at org.apache.catalina.core.ContainerBase$ContainerBackgroundProcessor.processChildren(ContainerBase.java:1653)
	at org.apache.catalina.core.ContainerBase$ContainerBackgroundProcessor.processChildren(ContainerBase.java:1662)
	at org.apache.catalina.core.ContainerBase$ContainerBackgroundProcessor.run(ContainerBase.java:1642)
	at java.lang.Thread.run(Thread.java:722)

Feb 13, 2012 9:06:14 PM org.apache.catalina.core.StandardContext start
SEVERE: Error in resourceStart()
Feb 13, 2012 9:06:14 PM org.apache.catalina.core.StandardContext start
SEVERE: Error getConfigured
Feb 13, 2012 9:06:14 PM org.apache.catalina.core.StandardContext start
SEVERE: Context [] startup failed due to previous errors
Feb 13, 2012 9:06:14 PM org.apache.catalina.core.StandardContext stop
INFO: Container org.apache.catalina.core.ContainerBase.[Catalina].[localhost].[/] has not been started
Feb 13, 2012 10:17:29 PM org.apache.coyote.http11.Http11Protocol pause
INFO: Pausing Coyote HTTP/1.1 on http-8080
Feb 13, 2012 10:17:30 PM org.apache.catalina.core.StandardService stop
INFO: Stopping service Catalina
Feb 13, 2012 10:17:30 PM org.apache.coyote.http11.Http11Protocol destroy
INFO: Stopping Coyote HTTP/1.1 on http-8080
