Feb 23, 2012 12:00:24 AM org.apache.catalina.loader.WebappClassLoader loadClass
INFO: Illegal access: this web application instance has been stopped already.  Could not load com.mysql.jdbc.SQLError.  The eventual following stack trace is caused by an error thrown for debugging purposes as well as to attempt to terminate the thread which caused the illegal access, and has no functional impact.
java.lang.IllegalStateException
	at org.apache.catalina.loader.WebappClassLoader.loadClass(WebappClassLoader.java:1566)
	at org.apache.catalina.loader.WebappClassLoader.loadClass(WebappClassLoader.java:1526)
	at com.mysql.jdbc.MysqlIO.send(MysqlIO.java:3321)
	at com.mysql.jdbc.MysqlIO.quit(MysqlIO.java:1667)
	at com.mysql.jdbc.ConnectionImpl.realClose(ConnectionImpl.java:4322)
	at com.mysql.jdbc.ConnectionImpl.cleanup(ConnectionImpl.java:1348)
	at com.mysql.jdbc.ConnectionImpl.finalize(ConnectionImpl.java:2679)
	at java.lang.ref.Finalizer.invokeFinalizeMethod(Native Method)
	at java.lang.ref.Finalizer.runFinalizer(Finalizer.java:101)
	at java.lang.ref.Finalizer.access$100(Finalizer.java:32)
	at java.lang.ref.Finalizer$FinalizerThread.run(Finalizer.java:178)

Feb 23, 2012 12:00:24 AM org.apache.catalina.loader.WebappClassLoader loadClass
INFO: Illegal access: this web application instance has been stopped already.  Could not load com.mysql.jdbc.ProfilerEventHandlerFactory.  The eventual following stack trace is caused by an error thrown for debugging purposes as well as to attempt to terminate the thread which caused the illegal access, and has no functional impact.
java.lang.IllegalStateException
	at org.apache.catalina.loader.WebappClassLoader.loadClass(WebappClassLoader.java:1566)
	at org.apache.catalina.loader.WebappClassLoader.loadClass(WebappClassLoader.java:1526)
	at com.mysql.jdbc.ConnectionImpl.realClose(ConnectionImpl.java:4346)
	at com.mysql.jdbc.ConnectionImpl.cleanup(ConnectionImpl.java:1348)
	at com.mysql.jdbc.ConnectionImpl.finalize(ConnectionImpl.java:2679)
	at java.lang.ref.Finalizer.invokeFinalizeMethod(Native Method)
	at java.lang.ref.Finalizer.runFinalizer(Finalizer.java:101)
	at java.lang.ref.Finalizer.access$100(Finalizer.java:32)
	at java.lang.ref.Finalizer$FinalizerThread.run(Finalizer.java:178)

Feb 23, 2012 12:03:11 AM org.apache.catalina.core.StandardContext reload
INFO: Reloading Context with name [] has started
Feb 23, 2012 12:03:11 AM org.apache.catalina.loader.WebappClassLoader clearReferencesJdbc
SEVERE: The web application [] registered the JDBC driver [com.mysql.jdbc.Driver] but failed to unregister it when the web application was stopped. To prevent a memory leak, the JDBC Driver has been forcibly unregistered.
Feb 23, 2012 12:03:19 AM org.apache.catalina.core.StandardContext reload
INFO: Reloading Context with name [/ROOT (vignesh Sarma's conflicted copy 2012-02-20)] has started
Feb 23, 2012 12:19:20 AM org.apache.catalina.core.StandardContext reload
INFO: Reloading Context with name [] has started
Feb 23, 2012 12:19:20 AM org.apache.catalina.loader.WebappClassLoader clearReferencesJdbc
SEVERE: The web application [] registered the JDBC driver [com.mysql.jdbc.Driver] but failed to unregister it when the web application was stopped. To prevent a memory leak, the JDBC Driver has been forcibly unregistered.
Feb 23, 2012 12:19:20 AM org.apache.catalina.core.StandardContext reload
INFO: Reloading Context with name [/ROOT (vignesh Sarma's conflicted copy 2012-02-20)] has started
Feb 23, 2012 12:19:29 AM org.apache.catalina.core.StandardContext reload
INFO: Reloading Context with name [] has started
Feb 23, 2012 12:19:31 AM org.apache.catalina.core.StandardContext reload
INFO: Reloading Context with name [/ROOT (vignesh Sarma's conflicted copy 2012-02-20)] has started
Feb 23, 2012 12:20:01 AM org.apache.catalina.core.StandardContext reload
INFO: Reloading Context with name [] has started
Feb 23, 2012 12:20:01 AM org.apache.catalina.core.StandardContext reload
INFO: Reloading Context with name [/ROOT (vignesh Sarma's conflicted copy 2012-02-20)] has started
