5 Jan, 2012 12:00:18 AM org.apache.catalina.startup.HostConfig checkResources
INFO: Undeploying context []
5 Jan, 2012 12:00:18 AM org.apache.catalina.startup.HostConfig deployDescriptor
INFO: Deploying configuration descriptor ROOT.xml
5 Jan, 2012 12:00:18 AM org.apache.catalina.core.StandardContext start
INFO: Container org.apache.catalina.core.ContainerBase.[Catalina].[localhost].[/] has already been started
5 Jan, 2012 12:07:33 AM org.apache.catalina.startup.HostConfig checkResources
INFO: Undeploying context []
5 Jan, 2012 12:07:33 AM org.apache.catalina.startup.HostConfig deployDescriptor
INFO: Deploying configuration descriptor ROOT.xml
5 Jan, 2012 12:07:33 AM org.apache.catalina.core.StandardContext start
INFO: Container org.apache.catalina.core.ContainerBase.[Catalina].[localhost].[/] has already been started
5 Jan, 2012 1:07:53 AM org.apache.coyote.http11.Http11AprProtocol pause
INFO: Pausing Coyote HTTP/1.1 on http-8080
5 Jan, 2012 1:07:53 AM org.apache.coyote.ajp.AjpAprProtocol pause
INFO: Pausing Coyote AJP/1.3 on ajp-8009
5 Jan, 2012 1:07:54 AM org.apache.catalina.core.StandardService stop
INFO: Stopping service Catalina
5 Jan, 2012 1:07:54 AM org.apache.coyote.http11.Http11AprProtocol destroy
INFO: Stopping Coyote HTTP/1.1 on http-8080
5 Jan, 2012 1:07:54 AM org.apache.coyote.ajp.AjpAprProtocol destroy
INFO: Stopping Coyote AJP/1.3 on ajp-8009
5 Jan, 2012 8:19:17 PM org.apache.catalina.core.AprLifecycleListener init
INFO: Loaded APR based Apache Tomcat Native library 1.1.22.
5 Jan, 2012 8:19:17 PM org.apache.catalina.core.AprLifecycleListener init
INFO: APR capabilities: IPv6 [false], sendfile [true], accept filters [false], random [true].
5 Jan, 2012 8:19:19 PM org.apache.coyote.http11.Http11AprProtocol init
INFO: Initializing Coyote HTTP/1.1 on http-8080
5 Jan, 2012 8:19:19 PM org.apache.coyote.ajp.AjpAprProtocol init
INFO: Initializing Coyote AJP/1.3 on ajp-8009
5 Jan, 2012 8:19:19 PM org.apache.catalina.startup.Catalina load
INFO: Initialization processed in 2439 ms
5 Jan, 2012 8:19:19 PM org.apache.catalina.core.StandardService start
INFO: Starting service Catalina
5 Jan, 2012 8:19:19 PM org.apache.catalina.core.StandardEngine start
INFO: Starting Servlet Engine: Apache Tomcat/6.0.35
5 Jan, 2012 8:19:19 PM org.apache.catalina.startup.HostConfig deployDescriptor
INFO: Deploying configuration descriptor host-manager.xml
5 Jan, 2012 8:19:20 PM org.apache.catalina.startup.HostConfig deployDescriptor
INFO: Deploying configuration descriptor manager.xml
5 Jan, 2012 8:19:20 PM org.apache.catalina.startup.HostConfig deployDescriptor
INFO: Deploying configuration descriptor ROOT.xml
5 Jan, 2012 8:19:20 PM org.apache.catalina.startup.HostConfig deployDirectory
INFO: Deploying web application directory docs
5 Jan, 2012 8:19:20 PM org.apache.catalina.startup.HostConfig deployDirectory
INFO: Deploying web application directory examples
5 Jan, 2012 8:19:21 PM org.apache.coyote.http11.Http11AprProtocol start
INFO: Starting Coyote HTTP/1.1 on http-8080
5 Jan, 2012 8:19:21 PM org.apache.coyote.ajp.AjpAprProtocol start
INFO: Starting Coyote AJP/1.3 on ajp-8009
5 Jan, 2012 8:19:21 PM org.apache.catalina.startup.Catalina start
INFO: Server startup in 1926 ms
5 Jan, 2012 8:19:23 PM org.apache.catalina.startup.HostConfig checkResources
INFO: Undeploying context []
5 Jan, 2012 8:19:23 PM org.apache.catalina.startup.HostConfig deployDescriptor
INFO: Deploying configuration descriptor ROOT.xml
5 Jan, 2012 8:19:23 PM org.apache.catalina.core.StandardContext start
INFO: Container org.apache.catalina.core.ContainerBase.[Catalina].[localhost].[/] has already been started
5 Jan, 2012 8:26:33 PM org.apache.catalina.startup.HostConfig checkResources
INFO: Undeploying context []
5 Jan, 2012 8:26:33 PM org.apache.catalina.startup.HostConfig deployDescriptor
INFO: Deploying configuration descriptor ROOT.xml
5 Jan, 2012 8:26:33 PM org.apache.catalina.core.StandardContext start
INFO: Container org.apache.catalina.core.ContainerBase.[Catalina].[localhost].[/] has already been started
5 Jan, 2012 8:51:16 PM org.apache.catalina.startup.HostConfig checkResources
INFO: Undeploying context []
5 Jan, 2012 8:51:16 PM org.apache.catalina.startup.HostConfig deployDescriptor
INFO: Deploying configuration descriptor ROOT.xml
5 Jan, 2012 8:51:16 PM org.apache.catalina.core.StandardContext start
INFO: Container org.apache.catalina.core.ContainerBase.[Catalina].[localhost].[/] has already been started
5 Jan, 2012 8:52:45 PM org.apache.catalina.startup.HostConfig checkResources
INFO: Undeploying context []
5 Jan, 2012 8:52:45 PM org.apache.catalina.startup.HostConfig deployDescriptor
INFO: Deploying configuration descriptor ROOT.xml
5 Jan, 2012 8:52:45 PM org.apache.catalina.core.StandardContext start
INFO: Container org.apache.catalina.core.ContainerBase.[Catalina].[localhost].[/] has already been started
5 Jan, 2012 10:11:32 PM org.apache.catalina.startup.HostConfig checkResources
INFO: Undeploying context []
5 Jan, 2012 10:11:32 PM org.apache.catalina.startup.HostConfig deployDescriptor
INFO: Deploying configuration descriptor ROOT.xml
5 Jan, 2012 10:11:32 PM org.apache.catalina.core.StandardContext start
INFO: Container org.apache.catalina.core.ContainerBase.[Catalina].[localhost].[/] has already been started
5 Jan, 2012 10:14:42 PM org.apache.catalina.startup.HostConfig checkResources
INFO: Undeploying context []
5 Jan, 2012 10:14:42 PM org.apache.catalina.startup.HostConfig deployDescriptor
INFO: Deploying configuration descriptor ROOT.xml
5 Jan, 2012 10:14:42 PM org.apache.catalina.core.StandardContext start
INFO: Container org.apache.catalina.core.ContainerBase.[Catalina].[localhost].[/] has already been started
5 Jan, 2012 11:00:59 PM org.apache.catalina.startup.HostConfig checkResources
INFO: Undeploying context []
5 Jan, 2012 11:00:59 PM org.apache.catalina.startup.HostConfig deployDescriptor
INFO: Deploying configuration descriptor ROOT.xml
5 Jan, 2012 11:00:59 PM org.apache.catalina.core.StandardContext start
INFO: Container org.apache.catalina.core.ContainerBase.[Catalina].[localhost].[/] has already been started
5 Jan, 2012 11:10:20 PM org.apache.catalina.startup.HostConfig checkResources
INFO: Undeploying context []
5 Jan, 2012 11:10:20 PM org.apache.catalina.startup.HostConfig deployDescriptor
INFO: Deploying configuration descriptor ROOT.xml
5 Jan, 2012 11:10:20 PM org.apache.catalina.core.StandardContext start
INFO: Container org.apache.catalina.core.ContainerBase.[Catalina].[localhost].[/] has already been started
5 Jan, 2012 11:21:46 PM org.apache.catalina.startup.HostConfig checkResources
INFO: Undeploying context []
5 Jan, 2012 11:21:46 PM org.apache.catalina.startup.HostConfig deployDescriptor
INFO: Deploying configuration descriptor ROOT.xml
5 Jan, 2012 11:21:46 PM org.apache.catalina.core.StandardContext start
INFO: Container org.apache.catalina.core.ContainerBase.[Catalina].[localhost].[/] has already been started
5 Jan, 2012 11:23:22 PM org.apache.catalina.startup.HostConfig checkResources
INFO: Undeploying context []
5 Jan, 2012 11:23:22 PM org.apache.catalina.startup.HostConfig deployDescriptor
INFO: Deploying configuration descriptor ROOT.xml
5 Jan, 2012 11:23:22 PM org.apache.catalina.core.StandardContext start
INFO: Container org.apache.catalina.core.ContainerBase.[Catalina].[localhost].[/] has already been started
5 Jan, 2012 11:26:19 PM org.apache.catalina.startup.HostConfig checkResources
INFO: Undeploying context []
5 Jan, 2012 11:26:19 PM org.apache.catalina.startup.HostConfig deployDescriptor
INFO: Deploying configuration descriptor ROOT.xml
5 Jan, 2012 11:26:20 PM org.apache.catalina.core.StandardContext start
INFO: Container org.apache.catalina.core.ContainerBase.[Catalina].[localhost].[/] has already been started
5 Jan, 2012 11:40:24 PM org.apache.catalina.startup.HostConfig checkResources
INFO: Undeploying context []
5 Jan, 2012 11:40:24 PM org.apache.catalina.startup.HostConfig deployDescriptor
INFO: Deploying configuration descriptor ROOT.xml
5 Jan, 2012 11:40:24 PM org.apache.catalina.core.StandardContext start
INFO: Container org.apache.catalina.core.ContainerBase.[Catalina].[localhost].[/] has already been started
