13 Jan, 2012 11:41:49 AM org.apache.catalina.core.AprLifecycleListener init
INFO: Loaded APR based Apache Tomcat Native library 1.1.22.
13 Jan, 2012 11:41:49 AM org.apache.catalina.core.AprLifecycleListener init
INFO: APR capabilities: IPv6 [false], sendfile [true], accept filters [false], random [true].
13 Jan, 2012 11:41:50 AM org.apache.coyote.http11.Http11AprProtocol init
INFO: Initializing Coyote HTTP/1.1 on http-8080
13 Jan, 2012 11:41:50 AM org.apache.coyote.ajp.AjpAprProtocol init
INFO: Initializing Coyote AJP/1.3 on ajp-8009
13 Jan, 2012 11:41:50 AM org.apache.catalina.startup.Catalina load
INFO: Initialization processed in 2333 ms
13 Jan, 2012 11:41:50 AM org.apache.catalina.core.StandardService start
INFO: Starting service Catalina
13 Jan, 2012 11:41:50 AM org.apache.catalina.core.StandardEngine start
INFO: Starting Servlet Engine: Apache Tomcat/6.0.35
13 Jan, 2012 11:41:50 AM org.apache.catalina.startup.HostConfig deployDescriptor
INFO: Deploying configuration descriptor host-manager.xml
13 Jan, 2012 11:41:51 AM org.apache.catalina.startup.HostConfig deployDescriptor
INFO: Deploying configuration descriptor manager.xml
13 Jan, 2012 11:41:51 AM org.apache.catalina.startup.HostConfig deployDescriptor
INFO: Deploying configuration descriptor ROOT.xml
13 Jan, 2012 11:41:51 AM org.apache.catalina.startup.HostConfig deployDirectory
INFO: Deploying web application directory docs
13 Jan, 2012 11:41:51 AM org.apache.catalina.startup.HostConfig deployDirectory
INFO: Deploying web application directory examples
13 Jan, 2012 11:41:52 AM org.apache.coyote.http11.Http11AprProtocol start
INFO: Starting Coyote HTTP/1.1 on http-8080
13 Jan, 2012 11:41:52 AM org.apache.coyote.ajp.AjpAprProtocol start
INFO: Starting Coyote AJP/1.3 on ajp-8009
13 Jan, 2012 11:41:52 AM org.apache.catalina.startup.Catalina start
INFO: Server startup in 1742 ms
13 Jan, 2012 11:41:54 AM org.apache.catalina.startup.HostConfig checkResources
INFO: Undeploying context []
13 Jan, 2012 11:41:54 AM org.apache.catalina.startup.HostConfig deployDescriptor
INFO: Deploying configuration descriptor ROOT.xml
13 Jan, 2012 11:41:54 AM org.apache.catalina.core.StandardContext start
INFO: Container org.apache.catalina.core.ContainerBase.[Catalina].[localhost].[/] has already been started
13 Jan, 2012 11:50:16 AM org.apache.coyote.http11.Http11AprProtocol pause
INFO: Pausing Coyote HTTP/1.1 on http-8080
13 Jan, 2012 11:50:16 AM org.apache.coyote.ajp.AjpAprProtocol pause
INFO: Pausing Coyote AJP/1.3 on ajp-8009
13 Jan, 2012 11:50:17 AM org.apache.catalina.core.StandardService stop
INFO: Stopping service Catalina
13 Jan, 2012 11:50:17 AM org.apache.coyote.http11.Http11AprProtocol destroy
INFO: Stopping Coyote HTTP/1.1 on http-8080
13 Jan, 2012 11:50:17 AM org.apache.coyote.ajp.AjpAprProtocol destroy
INFO: Stopping Coyote AJP/1.3 on ajp-8009
13 Jan, 2012 3:05:59 PM org.apache.catalina.core.AprLifecycleListener init
INFO: Loaded APR based Apache Tomcat Native library 1.1.22.
13 Jan, 2012 3:05:59 PM org.apache.catalina.core.AprLifecycleListener init
INFO: APR capabilities: IPv6 [false], sendfile [true], accept filters [false], random [true].
13 Jan, 2012 3:06:00 PM org.apache.coyote.http11.Http11AprProtocol init
INFO: Initializing Coyote HTTP/1.1 on http-8080
13 Jan, 2012 3:06:00 PM org.apache.coyote.ajp.AjpAprProtocol init
INFO: Initializing Coyote AJP/1.3 on ajp-8009
13 Jan, 2012 3:06:00 PM org.apache.catalina.startup.Catalina load
INFO: Initialization processed in 1879 ms
13 Jan, 2012 3:06:00 PM org.apache.catalina.core.StandardService start
INFO: Starting service Catalina
13 Jan, 2012 3:06:00 PM org.apache.catalina.core.StandardEngine start
INFO: Starting Servlet Engine: Apache Tomcat/6.0.35
13 Jan, 2012 3:06:00 PM org.apache.catalina.startup.HostConfig deployDescriptor
INFO: Deploying configuration descriptor host-manager.xml
13 Jan, 2012 3:06:01 PM org.apache.catalina.startup.HostConfig deployDescriptor
INFO: Deploying configuration descriptor manager.xml
13 Jan, 2012 3:06:01 PM org.apache.catalina.startup.HostConfig deployDescriptor
INFO: Deploying configuration descriptor ROOT.xml
13 Jan, 2012 3:06:01 PM org.apache.catalina.startup.HostConfig deployDirectory
INFO: Deploying web application directory docs
13 Jan, 2012 3:06:01 PM org.apache.catalina.startup.HostConfig deployDirectory
INFO: Deploying web application directory examples
13 Jan, 2012 3:06:02 PM org.apache.coyote.http11.Http11AprProtocol start
INFO: Starting Coyote HTTP/1.1 on http-8080
13 Jan, 2012 3:06:02 PM org.apache.coyote.ajp.AjpAprProtocol start
INFO: Starting Coyote AJP/1.3 on ajp-8009
13 Jan, 2012 3:06:02 PM org.apache.catalina.startup.Catalina start
INFO: Server startup in 1426 ms
13 Jan, 2012 3:07:46 PM org.apache.coyote.http11.Http11AprProtocol pause
INFO: Pausing Coyote HTTP/1.1 on http-8080
13 Jan, 2012 3:07:46 PM org.apache.coyote.ajp.AjpAprProtocol pause
INFO: Pausing Coyote AJP/1.3 on ajp-8009
13 Jan, 2012 3:07:47 PM org.apache.catalina.core.StandardService stop
INFO: Stopping service Catalina
13 Jan, 2012 3:07:47 PM org.apache.coyote.http11.Http11AprProtocol destroy
INFO: Stopping Coyote HTTP/1.1 on http-8080
13 Jan, 2012 3:07:47 PM org.apache.coyote.ajp.AjpAprProtocol destroy
INFO: Stopping Coyote AJP/1.3 on ajp-8009
13 Jan, 2012 3:10:01 PM org.apache.catalina.core.AprLifecycleListener init
INFO: Loaded APR based Apache Tomcat Native library 1.1.22.
13 Jan, 2012 3:10:01 PM org.apache.catalina.core.AprLifecycleListener init
INFO: APR capabilities: IPv6 [false], sendfile [true], accept filters [false], random [true].
13 Jan, 2012 3:10:02 PM org.apache.coyote.http11.Http11AprProtocol init
INFO: Initializing Coyote HTTP/1.1 on http-8080
13 Jan, 2012 3:10:02 PM org.apache.coyote.ajp.AjpAprProtocol init
INFO: Initializing Coyote AJP/1.3 on ajp-8009
13 Jan, 2012 3:10:02 PM org.apache.catalina.startup.Catalina load
INFO: Initialization processed in 819 ms
13 Jan, 2012 3:10:02 PM org.apache.catalina.core.StandardService start
INFO: Starting service Catalina
13 Jan, 2012 3:10:02 PM org.apache.catalina.core.StandardEngine start
INFO: Starting Servlet Engine: Apache Tomcat/6.0.35
13 Jan, 2012 3:10:02 PM org.apache.catalina.startup.HostConfig deployDescriptor
INFO: Deploying configuration descriptor host-manager.xml
13 Jan, 2012 3:10:02 PM org.apache.catalina.startup.HostConfig deployDescriptor
INFO: Deploying configuration descriptor manager.xml
13 Jan, 2012 3:10:02 PM org.apache.catalina.startup.HostConfig deployDescriptor
INFO: Deploying configuration descriptor ROOT.xml
13 Jan, 2012 3:10:02 PM org.apache.catalina.startup.HostConfig deployDirectory
INFO: Deploying web application directory docs
13 Jan, 2012 3:10:02 PM org.apache.catalina.startup.HostConfig deployDirectory
INFO: Deploying web application directory examples
13 Jan, 2012 3:10:03 PM org.apache.coyote.http11.Http11AprProtocol start
INFO: Starting Coyote HTTP/1.1 on http-8080
13 Jan, 2012 3:10:03 PM org.apache.coyote.ajp.AjpAprProtocol start
INFO: Starting Coyote AJP/1.3 on ajp-8009
13 Jan, 2012 3:10:03 PM org.apache.catalina.startup.Catalina start
INFO: Server startup in 603 ms
13 Jan, 2012 3:12:08 PM org.apache.coyote.http11.Http11AprProtocol pause
INFO: Pausing Coyote HTTP/1.1 on http-8080
13 Jan, 2012 3:12:08 PM org.apache.coyote.ajp.AjpAprProtocol pause
INFO: Pausing Coyote AJP/1.3 on ajp-8009
13 Jan, 2012 3:12:09 PM org.apache.catalina.core.StandardService stop
INFO: Stopping service Catalina
13 Jan, 2012 3:12:09 PM org.apache.coyote.http11.Http11AprProtocol destroy
INFO: Stopping Coyote HTTP/1.1 on http-8080
13 Jan, 2012 3:12:09 PM org.apache.coyote.ajp.AjpAprProtocol destroy
INFO: Stopping Coyote AJP/1.3 on ajp-8009
13 Jan, 2012 3:13:03 PM org.apache.catalina.core.AprLifecycleListener init
INFO: Loaded APR based Apache Tomcat Native library 1.1.22.
13 Jan, 2012 3:13:03 PM org.apache.catalina.core.AprLifecycleListener init
INFO: APR capabilities: IPv6 [false], sendfile [true], accept filters [false], random [true].
13 Jan, 2012 3:13:04 PM org.apache.coyote.http11.Http11AprProtocol init
INFO: Initializing Coyote HTTP/1.1 on http-8080
13 Jan, 2012 3:13:04 PM org.apache.coyote.ajp.AjpAprProtocol init
INFO: Initializing Coyote AJP/1.3 on ajp-8009
13 Jan, 2012 3:13:04 PM org.apache.catalina.startup.Catalina load
INFO: Initialization processed in 857 ms
13 Jan, 2012 3:13:04 PM org.apache.catalina.core.StandardService start
INFO: Starting service Catalina
13 Jan, 2012 3:13:04 PM org.apache.catalina.core.StandardEngine start
INFO: Starting Servlet Engine: Apache Tomcat/6.0.35
13 Jan, 2012 3:13:04 PM org.apache.catalina.startup.HostConfig deployDescriptor
INFO: Deploying configuration descriptor host-manager.xml
13 Jan, 2012 3:13:04 PM org.apache.catalina.startup.HostConfig deployDescriptor
INFO: Deploying configuration descriptor manager.xml
13 Jan, 2012 3:13:04 PM org.apache.catalina.startup.HostConfig deployDescriptor
INFO: Deploying configuration descriptor ROOT.xml
13 Jan, 2012 3:13:04 PM org.apache.catalina.startup.HostConfig deployDirectory
INFO: Deploying web application directory docs
13 Jan, 2012 3:13:04 PM org.apache.catalina.startup.HostConfig deployDirectory
INFO: Deploying web application directory examples
13 Jan, 2012 3:13:04 PM org.apache.coyote.http11.Http11AprProtocol start
INFO: Starting Coyote HTTP/1.1 on http-8080
13 Jan, 2012 3:13:05 PM org.apache.coyote.ajp.AjpAprProtocol start
INFO: Starting Coyote AJP/1.3 on ajp-8009
13 Jan, 2012 3:13:05 PM org.apache.catalina.startup.Catalina start
INFO: Server startup in 586 ms
13 Jan, 2012 3:13:07 PM org.apache.catalina.startup.HostConfig checkResources
INFO: Undeploying context []
13 Jan, 2012 3:13:07 PM org.apache.catalina.startup.HostConfig deployDescriptor
INFO: Deploying configuration descriptor ROOT.xml
13 Jan, 2012 3:13:07 PM org.apache.catalina.core.StandardContext start
INFO: Container org.apache.catalina.core.ContainerBase.[Catalina].[localhost].[/] has already been started
13 Jan, 2012 3:27:09 PM org.apache.catalina.startup.HostConfig checkResources
INFO: Undeploying context []
13 Jan, 2012 3:27:09 PM org.apache.catalina.startup.HostConfig deployDescriptor
INFO: Deploying configuration descriptor ROOT.xml
13 Jan, 2012 3:27:09 PM org.apache.catalina.core.StandardContext start
INFO: Container org.apache.catalina.core.ContainerBase.[Catalina].[localhost].[/] has already been started
13 Jan, 2012 3:31:15 PM org.apache.catalina.startup.HostConfig checkResources
INFO: Undeploying context []
13 Jan, 2012 3:31:15 PM org.apache.catalina.startup.HostConfig deployDescriptor
INFO: Deploying configuration descriptor ROOT.xml
13 Jan, 2012 3:31:15 PM org.apache.catalina.core.StandardContext start
INFO: Container org.apache.catalina.core.ContainerBase.[Catalina].[localhost].[/] has already been started
13 Jan, 2012 3:35:06 PM org.apache.catalina.startup.HostConfig checkResources
INFO: Undeploying context []
13 Jan, 2012 3:35:06 PM org.apache.catalina.startup.HostConfig deployDescriptor
INFO: Deploying configuration descriptor ROOT.xml
13 Jan, 2012 3:35:06 PM org.apache.catalina.core.StandardContext start
INFO: Container org.apache.catalina.core.ContainerBase.[Catalina].[localhost].[/] has already been started
13 Jan, 2012 3:42:59 PM org.apache.catalina.startup.HostConfig checkResources
INFO: Undeploying context []
13 Jan, 2012 3:42:59 PM org.apache.catalina.startup.HostConfig deployDescriptor
INFO: Deploying configuration descriptor ROOT.xml
13 Jan, 2012 3:42:59 PM org.apache.catalina.core.StandardContext start
INFO: Container org.apache.catalina.core.ContainerBase.[Catalina].[localhost].[/] has already been started
13 Jan, 2012 3:44:06 PM org.apache.catalina.startup.HostConfig checkResources
INFO: Undeploying context []
13 Jan, 2012 3:44:06 PM org.apache.catalina.startup.HostConfig deployDescriptor
INFO: Deploying configuration descriptor ROOT.xml
13 Jan, 2012 3:44:06 PM org.apache.catalina.core.StandardContext start
INFO: Container org.apache.catalina.core.ContainerBase.[Catalina].[localhost].[/] has already been started
13 Jan, 2012 3:45:40 PM org.apache.catalina.startup.HostConfig checkResources
INFO: Undeploying context []
13 Jan, 2012 3:45:40 PM org.apache.catalina.startup.HostConfig deployDescriptor
INFO: Deploying configuration descriptor ROOT.xml
13 Jan, 2012 3:45:40 PM org.apache.catalina.core.StandardContext start
INFO: Container org.apache.catalina.core.ContainerBase.[Catalina].[localhost].[/] has already been started
13 Jan, 2012 3:49:27 PM org.apache.catalina.startup.HostConfig checkResources
INFO: Undeploying context []
13 Jan, 2012 3:49:27 PM org.apache.catalina.startup.HostConfig deployDescriptor
INFO: Deploying configuration descriptor ROOT.xml
13 Jan, 2012 3:49:27 PM org.apache.catalina.core.StandardContext start
INFO: Container org.apache.catalina.core.ContainerBase.[Catalina].[localhost].[/] has already been started
13 Jan, 2012 3:51:14 PM org.apache.catalina.startup.HostConfig checkResources
INFO: Undeploying context []
13 Jan, 2012 3:51:14 PM org.apache.catalina.startup.HostConfig deployDescriptor
INFO: Deploying configuration descriptor ROOT.xml
13 Jan, 2012 3:51:14 PM org.apache.catalina.core.StandardContext start
INFO: Container org.apache.catalina.core.ContainerBase.[Catalina].[localhost].[/] has already been started
13 Jan, 2012 3:53:40 PM org.apache.catalina.startup.HostConfig checkResources
INFO: Undeploying context []
13 Jan, 2012 3:53:40 PM org.apache.catalina.startup.HostConfig deployDescriptor
INFO: Deploying configuration descriptor ROOT.xml
13 Jan, 2012 3:53:40 PM org.apache.catalina.core.StandardContext start
INFO: Container org.apache.catalina.core.ContainerBase.[Catalina].[localhost].[/] has already been started
13 Jan, 2012 3:54:41 PM org.apache.catalina.startup.HostConfig checkResources
INFO: Undeploying context []
13 Jan, 2012 3:54:42 PM org.apache.catalina.startup.HostConfig deployDescriptor
INFO: Deploying configuration descriptor ROOT.xml
13 Jan, 2012 3:54:42 PM org.apache.catalina.core.StandardContext start
INFO: Container org.apache.catalina.core.ContainerBase.[Catalina].[localhost].[/] has already been started
13 Jan, 2012 3:56:22 PM org.apache.coyote.http11.Http11AprProtocol pause
INFO: Pausing Coyote HTTP/1.1 on http-8080
13 Jan, 2012 3:56:22 PM org.apache.coyote.ajp.AjpAprProtocol pause
INFO: Pausing Coyote AJP/1.3 on ajp-8009
13 Jan, 2012 3:56:23 PM org.apache.catalina.core.StandardService stop
INFO: Stopping service Catalina
13 Jan, 2012 3:56:23 PM org.apache.coyote.http11.Http11AprProtocol destroy
INFO: Stopping Coyote HTTP/1.1 on http-8080
13 Jan, 2012 3:56:23 PM org.apache.coyote.ajp.AjpAprProtocol destroy
INFO: Stopping Coyote AJP/1.3 on ajp-8009
13 Jan, 2012 3:56:26 PM org.apache.catalina.core.AprLifecycleListener init
INFO: Loaded APR based Apache Tomcat Native library 1.1.22.
13 Jan, 2012 3:56:26 PM org.apache.catalina.core.AprLifecycleListener init
INFO: APR capabilities: IPv6 [false], sendfile [true], accept filters [false], random [true].
13 Jan, 2012 3:56:27 PM org.apache.coyote.http11.Http11AprProtocol init
INFO: Initializing Coyote HTTP/1.1 on http-8080
13 Jan, 2012 3:56:27 PM org.apache.coyote.ajp.AjpAprProtocol init
INFO: Initializing Coyote AJP/1.3 on ajp-8009
13 Jan, 2012 3:56:27 PM org.apache.catalina.startup.Catalina load
INFO: Initialization processed in 842 ms
13 Jan, 2012 3:56:27 PM org.apache.catalina.core.StandardService start
INFO: Starting service Catalina
13 Jan, 2012 3:56:27 PM org.apache.catalina.core.StandardEngine start
INFO: Starting Servlet Engine: Apache Tomcat/6.0.35
13 Jan, 2012 3:56:27 PM org.apache.catalina.startup.HostConfig deployDescriptor
INFO: Deploying configuration descriptor host-manager.xml
13 Jan, 2012 3:56:27 PM org.apache.catalina.startup.HostConfig deployDescriptor
INFO: Deploying configuration descriptor manager.xml
13 Jan, 2012 3:56:27 PM org.apache.catalina.startup.HostConfig deployDescriptor
INFO: Deploying configuration descriptor ROOT.xml
13 Jan, 2012 3:56:27 PM org.apache.catalina.startup.HostConfig deployDirectory
INFO: Deploying web application directory docs
13 Jan, 2012 3:56:27 PM org.apache.catalina.startup.HostConfig deployDirectory
INFO: Deploying web application directory examples
13 Jan, 2012 3:56:28 PM org.apache.coyote.http11.Http11AprProtocol start
INFO: Starting Coyote HTTP/1.1 on http-8080
13 Jan, 2012 3:56:28 PM org.apache.coyote.ajp.AjpAprProtocol start
INFO: Starting Coyote AJP/1.3 on ajp-8009
13 Jan, 2012 3:56:28 PM org.apache.catalina.startup.Catalina start
INFO: Server startup in 579 ms
13 Jan, 2012 3:56:50 PM org.apache.catalina.startup.HostConfig checkResources
INFO: Undeploying context []
13 Jan, 2012 3:56:50 PM org.apache.catalina.startup.HostConfig deployDescriptor
INFO: Deploying configuration descriptor ROOT.xml
13 Jan, 2012 3:56:51 PM org.apache.catalina.core.StandardContext start
INFO: Container org.apache.catalina.core.ContainerBase.[Catalina].[localhost].[/] has already been started
13 Jan, 2012 3:59:09 PM org.apache.coyote.http11.Http11AprProtocol pause
INFO: Pausing Coyote HTTP/1.1 on http-8080
13 Jan, 2012 3:59:09 PM org.apache.coyote.ajp.AjpAprProtocol pause
INFO: Pausing Coyote AJP/1.3 on ajp-8009
13 Jan, 2012 3:59:10 PM org.apache.catalina.core.StandardService stop
INFO: Stopping service Catalina
13 Jan, 2012 3:59:10 PM org.apache.catalina.loader.WebappClassLoader clearReferencesJdbc
SEVERE: The web application [] registered the JDBC driver [com.mysql.jdbc.Driver] but failed to unregister it when the web application was stopped. To prevent a memory leak, the JDBC Driver has been forcibly unregistered.
13 Jan, 2012 3:59:10 PM org.apache.coyote.http11.Http11AprProtocol destroy
INFO: Stopping Coyote HTTP/1.1 on http-8080
13 Jan, 2012 3:59:10 PM org.apache.coyote.ajp.AjpAprProtocol destroy
INFO: Stopping Coyote AJP/1.3 on ajp-8009
