21 Feb, 2012 12:07:40 AM org.apache.catalina.startup.HostConfig checkResources
INFO: Undeploying context []
21 Feb, 2012 12:07:40 AM org.apache.catalina.loader.WebappClassLoader clearReferencesJdbc
SEVERE: The web application [] registered the JDBC driver [com.mysql.jdbc.Driver] but failed to unregister it when the web application was stopped. To prevent a memory leak, the JDBC Driver has been forcibly unregistered.
21 Feb, 2012 12:07:41 AM org.apache.catalina.startup.HostConfig deployDescriptor
INFO: Deploying configuration descriptor ROOT.xml
21 Feb, 2012 12:07:41 AM org.apache.catalina.core.StandardContext resourcesStart
SEVERE: Error starting static Resources
java.lang.IllegalArgumentException: Document base E:\Dropbox\YAID\build\web does not exist or is not a readable directory
	at org.apache.naming.resources.FileDirContext.setDocBase(FileDirContext.java:142)
	at org.apache.catalina.core.StandardContext.resourcesStart(StandardContext.java:4320)
	at org.apache.catalina.core.StandardContext.start(StandardContext.java:4489)
	at org.apache.catalina.core.ContainerBase.addChildInternal(ContainerBase.java:799)
	at org.apache.catalina.core.ContainerBase.addChild(ContainerBase.java:779)
	at org.apache.catalina.core.StandardHost.addChild(StandardHost.java:601)
	at org.apache.catalina.startup.HostConfig.deployDescriptor(HostConfig.java:675)
	at org.apache.catalina.startup.HostConfig.deployDescriptors(HostConfig.java:601)
	at org.apache.catalina.startup.HostConfig.deployApps(HostConfig.java:502)
	at org.apache.catalina.startup.HostConfig.check(HostConfig.java:1385)
	at org.apache.catalina.startup.HostConfig.lifecycleEvent(HostConfig.java:306)
	at org.apache.catalina.util.LifecycleSupport.fireLifecycleEvent(LifecycleSupport.java:142)
	at org.apache.catalina.core.ContainerBase.backgroundProcess(ContainerBase.java:1389)
	at org.apache.catalina.core.ContainerBase$ContainerBackgroundProcessor.processChildren(ContainerBase.java:1653)
	at org.apache.catalina.core.ContainerBase$ContainerBackgroundProcessor.processChildren(ContainerBase.java:1662)
	at org.apache.catalina.core.ContainerBase$ContainerBackgroundProcessor.run(ContainerBase.java:1642)
	at java.lang.Thread.run(Thread.java:619)
21 Feb, 2012 12:07:41 AM org.apache.catalina.core.StandardContext start
SEVERE: Error in resourceStart()
21 Feb, 2012 12:07:41 AM org.apache.catalina.core.StandardContext start
SEVERE: Error getConfigured
21 Feb, 2012 12:07:41 AM org.apache.catalina.core.StandardContext start
SEVERE: Context [] startup failed due to previous errors
21 Feb, 2012 12:07:41 AM org.apache.catalina.core.StandardContext stop
INFO: Container org.apache.catalina.core.ContainerBase.[Catalina].[localhost].[/] has not been started
21 Feb, 2012 12:08:54 AM org.apache.catalina.startup.HostConfig checkResources
INFO: Reloading context [/ROOT (Tony P I's conflicted copy 2012-02-20)]
21 Feb, 2012 12:09:01 AM org.apache.catalina.core.StandardContext stop
INFO: Container org.apache.catalina.core.ContainerBase.[Catalina].[localhost].[/] has not been started
21 Feb, 2012 12:09:02 AM org.apache.catalina.startup.HostConfig checkResources
INFO: Undeploying context []
21 Feb, 2012 12:09:02 AM org.apache.catalina.startup.HostConfig deployDescriptor
INFO: Deploying configuration descriptor ROOT.xml
21 Feb, 2012 12:09:02 AM org.apache.catalina.core.StandardContext start
INFO: Container org.apache.catalina.core.ContainerBase.[Catalina].[localhost].[/] has already been started
21 Feb, 2012 12:13:03 AM org.apache.catalina.loader.WebappClassLoader clearReferencesJdbc
SEVERE: The web application [] registered the JDBC driver [com.mysql.jdbc.Driver] but failed to unregister it when the web application was stopped. To prevent a memory leak, the JDBC Driver has been forcibly unregistered.
21 Feb, 2012 12:13:04 AM org.apache.catalina.startup.HostConfig checkResources
INFO: Undeploying context []
21 Feb, 2012 12:13:04 AM org.apache.catalina.startup.HostConfig deployDescriptor
INFO: Deploying configuration descriptor ROOT.xml
21 Feb, 2012 12:13:04 AM org.apache.catalina.core.StandardContext start
INFO: Container org.apache.catalina.core.ContainerBase.[Catalina].[localhost].[/] has already been started
21 Feb, 2012 12:19:12 AM org.apache.catalina.loader.WebappClassLoader clearReferencesJdbc
SEVERE: The web application [] registered the JDBC driver [com.mysql.jdbc.Driver] but failed to unregister it when the web application was stopped. To prevent a memory leak, the JDBC Driver has been forcibly unregistered.
21 Feb, 2012 12:19:12 AM org.apache.catalina.startup.HostConfig checkResources
INFO: Undeploying context []
21 Feb, 2012 12:19:12 AM org.apache.catalina.startup.HostConfig deployDescriptor
INFO: Deploying configuration descriptor ROOT.xml
21 Feb, 2012 12:19:12 AM org.apache.catalina.core.StandardContext start
INFO: Container org.apache.catalina.core.ContainerBase.[Catalina].[localhost].[/] has already been started
21 Feb, 2012 12:27:01 AM org.apache.catalina.startup.HostConfig checkResources
INFO: Reloading context []
21 Feb, 2012 12:27:01 AM org.apache.catalina.loader.WebappClassLoader clearReferencesJdbc
SEVERE: The web application [] registered the JDBC driver [com.mysql.jdbc.Driver] but failed to unregister it when the web application was stopped. To prevent a memory leak, the JDBC Driver has been forcibly unregistered.
21 Feb, 2012 12:29:08 AM org.apache.catalina.startup.HostConfig checkResources
INFO: Undeploying context []
21 Feb, 2012 12:29:09 AM org.apache.catalina.startup.HostConfig deployDescriptor
INFO: Deploying configuration descriptor ROOT.xml
21 Feb, 2012 12:29:09 AM org.apache.catalina.startup.HostConfig deployDescriptor
WARNING: A docBase D:\Dropbox\YAID\apache-tomcat-6.0.35\webapps\home\vignesh\Dropbox\YAID\build\web inside the host appBase has been specified, and will be ignored
21 Feb, 2012 12:29:09 AM org.apache.catalina.core.StandardContext resourcesStart
SEVERE: Error starting static Resources
java.lang.IllegalArgumentException: Document base D:\Dropbox\YAID\apache-tomcat-6.0.35\webapps\ROOT does not exist or is not a readable directory
	at org.apache.naming.resources.FileDirContext.setDocBase(FileDirContext.java:142)
	at org.apache.catalina.core.StandardContext.resourcesStart(StandardContext.java:4320)
	at org.apache.catalina.core.StandardContext.start(StandardContext.java:4489)
	at org.apache.catalina.core.ContainerBase.addChildInternal(ContainerBase.java:799)
	at org.apache.catalina.core.ContainerBase.addChild(ContainerBase.java:779)
	at org.apache.catalina.core.StandardHost.addChild(StandardHost.java:601)
	at org.apache.catalina.startup.HostConfig.deployDescriptor(HostConfig.java:675)
	at org.apache.catalina.startup.HostConfig.deployDescriptors(HostConfig.java:601)
	at org.apache.catalina.startup.HostConfig.deployApps(HostConfig.java:502)
	at org.apache.catalina.startup.HostConfig.check(HostConfig.java:1385)
	at org.apache.catalina.startup.HostConfig.lifecycleEvent(HostConfig.java:306)
	at org.apache.catalina.util.LifecycleSupport.fireLifecycleEvent(LifecycleSupport.java:142)
	at org.apache.catalina.core.ContainerBase.backgroundProcess(ContainerBase.java:1389)
	at org.apache.catalina.core.ContainerBase$ContainerBackgroundProcessor.processChildren(ContainerBase.java:1653)
	at org.apache.catalina.core.ContainerBase$ContainerBackgroundProcessor.processChildren(ContainerBase.java:1662)
	at org.apache.catalina.core.ContainerBase$ContainerBackgroundProcessor.run(ContainerBase.java:1642)
	at java.lang.Thread.run(Thread.java:619)
21 Feb, 2012 12:29:09 AM org.apache.catalina.core.StandardContext start
SEVERE: Error in resourceStart()
21 Feb, 2012 12:29:09 AM org.apache.catalina.core.StandardContext start
SEVERE: Error getConfigured
21 Feb, 2012 12:29:09 AM org.apache.catalina.core.StandardContext start
SEVERE: Context [] startup failed due to previous errors
21 Feb, 2012 12:29:09 AM org.apache.catalina.core.StandardContext stop
INFO: Container org.apache.catalina.core.ContainerBase.[Catalina].[localhost].[/] has not been started
21 Feb, 2012 12:31:02 AM org.apache.catalina.core.StandardContext stop
INFO: Container org.apache.catalina.core.ContainerBase.[Catalina].[localhost].[/] has not been started
21 Feb, 2012 12:31:03 AM org.apache.catalina.startup.HostConfig checkResources
INFO: Undeploying context []
21 Feb, 2012 12:31:03 AM org.apache.catalina.startup.HostConfig deployDescriptor
INFO: Deploying configuration descriptor ROOT.xml
21 Feb, 2012 12:31:03 AM org.apache.catalina.core.StandardContext start
INFO: Container org.apache.catalina.core.ContainerBase.[Catalina].[localhost].[/] has already been started
21 Feb, 2012 1:17:16 AM org.apache.catalina.loader.WebappClassLoader clearReferencesJdbc
SEVERE: The web application [] registered the JDBC driver [com.mysql.jdbc.Driver] but failed to unregister it when the web application was stopped. To prevent a memory leak, the JDBC Driver has been forcibly unregistered.
21 Feb, 2012 1:17:16 AM org.apache.catalina.startup.HostConfig checkResources
INFO: Undeploying context []
21 Feb, 2012 1:17:16 AM org.apache.catalina.startup.HostConfig deployDescriptor
INFO: Deploying configuration descriptor ROOT.xml
21 Feb, 2012 1:17:16 AM org.apache.catalina.core.StandardContext start
INFO: Container org.apache.catalina.core.ContainerBase.[Catalina].[localhost].[/] has already been started
21 Feb, 2012 1:36:47 AM org.apache.catalina.startup.HostConfig checkResources
INFO: Reloading context []
21 Feb, 2012 1:36:47 AM org.apache.catalina.loader.WebappClassLoader clearReferencesJdbc
SEVERE: The web application [] registered the JDBC driver [com.mysql.jdbc.Driver] but failed to unregister it when the web application was stopped. To prevent a memory leak, the JDBC Driver has been forcibly unregistered.
21 Feb, 2012 1:36:47 AM org.apache.catalina.startup.HostConfig checkResources
INFO: Reloading context [/ROOT (Tony P I's conflicted copy 2012-02-20)]
21 Feb, 2012 2:09:24 AM org.apache.catalina.core.StandardContext reload
INFO: Reloading Context with name [] has started
21 Feb, 2012 2:09:24 AM org.apache.catalina.loader.WebappClassLoader clearReferencesJdbc
SEVERE: The web application [] registered the JDBC driver [com.mysql.jdbc.Driver] but failed to unregister it when the web application was stopped. To prevent a memory leak, the JDBC Driver has been forcibly unregistered.
21 Feb, 2012 2:09:24 AM org.apache.catalina.core.StandardContext reload
INFO: Reloading Context with name [/ROOT (Tony P I's conflicted copy 2012-02-20)] has started
21 Feb, 2012 2:24:38 AM org.apache.catalina.core.StandardContext reload
INFO: Reloading Context with name [] has started
21 Feb, 2012 2:24:38 AM org.apache.catalina.core.StandardContext reload
INFO: Reloading Context with name [/ROOT (Tony P I's conflicted copy 2012-02-20)] has started
21 Feb, 2012 2:25:36 AM org.apache.catalina.core.StandardContext reload
INFO: Reloading Context with name [] has started
21 Feb, 2012 2:25:36 AM org.apache.catalina.core.StandardContext reload
INFO: Reloading Context with name [/ROOT (Tony P I's conflicted copy 2012-02-20)] has started
21 Feb, 2012 2:26:11 AM org.apache.catalina.core.StandardContext reload
INFO: Reloading Context with name [] has started
21 Feb, 2012 2:26:11 AM org.apache.catalina.loader.WebappClassLoader loadClass
INFO: Illegal access: this web application instance has been stopped already.  Could not load com.mysql.jdbc.SQLError.  The eventual following stack trace is caused by an error thrown for debugging purposes as well as to attempt to terminate the thread which caused the illegal access, and has no functional impact.
java.lang.IllegalStateException
	at org.apache.catalina.loader.WebappClassLoader.loadClass(WebappClassLoader.java:1566)
	at org.apache.catalina.loader.WebappClassLoader.loadClass(WebappClassLoader.java:1526)
	at java.lang.ClassLoader.loadClassInternal(ClassLoader.java:319)
	at com.mysql.jdbc.MysqlIO.send(MysqlIO.java:3321)
	at com.mysql.jdbc.MysqlIO.quit(MysqlIO.java:1667)
	at com.mysql.jdbc.ConnectionImpl.realClose(ConnectionImpl.java:4322)
	at com.mysql.jdbc.ConnectionImpl.cleanup(ConnectionImpl.java:1348)
	at com.mysql.jdbc.ConnectionImpl.finalize(ConnectionImpl.java:2679)
	at java.lang.ref.Finalizer.invokeFinalizeMethod(Native Method)
	at java.lang.ref.Finalizer.runFinalizer(Finalizer.java:83)
	at java.lang.ref.Finalizer.access$100(Finalizer.java:14)
	at java.lang.ref.Finalizer$FinalizerThread.run(Finalizer.java:160)
21 Feb, 2012 2:26:11 AM org.apache.catalina.core.StandardContext reload
INFO: Reloading Context with name [/ROOT (Tony P I's conflicted copy 2012-02-20)] has started
21 Feb, 2012 2:32:33 AM org.apache.catalina.core.StandardContext reload
INFO: Reloading Context with name [] has started
21 Feb, 2012 2:32:33 AM org.apache.catalina.loader.WebappClassLoader clearReferencesJdbc
SEVERE: The web application [] registered the JDBC driver [com.mysql.jdbc.Driver] but failed to unregister it when the web application was stopped. To prevent a memory leak, the JDBC Driver has been forcibly unregistered.
21 Feb, 2012 2:32:34 AM org.apache.catalina.core.StandardContext reload
INFO: Reloading Context with name [/ROOT (Tony P I's conflicted copy 2012-02-20)] has started
21 Feb, 2012 2:32:57 AM org.apache.catalina.core.StandardContext reload
INFO: Reloading Context with name [] has started
21 Feb, 2012 2:32:57 AM org.apache.catalina.core.StandardContext reload
INFO: Reloading Context with name [/ROOT (Tony P I's conflicted copy 2012-02-20)] has started
21 Feb, 2012 2:34:30 AM org.apache.catalina.core.StandardContext reload
INFO: Reloading Context with name [] has started
21 Feb, 2012 2:34:30 AM org.apache.catalina.loader.WebappClassLoader clearReferencesJdbc
SEVERE: The web application [] registered the JDBC driver [com.mysql.jdbc.Driver] but failed to unregister it when the web application was stopped. To prevent a memory leak, the JDBC Driver has been forcibly unregistered.
21 Feb, 2012 2:34:30 AM org.apache.catalina.core.StandardContext reload
INFO: Reloading Context with name [/ROOT (Tony P I's conflicted copy 2012-02-20)] has started
21 Feb, 2012 2:35:28 AM org.apache.catalina.loader.WebappClassLoader loadClass
INFO: Illegal access: this web application instance has been stopped already.  Could not load com.mysql.jdbc.SQLError.  The eventual following stack trace is caused by an error thrown for debugging purposes as well as to attempt to terminate the thread which caused the illegal access, and has no functional impact.
java.lang.IllegalStateException
	at org.apache.catalina.loader.WebappClassLoader.loadClass(WebappClassLoader.java:1566)
	at org.apache.catalina.loader.WebappClassLoader.loadClass(WebappClassLoader.java:1526)
	at java.lang.ClassLoader.loadClassInternal(ClassLoader.java:319)
	at com.mysql.jdbc.MysqlIO.send(MysqlIO.java:3321)
	at com.mysql.jdbc.MysqlIO.quit(MysqlIO.java:1667)
	at com.mysql.jdbc.ConnectionImpl.realClose(ConnectionImpl.java:4322)
	at com.mysql.jdbc.ConnectionImpl.cleanup(ConnectionImpl.java:1348)
	at com.mysql.jdbc.ConnectionImpl.finalize(ConnectionImpl.java:2679)
	at java.lang.ref.Finalizer.invokeFinalizeMethod(Native Method)
	at java.lang.ref.Finalizer.runFinalizer(Finalizer.java:83)
	at java.lang.ref.Finalizer.access$100(Finalizer.java:14)
	at java.lang.ref.Finalizer$FinalizerThread.run(Finalizer.java:160)
21 Feb, 2012 2:35:28 AM org.apache.catalina.loader.WebappClassLoader loadClass
INFO: Illegal access: this web application instance has been stopped already.  Could not load com.mysql.jdbc.ProfilerEventHandlerFactory.  The eventual following stack trace is caused by an error thrown for debugging purposes as well as to attempt to terminate the thread which caused the illegal access, and has no functional impact.
java.lang.IllegalStateException
	at org.apache.catalina.loader.WebappClassLoader.loadClass(WebappClassLoader.java:1566)
	at org.apache.catalina.loader.WebappClassLoader.loadClass(WebappClassLoader.java:1526)
	at java.lang.ClassLoader.loadClassInternal(ClassLoader.java:319)
	at com.mysql.jdbc.ConnectionImpl.realClose(ConnectionImpl.java:4346)
	at com.mysql.jdbc.ConnectionImpl.cleanup(ConnectionImpl.java:1348)
	at com.mysql.jdbc.ConnectionImpl.finalize(ConnectionImpl.java:2679)
	at java.lang.ref.Finalizer.invokeFinalizeMethod(Native Method)
	at java.lang.ref.Finalizer.runFinalizer(Finalizer.java:83)
	at java.lang.ref.Finalizer.access$100(Finalizer.java:14)
	at java.lang.ref.Finalizer$FinalizerThread.run(Finalizer.java:160)
21 Feb, 2012 2:35:30 AM org.apache.catalina.loader.WebappClassLoader loadClass
INFO: Illegal access: this web application instance has been stopped already.  Could not load java.net.BindException.  The eventual following stack trace is caused by an error thrown for debugging purposes as well as to attempt to terminate the thread which caused the illegal access, and has no functional impact.
java.lang.IllegalStateException
	at org.apache.catalina.loader.WebappClassLoader.loadClass(WebappClassLoader.java:1566)
	at org.apache.catalina.loader.WebappClassLoader.loadClass(WebappClassLoader.java:1526)
	at java.lang.ClassLoader.loadClassInternal(ClassLoader.java:319)
	at com.mysql.jdbc.SQLError.createLinkFailureMessageBasedOnHeuristics(SQLError.java:1275)
	at com.mysql.jdbc.exceptions.jdbc4.CommunicationsException.<init>(CommunicationsException.java:60)
	at sun.reflect.NativeConstructorAccessorImpl.newInstance0(Native Method)
	at sun.reflect.NativeConstructorAccessorImpl.newInstance(NativeConstructorAccessorImpl.java:39)
	at sun.reflect.DelegatingConstructorAccessorImpl.newInstance(DelegatingConstructorAccessorImpl.java:27)
	at java.lang.reflect.Constructor.newInstance(Constructor.java:513)
	at com.mysql.jdbc.Util.handleNewInstance(Util.java:409)
	at com.mysql.jdbc.SQLError.createCommunicationsException(SQLError.java:1118)
	at com.mysql.jdbc.MysqlIO.send(MysqlIO.java:3321)
	at com.mysql.jdbc.MysqlIO.quit(MysqlIO.java:1667)
	at com.mysql.jdbc.ConnectionImpl.realClose(ConnectionImpl.java:4322)
	at com.mysql.jdbc.ConnectionImpl.cleanup(ConnectionImpl.java:1348)
	at com.mysql.jdbc.ConnectionImpl.finalize(ConnectionImpl.java:2679)
	at java.lang.ref.Finalizer.invokeFinalizeMethod(Native Method)
	at java.lang.ref.Finalizer.runFinalizer(Finalizer.java:83)
	at java.lang.ref.Finalizer.access$100(Finalizer.java:14)
	at java.lang.ref.Finalizer$FinalizerThread.run(Finalizer.java:160)
21 Feb, 2012 2:37:12 AM org.apache.catalina.core.StandardContext reload
INFO: Reloading Context with name [] has started
21 Feb, 2012 2:37:12 AM org.apache.catalina.loader.WebappClassLoader clearReferencesJdbc
SEVERE: The web application [] registered the JDBC driver [com.mysql.jdbc.Driver] but failed to unregister it when the web application was stopped. To prevent a memory leak, the JDBC Driver has been forcibly unregistered.
21 Feb, 2012 2:37:12 AM org.apache.catalina.core.StandardContext reload
INFO: Reloading Context with name [/ROOT (Tony P I's conflicted copy 2012-02-20)] has started
21 Feb, 2012 2:37:36 AM org.apache.catalina.core.StandardContext reload
INFO: Reloading Context with name [] has started
21 Feb, 2012 2:37:36 AM org.apache.catalina.loader.WebappClassLoader clearReferencesJdbc
SEVERE: The web application [] registered the JDBC driver [com.mysql.jdbc.Driver] but failed to unregister it when the web application was stopped. To prevent a memory leak, the JDBC Driver has been forcibly unregistered.
21 Feb, 2012 2:37:36 AM org.apache.catalina.core.StandardContext reload
INFO: Reloading Context with name [/ROOT (Tony P I's conflicted copy 2012-02-20)] has started
21 Feb, 2012 2:37:59 AM org.apache.catalina.core.StandardContext reload
INFO: Reloading Context with name [] has started
21 Feb, 2012 2:37:59 AM org.apache.catalina.loader.WebappClassLoader clearReferencesJdbc
SEVERE: The web application [] registered the JDBC driver [com.mysql.jdbc.Driver] but failed to unregister it when the web application was stopped. To prevent a memory leak, the JDBC Driver has been forcibly unregistered.
21 Feb, 2012 2:37:59 AM org.apache.catalina.core.StandardContext reload
INFO: Reloading Context with name [/ROOT (Tony P I's conflicted copy 2012-02-20)] has started
21 Feb, 2012 2:38:11 AM org.apache.catalina.core.StandardContext reload
INFO: Reloading Context with name [] has started
21 Feb, 2012 2:38:11 AM org.apache.catalina.core.StandardContext reload
INFO: Reloading Context with name [/ROOT (Tony P I's conflicted copy 2012-02-20)] has started
21 Feb, 2012 2:40:02 AM org.apache.coyote.http11.Http11AprProtocol pause
INFO: Pausing Coyote HTTP/1.1 on http-8080
21 Feb, 2012 2:40:02 AM org.apache.coyote.ajp.AjpAprProtocol pause
INFO: Pausing Coyote AJP/1.3 on ajp-8009
21 Feb, 2012 2:40:03 AM org.apache.catalina.core.StandardService stop
INFO: Stopping service Catalina
21 Feb, 2012 2:40:03 AM org.apache.catalina.loader.WebappClassLoader clearReferencesJdbc
SEVERE: The web application [] registered the JDBC driver [com.mysql.jdbc.Driver] but failed to unregister it when the web application was stopped. To prevent a memory leak, the JDBC Driver has been forcibly unregistered.
21 Feb, 2012 2:40:03 AM org.apache.coyote.http11.Http11AprProtocol destroy
INFO: Stopping Coyote HTTP/1.1 on http-8080
21 Feb, 2012 2:40:03 AM org.apache.coyote.ajp.AjpAprProtocol destroy
INFO: Stopping Coyote AJP/1.3 on ajp-8009
