14 Feb, 2012 7:11:01 AM org.apache.catalina.core.AprLifecycleListener init
INFO: The APR based Apache Tomcat Native library which allows optimal performance in production environments was not found on the java.library.path: D:\Java\jdk1.6.0_26\bin;C:\Windows\Sun\Java\bin;C:\Windows\system32;C:\Windows;C:\Program Files\Common Files\Microsoft Shared\Windows Live;C:\Windows\system32;C:\Windows;C:\Windows\System32\Wbem;C:\Windows\System32\WindowsPowerShell\v1.0\;C:\Program Files\Broadcom\Broadcom 802.11 Network Adapter\Driver;C:\Program Files (x86)\Toshiba\Bluetooth Toshiba Stack\sys\;C:\Program Files (x86)\Toshiba\Bluetooth Toshiba Stack\sys\x64\;D:\Heroku;C:\Program Files (x86)\git\bin;C:\Program Files (x86)\git\cmd;D:\Java\jdk1.6.0_26\bin;D:\Mercurial;.
14 Feb, 2012 7:11:02 AM org.apache.coyote.http11.Http11Protocol init
INFO: Initializing Coyote HTTP/1.1 on http-8080
14 Feb, 2012 7:11:02 AM org.apache.catalina.startup.Catalina load
INFO: Initialization processed in 2251 ms
14 Feb, 2012 7:11:03 AM org.apache.catalina.core.StandardService start
INFO: Starting service Catalina
14 Feb, 2012 7:11:03 AM org.apache.catalina.core.StandardEngine start
INFO: Starting Servlet Engine: Apache Tomcat/6.0.35
14 Feb, 2012 7:11:03 AM org.apache.catalina.startup.HostConfig deployDescriptor
INFO: Deploying configuration descriptor host-manager.xml
14 Feb, 2012 7:11:03 AM org.apache.catalina.startup.HostConfig deployDescriptor
INFO: Deploying configuration descriptor manager.xml
14 Feb, 2012 7:11:04 AM org.apache.catalina.startup.HostConfig deployDescriptor
INFO: Deploying configuration descriptor ROOT.xml
14 Feb, 2012 7:11:04 AM org.apache.catalina.startup.HostConfig deployDirectory
INFO: Deploying web application directory docs
14 Feb, 2012 7:11:04 AM org.apache.catalina.startup.HostConfig deployDirectory
INFO: Deploying web application directory examples
14 Feb, 2012 7:11:05 AM org.apache.coyote.http11.Http11Protocol start
INFO: Starting Coyote HTTP/1.1 on http-8080
14 Feb, 2012 7:11:05 AM org.apache.jk.common.ChannelSocket init
INFO: JK: ajp13 listening on /0.0.0.0:8009
14 Feb, 2012 7:11:05 AM org.apache.jk.server.JkMain start
INFO: Jk running ID=0 time=1/61  config=null
14 Feb, 2012 7:11:05 AM org.apache.catalina.startup.Catalina start
INFO: Server startup in 2397 ms
14 Feb, 2012 7:11:07 AM org.apache.catalina.startup.HostConfig checkResources
INFO: Undeploying context []
14 Feb, 2012 7:11:07 AM org.apache.catalina.startup.HostConfig deployDescriptor
INFO: Deploying configuration descriptor ROOT.xml
14 Feb, 2012 7:11:07 AM org.apache.catalina.core.StandardContext start
INFO: Container org.apache.catalina.core.ContainerBase.[Catalina].[localhost].[/] has already been started
14 Feb, 2012 7:44:36 AM org.apache.catalina.startup.HostConfig checkResources
INFO: Reloading context []
14 Feb, 2012 7:50:27 AM org.apache.catalina.core.StandardContext reload
INFO: Reloading Context with name [] has started
14 Feb, 2012 7:50:57 AM org.apache.catalina.startup.HostConfig checkResources
INFO: Undeploying context []
14 Feb, 2012 7:50:57 AM org.apache.catalina.startup.HostConfig deployDescriptor
INFO: Deploying configuration descriptor ROOT.xml
14 Feb, 2012 7:50:57 AM org.apache.catalina.core.StandardContext start
INFO: Container org.apache.catalina.core.ContainerBase.[Catalina].[localhost].[/] has already been started
14 Feb, 2012 7:52:17 AM org.apache.catalina.core.StandardContext reload
INFO: Reloading Context with name [] has started
14 Feb, 2012 7:52:26 AM org.apache.catalina.startup.HostConfig checkResources
INFO: Undeploying context []
14 Feb, 2012 7:52:26 AM org.apache.catalina.startup.HostConfig deployDescriptor
INFO: Deploying configuration descriptor ROOT.xml
14 Feb, 2012 7:52:26 AM org.apache.catalina.core.StandardContext start
INFO: Container org.apache.catalina.core.ContainerBase.[Catalina].[localhost].[/] has already been started
14 Feb, 2012 7:52:43 AM org.apache.catalina.startup.HostConfig checkResources
INFO: Undeploying context []
14 Feb, 2012 7:52:43 AM org.apache.catalina.startup.HostConfig deployDescriptor
INFO: Deploying configuration descriptor ROOT.xml
14 Feb, 2012 7:52:43 AM org.apache.catalina.core.StandardContext start
INFO: Container org.apache.catalina.core.ContainerBase.[Catalina].[localhost].[/] has already been started
14 Feb, 2012 7:53:07 AM org.apache.catalina.core.StandardContext reload
INFO: Reloading Context with name [] has started
14 Feb, 2012 7:53:14 AM org.apache.catalina.startup.HostConfig checkResources
INFO: Undeploying context []
14 Feb, 2012 7:53:14 AM org.apache.catalina.startup.HostConfig deployDescriptor
INFO: Deploying configuration descriptor ROOT.xml
14 Feb, 2012 7:53:14 AM org.apache.catalina.core.StandardContext start
INFO: Container org.apache.catalina.core.ContainerBase.[Catalina].[localhost].[/] has already been started
14 Feb, 2012 7:57:10 AM org.apache.catalina.startup.HostConfig checkResources
INFO: Undeploying context []
14 Feb, 2012 7:57:10 AM org.apache.catalina.startup.HostConfig deployDescriptor
INFO: Deploying configuration descriptor ROOT.xml
14 Feb, 2012 7:57:10 AM org.apache.catalina.core.StandardContext start
INFO: Container org.apache.catalina.core.ContainerBase.[Catalina].[localhost].[/] has already been started
14 Feb, 2012 7:57:23 AM org.apache.catalina.startup.HostConfig checkResources
INFO: Undeploying context []
14 Feb, 2012 7:57:23 AM org.apache.catalina.startup.HostConfig deployDescriptor
INFO: Deploying configuration descriptor ROOT.xml
14 Feb, 2012 7:57:23 AM org.apache.catalina.core.StandardContext start
INFO: Container org.apache.catalina.core.ContainerBase.[Catalina].[localhost].[/] has already been started
14 Feb, 2012 8:00:53 AM org.apache.catalina.startup.HostConfig checkResources
INFO: Undeploying context []
14 Feb, 2012 8:00:53 AM org.apache.catalina.startup.HostConfig deployDescriptor
INFO: Deploying configuration descriptor ROOT.xml
14 Feb, 2012 8:00:53 AM org.apache.catalina.core.StandardContext start
INFO: Container org.apache.catalina.core.ContainerBase.[Catalina].[localhost].[/] has already been started
14 Feb, 2012 8:01:04 AM org.apache.catalina.startup.HostConfig checkResources
INFO: Undeploying context []
14 Feb, 2012 8:01:04 AM org.apache.catalina.startup.HostConfig deployDescriptor
INFO: Deploying configuration descriptor ROOT.xml
14 Feb, 2012 8:01:04 AM org.apache.catalina.core.StandardContext start
INFO: Container org.apache.catalina.core.ContainerBase.[Catalina].[localhost].[/] has already been started
14 Feb, 2012 8:01:50 AM org.apache.coyote.http11.Http11Protocol pause
INFO: Pausing Coyote HTTP/1.1 on http-8080
14 Feb, 2012 8:01:51 AM org.apache.catalina.core.StandardService stop
INFO: Stopping service Catalina
14 Feb, 2012 8:01:51 AM org.apache.coyote.http11.Http11Protocol destroy
INFO: Stopping Coyote HTTP/1.1 on http-8080
14 Feb, 2012 10:42:19 AM org.apache.catalina.core.AprLifecycleListener init
INFO: The APR based Apache Tomcat Native library which allows optimal performance in production environments was not found on the java.library.path: D:\Java\jdk1.6.0_26\bin;C:\Windows\Sun\Java\bin;C:\Windows\system32;C:\Windows;C:\Program Files\Common Files\Microsoft Shared\Windows Live;C:\Windows\system32;C:\Windows;C:\Windows\System32\Wbem;C:\Windows\System32\WindowsPowerShell\v1.0\;C:\Program Files\Broadcom\Broadcom 802.11 Network Adapter\Driver;C:\Program Files (x86)\Toshiba\Bluetooth Toshiba Stack\sys\;C:\Program Files (x86)\Toshiba\Bluetooth Toshiba Stack\sys\x64\;D:\Heroku;C:\Program Files (x86)\git\bin;C:\Program Files (x86)\git\cmd;D:\Java\jdk1.6.0_26\bin;D:\Mercurial;.
14 Feb, 2012 10:42:20 AM org.apache.coyote.http11.Http11Protocol init
INFO: Initializing Coyote HTTP/1.1 on http-8080
14 Feb, 2012 10:42:20 AM org.apache.catalina.startup.Catalina load
INFO: Initialization processed in 1785 ms
14 Feb, 2012 10:42:20 AM org.apache.catalina.core.StandardService start
INFO: Starting service Catalina
14 Feb, 2012 10:42:20 AM org.apache.catalina.core.StandardEngine start
INFO: Starting Servlet Engine: Apache Tomcat/6.0.35
14 Feb, 2012 10:42:20 AM org.apache.catalina.startup.HostConfig deployDescriptor
INFO: Deploying configuration descriptor host-manager.xml
14 Feb, 2012 10:42:21 AM org.apache.catalina.startup.HostConfig deployDescriptor
INFO: Deploying configuration descriptor manager.xml
14 Feb, 2012 10:42:21 AM org.apache.catalina.startup.HostConfig deployDescriptor
INFO: Deploying configuration descriptor ROOT.xml
14 Feb, 2012 10:42:21 AM org.apache.catalina.startup.HostConfig deployDirectory
INFO: Deploying web application directory docs
14 Feb, 2012 10:42:21 AM org.apache.catalina.startup.HostConfig deployDirectory
INFO: Deploying web application directory examples
14 Feb, 2012 10:42:22 AM org.apache.coyote.http11.Http11Protocol start
INFO: Starting Coyote HTTP/1.1 on http-8080
14 Feb, 2012 10:42:22 AM org.apache.jk.common.ChannelSocket init
INFO: JK: ajp13 listening on /0.0.0.0:8009
14 Feb, 2012 10:42:22 AM org.apache.jk.server.JkMain start
INFO: Jk running ID=0 time=0/125  config=null
14 Feb, 2012 10:42:22 AM org.apache.catalina.startup.Catalina start
INFO: Server startup in 2258 ms
14 Feb, 2012 10:42:24 AM org.apache.catalina.startup.HostConfig checkResources
INFO: Undeploying context []
14 Feb, 2012 10:42:24 AM org.apache.catalina.startup.HostConfig deployDescriptor
INFO: Deploying configuration descriptor ROOT.xml
14 Feb, 2012 10:42:24 AM org.apache.catalina.core.StandardContext start
INFO: Container org.apache.catalina.core.ContainerBase.[Catalina].[localhost].[/] has already been started
Feb 14, 2012 7:29:15 PM org.apache.catalina.core.AprLifecycleListener init
INFO: The APR based Apache Tomcat Native library which allows optimal performance in production environments was not found on the java.library.path: /usr/java/packages/lib/i386:/usr/lib/i386-linux-gnu/jni:/lib/i386-linux-gnu:/usr/lib/i386-linux-gnu:/usr/lib/jni:/lib:/usr/lib
Feb 14, 2012 7:29:16 PM org.apache.coyote.http11.Http11Protocol init
INFO: Initializing Coyote HTTP/1.1 on http-8080
Feb 14, 2012 7:29:16 PM org.apache.catalina.startup.Catalina load
INFO: Initialization processed in 1691 ms
Feb 14, 2012 7:29:16 PM org.apache.catalina.core.StandardService start
INFO: Starting service Catalina
Feb 14, 2012 7:29:16 PM org.apache.catalina.core.StandardEngine start
INFO: Starting Servlet Engine: Apache Tomcat/6.0.35
Feb 14, 2012 7:29:16 PM org.apache.catalina.startup.HostConfig deployDescriptor
INFO: Deploying configuration descriptor manager.xml
Feb 14, 2012 7:29:17 PM org.apache.catalina.startup.HostConfig deployDescriptor
INFO: Deploying configuration descriptor ROOT.xml
Feb 14, 2012 7:29:17 PM org.apache.catalina.startup.HostConfig deployDescriptor
WARNING: A docBase /home/vignesh/Dropbox/YAID/apache-tomcat-6.0.35/webapps/E:\Dropbox\YAID\build\web inside the host appBase has been specified, and will be ignored
Feb 14, 2012 7:29:17 PM org.apache.catalina.core.StandardContext resourcesStart
SEVERE: Error starting static Resources
java.lang.IllegalArgumentException: Document base /home/vignesh/Dropbox/YAID/apache-tomcat-6.0.35/webapps/ROOT does not exist or is not a readable directory
	at org.apache.naming.resources.FileDirContext.setDocBase(FileDirContext.java:142)
	at org.apache.catalina.core.StandardContext.resourcesStart(StandardContext.java:4320)
	at org.apache.catalina.core.StandardContext.start(StandardContext.java:4489)
	at org.apache.catalina.core.ContainerBase.addChildInternal(ContainerBase.java:799)
	at org.apache.catalina.core.ContainerBase.addChild(ContainerBase.java:779)
	at org.apache.catalina.core.StandardHost.addChild(StandardHost.java:601)
	at org.apache.catalina.startup.HostConfig.deployDescriptor(HostConfig.java:675)
	at org.apache.catalina.startup.HostConfig.deployDescriptors(HostConfig.java:601)
	at org.apache.catalina.startup.HostConfig.deployApps(HostConfig.java:502)
	at org.apache.catalina.startup.HostConfig.start(HostConfig.java:1317)
	at org.apache.catalina.startup.HostConfig.lifecycleEvent(HostConfig.java:324)
	at org.apache.catalina.util.LifecycleSupport.fireLifecycleEvent(LifecycleSupport.java:142)
	at org.apache.catalina.core.ContainerBase.start(ContainerBase.java:1065)
	at org.apache.catalina.core.StandardHost.start(StandardHost.java:840)
	at org.apache.catalina.core.ContainerBase.start(ContainerBase.java:1057)
	at org.apache.catalina.core.StandardEngine.start(StandardEngine.java:463)
	at org.apache.catalina.core.StandardService.start(StandardService.java:525)
	at org.apache.catalina.core.StandardServer.start(StandardServer.java:754)
	at org.apache.catalina.startup.Catalina.start(Catalina.java:595)
	at sun.reflect.NativeMethodAccessorImpl.invoke0(Native Method)
	at sun.reflect.NativeMethodAccessorImpl.invoke(NativeMethodAccessorImpl.java:57)
	at sun.reflect.DelegatingMethodAccessorImpl.invoke(DelegatingMethodAccessorImpl.java:43)
	at java.lang.reflect.Method.invoke(Method.java:601)
	at org.apache.catalina.startup.Bootstrap.start(Bootstrap.java:289)
	at org.apache.catalina.startup.Bootstrap.main(Bootstrap.java:414)

Feb 14, 2012 7:29:17 PM org.apache.catalina.core.StandardContext start
SEVERE: Error in resourceStart()
Feb 14, 2012 7:29:17 PM org.apache.catalina.core.StandardContext start
SEVERE: Error getConfigured
Feb 14, 2012 7:29:17 PM org.apache.catalina.core.StandardContext start
SEVERE: Context [] startup failed due to previous errors
Feb 14, 2012 7:29:17 PM org.apache.catalina.core.StandardContext stop
INFO: Container org.apache.catalina.core.ContainerBase.[Catalina].[localhost].[/] has not been started
Feb 14, 2012 7:29:17 PM org.apache.catalina.startup.HostConfig deployDescriptor
INFO: Deploying configuration descriptor host-manager.xml
Feb 14, 2012 7:29:17 PM org.apache.catalina.startup.HostConfig deployDirectory
INFO: Deploying web application directory examples
Feb 14, 2012 7:29:17 PM org.apache.catalina.startup.HostConfig deployDirectory
INFO: Deploying web application directory docs
Feb 14, 2012 7:29:18 PM org.apache.coyote.http11.Http11Protocol start
INFO: Starting Coyote HTTP/1.1 on http-8080
Feb 14, 2012 7:29:18 PM org.apache.jk.common.ChannelSocket init
INFO: JK: ajp13 listening on /0.0.0.0:8009
Feb 14, 2012 7:29:18 PM org.apache.jk.server.JkMain start
INFO: Jk running ID=0 time=0/135  config=null
Feb 14, 2012 7:29:18 PM org.apache.catalina.startup.Catalina start
INFO: Server startup in 2173 ms
Feb 14, 2012 7:29:21 PM org.apache.catalina.core.StandardContext stop
INFO: Container org.apache.catalina.core.ContainerBase.[Catalina].[localhost].[/] has not been started
Feb 14, 2012 7:29:21 PM org.apache.catalina.core.StandardContext resourcesStart
SEVERE: Error starting static Resources
java.lang.IllegalArgumentException: Document base /home/vignesh/Dropbox/YAID/apache-tomcat-6.0.35/webapps/ROOT does not exist or is not a readable directory
	at org.apache.naming.resources.FileDirContext.setDocBase(FileDirContext.java:142)
	at org.apache.catalina.core.StandardContext.resourcesStart(StandardContext.java:4320)
	at org.apache.catalina.core.StandardContext.start(StandardContext.java:4489)
	at org.apache.catalina.manager.ManagerServlet.start(ManagerServlet.java:1276)
	at org.apache.catalina.manager.ManagerServlet.doGet(ManagerServlet.java:378)
	at javax.servlet.http.HttpServlet.service(HttpServlet.java:617)
	at javax.servlet.http.HttpServlet.service(HttpServlet.java:717)
	at org.apache.catalina.core.ApplicationFilterChain.internalDoFilter(ApplicationFilterChain.java:290)
	at org.apache.catalina.core.ApplicationFilterChain.doFilter(ApplicationFilterChain.java:206)
	at org.apache.catalina.core.StandardWrapperValve.invoke(StandardWrapperValve.java:233)
	at org.apache.catalina.core.StandardContextValve.invoke(StandardContextValve.java:191)
	at org.apache.catalina.authenticator.AuthenticatorBase.invoke(AuthenticatorBase.java:563)
	at org.apache.catalina.core.StandardHostValve.invoke(StandardHostValve.java:127)
	at org.apache.catalina.valves.ErrorReportValve.invoke(ErrorReportValve.java:102)
	at org.apache.catalina.core.StandardEngineValve.invoke(StandardEngineValve.java:109)
	at org.apache.catalina.connector.CoyoteAdapter.service(CoyoteAdapter.java:293)
	at org.apache.coyote.http11.Http11Processor.process(Http11Processor.java:859)
	at org.apache.coyote.http11.Http11Protocol$Http11ConnectionHandler.process(Http11Protocol.java:602)
	at org.apache.tomcat.util.net.JIoEndpoint$Worker.run(JIoEndpoint.java:489)
	at java.lang.Thread.run(Thread.java:722)

Feb 14, 2012 7:29:21 PM org.apache.catalina.core.StandardContext start
SEVERE: Error in resourceStart()
Feb 14, 2012 7:29:21 PM org.apache.catalina.core.StandardContext start
SEVERE: Error getConfigured
Feb 14, 2012 7:29:21 PM org.apache.catalina.core.StandardContext start
SEVERE: Context [] startup failed due to previous errors
Feb 14, 2012 7:29:21 PM org.apache.catalina.core.StandardContext stop
INFO: Container org.apache.catalina.core.ContainerBase.[Catalina].[localhost].[/] has not been started
Feb 14, 2012 7:29:43 PM org.apache.catalina.core.StandardContext stop
INFO: Container org.apache.catalina.core.ContainerBase.[Catalina].[localhost].[/] has not been started
Feb 14, 2012 7:29:44 PM org.apache.catalina.startup.HostConfig checkResources
INFO: Undeploying context []
Feb 14, 2012 7:30:12 PM org.apache.catalina.startup.HostConfig deployDescriptor
INFO: Deploying configuration descriptor ROOT.xml
Feb 14, 2012 7:30:12 PM org.apache.catalina.core.StandardContext start
INFO: Container org.apache.catalina.core.ContainerBase.[Catalina].[localhost].[/] has already been started
Feb 14, 2012 7:39:11 PM org.apache.catalina.core.StandardContext reload
INFO: Reloading Context with name [] has started
Feb 14, 2012 7:47:45 PM org.apache.coyote.http11.Http11Protocol pause
INFO: Pausing Coyote HTTP/1.1 on http-8080
Feb 14, 2012 7:47:46 PM org.apache.catalina.core.StandardService stop
INFO: Stopping service Catalina
Feb 14, 2012 7:47:47 PM org.apache.coyote.http11.Http11Protocol destroy
INFO: Stopping Coyote HTTP/1.1 on http-8080
14 Feb, 2012 11:52:00 PM org.apache.catalina.core.AprLifecycleListener init
INFO: The APR based Apache Tomcat Native library which allows optimal performance in production environments was not found on the java.library.path: D:\Java\jdk1.6.0_26\bin;C:\Windows\Sun\Java\bin;C:\Windows\system32;C:\Windows;C:\Program Files\Common Files\Microsoft Shared\Windows Live;C:\Windows\system32;C:\Windows;C:\Windows\System32\Wbem;C:\Windows\System32\WindowsPowerShell\v1.0\;C:\Program Files\Broadcom\Broadcom 802.11 Network Adapter\Driver;C:\Program Files (x86)\Toshiba\Bluetooth Toshiba Stack\sys\;C:\Program Files (x86)\Toshiba\Bluetooth Toshiba Stack\sys\x64\;D:\Heroku;C:\Program Files (x86)\git\bin;C:\Program Files (x86)\git\cmd;D:\Java\jdk1.6.0_26\bin;D:\Mercurial;.
14 Feb, 2012 11:52:01 PM org.apache.coyote.http11.Http11Protocol init
INFO: Initializing Coyote HTTP/1.1 on http-8080
14 Feb, 2012 11:52:01 PM org.apache.catalina.startup.Catalina load
INFO: Initialization processed in 3041 ms
14 Feb, 2012 11:52:02 PM org.apache.catalina.core.StandardService start
INFO: Starting service Catalina
14 Feb, 2012 11:52:02 PM org.apache.catalina.core.StandardEngine start
INFO: Starting Servlet Engine: Apache Tomcat/6.0.35
14 Feb, 2012 11:52:02 PM org.apache.catalina.startup.HostConfig deployDescriptor
INFO: Deploying configuration descriptor host-manager.xml
14 Feb, 2012 11:52:03 PM org.apache.catalina.startup.HostConfig deployDescriptor
INFO: Deploying configuration descriptor manager.xml
14 Feb, 2012 11:52:03 PM org.apache.catalina.startup.HostConfig deployDescriptor
INFO: Deploying configuration descriptor ROOT.xml
14 Feb, 2012 11:52:04 PM org.apache.catalina.startup.HostConfig deployDirectory
INFO: Deploying web application directory docs
14 Feb, 2012 11:52:04 PM org.apache.catalina.startup.HostConfig deployDirectory
INFO: Deploying web application directory examples
14 Feb, 2012 11:52:05 PM org.apache.coyote.http11.Http11Protocol start
INFO: Starting Coyote HTTP/1.1 on http-8080
14 Feb, 2012 11:52:06 PM org.apache.jk.common.ChannelSocket init
INFO: JK: ajp13 listening on /0.0.0.0:8009
14 Feb, 2012 11:52:06 PM org.apache.jk.server.JkMain start
INFO: Jk running ID=0 time=0/143  config=null
14 Feb, 2012 11:52:06 PM org.apache.catalina.startup.Catalina start
INFO: Server startup in 4513 ms
14 Feb, 2012 11:52:07 PM org.apache.catalina.startup.HostConfig checkResources
INFO: Undeploying context []
14 Feb, 2012 11:52:07 PM org.apache.catalina.startup.HostConfig deployDescriptor
INFO: Deploying configuration descriptor ROOT.xml
14 Feb, 2012 11:52:08 PM org.apache.catalina.core.StandardContext start
INFO: Container org.apache.catalina.core.ContainerBase.[Catalina].[localhost].[/] has already been started
14 Feb, 2012 11:53:45 PM org.apache.catalina.startup.HostConfig checkResources
INFO: Undeploying context []
14 Feb, 2012 11:53:45 PM org.apache.catalina.startup.HostConfig deployDescriptor
INFO: Deploying configuration descriptor ROOT.xml
14 Feb, 2012 11:53:45 PM org.apache.catalina.core.StandardContext start
INFO: Container org.apache.catalina.core.ContainerBase.[Catalina].[localhost].[/] has already been started
14 Feb, 2012 11:55:56 PM org.apache.catalina.startup.HostConfig checkResources
INFO: Reloading context []
14 Feb, 2012 11:56:05 PM org.apache.catalina.startup.HostConfig checkResources
INFO: Undeploying context []
14 Feb, 2012 11:56:05 PM org.apache.catalina.startup.HostConfig deployDescriptor
INFO: Deploying configuration descriptor ROOT.xml
14 Feb, 2012 11:56:05 PM org.apache.catalina.core.StandardContext start
INFO: Container org.apache.catalina.core.ContainerBase.[Catalina].[localhost].[/] has already been started
