17 Feb, 2012 7:49:42 AM org.apache.catalina.core.AprLifecycleListener init
INFO: The APR based Apache Tomcat Native library which allows optimal performance in production environments was not found on the java.library.path: D:\Java\jdk1.6.0_26\bin;C:\Windows\Sun\Java\bin;C:\Windows\system32;C:\Windows;C:\Program Files\Common Files\Microsoft Shared\Windows Live;C:\Windows\system32;C:\Windows;C:\Windows\System32\Wbem;C:\Windows\System32\WindowsPowerShell\v1.0\;C:\Program Files\Broadcom\Broadcom 802.11 Network Adapter\Driver;C:\Program Files (x86)\Toshiba\Bluetooth Toshiba Stack\sys\;C:\Program Files (x86)\Toshiba\Bluetooth Toshiba Stack\sys\x64\;D:\Heroku;C:\Program Files (x86)\git\bin;C:\Program Files (x86)\git\cmd;D:\Java\jdk1.6.0_26\bin;D:\Mercurial;.
17 Feb, 2012 7:49:43 AM org.apache.coyote.http11.Http11Protocol init
INFO: Initializing Coyote HTTP/1.1 on http-8080
17 Feb, 2012 7:49:43 AM org.apache.catalina.startup.Catalina load
INFO: Initialization processed in 1484 ms
17 Feb, 2012 7:49:43 AM org.apache.catalina.core.StandardService start
INFO: Starting service Catalina
17 Feb, 2012 7:49:43 AM org.apache.catalina.core.StandardEngine start
INFO: Starting Servlet Engine: Apache Tomcat/6.0.35
17 Feb, 2012 7:49:43 AM org.apache.catalina.startup.HostConfig deployDescriptor
INFO: Deploying configuration descriptor fileupload.xml
17 Feb, 2012 7:49:43 AM org.apache.catalina.core.StandardContext resourcesStart
SEVERE: Error starting static Resources
java.lang.IllegalArgumentException: Document base D:\Dropbox\201103-file-upload-jquery\build\web does not exist or is not a readable directory
	at org.apache.naming.resources.FileDirContext.setDocBase(FileDirContext.java:142)
	at org.apache.catalina.core.StandardContext.resourcesStart(StandardContext.java:4320)
	at org.apache.catalina.core.StandardContext.start(StandardContext.java:4489)
	at org.apache.catalina.core.ContainerBase.addChildInternal(ContainerBase.java:799)
	at org.apache.catalina.core.ContainerBase.addChild(ContainerBase.java:779)
	at org.apache.catalina.core.StandardHost.addChild(StandardHost.java:601)
	at org.apache.catalina.startup.HostConfig.deployDescriptor(HostConfig.java:675)
	at org.apache.catalina.startup.HostConfig.deployDescriptors(HostConfig.java:601)
	at org.apache.catalina.startup.HostConfig.deployApps(HostConfig.java:502)
	at org.apache.catalina.startup.HostConfig.start(HostConfig.java:1317)
	at org.apache.catalina.startup.HostConfig.lifecycleEvent(HostConfig.java:324)
	at org.apache.catalina.util.LifecycleSupport.fireLifecycleEvent(LifecycleSupport.java:142)
	at org.apache.catalina.core.ContainerBase.start(ContainerBase.java:1065)
	at org.apache.catalina.core.StandardHost.start(StandardHost.java:840)
	at org.apache.catalina.core.ContainerBase.start(ContainerBase.java:1057)
	at org.apache.catalina.core.StandardEngine.start(StandardEngine.java:463)
	at org.apache.catalina.core.StandardService.start(StandardService.java:525)
	at org.apache.catalina.core.StandardServer.start(StandardServer.java:754)
	at org.apache.catalina.startup.Catalina.start(Catalina.java:595)
	at sun.reflect.NativeMethodAccessorImpl.invoke0(Native Method)
	at sun.reflect.NativeMethodAccessorImpl.invoke(NativeMethodAccessorImpl.java:39)
	at sun.reflect.DelegatingMethodAccessorImpl.invoke(DelegatingMethodAccessorImpl.java:25)
	at java.lang.reflect.Method.invoke(Method.java:597)
	at org.apache.catalina.startup.Bootstrap.start(Bootstrap.java:289)
	at org.apache.catalina.startup.Bootstrap.main(Bootstrap.java:414)
17 Feb, 2012 7:49:43 AM org.apache.catalina.core.StandardContext start
SEVERE: Error in resourceStart()
17 Feb, 2012 7:49:43 AM org.apache.catalina.core.StandardContext start
SEVERE: Error getConfigured
17 Feb, 2012 7:49:43 AM org.apache.catalina.core.StandardContext start
SEVERE: Context [/fileupload] startup failed due to previous errors
17 Feb, 2012 7:49:43 AM org.apache.catalina.core.StandardContext stop
INFO: Container org.apache.catalina.core.ContainerBase.[Catalina].[localhost].[/fileupload] has not been started
17 Feb, 2012 7:49:43 AM org.apache.catalina.startup.HostConfig deployDescriptor
INFO: Deploying configuration descriptor host-manager.xml
17 Feb, 2012 7:49:43 AM org.apache.catalina.startup.HostConfig deployDescriptor
INFO: Deploying configuration descriptor manager.xml
17 Feb, 2012 7:49:43 AM org.apache.catalina.startup.HostConfig deployDescriptor
INFO: Deploying configuration descriptor ROOT.xml
17 Feb, 2012 7:49:43 AM org.apache.catalina.startup.HostConfig deployDescriptor
WARNING: A docBase E:\Dropbox\YAID\apache-tomcat-6.0.35\webapps\home\vignesh\Dropbox\dev\project\jQuery-File-Upload-Java-nb\jQuery-File-Upload-Java\build\web inside the host appBase has been specified, and will be ignored
17 Feb, 2012 7:49:43 AM org.apache.catalina.core.StandardContext resourcesStart
SEVERE: Error starting static Resources
java.lang.IllegalArgumentException: Document base E:\Dropbox\YAID\apache-tomcat-6.0.35\webapps\ROOT does not exist or is not a readable directory
	at org.apache.naming.resources.FileDirContext.setDocBase(FileDirContext.java:142)
	at org.apache.catalina.core.StandardContext.resourcesStart(StandardContext.java:4320)
	at org.apache.catalina.core.StandardContext.start(StandardContext.java:4489)
	at org.apache.catalina.core.ContainerBase.addChildInternal(ContainerBase.java:799)
	at org.apache.catalina.core.ContainerBase.addChild(ContainerBase.java:779)
	at org.apache.catalina.core.StandardHost.addChild(StandardHost.java:601)
	at org.apache.catalina.startup.HostConfig.deployDescriptor(HostConfig.java:675)
	at org.apache.catalina.startup.HostConfig.deployDescriptors(HostConfig.java:601)
	at org.apache.catalina.startup.HostConfig.deployApps(HostConfig.java:502)
	at org.apache.catalina.startup.HostConfig.start(HostConfig.java:1317)
	at org.apache.catalina.startup.HostConfig.lifecycleEvent(HostConfig.java:324)
	at org.apache.catalina.util.LifecycleSupport.fireLifecycleEvent(LifecycleSupport.java:142)
	at org.apache.catalina.core.ContainerBase.start(ContainerBase.java:1065)
	at org.apache.catalina.core.StandardHost.start(StandardHost.java:840)
	at org.apache.catalina.core.ContainerBase.start(ContainerBase.java:1057)
	at org.apache.catalina.core.StandardEngine.start(StandardEngine.java:463)
	at org.apache.catalina.core.StandardService.start(StandardService.java:525)
	at org.apache.catalina.core.StandardServer.start(StandardServer.java:754)
	at org.apache.catalina.startup.Catalina.start(Catalina.java:595)
	at sun.reflect.NativeMethodAccessorImpl.invoke0(Native Method)
	at sun.reflect.NativeMethodAccessorImpl.invoke(NativeMethodAccessorImpl.java:39)
	at sun.reflect.DelegatingMethodAccessorImpl.invoke(DelegatingMethodAccessorImpl.java:25)
	at java.lang.reflect.Method.invoke(Method.java:597)
	at org.apache.catalina.startup.Bootstrap.start(Bootstrap.java:289)
	at org.apache.catalina.startup.Bootstrap.main(Bootstrap.java:414)
17 Feb, 2012 7:49:43 AM org.apache.catalina.core.StandardContext start
SEVERE: Error in resourceStart()
17 Feb, 2012 7:49:43 AM org.apache.catalina.core.StandardContext start
SEVERE: Error getConfigured
17 Feb, 2012 7:49:43 AM org.apache.catalina.core.StandardContext start
SEVERE: Context [] startup failed due to previous errors
17 Feb, 2012 7:49:43 AM org.apache.catalina.core.StandardContext stop
INFO: Container org.apache.catalina.core.ContainerBase.[Catalina].[localhost].[/] has not been started
17 Feb, 2012 7:49:43 AM org.apache.catalina.startup.HostConfig deployDirectory
INFO: Deploying web application directory docs
17 Feb, 2012 7:49:44 AM org.apache.catalina.startup.HostConfig deployDirectory
INFO: Deploying web application directory examples
17 Feb, 2012 7:49:44 AM org.apache.coyote.http11.Http11Protocol start
INFO: Starting Coyote HTTP/1.1 on http-8080
17 Feb, 2012 7:49:44 AM org.apache.jk.common.ChannelSocket init
INFO: JK: ajp13 listening on /0.0.0.0:8009
17 Feb, 2012 7:49:44 AM org.apache.jk.server.JkMain start
INFO: Jk running ID=0 time=0/29  config=null
17 Feb, 2012 7:49:44 AM org.apache.catalina.startup.Catalina start
INFO: Server startup in 1219 ms
17 Feb, 2012 7:49:44 AM org.apache.catalina.core.StandardContext stop
INFO: Container org.apache.catalina.core.ContainerBase.[Catalina].[localhost].[/] has not been started
17 Feb, 2012 7:49:45 AM org.apache.catalina.startup.HostConfig checkResources
INFO: Undeploying context []
17 Feb, 2012 7:49:45 AM org.apache.catalina.startup.HostConfig deployDescriptor
INFO: Deploying configuration descriptor ROOT.xml
17 Feb, 2012 7:49:45 AM org.apache.catalina.core.StandardContext start
INFO: Container org.apache.catalina.core.ContainerBase.[Catalina].[localhost].[/] has already been started
17 Feb, 2012 7:54:04 AM org.apache.catalina.startup.HostConfig checkResources
INFO: Undeploying context []
17 Feb, 2012 7:54:04 AM org.apache.catalina.startup.HostConfig deployDescriptor
INFO: Deploying configuration descriptor ROOT.xml
17 Feb, 2012 7:54:04 AM org.apache.catalina.core.StandardContext start
INFO: Container org.apache.catalina.core.ContainerBase.[Catalina].[localhost].[/] has already been started
17 Feb, 2012 8:01:18 AM org.apache.coyote.http11.Http11Protocol pause
INFO: Pausing Coyote HTTP/1.1 on http-8080
17 Feb, 2012 8:01:19 AM org.apache.catalina.core.StandardService stop
INFO: Stopping service Catalina
17 Feb, 2012 8:01:19 AM org.apache.catalina.loader.WebappClassLoader clearReferencesJdbc
SEVERE: The web application [] registered the JDBC driver [com.mysql.jdbc.Driver] but failed to unregister it when the web application was stopped. To prevent a memory leak, the JDBC Driver has been forcibly unregistered.
17 Feb, 2012 8:01:19 AM org.apache.coyote.http11.Http11Protocol destroy
INFO: Stopping Coyote HTTP/1.1 on http-8080
Feb 17, 2012 9:08:50 PM org.apache.catalina.core.AprLifecycleListener init
INFO: The APR based Apache Tomcat Native library which allows optimal performance in production environments was not found on the java.library.path: /usr/java/packages/lib/i386:/usr/lib/i386-linux-gnu/jni:/lib/i386-linux-gnu:/usr/lib/i386-linux-gnu:/usr/lib/jni:/lib:/usr/lib
Feb 17, 2012 9:08:52 PM org.apache.coyote.http11.Http11Protocol init
INFO: Initializing Coyote HTTP/1.1 on http-8080
Feb 17, 2012 9:08:52 PM org.apache.catalina.startup.Catalina load
INFO: Initialization processed in 3203 ms
Feb 17, 2012 9:08:52 PM org.apache.catalina.core.StandardService start
INFO: Starting service Catalina
Feb 17, 2012 9:08:52 PM org.apache.catalina.core.StandardEngine start
INFO: Starting Servlet Engine: Apache Tomcat/6.0.35
Feb 17, 2012 9:08:52 PM org.apache.catalina.startup.HostConfig deployDescriptor
INFO: Deploying configuration descriptor manager.xml
Feb 17, 2012 9:08:53 PM org.apache.catalina.startup.HostConfig deployDescriptor
INFO: Deploying configuration descriptor fileupload.xml
Feb 17, 2012 9:08:53 PM org.apache.catalina.startup.HostConfig deployDescriptor
WARNING: A docBase /home/vignesh/Dropbox/YAID/apache-tomcat-6.0.35/webapps/D:\Dropbox\201103-file-upload-jquery\build\web inside the host appBase has been specified, and will be ignored
Feb 17, 2012 9:08:53 PM org.apache.catalina.core.StandardContext resourcesStart
SEVERE: Error starting static Resources
java.lang.IllegalArgumentException: Document base /home/vignesh/Dropbox/YAID/apache-tomcat-6.0.35/webapps/fileupload does not exist or is not a readable directory
	at org.apache.naming.resources.FileDirContext.setDocBase(FileDirContext.java:142)
	at org.apache.catalina.core.StandardContext.resourcesStart(StandardContext.java:4320)
	at org.apache.catalina.core.StandardContext.start(StandardContext.java:4489)
	at org.apache.catalina.core.ContainerBase.addChildInternal(ContainerBase.java:799)
	at org.apache.catalina.core.ContainerBase.addChild(ContainerBase.java:779)
	at org.apache.catalina.core.StandardHost.addChild(StandardHost.java:601)
	at org.apache.catalina.startup.HostConfig.deployDescriptor(HostConfig.java:675)
	at org.apache.catalina.startup.HostConfig.deployDescriptors(HostConfig.java:601)
	at org.apache.catalina.startup.HostConfig.deployApps(HostConfig.java:502)
	at org.apache.catalina.startup.HostConfig.start(HostConfig.java:1317)
	at org.apache.catalina.startup.HostConfig.lifecycleEvent(HostConfig.java:324)
	at org.apache.catalina.util.LifecycleSupport.fireLifecycleEvent(LifecycleSupport.java:142)
	at org.apache.catalina.core.ContainerBase.start(ContainerBase.java:1065)
	at org.apache.catalina.core.StandardHost.start(StandardHost.java:840)
	at org.apache.catalina.core.ContainerBase.start(ContainerBase.java:1057)
	at org.apache.catalina.core.StandardEngine.start(StandardEngine.java:463)
	at org.apache.catalina.core.StandardService.start(StandardService.java:525)
	at org.apache.catalina.core.StandardServer.start(StandardServer.java:754)
	at org.apache.catalina.startup.Catalina.start(Catalina.java:595)
	at sun.reflect.NativeMethodAccessorImpl.invoke0(Native Method)
	at sun.reflect.NativeMethodAccessorImpl.invoke(NativeMethodAccessorImpl.java:57)
	at sun.reflect.DelegatingMethodAccessorImpl.invoke(DelegatingMethodAccessorImpl.java:43)
	at java.lang.reflect.Method.invoke(Method.java:601)
	at org.apache.catalina.startup.Bootstrap.start(Bootstrap.java:289)
	at org.apache.catalina.startup.Bootstrap.main(Bootstrap.java:414)

Feb 17, 2012 9:08:53 PM org.apache.catalina.core.StandardContext start
SEVERE: Error in resourceStart()
Feb 17, 2012 9:08:53 PM org.apache.catalina.core.StandardContext start
SEVERE: Error getConfigured
Feb 17, 2012 9:08:53 PM org.apache.catalina.core.StandardContext start
SEVERE: Context [/fileupload] startup failed due to previous errors
Feb 17, 2012 9:08:53 PM org.apache.catalina.core.StandardContext stop
INFO: Container org.apache.catalina.core.ContainerBase.[Catalina].[localhost].[/fileupload] has not been started
Feb 17, 2012 9:08:53 PM org.apache.catalina.startup.HostConfig deployDescriptor
INFO: Deploying configuration descriptor ROOT.xml
Feb 17, 2012 9:08:54 PM org.apache.catalina.startup.HostConfig deployDescriptor
WARNING: A docBase /home/vignesh/Dropbox/YAID/apache-tomcat-6.0.35/webapps/E:\Dropbox\YAID\build\web inside the host appBase has been specified, and will be ignored
Feb 17, 2012 9:08:54 PM org.apache.catalina.core.StandardContext resourcesStart
SEVERE: Error starting static Resources
java.lang.IllegalArgumentException: Document base /home/vignesh/Dropbox/YAID/apache-tomcat-6.0.35/webapps/ROOT does not exist or is not a readable directory
	at org.apache.naming.resources.FileDirContext.setDocBase(FileDirContext.java:142)
	at org.apache.catalina.core.StandardContext.resourcesStart(StandardContext.java:4320)
	at org.apache.catalina.core.StandardContext.start(StandardContext.java:4489)
	at org.apache.catalina.core.ContainerBase.addChildInternal(ContainerBase.java:799)
	at org.apache.catalina.core.ContainerBase.addChild(ContainerBase.java:779)
	at org.apache.catalina.core.StandardHost.addChild(StandardHost.java:601)
	at org.apache.catalina.startup.HostConfig.deployDescriptor(HostConfig.java:675)
	at org.apache.catalina.startup.HostConfig.deployDescriptors(HostConfig.java:601)
	at org.apache.catalina.startup.HostConfig.deployApps(HostConfig.java:502)
	at org.apache.catalina.startup.HostConfig.start(HostConfig.java:1317)
	at org.apache.catalina.startup.HostConfig.lifecycleEvent(HostConfig.java:324)
	at org.apache.catalina.util.LifecycleSupport.fireLifecycleEvent(LifecycleSupport.java:142)
	at org.apache.catalina.core.ContainerBase.start(ContainerBase.java:1065)
	at org.apache.catalina.core.StandardHost.start(StandardHost.java:840)
	at org.apache.catalina.core.ContainerBase.start(ContainerBase.java:1057)
	at org.apache.catalina.core.StandardEngine.start(StandardEngine.java:463)
	at org.apache.catalina.core.StandardService.start(StandardService.java:525)
	at org.apache.catalina.core.StandardServer.start(StandardServer.java:754)
	at org.apache.catalina.startup.Catalina.start(Catalina.java:595)
	at sun.reflect.NativeMethodAccessorImpl.invoke0(Native Method)
	at sun.reflect.NativeMethodAccessorImpl.invoke(NativeMethodAccessorImpl.java:57)
	at sun.reflect.DelegatingMethodAccessorImpl.invoke(DelegatingMethodAccessorImpl.java:43)
	at java.lang.reflect.Method.invoke(Method.java:601)
	at org.apache.catalina.startup.Bootstrap.start(Bootstrap.java:289)
	at org.apache.catalina.startup.Bootstrap.main(Bootstrap.java:414)

Feb 17, 2012 9:08:54 PM org.apache.catalina.core.StandardContext start
SEVERE: Error in resourceStart()
Feb 17, 2012 9:08:54 PM org.apache.catalina.core.StandardContext start
SEVERE: Error getConfigured
Feb 17, 2012 9:08:54 PM org.apache.catalina.core.StandardContext start
SEVERE: Context [] startup failed due to previous errors
Feb 17, 2012 9:08:54 PM org.apache.catalina.core.StandardContext stop
INFO: Container org.apache.catalina.core.ContainerBase.[Catalina].[localhost].[/] has not been started
Feb 17, 2012 9:08:54 PM org.apache.catalina.startup.HostConfig deployDescriptor
INFO: Deploying configuration descriptor FileUP.xml
Feb 17, 2012 9:08:54 PM org.apache.catalina.startup.HostConfig deployDescriptor
WARNING: A docBase /home/vignesh/Dropbox/YAID/apache-tomcat-6.0.35/webapps/D:\Dropbox\project\jQuery-File-Upload-Java-nb\FileUP\build\web inside the host appBase has been specified, and will be ignored
Feb 17, 2012 9:08:54 PM org.apache.catalina.core.StandardContext resourcesStart
SEVERE: Error starting static Resources
java.lang.IllegalArgumentException: Document base /home/vignesh/Dropbox/YAID/apache-tomcat-6.0.35/webapps/FileUP does not exist or is not a readable directory
	at org.apache.naming.resources.FileDirContext.setDocBase(FileDirContext.java:142)
	at org.apache.catalina.core.StandardContext.resourcesStart(StandardContext.java:4320)
	at org.apache.catalina.core.StandardContext.start(StandardContext.java:4489)
	at org.apache.catalina.core.ContainerBase.addChildInternal(ContainerBase.java:799)
	at org.apache.catalina.core.ContainerBase.addChild(ContainerBase.java:779)
	at org.apache.catalina.core.StandardHost.addChild(StandardHost.java:601)
	at org.apache.catalina.startup.HostConfig.deployDescriptor(HostConfig.java:675)
	at org.apache.catalina.startup.HostConfig.deployDescriptors(HostConfig.java:601)
	at org.apache.catalina.startup.HostConfig.deployApps(HostConfig.java:502)
	at org.apache.catalina.startup.HostConfig.start(HostConfig.java:1317)
	at org.apache.catalina.startup.HostConfig.lifecycleEvent(HostConfig.java:324)
	at org.apache.catalina.util.LifecycleSupport.fireLifecycleEvent(LifecycleSupport.java:142)
	at org.apache.catalina.core.ContainerBase.start(ContainerBase.java:1065)
	at org.apache.catalina.core.StandardHost.start(StandardHost.java:840)
	at org.apache.catalina.core.ContainerBase.start(ContainerBase.java:1057)
	at org.apache.catalina.core.StandardEngine.start(StandardEngine.java:463)
	at org.apache.catalina.core.StandardService.start(StandardService.java:525)
	at org.apache.catalina.core.StandardServer.start(StandardServer.java:754)
	at org.apache.catalina.startup.Catalina.start(Catalina.java:595)
	at sun.reflect.NativeMethodAccessorImpl.invoke0(Native Method)
	at sun.reflect.NativeMethodAccessorImpl.invoke(NativeMethodAccessorImpl.java:57)
	at sun.reflect.DelegatingMethodAccessorImpl.invoke(DelegatingMethodAccessorImpl.java:43)
	at java.lang.reflect.Method.invoke(Method.java:601)
	at org.apache.catalina.startup.Bootstrap.start(Bootstrap.java:289)
	at org.apache.catalina.startup.Bootstrap.main(Bootstrap.java:414)

Feb 17, 2012 9:08:54 PM org.apache.catalina.core.StandardContext start
SEVERE: Error in resourceStart()
Feb 17, 2012 9:08:54 PM org.apache.catalina.core.StandardContext start
SEVERE: Error getConfigured
Feb 17, 2012 9:08:54 PM org.apache.catalina.core.StandardContext start
SEVERE: Context [/FileUP] startup failed due to previous errors
Feb 17, 2012 9:08:54 PM org.apache.catalina.core.StandardContext stop
INFO: Container org.apache.catalina.core.ContainerBase.[Catalina].[localhost].[/FileUP] has not been started
Feb 17, 2012 9:08:54 PM org.apache.catalina.startup.HostConfig deployDescriptor
INFO: Deploying configuration descriptor host-manager.xml
Feb 17, 2012 9:08:54 PM org.apache.catalina.startup.HostConfig deployDirectory
INFO: Deploying web application directory examples
Feb 17, 2012 9:08:55 PM org.apache.catalina.startup.HostConfig deployDirectory
INFO: Deploying web application directory docs
Feb 17, 2012 9:08:55 PM org.apache.coyote.http11.Http11Protocol start
INFO: Starting Coyote HTTP/1.1 on http-8080
Feb 17, 2012 9:08:55 PM org.apache.jk.common.ChannelSocket init
INFO: JK: ajp13 listening on /0.0.0.0:8009
Feb 17, 2012 9:08:56 PM org.apache.jk.server.JkMain start
INFO: Jk running ID=0 time=0/182  config=null
Feb 17, 2012 9:08:56 PM org.apache.catalina.startup.Catalina start
INFO: Server startup in 3844 ms
Feb 17, 2012 9:08:58 PM org.apache.catalina.core.StandardContext stop
INFO: Container org.apache.catalina.core.ContainerBase.[Catalina].[localhost].[/] has not been started
Feb 17, 2012 9:08:58 PM org.apache.catalina.startup.HostConfig checkResources
INFO: Undeploying context []
Feb 17, 2012 9:08:59 PM org.apache.catalina.startup.HostConfig deployDescriptor
INFO: Deploying configuration descriptor ROOT.xml
Feb 17, 2012 9:08:59 PM org.apache.catalina.core.StandardContext start
INFO: Container org.apache.catalina.core.ContainerBase.[Catalina].[localhost].[/] has already been started
Feb 17, 2012 9:28:11 PM org.apache.catalina.core.StandardContext reload
INFO: Reloading Context with name [] has started
Feb 17, 2012 9:34:57 PM org.apache.catalina.core.StandardContext reload
INFO: Reloading Context with name [] has started
Feb 17, 2012 9:41:40 PM org.apache.catalina.core.StandardContext reload
INFO: Reloading Context with name [] has started
Feb 17, 2012 9:45:21 PM org.apache.catalina.core.StandardContext reload
INFO: Reloading Context with name [] has started
Feb 17, 2012 9:46:57 PM org.apache.catalina.core.StandardContext reload
INFO: Reloading Context with name [] has started
Feb 17, 2012 9:49:13 PM org.apache.catalina.core.StandardContext reload
INFO: Reloading Context with name [] has started
Feb 17, 2012 10:10:29 PM org.apache.catalina.core.StandardContext reload
INFO: Reloading Context with name [] has started
Feb 17, 2012 10:10:52 PM org.apache.catalina.core.StandardContext reload
INFO: Reloading Context with name [] has started
Feb 17, 2012 10:11:28 PM org.apache.catalina.core.StandardContext reload
INFO: Reloading Context with name [] has started
Feb 17, 2012 10:12:37 PM org.apache.catalina.core.StandardContext reload
INFO: Reloading Context with name [] has started
Feb 17, 2012 10:25:36 PM org.apache.coyote.http11.Http11Protocol pause
INFO: Pausing Coyote HTTP/1.1 on http-8080
Feb 17, 2012 10:25:37 PM org.apache.catalina.core.StandardService stop
INFO: Stopping service Catalina
Feb 17, 2012 10:25:38 PM org.apache.coyote.http11.Http11Protocol destroy
INFO: Stopping Coyote HTTP/1.1 on http-8080
