4 Jan, 2012 7:44:35 PM org.apache.catalina.core.AprLifecycleListener init
INFO: Loaded APR based Apache Tomcat Native library 1.1.22.
4 Jan, 2012 7:44:35 PM org.apache.catalina.core.AprLifecycleListener init
INFO: APR capabilities: IPv6 [false], sendfile [true], accept filters [false], random [true].
4 Jan, 2012 7:44:37 PM org.apache.coyote.http11.Http11AprProtocol init
INFO: Initializing Coyote HTTP/1.1 on http-8080
4 Jan, 2012 7:44:37 PM org.apache.coyote.ajp.AjpAprProtocol init
INFO: Initializing Coyote AJP/1.3 on ajp-8009
4 Jan, 2012 7:44:37 PM org.apache.catalina.startup.Catalina load
INFO: Initialization processed in 2623 ms
4 Jan, 2012 7:44:37 PM org.apache.catalina.core.StandardService start
INFO: Starting service Catalina
4 Jan, 2012 7:44:37 PM org.apache.catalina.core.StandardEngine start
INFO: Starting Servlet Engine: Apache Tomcat/6.0.35
4 Jan, 2012 7:44:37 PM org.apache.catalina.startup.HostConfig deployDescriptor
INFO: Deploying configuration descriptor host-manager.xml
4 Jan, 2012 7:44:37 PM org.apache.catalina.startup.HostConfig deployDescriptor
INFO: Deploying configuration descriptor manager.xml
4 Jan, 2012 7:44:38 PM org.apache.catalina.startup.HostConfig deployDescriptor
INFO: Deploying configuration descriptor YAID.xml
4 Jan, 2012 7:44:38 PM org.apache.catalina.startup.HostConfig deployDirectory
INFO: Deploying web application directory docs
4 Jan, 2012 7:44:38 PM org.apache.catalina.startup.HostConfig deployDirectory
INFO: Deploying web application directory examples
4 Jan, 2012 7:44:39 PM org.apache.catalina.startup.HostConfig deployDirectory
INFO: Deploying web application directory ROOT
4 Jan, 2012 7:44:39 PM org.apache.coyote.http11.Http11AprProtocol start
INFO: Starting Coyote HTTP/1.1 on http-8080
4 Jan, 2012 7:44:39 PM org.apache.coyote.ajp.AjpAprProtocol start
INFO: Starting Coyote AJP/1.3 on ajp-8009
4 Jan, 2012 7:44:39 PM org.apache.catalina.startup.Catalina start
INFO: Server startup in 2093 ms
4 Jan, 2012 7:44:40 PM org.apache.catalina.startup.HostConfig checkResources
INFO: Undeploying context []
4 Jan, 2012 7:44:41 PM org.apache.catalina.startup.HostConfig checkResources
INFO: Undeploying context [/YAID]
4 Jan, 2012 7:44:41 PM org.apache.catalina.startup.HostConfig deployDescriptor
INFO: Deploying configuration descriptor ROOT.xml
4 Jan, 2012 7:44:41 PM org.apache.catalina.core.StandardContext start
INFO: Container org.apache.catalina.core.ContainerBase.[Catalina].[localhost].[/] has already been started
4 Jan, 2012 9:59:57 PM org.apache.catalina.startup.HostConfig checkResources
INFO: Undeploying context []
4 Jan, 2012 9:59:57 PM org.apache.catalina.startup.HostConfig deployDescriptor
INFO: Deploying configuration descriptor ROOT.xml
4 Jan, 2012 9:59:57 PM org.apache.catalina.core.StandardContext start
INFO: Container org.apache.catalina.core.ContainerBase.[Catalina].[localhost].[/] has already been started
