20 Jan, 2012 12:28:48 AM org.apache.coyote.http11.Http11Protocol pause
INFO: Pausing Coyote HTTP/1.1 on http-8080
20 Jan, 2012 12:28:49 AM org.apache.catalina.core.StandardService stop
INFO: Stopping service Catalina
20 Jan, 2012 12:28:49 AM org.apache.coyote.http11.Http11Protocol destroy
INFO: Stopping Coyote HTTP/1.1 on http-8080
20 Jan, 2012 9:47:45 AM org.apache.catalina.core.AprLifecycleListener init
INFO: The APR based Apache Tomcat Native library which allows optimal performance in production environments was not found on the java.library.path: D:\Java\jdk1.6.0_26\bin;C:\Windows\Sun\Java\bin;C:\Windows\system32;C:\Windows;C:\Program Files\Common Files\Microsoft Shared\Windows Live;C:\Windows\system32;C:\Windows;C:\Windows\System32\Wbem;C:\Windows\System32\WindowsPowerShell\v1.0\;C:\Program Files\Broadcom\Broadcom 802.11 Network Adapter\Driver;C:\Program Files (x86)\Toshiba\Bluetooth Toshiba Stack\sys\;C:\Program Files (x86)\Toshiba\Bluetooth Toshiba Stack\sys\x64\;D:\Heroku;C:\Program Files (x86)\git\bin;C:\Program Files (x86)\git\cmd;D:\Java\jdk1.6.0_26\bin;D:\Mercurial;.
20 Jan, 2012 9:47:46 AM org.apache.coyote.http11.Http11Protocol init
INFO: Initializing Coyote HTTP/1.1 on http-8080
20 Jan, 2012 9:47:46 AM org.apache.catalina.startup.Catalina load
INFO: Initialization processed in 3694 ms
20 Jan, 2012 9:47:47 AM org.apache.catalina.core.StandardService start
INFO: Starting service Catalina
20 Jan, 2012 9:47:47 AM org.apache.catalina.core.StandardEngine start
INFO: Starting Servlet Engine: Apache Tomcat/6.0.35
20 Jan, 2012 9:47:47 AM org.apache.catalina.startup.HostConfig deployDescriptor
INFO: Deploying configuration descriptor host-manager.xml
20 Jan, 2012 9:47:48 AM org.apache.catalina.startup.HostConfig deployDescriptor
INFO: Deploying configuration descriptor manager.xml
20 Jan, 2012 9:47:48 AM org.apache.catalina.startup.HostConfig deployDescriptor
INFO: Deploying configuration descriptor ROOT.xml
20 Jan, 2012 9:47:48 AM org.apache.catalina.startup.HostConfig deployDescriptor
WARNING: A docBase E:\Dropbox\YAID\apache-tomcat-6.0.35\webapps\home\vignesh\Dropbox\YAID\build\web inside the host appBase has been specified, and will be ignored
20 Jan, 2012 9:47:48 AM org.apache.catalina.core.StandardContext resourcesStart
SEVERE: Error starting static Resources
java.lang.IllegalArgumentException: Document base E:\Dropbox\YAID\apache-tomcat-6.0.35\webapps\ROOT does not exist or is not a readable directory
	at org.apache.naming.resources.FileDirContext.setDocBase(FileDirContext.java:142)
	at org.apache.catalina.core.StandardContext.resourcesStart(StandardContext.java:4320)
	at org.apache.catalina.core.StandardContext.start(StandardContext.java:4489)
	at org.apache.catalina.core.ContainerBase.addChildInternal(ContainerBase.java:799)
	at org.apache.catalina.core.ContainerBase.addChild(ContainerBase.java:779)
	at org.apache.catalina.core.StandardHost.addChild(StandardHost.java:601)
	at org.apache.catalina.startup.HostConfig.deployDescriptor(HostConfig.java:675)
	at org.apache.catalina.startup.HostConfig.deployDescriptors(HostConfig.java:601)
	at org.apache.catalina.startup.HostConfig.deployApps(HostConfig.java:502)
	at org.apache.catalina.startup.HostConfig.start(HostConfig.java:1317)
	at org.apache.catalina.startup.HostConfig.lifecycleEvent(HostConfig.java:324)
	at org.apache.catalina.util.LifecycleSupport.fireLifecycleEvent(LifecycleSupport.java:142)
	at org.apache.catalina.core.ContainerBase.start(ContainerBase.java:1065)
	at org.apache.catalina.core.StandardHost.start(StandardHost.java:840)
	at org.apache.catalina.core.ContainerBase.start(ContainerBase.java:1057)
	at org.apache.catalina.core.StandardEngine.start(StandardEngine.java:463)
	at org.apache.catalina.core.StandardService.start(StandardService.java:525)
	at org.apache.catalina.core.StandardServer.start(StandardServer.java:754)
	at org.apache.catalina.startup.Catalina.start(Catalina.java:595)
	at sun.reflect.NativeMethodAccessorImpl.invoke0(Native Method)
	at sun.reflect.NativeMethodAccessorImpl.invoke(NativeMethodAccessorImpl.java:39)
	at sun.reflect.DelegatingMethodAccessorImpl.invoke(DelegatingMethodAccessorImpl.java:25)
	at java.lang.reflect.Method.invoke(Method.java:597)
	at org.apache.catalina.startup.Bootstrap.start(Bootstrap.java:289)
	at org.apache.catalina.startup.Bootstrap.main(Bootstrap.java:414)
20 Jan, 2012 9:47:48 AM org.apache.catalina.core.StandardContext start
SEVERE: Error in resourceStart()
20 Jan, 2012 9:47:48 AM org.apache.catalina.core.StandardContext start
SEVERE: Error getConfigured
20 Jan, 2012 9:47:48 AM org.apache.catalina.core.StandardContext start
SEVERE: Context [] startup failed due to previous errors
20 Jan, 2012 9:47:48 AM org.apache.catalina.core.StandardContext stop
INFO: Container org.apache.catalina.core.ContainerBase.[Catalina].[localhost].[/] has not been started
20 Jan, 2012 9:47:48 AM org.apache.catalina.startup.HostConfig deployDirectory
INFO: Deploying web application directory docs
20 Jan, 2012 9:47:48 AM org.apache.catalina.startup.HostConfig deployDirectory
INFO: Deploying web application directory examples
20 Jan, 2012 9:47:50 AM org.apache.coyote.http11.Http11Protocol start
INFO: Starting Coyote HTTP/1.1 on http-8080
20 Jan, 2012 9:47:50 AM org.apache.jk.common.ChannelSocket init
INFO: JK: ajp13 listening on /0.0.0.0:8009
20 Jan, 2012 9:47:50 AM org.apache.jk.server.JkMain start
INFO: Jk running ID=0 time=0/156  config=null
20 Jan, 2012 9:47:50 AM org.apache.catalina.startup.Catalina start
INFO: Server startup in 3880 ms
20 Jan, 2012 9:47:51 AM org.apache.catalina.core.StandardContext stop
INFO: Container org.apache.catalina.core.ContainerBase.[Catalina].[localhost].[/] has not been started
20 Jan, 2012 9:47:52 AM org.apache.catalina.startup.HostConfig checkResources
INFO: Undeploying context []
20 Jan, 2012 9:47:52 AM org.apache.catalina.startup.HostConfig deployDescriptor
INFO: Deploying configuration descriptor ROOT.xml
20 Jan, 2012 9:47:52 AM org.apache.catalina.core.StandardContext start
INFO: Container org.apache.catalina.core.ContainerBase.[Catalina].[localhost].[/] has already been started
20 Jan, 2012 9:49:38 AM org.apache.catalina.startup.HostConfig checkResources
INFO: Undeploying context []
20 Jan, 2012 9:49:38 AM org.apache.catalina.startup.HostConfig deployDescriptor
INFO: Deploying configuration descriptor ROOT.xml
20 Jan, 2012 9:49:38 AM org.apache.catalina.core.StandardContext start
INFO: Container org.apache.catalina.core.ContainerBase.[Catalina].[localhost].[/] has already been started
20 Jan, 2012 10:23:20 AM org.apache.catalina.startup.HostConfig checkResources
INFO: Undeploying context []
20 Jan, 2012 10:23:20 AM org.apache.catalina.startup.HostConfig deployDescriptor
INFO: Deploying configuration descriptor ROOT.xml
20 Jan, 2012 10:23:20 AM org.apache.catalina.core.StandardContext start
INFO: Container org.apache.catalina.core.ContainerBase.[Catalina].[localhost].[/] has already been started
20 Jan, 2012 10:53:46 AM org.apache.catalina.core.StandardContext reload
INFO: Reloading Context with name [] has started
20 Jan, 2012 10:59:06 AM org.apache.catalina.core.StandardContext reload
INFO: Reloading Context with name [] has started
20 Jan, 2012 10:59:26 AM org.apache.catalina.core.StandardContext reload
INFO: Reloading Context with name [] has started
20 Jan, 2012 11:40:33 AM org.apache.catalina.startup.HostConfig checkResources
INFO: Undeploying context []
20 Jan, 2012 11:40:33 AM org.apache.catalina.startup.HostConfig deployDescriptor
INFO: Deploying configuration descriptor ROOT.xml
20 Jan, 2012 11:40:33 AM org.apache.catalina.core.StandardContext start
INFO: Container org.apache.catalina.core.ContainerBase.[Catalina].[localhost].[/] has already been started
20 Jan, 2012 12:04:22 PM org.apache.catalina.startup.HostConfig checkResources
INFO: Undeploying context []
20 Jan, 2012 12:04:22 PM org.apache.catalina.startup.HostConfig deployDescriptor
INFO: Deploying configuration descriptor ROOT.xml
20 Jan, 2012 12:04:22 PM org.apache.catalina.core.StandardContext start
INFO: Container org.apache.catalina.core.ContainerBase.[Catalina].[localhost].[/] has already been started
20 Jan, 2012 12:06:54 PM org.apache.catalina.startup.HostConfig checkResources
INFO: Undeploying context []
20 Jan, 2012 12:06:54 PM org.apache.catalina.startup.HostConfig deployDescriptor
INFO: Deploying configuration descriptor ROOT.xml
20 Jan, 2012 12:06:54 PM org.apache.catalina.core.StandardContext start
INFO: Container org.apache.catalina.core.ContainerBase.[Catalina].[localhost].[/] has already been started
20 Jan, 2012 12:30:09 PM org.apache.catalina.startup.HostConfig checkResources
INFO: Undeploying context []
20 Jan, 2012 12:30:09 PM org.apache.catalina.startup.HostConfig deployDescriptor
INFO: Deploying configuration descriptor ROOT.xml
20 Jan, 2012 12:30:09 PM org.apache.catalina.core.StandardContext start
INFO: Container org.apache.catalina.core.ContainerBase.[Catalina].[localhost].[/] has already been started
20 Jan, 2012 12:35:36 PM org.apache.catalina.startup.HostConfig checkResources
INFO: Undeploying context []
20 Jan, 2012 12:35:36 PM org.apache.catalina.startup.HostConfig deployDescriptor
INFO: Deploying configuration descriptor ROOT.xml
20 Jan, 2012 12:35:36 PM org.apache.catalina.core.StandardContext start
INFO: Container org.apache.catalina.core.ContainerBase.[Catalina].[localhost].[/] has already been started
20 Jan, 2012 12:46:02 PM org.apache.coyote.http11.Http11Protocol pause
INFO: Pausing Coyote HTTP/1.1 on http-8080
20 Jan, 2012 12:46:03 PM org.apache.catalina.core.StandardService stop
INFO: Stopping service Catalina
20 Jan, 2012 12:46:03 PM org.apache.coyote.http11.Http11Protocol destroy
INFO: Stopping Coyote HTTP/1.1 on http-8080
20 Jan, 2012 3:53:24 PM org.apache.catalina.core.AprLifecycleListener init
INFO: Loaded APR based Apache Tomcat Native library 1.1.22.
20 Jan, 2012 3:53:24 PM org.apache.catalina.core.AprLifecycleListener init
INFO: APR capabilities: IPv6 [false], sendfile [true], accept filters [false], random [true].
20 Jan, 2012 3:53:26 PM org.apache.coyote.http11.Http11AprProtocol init
INFO: Initializing Coyote HTTP/1.1 on http-8080
20 Jan, 2012 3:53:26 PM org.apache.coyote.ajp.AjpAprProtocol init
INFO: Initializing Coyote AJP/1.3 on ajp-8009
20 Jan, 2012 3:53:26 PM org.apache.catalina.startup.Catalina load
INFO: Initialization processed in 2425 ms
20 Jan, 2012 3:53:27 PM org.apache.catalina.core.StandardService start
INFO: Starting service Catalina
20 Jan, 2012 3:53:27 PM org.apache.catalina.core.StandardEngine start
INFO: Starting Servlet Engine: Apache Tomcat/6.0.35
20 Jan, 2012 3:53:27 PM org.apache.catalina.startup.HostConfig deployDescriptor
INFO: Deploying configuration descriptor host-manager.xml
20 Jan, 2012 3:53:27 PM org.apache.catalina.startup.HostConfig deployDescriptor
INFO: Deploying configuration descriptor manager.xml
20 Jan, 2012 3:53:27 PM org.apache.catalina.startup.HostConfig deployDescriptor
INFO: Deploying configuration descriptor ROOT.xml
20 Jan, 2012 3:53:27 PM org.apache.catalina.core.StandardContext resourcesStart
SEVERE: Error starting static Resources
java.lang.IllegalArgumentException: Document base E:\Dropbox\YAID\build\web does not exist or is not a readable directory
	at org.apache.naming.resources.FileDirContext.setDocBase(FileDirContext.java:142)
	at org.apache.catalina.core.StandardContext.resourcesStart(StandardContext.java:4320)
	at org.apache.catalina.core.StandardContext.start(StandardContext.java:4489)
	at org.apache.catalina.core.ContainerBase.addChildInternal(ContainerBase.java:799)
	at org.apache.catalina.core.ContainerBase.addChild(ContainerBase.java:779)
	at org.apache.catalina.core.StandardHost.addChild(StandardHost.java:601)
	at org.apache.catalina.startup.HostConfig.deployDescriptor(HostConfig.java:675)
	at org.apache.catalina.startup.HostConfig.deployDescriptors(HostConfig.java:601)
	at org.apache.catalina.startup.HostConfig.deployApps(HostConfig.java:502)
	at org.apache.catalina.startup.HostConfig.start(HostConfig.java:1317)
	at org.apache.catalina.startup.HostConfig.lifecycleEvent(HostConfig.java:324)
	at org.apache.catalina.util.LifecycleSupport.fireLifecycleEvent(LifecycleSupport.java:142)
	at org.apache.catalina.core.ContainerBase.start(ContainerBase.java:1065)
	at org.apache.catalina.core.StandardHost.start(StandardHost.java:840)
	at org.apache.catalina.core.ContainerBase.start(ContainerBase.java:1057)
	at org.apache.catalina.core.StandardEngine.start(StandardEngine.java:463)
	at org.apache.catalina.core.StandardService.start(StandardService.java:525)
	at org.apache.catalina.core.StandardServer.start(StandardServer.java:754)
	at org.apache.catalina.startup.Catalina.start(Catalina.java:595)
	at sun.reflect.NativeMethodAccessorImpl.invoke0(Native Method)
	at sun.reflect.NativeMethodAccessorImpl.invoke(NativeMethodAccessorImpl.java:39)
	at sun.reflect.DelegatingMethodAccessorImpl.invoke(DelegatingMethodAccessorImpl.java:25)
	at java.lang.reflect.Method.invoke(Method.java:597)
	at org.apache.catalina.startup.Bootstrap.start(Bootstrap.java:289)
	at org.apache.catalina.startup.Bootstrap.main(Bootstrap.java:414)
20 Jan, 2012 3:53:27 PM org.apache.catalina.core.StandardContext start
SEVERE: Error in resourceStart()
20 Jan, 2012 3:53:27 PM org.apache.catalina.core.StandardContext start
SEVERE: Error getConfigured
20 Jan, 2012 3:53:27 PM org.apache.catalina.core.StandardContext start
SEVERE: Context [] startup failed due to previous errors
20 Jan, 2012 3:53:27 PM org.apache.catalina.core.StandardContext stop
INFO: Container org.apache.catalina.core.ContainerBase.[Catalina].[localhost].[/] has not been started
20 Jan, 2012 3:53:27 PM org.apache.catalina.startup.HostConfig deployDirectory
INFO: Deploying web application directory docs
20 Jan, 2012 3:53:27 PM org.apache.catalina.startup.HostConfig deployDirectory
INFO: Deploying web application directory examples
20 Jan, 2012 3:53:28 PM org.apache.coyote.http11.Http11AprProtocol start
INFO: Starting Coyote HTTP/1.1 on http-8080
20 Jan, 2012 3:53:28 PM org.apache.coyote.ajp.AjpAprProtocol start
INFO: Starting Coyote AJP/1.3 on ajp-8009
20 Jan, 2012 3:53:28 PM org.apache.catalina.startup.Catalina start
INFO: Server startup in 1507 ms
20 Jan, 2012 3:53:30 PM org.apache.catalina.core.StandardContext stop
INFO: Container org.apache.catalina.core.ContainerBase.[Catalina].[localhost].[/] has not been started
20 Jan, 2012 3:53:30 PM org.apache.catalina.startup.HostConfig checkResources
INFO: Undeploying context []
20 Jan, 2012 3:53:30 PM org.apache.catalina.startup.HostConfig deployDescriptor
INFO: Deploying configuration descriptor ROOT.xml
20 Jan, 2012 3:53:31 PM org.apache.catalina.core.StandardContext start
INFO: Container org.apache.catalina.core.ContainerBase.[Catalina].[localhost].[/] has already been started
20 Jan, 2012 3:54:39 PM org.apache.catalina.startup.HostConfig checkResources
INFO: Undeploying context []
20 Jan, 2012 3:54:40 PM org.apache.catalina.startup.HostConfig deployDescriptor
INFO: Deploying configuration descriptor ROOT.xml
20 Jan, 2012 3:54:40 PM org.apache.catalina.core.StandardContext start
INFO: Container org.apache.catalina.core.ContainerBase.[Catalina].[localhost].[/] has already been started
20 Jan, 2012 3:55:09 PM org.apache.coyote.http11.Http11AprProtocol pause
INFO: Pausing Coyote HTTP/1.1 on http-8080
20 Jan, 2012 3:55:09 PM org.apache.coyote.ajp.AjpAprProtocol pause
INFO: Pausing Coyote AJP/1.3 on ajp-8009
20 Jan, 2012 3:55:10 PM org.apache.catalina.core.StandardService stop
INFO: Stopping service Catalina
20 Jan, 2012 3:55:10 PM org.apache.coyote.http11.Http11AprProtocol destroy
INFO: Stopping Coyote HTTP/1.1 on http-8080
20 Jan, 2012 3:55:10 PM org.apache.coyote.ajp.AjpAprProtocol destroy
INFO: Stopping Coyote AJP/1.3 on ajp-8009
