2 Feb, 2012 12:01:07 AM org.apache.coyote.http11.Http11Protocol pause
INFO: Pausing Coyote HTTP/1.1 on http-8080
2 Feb, 2012 12:01:08 AM org.apache.catalina.core.StandardService stop
INFO: Stopping service Catalina
2 Feb, 2012 12:01:08 AM org.apache.coyote.http11.Http11Protocol destroy
INFO: Stopping Coyote HTTP/1.1 on http-8080
2 Feb, 2012 12:03:52 AM org.apache.catalina.core.AprLifecycleListener init
INFO: The APR based Apache Tomcat Native library which allows optimal performance in production environments was not found on the java.library.path: D:\Java\jdk1.6.0_26\bin;C:\Windows\Sun\Java\bin;C:\Windows\system32;C:\Windows;C:\Program Files\Common Files\Microsoft Shared\Windows Live;C:\Windows\system32;C:\Windows;C:\Windows\System32\Wbem;C:\Windows\System32\WindowsPowerShell\v1.0\;C:\Program Files\Broadcom\Broadcom 802.11 Network Adapter\Driver;C:\Program Files (x86)\Toshiba\Bluetooth Toshiba Stack\sys\;C:\Program Files (x86)\Toshiba\Bluetooth Toshiba Stack\sys\x64\;D:\Heroku;C:\Program Files (x86)\git\bin;C:\Program Files (x86)\git\cmd;D:\Java\jdk1.6.0_26\bin;D:\Mercurial;.
2 Feb, 2012 12:03:52 AM org.apache.coyote.http11.Http11Protocol init
INFO: Initializing Coyote HTTP/1.1 on http-8080
2 Feb, 2012 12:03:52 AM org.apache.catalina.startup.Catalina load
INFO: Initialization processed in 1029 ms
2 Feb, 2012 12:03:52 AM org.apache.catalina.core.StandardService start
INFO: Starting service Catalina
2 Feb, 2012 12:03:52 AM org.apache.catalina.core.StandardEngine start
INFO: Starting Servlet Engine: Apache Tomcat/6.0.35
2 Feb, 2012 12:03:52 AM org.apache.catalina.startup.HostConfig deployDescriptor
INFO: Deploying configuration descriptor host-manager.xml
2 Feb, 2012 12:03:53 AM org.apache.catalina.startup.HostConfig deployDescriptor
INFO: Deploying configuration descriptor manager.xml
2 Feb, 2012 12:03:53 AM org.apache.catalina.startup.HostConfig deployDescriptor
INFO: Deploying configuration descriptor ROOT.xml
2 Feb, 2012 12:03:53 AM org.apache.catalina.startup.HostConfig deployDirectory
INFO: Deploying web application directory docs
2 Feb, 2012 12:03:53 AM org.apache.catalina.startup.HostConfig deployDirectory
INFO: Deploying web application directory examples
2 Feb, 2012 12:03:53 AM org.apache.coyote.http11.Http11Protocol start
INFO: Starting Coyote HTTP/1.1 on http-8080
2 Feb, 2012 12:03:53 AM org.apache.jk.common.ChannelSocket init
INFO: JK: ajp13 listening on /0.0.0.0:8009
2 Feb, 2012 12:03:53 AM org.apache.jk.server.JkMain start
INFO: Jk running ID=0 time=0/40  config=null
2 Feb, 2012 12:03:53 AM org.apache.catalina.startup.Catalina start
INFO: Server startup in 1221 ms
2 Feb, 2012 12:04:07 AM org.apache.catalina.startup.HostConfig checkResources
INFO: Undeploying context []
2 Feb, 2012 12:04:07 AM org.apache.catalina.startup.HostConfig deployDescriptor
INFO: Deploying configuration descriptor ROOT.xml
2 Feb, 2012 12:04:07 AM org.apache.catalina.core.StandardContext start
INFO: Container org.apache.catalina.core.ContainerBase.[Catalina].[localhost].[/] has already been started
2 Feb, 2012 12:07:43 AM org.apache.catalina.startup.HostConfig checkResources
INFO: Undeploying context []
2 Feb, 2012 12:07:43 AM org.apache.catalina.startup.HostConfig deployDescriptor
INFO: Deploying configuration descriptor ROOT.xml
2 Feb, 2012 12:07:43 AM org.apache.catalina.core.StandardContext start
INFO: Container org.apache.catalina.core.ContainerBase.[Catalina].[localhost].[/] has already been started
2 Feb, 2012 12:10:26 AM org.apache.catalina.startup.HostConfig checkResources
INFO: Undeploying context []
2 Feb, 2012 12:10:26 AM org.apache.catalina.startup.HostConfig deployDescriptor
INFO: Deploying configuration descriptor ROOT.xml
2 Feb, 2012 12:10:26 AM org.apache.catalina.core.StandardContext start
INFO: Container org.apache.catalina.core.ContainerBase.[Catalina].[localhost].[/] has already been started
2 Feb, 2012 12:21:06 AM org.apache.coyote.http11.Http11Protocol pause
INFO: Pausing Coyote HTTP/1.1 on http-8080
2 Feb, 2012 12:21:07 AM org.apache.catalina.core.StandardService stop
INFO: Stopping service Catalina
2 Feb, 2012 12:21:07 AM org.apache.coyote.http11.Http11Protocol destroy
INFO: Stopping Coyote HTTP/1.1 on http-8080
