8 Jan, 2012 7:57:11 PM org.apache.catalina.core.AprLifecycleListener init
INFO: Loaded APR based Apache Tomcat Native library 1.1.22.
8 Jan, 2012 7:57:11 PM org.apache.catalina.core.AprLifecycleListener init
INFO: APR capabilities: IPv6 [false], sendfile [true], accept filters [false], random [true].
8 Jan, 2012 7:57:12 PM org.apache.coyote.http11.Http11AprProtocol init
INFO: Initializing Coyote HTTP/1.1 on http-8080
8 Jan, 2012 7:57:12 PM org.apache.coyote.ajp.AjpAprProtocol init
INFO: Initializing Coyote AJP/1.3 on ajp-8009
8 Jan, 2012 7:57:12 PM org.apache.catalina.startup.Catalina load
INFO: Initialization processed in 924 ms
8 Jan, 2012 7:57:12 PM org.apache.catalina.core.StandardService start
INFO: Starting service Catalina
8 Jan, 2012 7:57:12 PM org.apache.catalina.core.StandardEngine start
INFO: Starting Servlet Engine: Apache Tomcat/6.0.35
8 Jan, 2012 7:57:12 PM org.apache.catalina.startup.HostConfig deployDescriptor
INFO: Deploying configuration descriptor host-manager.xml
8 Jan, 2012 7:57:12 PM org.apache.catalina.startup.HostConfig deployDescriptor
INFO: Deploying configuration descriptor manager.xml
8 Jan, 2012 7:57:12 PM org.apache.catalina.startup.HostConfig deployDescriptor
INFO: Deploying configuration descriptor ROOT.xml
8 Jan, 2012 7:57:12 PM org.apache.catalina.startup.HostConfig deployDirectory
INFO: Deploying web application directory docs
8 Jan, 2012 7:57:12 PM org.apache.catalina.startup.HostConfig deployDirectory
INFO: Deploying web application directory examples
8 Jan, 2012 7:57:13 PM org.apache.coyote.http11.Http11AprProtocol start
INFO: Starting Coyote HTTP/1.1 on http-8080
8 Jan, 2012 7:57:13 PM org.apache.coyote.ajp.AjpAprProtocol start
INFO: Starting Coyote AJP/1.3 on ajp-8009
8 Jan, 2012 7:57:13 PM org.apache.catalina.startup.Catalina start
INFO: Server startup in 1663 ms
8 Jan, 2012 7:57:15 PM org.apache.catalina.startup.HostConfig checkResources
INFO: Undeploying context []
8 Jan, 2012 7:57:15 PM org.apache.catalina.startup.HostConfig deployDescriptor
INFO: Deploying configuration descriptor ROOT.xml
8 Jan, 2012 7:57:15 PM org.apache.catalina.core.StandardContext start
INFO: Container org.apache.catalina.core.ContainerBase.[Catalina].[localhost].[/] has already been started
8 Jan, 2012 8:32:56 PM org.apache.catalina.startup.HostConfig checkResources
INFO: Undeploying context []
8 Jan, 2012 8:32:56 PM org.apache.catalina.startup.HostConfig deployDescriptor
INFO: Deploying configuration descriptor ROOT.xml
8 Jan, 2012 8:32:56 PM org.apache.catalina.core.StandardContext start
INFO: Container org.apache.catalina.core.ContainerBase.[Catalina].[localhost].[/] has already been started
