7 Jan, 2012 10:04:04 AM org.apache.catalina.core.AprLifecycleListener init
INFO: Loaded APR based Apache Tomcat Native library 1.1.22.
7 Jan, 2012 10:04:04 AM org.apache.catalina.core.AprLifecycleListener init
INFO: APR capabilities: IPv6 [false], sendfile [true], accept filters [false], random [true].
7 Jan, 2012 10:04:06 AM org.apache.coyote.http11.Http11AprProtocol init
INFO: Initializing Coyote HTTP/1.1 on http-8080
7 Jan, 2012 10:04:06 AM org.apache.coyote.ajp.AjpAprProtocol init
INFO: Initializing Coyote AJP/1.3 on ajp-8009
7 Jan, 2012 10:04:06 AM org.apache.catalina.startup.Catalina load
INFO: Initialization processed in 2572 ms
7 Jan, 2012 10:04:06 AM org.apache.catalina.core.StandardService start
INFO: Starting service Catalina
7 Jan, 2012 10:04:06 AM org.apache.catalina.core.StandardEngine start
INFO: Starting Servlet Engine: Apache Tomcat/6.0.35
7 Jan, 2012 10:04:06 AM org.apache.catalina.startup.HostConfig deployDescriptor
INFO: Deploying configuration descriptor host-manager.xml
7 Jan, 2012 10:04:07 AM org.apache.catalina.startup.HostConfig deployDescriptor
INFO: Deploying configuration descriptor manager.xml
7 Jan, 2012 10:04:07 AM org.apache.catalina.startup.HostConfig deployDescriptor
INFO: Deploying configuration descriptor ROOT.xml
7 Jan, 2012 10:04:07 AM org.apache.catalina.startup.HostConfig deployDirectory
INFO: Deploying web application directory docs
7 Jan, 2012 10:04:07 AM org.apache.catalina.startup.HostConfig deployDirectory
INFO: Deploying web application directory examples
7 Jan, 2012 10:04:08 AM org.apache.coyote.http11.Http11AprProtocol start
INFO: Starting Coyote HTTP/1.1 on http-8080
7 Jan, 2012 10:04:08 AM org.apache.coyote.ajp.AjpAprProtocol start
INFO: Starting Coyote AJP/1.3 on ajp-8009
7 Jan, 2012 10:04:08 AM org.apache.catalina.startup.Catalina start
INFO: Server startup in 2284 ms
7 Jan, 2012 10:04:10 AM org.apache.catalina.startup.HostConfig checkResources
INFO: Undeploying context []
7 Jan, 2012 10:04:10 AM org.apache.catalina.startup.HostConfig deployDescriptor
INFO: Deploying configuration descriptor ROOT.xml
7 Jan, 2012 10:04:10 AM org.apache.catalina.core.StandardContext start
INFO: Container org.apache.catalina.core.ContainerBase.[Catalina].[localhost].[/] has already been started
7 Jan, 2012 10:55:43 AM org.apache.coyote.http11.Http11AprProtocol pause
INFO: Pausing Coyote HTTP/1.1 on http-8080
7 Jan, 2012 10:55:43 AM org.apache.coyote.ajp.AjpAprProtocol pause
INFO: Pausing Coyote AJP/1.3 on ajp-8009
7 Jan, 2012 10:55:44 AM org.apache.catalina.core.StandardService stop
INFO: Stopping service Catalina
7 Jan, 2012 10:55:44 AM org.apache.coyote.http11.Http11AprProtocol destroy
INFO: Stopping Coyote HTTP/1.1 on http-8080
7 Jan, 2012 10:55:44 AM org.apache.coyote.ajp.AjpAprProtocol destroy
INFO: Stopping Coyote AJP/1.3 on ajp-8009
7 Jan, 2012 11:17:31 AM org.apache.catalina.core.AprLifecycleListener init
INFO: Loaded APR based Apache Tomcat Native library 1.1.22.
7 Jan, 2012 11:17:31 AM org.apache.catalina.core.AprLifecycleListener init
INFO: APR capabilities: IPv6 [false], sendfile [true], accept filters [false], random [true].
7 Jan, 2012 11:17:32 AM org.apache.coyote.http11.Http11AprProtocol init
INFO: Initializing Coyote HTTP/1.1 on http-8080
7 Jan, 2012 11:17:32 AM org.apache.coyote.ajp.AjpAprProtocol init
INFO: Initializing Coyote AJP/1.3 on ajp-8009
7 Jan, 2012 11:17:32 AM org.apache.catalina.startup.Catalina load
INFO: Initialization processed in 824 ms
7 Jan, 2012 11:17:32 AM org.apache.catalina.core.StandardService start
INFO: Starting service Catalina
7 Jan, 2012 11:17:32 AM org.apache.catalina.core.StandardEngine start
INFO: Starting Servlet Engine: Apache Tomcat/6.0.35
7 Jan, 2012 11:17:32 AM org.apache.catalina.startup.HostConfig deployDescriptor
INFO: Deploying configuration descriptor host-manager.xml
7 Jan, 2012 11:17:32 AM org.apache.catalina.startup.HostConfig deployDescriptor
INFO: Deploying configuration descriptor manager.xml
7 Jan, 2012 11:17:32 AM org.apache.catalina.startup.HostConfig deployDescriptor
INFO: Deploying configuration descriptor ROOT.xml
7 Jan, 2012 11:17:32 AM org.apache.catalina.startup.HostConfig deployDirectory
INFO: Deploying web application directory docs
7 Jan, 2012 11:17:32 AM org.apache.catalina.startup.HostConfig deployDirectory
INFO: Deploying web application directory examples
7 Jan, 2012 11:17:32 AM org.apache.coyote.http11.Http11AprProtocol start
INFO: Starting Coyote HTTP/1.1 on http-8080
7 Jan, 2012 11:17:32 AM org.apache.coyote.ajp.AjpAprProtocol start
INFO: Starting Coyote AJP/1.3 on ajp-8009
7 Jan, 2012 11:17:32 AM org.apache.catalina.startup.Catalina start
INFO: Server startup in 611 ms
7 Jan, 2012 11:17:34 AM org.apache.catalina.startup.HostConfig checkResources
INFO: Undeploying context []
7 Jan, 2012 11:17:34 AM org.apache.catalina.startup.HostConfig deployDescriptor
INFO: Deploying configuration descriptor ROOT.xml
7 Jan, 2012 11:17:34 AM org.apache.catalina.core.StandardContext start
INFO: Container org.apache.catalina.core.ContainerBase.[Catalina].[localhost].[/] has already been started
7 Jan, 2012 11:18:00 AM org.apache.catalina.startup.HostConfig checkResources
INFO: Undeploying context []
7 Jan, 2012 11:18:00 AM org.apache.catalina.startup.HostConfig deployDescriptor
INFO: Deploying configuration descriptor ROOT.xml
7 Jan, 2012 11:18:00 AM org.apache.catalina.core.StandardContext start
INFO: Container org.apache.catalina.core.ContainerBase.[Catalina].[localhost].[/] has already been started
7 Jan, 2012 11:18:58 AM org.apache.coyote.http11.Http11AprProtocol pause
INFO: Pausing Coyote HTTP/1.1 on http-8080
7 Jan, 2012 11:18:58 AM org.apache.coyote.ajp.AjpAprProtocol pause
INFO: Pausing Coyote AJP/1.3 on ajp-8009
7 Jan, 2012 11:18:59 AM org.apache.catalina.core.StandardService stop
INFO: Stopping service Catalina
7 Jan, 2012 11:18:59 AM org.apache.coyote.http11.Http11AprProtocol destroy
INFO: Stopping Coyote HTTP/1.1 on http-8080
7 Jan, 2012 11:18:59 AM org.apache.coyote.ajp.AjpAprProtocol destroy
INFO: Stopping Coyote AJP/1.3 on ajp-8009
