18 Feb, 2012 12:16:47 AM org.apache.catalina.core.AprLifecycleListener init
INFO: Loaded APR based Apache Tomcat Native library 1.1.22.
18 Feb, 2012 12:16:47 AM org.apache.catalina.core.AprLifecycleListener init
INFO: APR capabilities: IPv6 [false], sendfile [true], accept filters [false], random [true].
18 Feb, 2012 12:16:48 AM org.apache.coyote.http11.Http11AprProtocol init
INFO: Initializing Coyote HTTP/1.1 on http-8080
18 Feb, 2012 12:16:48 AM org.apache.coyote.ajp.AjpAprProtocol init
INFO: Initializing Coyote AJP/1.3 on ajp-8009
18 Feb, 2012 12:16:48 AM org.apache.catalina.startup.Catalina load
INFO: Initialization processed in 1346 ms
18 Feb, 2012 12:16:48 AM org.apache.catalina.core.StandardService start
INFO: Starting service Catalina
18 Feb, 2012 12:16:48 AM org.apache.catalina.core.StandardEngine start
INFO: Starting Servlet Engine: Apache Tomcat/6.0.35
18 Feb, 2012 12:16:48 AM org.apache.catalina.startup.HostConfig deployDescriptor
INFO: Deploying configuration descriptor FileUP.xml
18 Feb, 2012 12:16:48 AM org.apache.catalina.startup.HostConfig deployDescriptor
INFO: Deploying configuration descriptor fileupload.xml
18 Feb, 2012 12:16:48 AM org.apache.catalina.startup.HostConfig deployDescriptor
INFO: Deploying configuration descriptor host-manager.xml
18 Feb, 2012 12:16:48 AM org.apache.catalina.startup.HostConfig deployDescriptor
INFO: Deploying configuration descriptor manager.xml
18 Feb, 2012 12:16:49 AM org.apache.catalina.startup.HostConfig deployDescriptor
INFO: Deploying configuration descriptor ROOT.xml
18 Feb, 2012 12:16:49 AM org.apache.catalina.startup.HostConfig deployDescriptor
WARNING: A docBase D:\Dropbox\YAID\apache-tomcat-6.0.35\webapps\home\vignesh\Dropbox\YAID\build\web inside the host appBase has been specified, and will be ignored
18 Feb, 2012 12:16:49 AM org.apache.catalina.core.StandardContext resourcesStart
SEVERE: Error starting static Resources
java.lang.IllegalArgumentException: Document base D:\Dropbox\YAID\apache-tomcat-6.0.35\webapps\ROOT does not exist or is not a readable directory
	at org.apache.naming.resources.FileDirContext.setDocBase(FileDirContext.java:142)
	at org.apache.catalina.core.StandardContext.resourcesStart(StandardContext.java:4320)
	at org.apache.catalina.core.StandardContext.start(StandardContext.java:4489)
	at org.apache.catalina.core.ContainerBase.addChildInternal(ContainerBase.java:799)
	at org.apache.catalina.core.ContainerBase.addChild(ContainerBase.java:779)
	at org.apache.catalina.core.StandardHost.addChild(StandardHost.java:601)
	at org.apache.catalina.startup.HostConfig.deployDescriptor(HostConfig.java:675)
	at org.apache.catalina.startup.HostConfig.deployDescriptors(HostConfig.java:601)
	at org.apache.catalina.startup.HostConfig.deployApps(HostConfig.java:502)
	at org.apache.catalina.startup.HostConfig.start(HostConfig.java:1317)
	at org.apache.catalina.startup.HostConfig.lifecycleEvent(HostConfig.java:324)
	at org.apache.catalina.util.LifecycleSupport.fireLifecycleEvent(LifecycleSupport.java:142)
	at org.apache.catalina.core.ContainerBase.start(ContainerBase.java:1065)
	at org.apache.catalina.core.StandardHost.start(StandardHost.java:840)
	at org.apache.catalina.core.ContainerBase.start(ContainerBase.java:1057)
	at org.apache.catalina.core.StandardEngine.start(StandardEngine.java:463)
	at org.apache.catalina.core.StandardService.start(StandardService.java:525)
	at org.apache.catalina.core.StandardServer.start(StandardServer.java:754)
	at org.apache.catalina.startup.Catalina.start(Catalina.java:595)
	at sun.reflect.NativeMethodAccessorImpl.invoke0(Native Method)
	at sun.reflect.NativeMethodAccessorImpl.invoke(NativeMethodAccessorImpl.java:39)
	at sun.reflect.DelegatingMethodAccessorImpl.invoke(DelegatingMethodAccessorImpl.java:25)
	at java.lang.reflect.Method.invoke(Method.java:597)
	at org.apache.catalina.startup.Bootstrap.start(Bootstrap.java:289)
	at org.apache.catalina.startup.Bootstrap.main(Bootstrap.java:414)
18 Feb, 2012 12:16:49 AM org.apache.catalina.core.StandardContext start
SEVERE: Error in resourceStart()
18 Feb, 2012 12:16:49 AM org.apache.catalina.core.StandardContext start
SEVERE: Error getConfigured
18 Feb, 2012 12:16:49 AM org.apache.catalina.core.StandardContext start
SEVERE: Context [] startup failed due to previous errors
18 Feb, 2012 12:16:49 AM org.apache.catalina.core.StandardContext stop
INFO: Container org.apache.catalina.core.ContainerBase.[Catalina].[localhost].[/] has not been started
18 Feb, 2012 12:16:49 AM org.apache.catalina.startup.HostConfig deployDirectory
INFO: Deploying web application directory docs
18 Feb, 2012 12:16:49 AM org.apache.catalina.startup.HostConfig deployDirectory
INFO: Deploying web application directory examples
18 Feb, 2012 12:16:49 AM org.apache.coyote.http11.Http11AprProtocol start
INFO: Starting Coyote HTTP/1.1 on http-8080
18 Feb, 2012 12:16:49 AM org.apache.coyote.ajp.AjpAprProtocol start
INFO: Starting Coyote AJP/1.3 on ajp-8009
18 Feb, 2012 12:16:49 AM org.apache.catalina.startup.Catalina start
INFO: Server startup in 1435 ms
18 Feb, 2012 12:16:54 AM org.apache.catalina.startup.HostConfig checkResources
INFO: Undeploying context [/fileupload]
18 Feb, 2012 12:16:54 AM org.apache.catalina.startup.HostConfig deployDescriptor
INFO: Deploying configuration descriptor fileupload.xml
18 Feb, 2012 12:16:54 AM org.apache.catalina.core.StandardContext start
INFO: Container org.apache.catalina.core.ContainerBase.[Catalina].[localhost].[/fileupload] has already been started
18 Feb, 2012 12:25:46 AM org.apache.catalina.core.StandardContext reload
INFO: Reloading Context with name [/fileupload] has started
18 Feb, 2012 12:40:52 AM org.apache.catalina.core.StandardContext stop
INFO: Container org.apache.catalina.core.ContainerBase.[Catalina].[localhost].[/] has not been started
18 Feb, 2012 12:40:53 AM org.apache.catalina.startup.HostConfig checkResources
INFO: Undeploying context []
18 Feb, 2012 12:40:53 AM org.apache.catalina.startup.HostConfig deployDescriptor
INFO: Deploying configuration descriptor ROOT.xml
18 Feb, 2012 12:40:53 AM org.apache.catalina.core.StandardContext start
INFO: Container org.apache.catalina.core.ContainerBase.[Catalina].[localhost].[/] has already been started
18 Feb, 2012 1:30:56 AM org.apache.catalina.loader.WebappClassLoader clearReferencesJdbc
SEVERE: The web application [] registered the JDBC driver [com.mysql.jdbc.Driver] but failed to unregister it when the web application was stopped. To prevent a memory leak, the JDBC Driver has been forcibly unregistered.
18 Feb, 2012 1:30:57 AM org.apache.catalina.startup.HostConfig checkResources
INFO: Undeploying context []
18 Feb, 2012 1:30:57 AM org.apache.catalina.startup.HostConfig deployDescriptor
INFO: Deploying configuration descriptor ROOT.xml
18 Feb, 2012 1:30:57 AM org.apache.catalina.core.StandardContext start
INFO: Container org.apache.catalina.core.ContainerBase.[Catalina].[localhost].[/] has already been started
18 Feb, 2012 1:31:01 AM org.apache.catalina.loader.WebappClassLoader clearReferencesJdbc
SEVERE: The web application [] registered the JDBC driver [com.mysql.jdbc.Driver] but failed to unregister it when the web application was stopped. To prevent a memory leak, the JDBC Driver has been forcibly unregistered.
18 Feb, 2012 1:31:01 AM org.apache.catalina.startup.HostConfig checkResources
INFO: Undeploying context []
18 Feb, 2012 1:31:01 AM org.apache.catalina.startup.HostConfig deployDescriptor
INFO: Deploying configuration descriptor ROOT.xml
18 Feb, 2012 1:31:01 AM org.apache.catalina.core.StandardContext start
INFO: Container org.apache.catalina.core.ContainerBase.[Catalina].[localhost].[/] has already been started
18 Feb, 2012 2:08:27 AM org.apache.coyote.http11.Http11AprProtocol pause
INFO: Pausing Coyote HTTP/1.1 on http-8080
18 Feb, 2012 2:08:27 AM org.apache.coyote.ajp.AjpAprProtocol pause
INFO: Pausing Coyote AJP/1.3 on ajp-8009
18 Feb, 2012 2:08:28 AM org.apache.catalina.core.StandardService stop
INFO: Stopping service Catalina
18 Feb, 2012 2:08:28 AM org.apache.catalina.loader.WebappClassLoader clearReferencesJdbc
SEVERE: The web application [] registered the JDBC driver [com.mysql.jdbc.Driver] but failed to unregister it when the web application was stopped. To prevent a memory leak, the JDBC Driver has been forcibly unregistered.
18 Feb, 2012 2:08:28 AM org.apache.catalina.loader.WebappClassLoader clearReferencesJdbc
SEVERE: The web application [/fileupload] registered the JDBC driver [com.mysql.jdbc.Driver] but failed to unregister it when the web application was stopped. To prevent a memory leak, the JDBC Driver has been forcibly unregistered.
18 Feb, 2012 2:08:28 AM org.apache.coyote.http11.Http11AprProtocol destroy
INFO: Stopping Coyote HTTP/1.1 on http-8080
18 Feb, 2012 2:08:28 AM org.apache.coyote.ajp.AjpAprProtocol destroy
INFO: Stopping Coyote AJP/1.3 on ajp-8009
18 Feb, 2012 12:59:35 PM org.apache.catalina.core.AprLifecycleListener init
INFO: The APR based Apache Tomcat Native library which allows optimal performance in production environments was not found on the java.library.path: D:\Java\jdk1.6.0_26\bin;C:\Windows\Sun\Java\bin;C:\Windows\system32;C:\Windows;C:\Program Files\Common Files\Microsoft Shared\Windows Live;C:\Windows\system32;C:\Windows;C:\Windows\System32\Wbem;C:\Windows\System32\WindowsPowerShell\v1.0\;C:\Program Files\Broadcom\Broadcom 802.11 Network Adapter\Driver;C:\Program Files (x86)\Toshiba\Bluetooth Toshiba Stack\sys\;C:\Program Files (x86)\Toshiba\Bluetooth Toshiba Stack\sys\x64\;D:\Heroku;C:\Program Files (x86)\git\bin;C:\Program Files (x86)\git\cmd;D:\Java\jdk1.6.0_26\bin;D:\Mercurial;.
18 Feb, 2012 12:59:36 PM org.apache.coyote.http11.Http11Protocol init
INFO: Initializing Coyote HTTP/1.1 on http-8080
18 Feb, 2012 12:59:36 PM org.apache.catalina.startup.Catalina load
INFO: Initialization processed in 1941 ms
18 Feb, 2012 12:59:37 PM org.apache.catalina.core.StandardService start
INFO: Starting service Catalina
18 Feb, 2012 12:59:37 PM org.apache.catalina.core.StandardEngine start
INFO: Starting Servlet Engine: Apache Tomcat/6.0.35
18 Feb, 2012 12:59:37 PM org.apache.catalina.startup.HostConfig deployDescriptor
INFO: Deploying configuration descriptor FileUP.xml
18 Feb, 2012 12:59:37 PM org.apache.catalina.core.StandardContext resourcesStart
SEVERE: Error starting static Resources
java.lang.IllegalArgumentException: Document base D:\Dropbox\project\jQuery-File-Upload-Java-nb\FileUP\build\web does not exist or is not a readable directory
	at org.apache.naming.resources.FileDirContext.setDocBase(FileDirContext.java:142)
	at org.apache.catalina.core.StandardContext.resourcesStart(StandardContext.java:4320)
	at org.apache.catalina.core.StandardContext.start(StandardContext.java:4489)
	at org.apache.catalina.core.ContainerBase.addChildInternal(ContainerBase.java:799)
	at org.apache.catalina.core.ContainerBase.addChild(ContainerBase.java:779)
	at org.apache.catalina.core.StandardHost.addChild(StandardHost.java:601)
	at org.apache.catalina.startup.HostConfig.deployDescriptor(HostConfig.java:675)
	at org.apache.catalina.startup.HostConfig.deployDescriptors(HostConfig.java:601)
	at org.apache.catalina.startup.HostConfig.deployApps(HostConfig.java:502)
	at org.apache.catalina.startup.HostConfig.start(HostConfig.java:1317)
	at org.apache.catalina.startup.HostConfig.lifecycleEvent(HostConfig.java:324)
	at org.apache.catalina.util.LifecycleSupport.fireLifecycleEvent(LifecycleSupport.java:142)
	at org.apache.catalina.core.ContainerBase.start(ContainerBase.java:1065)
	at org.apache.catalina.core.StandardHost.start(StandardHost.java:840)
	at org.apache.catalina.core.ContainerBase.start(ContainerBase.java:1057)
	at org.apache.catalina.core.StandardEngine.start(StandardEngine.java:463)
	at org.apache.catalina.core.StandardService.start(StandardService.java:525)
	at org.apache.catalina.core.StandardServer.start(StandardServer.java:754)
	at org.apache.catalina.startup.Catalina.start(Catalina.java:595)
	at sun.reflect.NativeMethodAccessorImpl.invoke0(Native Method)
	at sun.reflect.NativeMethodAccessorImpl.invoke(NativeMethodAccessorImpl.java:39)
	at sun.reflect.DelegatingMethodAccessorImpl.invoke(DelegatingMethodAccessorImpl.java:25)
	at java.lang.reflect.Method.invoke(Method.java:597)
	at org.apache.catalina.startup.Bootstrap.start(Bootstrap.java:289)
	at org.apache.catalina.startup.Bootstrap.main(Bootstrap.java:414)
18 Feb, 2012 12:59:37 PM org.apache.catalina.core.StandardContext start
SEVERE: Error in resourceStart()
18 Feb, 2012 12:59:37 PM org.apache.catalina.core.StandardContext start
SEVERE: Error getConfigured
18 Feb, 2012 12:59:37 PM org.apache.catalina.core.StandardContext start
SEVERE: Context [/FileUP] startup failed due to previous errors
18 Feb, 2012 12:59:37 PM org.apache.catalina.core.StandardContext stop
INFO: Container org.apache.catalina.core.ContainerBase.[Catalina].[localhost].[/FileUP] has not been started
18 Feb, 2012 12:59:37 PM org.apache.catalina.startup.HostConfig deployDescriptor
INFO: Deploying configuration descriptor fileupload.xml
18 Feb, 2012 12:59:37 PM org.apache.catalina.core.StandardContext resourcesStart
SEVERE: Error starting static Resources
java.lang.IllegalArgumentException: Document base D:\Dropbox\201103-file-upload-jquery\build\web does not exist or is not a readable directory
	at org.apache.naming.resources.FileDirContext.setDocBase(FileDirContext.java:142)
	at org.apache.catalina.core.StandardContext.resourcesStart(StandardContext.java:4320)
	at org.apache.catalina.core.StandardContext.start(StandardContext.java:4489)
	at org.apache.catalina.core.ContainerBase.addChildInternal(ContainerBase.java:799)
	at org.apache.catalina.core.ContainerBase.addChild(ContainerBase.java:779)
	at org.apache.catalina.core.StandardHost.addChild(StandardHost.java:601)
	at org.apache.catalina.startup.HostConfig.deployDescriptor(HostConfig.java:675)
	at org.apache.catalina.startup.HostConfig.deployDescriptors(HostConfig.java:601)
	at org.apache.catalina.startup.HostConfig.deployApps(HostConfig.java:502)
	at org.apache.catalina.startup.HostConfig.start(HostConfig.java:1317)
	at org.apache.catalina.startup.HostConfig.lifecycleEvent(HostConfig.java:324)
	at org.apache.catalina.util.LifecycleSupport.fireLifecycleEvent(LifecycleSupport.java:142)
	at org.apache.catalina.core.ContainerBase.start(ContainerBase.java:1065)
	at org.apache.catalina.core.StandardHost.start(StandardHost.java:840)
	at org.apache.catalina.core.ContainerBase.start(ContainerBase.java:1057)
	at org.apache.catalina.core.StandardEngine.start(StandardEngine.java:463)
	at org.apache.catalina.core.StandardService.start(StandardService.java:525)
	at org.apache.catalina.core.StandardServer.start(StandardServer.java:754)
	at org.apache.catalina.startup.Catalina.start(Catalina.java:595)
	at sun.reflect.NativeMethodAccessorImpl.invoke0(Native Method)
	at sun.reflect.NativeMethodAccessorImpl.invoke(NativeMethodAccessorImpl.java:39)
	at sun.reflect.DelegatingMethodAccessorImpl.invoke(DelegatingMethodAccessorImpl.java:25)
	at java.lang.reflect.Method.invoke(Method.java:597)
	at org.apache.catalina.startup.Bootstrap.start(Bootstrap.java:289)
	at org.apache.catalina.startup.Bootstrap.main(Bootstrap.java:414)
18 Feb, 2012 12:59:37 PM org.apache.catalina.core.StandardContext start
SEVERE: Error in resourceStart()
18 Feb, 2012 12:59:37 PM org.apache.catalina.core.StandardContext start
SEVERE: Error getConfigured
18 Feb, 2012 12:59:37 PM org.apache.catalina.core.StandardContext start
SEVERE: Context [/fileupload] startup failed due to previous errors
18 Feb, 2012 12:59:37 PM org.apache.catalina.core.StandardContext stop
INFO: Container org.apache.catalina.core.ContainerBase.[Catalina].[localhost].[/fileupload] has not been started
18 Feb, 2012 12:59:37 PM org.apache.catalina.startup.HostConfig deployDescriptor
INFO: Deploying configuration descriptor host-manager.xml
18 Feb, 2012 12:59:38 PM org.apache.catalina.startup.HostConfig deployDescriptor
INFO: Deploying configuration descriptor manager.xml
18 Feb, 2012 12:59:38 PM org.apache.catalina.startup.HostConfig deployDescriptor
INFO: Deploying configuration descriptor ROOT.xml
18 Feb, 2012 12:59:38 PM org.apache.catalina.core.StandardContext resourcesStart
SEVERE: Error starting static Resources
java.lang.IllegalArgumentException: Document base D:\Dropbox\YAID\build\web does not exist or is not a readable directory
	at org.apache.naming.resources.FileDirContext.setDocBase(FileDirContext.java:142)
	at org.apache.catalina.core.StandardContext.resourcesStart(StandardContext.java:4320)
	at org.apache.catalina.core.StandardContext.start(StandardContext.java:4489)
	at org.apache.catalina.core.ContainerBase.addChildInternal(ContainerBase.java:799)
	at org.apache.catalina.core.ContainerBase.addChild(ContainerBase.java:779)
	at org.apache.catalina.core.StandardHost.addChild(StandardHost.java:601)
	at org.apache.catalina.startup.HostConfig.deployDescriptor(HostConfig.java:675)
	at org.apache.catalina.startup.HostConfig.deployDescriptors(HostConfig.java:601)
	at org.apache.catalina.startup.HostConfig.deployApps(HostConfig.java:502)
	at org.apache.catalina.startup.HostConfig.start(HostConfig.java:1317)
	at org.apache.catalina.startup.HostConfig.lifecycleEvent(HostConfig.java:324)
	at org.apache.catalina.util.LifecycleSupport.fireLifecycleEvent(LifecycleSupport.java:142)
	at org.apache.catalina.core.ContainerBase.start(ContainerBase.java:1065)
	at org.apache.catalina.core.StandardHost.start(StandardHost.java:840)
	at org.apache.catalina.core.ContainerBase.start(ContainerBase.java:1057)
	at org.apache.catalina.core.StandardEngine.start(StandardEngine.java:463)
	at org.apache.catalina.core.StandardService.start(StandardService.java:525)
	at org.apache.catalina.core.StandardServer.start(StandardServer.java:754)
	at org.apache.catalina.startup.Catalina.start(Catalina.java:595)
	at sun.reflect.NativeMethodAccessorImpl.invoke0(Native Method)
	at sun.reflect.NativeMethodAccessorImpl.invoke(NativeMethodAccessorImpl.java:39)
	at sun.reflect.DelegatingMethodAccessorImpl.invoke(DelegatingMethodAccessorImpl.java:25)
	at java.lang.reflect.Method.invoke(Method.java:597)
	at org.apache.catalina.startup.Bootstrap.start(Bootstrap.java:289)
	at org.apache.catalina.startup.Bootstrap.main(Bootstrap.java:414)
18 Feb, 2012 12:59:38 PM org.apache.catalina.core.StandardContext start
SEVERE: Error in resourceStart()
18 Feb, 2012 12:59:38 PM org.apache.catalina.core.StandardContext start
SEVERE: Error getConfigured
18 Feb, 2012 12:59:38 PM org.apache.catalina.core.StandardContext start
SEVERE: Context [] startup failed due to previous errors
18 Feb, 2012 12:59:38 PM org.apache.catalina.core.StandardContext stop
INFO: Container org.apache.catalina.core.ContainerBase.[Catalina].[localhost].[/] has not been started
18 Feb, 2012 12:59:38 PM org.apache.catalina.startup.HostConfig deployDirectory
INFO: Deploying web application directory docs
18 Feb, 2012 12:59:38 PM org.apache.catalina.startup.HostConfig deployDirectory
INFO: Deploying web application directory examples
18 Feb, 2012 12:59:38 PM org.apache.coyote.http11.Http11Protocol start
INFO: Starting Coyote HTTP/1.1 on http-8080
18 Feb, 2012 12:59:39 PM org.apache.jk.common.ChannelSocket init
INFO: JK: ajp13 listening on /0.0.0.0:8009
18 Feb, 2012 12:59:39 PM org.apache.jk.server.JkMain start
INFO: Jk running ID=0 time=0/48  config=null
18 Feb, 2012 12:59:39 PM org.apache.catalina.startup.Catalina start
INFO: Server startup in 2246 ms
18 Feb, 2012 12:59:39 PM org.apache.catalina.core.StandardContext stop
INFO: Container org.apache.catalina.core.ContainerBase.[Catalina].[localhost].[/] has not been started
18 Feb, 2012 12:59:40 PM org.apache.catalina.startup.HostConfig checkResources
INFO: Undeploying context []
18 Feb, 2012 12:59:40 PM org.apache.catalina.startup.HostConfig deployDescriptor
INFO: Deploying configuration descriptor ROOT.xml
18 Feb, 2012 12:59:40 PM org.apache.catalina.core.StandardContext start
INFO: Container org.apache.catalina.core.ContainerBase.[Catalina].[localhost].[/] has already been started
18 Feb, 2012 1:02:57 PM org.apache.catalina.loader.WebappClassLoader clearReferencesJdbc
SEVERE: The web application [] registered the JDBC driver [com.mysql.jdbc.Driver] but failed to unregister it when the web application was stopped. To prevent a memory leak, the JDBC Driver has been forcibly unregistered.
18 Feb, 2012 1:02:57 PM org.apache.catalina.startup.HostConfig checkResources
INFO: Undeploying context []
18 Feb, 2012 1:02:57 PM org.apache.catalina.startup.HostConfig deployDescriptor
INFO: Deploying configuration descriptor ROOT.xml
18 Feb, 2012 1:02:58 PM org.apache.catalina.core.StandardContext start
INFO: Container org.apache.catalina.core.ContainerBase.[Catalina].[localhost].[/] has already been started
18 Feb, 2012 1:03:43 PM org.apache.catalina.startup.HostConfig checkResources
INFO: Undeploying context []
18 Feb, 2012 1:03:43 PM org.apache.catalina.startup.HostConfig deployDescriptor
INFO: Deploying configuration descriptor ROOT.xml
18 Feb, 2012 1:03:43 PM org.apache.catalina.core.StandardContext start
INFO: Container org.apache.catalina.core.ContainerBase.[Catalina].[localhost].[/] has already been started
18 Feb, 2012 1:06:14 PM org.apache.catalina.startup.HostConfig checkResources
INFO: Undeploying context []
18 Feb, 2012 1:06:14 PM org.apache.catalina.startup.HostConfig deployDescriptor
INFO: Deploying configuration descriptor ROOT.xml
18 Feb, 2012 1:06:14 PM org.apache.catalina.core.StandardContext start
INFO: Container org.apache.catalina.core.ContainerBase.[Catalina].[localhost].[/] has already been started
18 Feb, 2012 1:15:14 PM org.apache.catalina.core.StandardContext reload
INFO: Reloading Context with name [] has started
18 Feb, 2012 1:15:18 PM org.apache.coyote.http11.Http11Protocol pause
INFO: Pausing Coyote HTTP/1.1 on http-8080
18 Feb, 2012 1:15:19 PM org.apache.catalina.core.StandardService stop
INFO: Stopping service Catalina
18 Feb, 2012 1:15:19 PM org.apache.coyote.http11.Http11Protocol destroy
INFO: Stopping Coyote HTTP/1.1 on http-8080
Feb 18, 2012 2:18:32 PM org.apache.catalina.core.AprLifecycleListener init
INFO: The APR based Apache Tomcat Native library which allows optimal performance in production environments was not found on the java.library.path: /usr/java/packages/lib/i386:/usr/lib/i386-linux-gnu/jni:/lib/i386-linux-gnu:/usr/lib/i386-linux-gnu:/usr/lib/jni:/lib:/usr/lib
Feb 18, 2012 2:18:35 PM org.apache.coyote.http11.Http11Protocol init
INFO: Initializing Coyote HTTP/1.1 on http-8080
Feb 18, 2012 2:18:35 PM org.apache.catalina.startup.Catalina load
INFO: Initialization processed in 4802 ms
Feb 18, 2012 2:18:36 PM org.apache.catalina.core.StandardService start
INFO: Starting service Catalina
Feb 18, 2012 2:18:36 PM org.apache.catalina.core.StandardEngine start
INFO: Starting Servlet Engine: Apache Tomcat/6.0.35
Feb 18, 2012 2:18:36 PM org.apache.catalina.startup.HostConfig deployDescriptor
INFO: Deploying configuration descriptor manager.xml
Feb 18, 2012 2:18:37 PM org.apache.catalina.startup.HostConfig deployDescriptor
INFO: Deploying configuration descriptor fileupload.xml
Feb 18, 2012 2:18:37 PM org.apache.catalina.startup.HostConfig deployDescriptor
WARNING: A docBase /home/vignesh/Dropbox/YAID/apache-tomcat-6.0.35/webapps/D:\Dropbox\201103-file-upload-jquery\build\web inside the host appBase has been specified, and will be ignored
Feb 18, 2012 2:18:37 PM org.apache.catalina.core.StandardContext resourcesStart
SEVERE: Error starting static Resources
java.lang.IllegalArgumentException: Document base /home/vignesh/Dropbox/YAID/apache-tomcat-6.0.35/webapps/fileupload does not exist or is not a readable directory
	at org.apache.naming.resources.FileDirContext.setDocBase(FileDirContext.java:142)
	at org.apache.catalina.core.StandardContext.resourcesStart(StandardContext.java:4320)
	at org.apache.catalina.core.StandardContext.start(StandardContext.java:4489)
	at org.apache.catalina.core.ContainerBase.addChildInternal(ContainerBase.java:799)
	at org.apache.catalina.core.ContainerBase.addChild(ContainerBase.java:779)
	at org.apache.catalina.core.StandardHost.addChild(StandardHost.java:601)
	at org.apache.catalina.startup.HostConfig.deployDescriptor(HostConfig.java:675)
	at org.apache.catalina.startup.HostConfig.deployDescriptors(HostConfig.java:601)
	at org.apache.catalina.startup.HostConfig.deployApps(HostConfig.java:502)
	at org.apache.catalina.startup.HostConfig.start(HostConfig.java:1317)
	at org.apache.catalina.startup.HostConfig.lifecycleEvent(HostConfig.java:324)
	at org.apache.catalina.util.LifecycleSupport.fireLifecycleEvent(LifecycleSupport.java:142)
	at org.apache.catalina.core.ContainerBase.start(ContainerBase.java:1065)
	at org.apache.catalina.core.StandardHost.start(StandardHost.java:840)
	at org.apache.catalina.core.ContainerBase.start(ContainerBase.java:1057)
	at org.apache.catalina.core.StandardEngine.start(StandardEngine.java:463)
	at org.apache.catalina.core.StandardService.start(StandardService.java:525)
	at org.apache.catalina.core.StandardServer.start(StandardServer.java:754)
	at org.apache.catalina.startup.Catalina.start(Catalina.java:595)
	at sun.reflect.NativeMethodAccessorImpl.invoke0(Native Method)
	at sun.reflect.NativeMethodAccessorImpl.invoke(NativeMethodAccessorImpl.java:57)
	at sun.reflect.DelegatingMethodAccessorImpl.invoke(DelegatingMethodAccessorImpl.java:43)
	at java.lang.reflect.Method.invoke(Method.java:601)
	at org.apache.catalina.startup.Bootstrap.start(Bootstrap.java:289)
	at org.apache.catalina.startup.Bootstrap.main(Bootstrap.java:414)

Feb 18, 2012 2:18:37 PM org.apache.catalina.core.StandardContext start
SEVERE: Error in resourceStart()
Feb 18, 2012 2:18:37 PM org.apache.catalina.core.StandardContext start
SEVERE: Error getConfigured
Feb 18, 2012 2:18:37 PM org.apache.catalina.core.StandardContext start
SEVERE: Context [/fileupload] startup failed due to previous errors
Feb 18, 2012 2:18:37 PM org.apache.catalina.core.StandardContext stop
INFO: Container org.apache.catalina.core.ContainerBase.[Catalina].[localhost].[/fileupload] has not been started
Feb 18, 2012 2:18:37 PM org.apache.catalina.startup.HostConfig deployDescriptor
INFO: Deploying configuration descriptor ROOT.xml
Feb 18, 2012 2:18:37 PM org.apache.catalina.startup.HostConfig deployDescriptor
WARNING: A docBase /home/vignesh/Dropbox/YAID/apache-tomcat-6.0.35/webapps/E:\Dropbox\YAID\build\web inside the host appBase has been specified, and will be ignored
Feb 18, 2012 2:18:37 PM org.apache.catalina.core.StandardContext resourcesStart
SEVERE: Error starting static Resources
java.lang.IllegalArgumentException: Document base /home/vignesh/Dropbox/YAID/apache-tomcat-6.0.35/webapps/ROOT does not exist or is not a readable directory
	at org.apache.naming.resources.FileDirContext.setDocBase(FileDirContext.java:142)
	at org.apache.catalina.core.StandardContext.resourcesStart(StandardContext.java:4320)
	at org.apache.catalina.core.StandardContext.start(StandardContext.java:4489)
	at org.apache.catalina.core.ContainerBase.addChildInternal(ContainerBase.java:799)
	at org.apache.catalina.core.ContainerBase.addChild(ContainerBase.java:779)
	at org.apache.catalina.core.StandardHost.addChild(StandardHost.java:601)
	at org.apache.catalina.startup.HostConfig.deployDescriptor(HostConfig.java:675)
	at org.apache.catalina.startup.HostConfig.deployDescriptors(HostConfig.java:601)
	at org.apache.catalina.startup.HostConfig.deployApps(HostConfig.java:502)
	at org.apache.catalina.startup.HostConfig.start(HostConfig.java:1317)
	at org.apache.catalina.startup.HostConfig.lifecycleEvent(HostConfig.java:324)
	at org.apache.catalina.util.LifecycleSupport.fireLifecycleEvent(LifecycleSupport.java:142)
	at org.apache.catalina.core.ContainerBase.start(ContainerBase.java:1065)
	at org.apache.catalina.core.StandardHost.start(StandardHost.java:840)
	at org.apache.catalina.core.ContainerBase.start(ContainerBase.java:1057)
	at org.apache.catalina.core.StandardEngine.start(StandardEngine.java:463)
	at org.apache.catalina.core.StandardService.start(StandardService.java:525)
	at org.apache.catalina.core.StandardServer.start(StandardServer.java:754)
	at org.apache.catalina.startup.Catalina.start(Catalina.java:595)
	at sun.reflect.NativeMethodAccessorImpl.invoke0(Native Method)
	at sun.reflect.NativeMethodAccessorImpl.invoke(NativeMethodAccessorImpl.java:57)
	at sun.reflect.DelegatingMethodAccessorImpl.invoke(DelegatingMethodAccessorImpl.java:43)
	at java.lang.reflect.Method.invoke(Method.java:601)
	at org.apache.catalina.startup.Bootstrap.start(Bootstrap.java:289)
	at org.apache.catalina.startup.Bootstrap.main(Bootstrap.java:414)

Feb 18, 2012 2:18:37 PM org.apache.catalina.core.StandardContext start
SEVERE: Error in resourceStart()
Feb 18, 2012 2:18:37 PM org.apache.catalina.core.StandardContext start
SEVERE: Error getConfigured
Feb 18, 2012 2:18:37 PM org.apache.catalina.core.StandardContext start
SEVERE: Context [] startup failed due to previous errors
Feb 18, 2012 2:18:37 PM org.apache.catalina.core.StandardContext stop
INFO: Container org.apache.catalina.core.ContainerBase.[Catalina].[localhost].[/] has not been started
Feb 18, 2012 2:18:37 PM org.apache.catalina.startup.HostConfig deployDescriptor
INFO: Deploying configuration descriptor FileUP.xml
Feb 18, 2012 2:18:37 PM org.apache.catalina.startup.HostConfig deployDescriptor
WARNING: A docBase /home/vignesh/Dropbox/YAID/apache-tomcat-6.0.35/webapps/D:\Dropbox\project\jQuery-File-Upload-Java-nb\FileUP\build\web inside the host appBase has been specified, and will be ignored
Feb 18, 2012 2:18:37 PM org.apache.catalina.core.StandardContext resourcesStart
SEVERE: Error starting static Resources
java.lang.IllegalArgumentException: Document base /home/vignesh/Dropbox/YAID/apache-tomcat-6.0.35/webapps/FileUP does not exist or is not a readable directory
	at org.apache.naming.resources.FileDirContext.setDocBase(FileDirContext.java:142)
	at org.apache.catalina.core.StandardContext.resourcesStart(StandardContext.java:4320)
	at org.apache.catalina.core.StandardContext.start(StandardContext.java:4489)
	at org.apache.catalina.core.ContainerBase.addChildInternal(ContainerBase.java:799)
	at org.apache.catalina.core.ContainerBase.addChild(ContainerBase.java:779)
	at org.apache.catalina.core.StandardHost.addChild(StandardHost.java:601)
	at org.apache.catalina.startup.HostConfig.deployDescriptor(HostConfig.java:675)
	at org.apache.catalina.startup.HostConfig.deployDescriptors(HostConfig.java:601)
	at org.apache.catalina.startup.HostConfig.deployApps(HostConfig.java:502)
	at org.apache.catalina.startup.HostConfig.start(HostConfig.java:1317)
	at org.apache.catalina.startup.HostConfig.lifecycleEvent(HostConfig.java:324)
	at org.apache.catalina.util.LifecycleSupport.fireLifecycleEvent(LifecycleSupport.java:142)
	at org.apache.catalina.core.ContainerBase.start(ContainerBase.java:1065)
	at org.apache.catalina.core.StandardHost.start(StandardHost.java:840)
	at org.apache.catalina.core.ContainerBase.start(ContainerBase.java:1057)
	at org.apache.catalina.core.StandardEngine.start(StandardEngine.java:463)
	at org.apache.catalina.core.StandardService.start(StandardService.java:525)
	at org.apache.catalina.core.StandardServer.start(StandardServer.java:754)
	at org.apache.catalina.startup.Catalina.start(Catalina.java:595)
	at sun.reflect.NativeMethodAccessorImpl.invoke0(Native Method)
	at sun.reflect.NativeMethodAccessorImpl.invoke(NativeMethodAccessorImpl.java:57)
	at sun.reflect.DelegatingMethodAccessorImpl.invoke(DelegatingMethodAccessorImpl.java:43)
	at java.lang.reflect.Method.invoke(Method.java:601)
	at org.apache.catalina.startup.Bootstrap.start(Bootstrap.java:289)
	at org.apache.catalina.startup.Bootstrap.main(Bootstrap.java:414)

Feb 18, 2012 2:18:37 PM org.apache.catalina.core.StandardContext start
SEVERE: Error in resourceStart()
Feb 18, 2012 2:18:37 PM org.apache.catalina.core.StandardContext start
SEVERE: Error getConfigured
Feb 18, 2012 2:18:37 PM org.apache.catalina.core.StandardContext start
SEVERE: Context [/FileUP] startup failed due to previous errors
Feb 18, 2012 2:18:37 PM org.apache.catalina.core.StandardContext stop
INFO: Container org.apache.catalina.core.ContainerBase.[Catalina].[localhost].[/FileUP] has not been started
Feb 18, 2012 2:18:37 PM org.apache.catalina.startup.HostConfig deployDescriptor
INFO: Deploying configuration descriptor host-manager.xml
Feb 18, 2012 2:18:38 PM org.apache.catalina.startup.HostConfig deployDirectory
INFO: Deploying web application directory examples
Feb 18, 2012 2:18:39 PM org.apache.catalina.startup.HostConfig deployDirectory
INFO: Deploying web application directory docs
Feb 18, 2012 2:18:39 PM org.apache.coyote.http11.Http11Protocol start
INFO: Starting Coyote HTTP/1.1 on http-8080
Feb 18, 2012 2:18:39 PM org.apache.jk.common.ChannelSocket init
INFO: JK: ajp13 listening on /0.0.0.0:8009
Feb 18, 2012 2:18:39 PM org.apache.jk.server.JkMain start
INFO: Jk running ID=0 time=0/113  config=null
Feb 18, 2012 2:18:39 PM org.apache.catalina.startup.Catalina start
INFO: Server startup in 4092 ms
Feb 18, 2012 2:18:42 PM org.apache.catalina.core.StandardContext stop
INFO: Container org.apache.catalina.core.ContainerBase.[Catalina].[localhost].[/FileUP] has not been started
Feb 18, 2012 2:18:43 PM org.apache.catalina.startup.HostConfig checkResources
INFO: Undeploying context [/FileUP]
Feb 18, 2012 2:18:43 PM org.apache.catalina.startup.HostConfig deployDescriptor
INFO: Deploying configuration descriptor FileUP.xml
Feb 18, 2012 2:18:43 PM org.apache.catalina.core.StandardContext start
INFO: Container org.apache.catalina.core.ContainerBase.[Catalina].[localhost].[/FileUP] has already been started
Feb 18, 2012 2:20:25 PM org.apache.catalina.core.StandardContext reload
INFO: Reloading Context with name [/FileUP] has started
Feb 18, 2012 2:26:05 PM org.apache.catalina.core.StandardContext reload
INFO: Reloading Context with name [/FileUP] has started
Feb 18, 2012 2:26:39 PM org.apache.catalina.core.StandardContext reload
INFO: Reloading Context with name [/FileUP] has started
Feb 18, 2012 2:26:46 PM org.apache.catalina.core.StandardContext reload
INFO: Reloading Context with name [/FileUP] has started
Feb 18, 2012 2:27:03 PM org.apache.catalina.core.StandardContext reload
INFO: Reloading Context with name [/FileUP] has started
18 Feb, 2012 2:45:17 PM org.apache.catalina.core.AprLifecycleListener init
INFO: The APR based Apache Tomcat Native library which allows optimal performance in production environments was not found on the java.library.path: D:\Java\jdk1.6.0_26\bin;C:\Windows\Sun\Java\bin;C:\Windows\system32;C:\Windows;C:\Program Files\Common Files\Microsoft Shared\Windows Live;C:\Windows\system32;C:\Windows;C:\Windows\System32\Wbem;C:\Windows\System32\WindowsPowerShell\v1.0\;C:\Program Files\Broadcom\Broadcom 802.11 Network Adapter\Driver;C:\Program Files (x86)\Toshiba\Bluetooth Toshiba Stack\sys\;C:\Program Files (x86)\Toshiba\Bluetooth Toshiba Stack\sys\x64\;D:\Heroku;C:\Program Files (x86)\git\bin;C:\Program Files (x86)\git\cmd;D:\Java\jdk1.6.0_26\bin;D:\Mercurial;.
18 Feb, 2012 2:45:18 PM org.apache.coyote.http11.Http11Protocol init
INFO: Initializing Coyote HTTP/1.1 on http-8080
18 Feb, 2012 2:45:18 PM org.apache.catalina.startup.Catalina load
INFO: Initialization processed in 1808 ms
18 Feb, 2012 2:45:18 PM org.apache.catalina.core.StandardService start
INFO: Starting service Catalina
18 Feb, 2012 2:45:18 PM org.apache.catalina.core.StandardEngine start
INFO: Starting Servlet Engine: Apache Tomcat/6.0.35
18 Feb, 2012 2:45:18 PM org.apache.catalina.startup.HostConfig deployDescriptor
INFO: Deploying configuration descriptor FileUP.xml
18 Feb, 2012 2:45:18 PM org.apache.catalina.startup.HostConfig deployDescriptor
WARNING: A docBase E:\Dropbox\YAID\apache-tomcat-6.0.35\webapps\home\vignesh\Dropbox\dev\project\jQuery-File-Upload-Java-nb\FileUP\build\web inside the host appBase has been specified, and will be ignored
18 Feb, 2012 2:45:18 PM org.apache.catalina.core.StandardContext resourcesStart
SEVERE: Error starting static Resources
java.lang.IllegalArgumentException: Document base E:\Dropbox\YAID\apache-tomcat-6.0.35\webapps\FileUP does not exist or is not a readable directory
	at org.apache.naming.resources.FileDirContext.setDocBase(FileDirContext.java:142)
	at org.apache.catalina.core.StandardContext.resourcesStart(StandardContext.java:4320)
	at org.apache.catalina.core.StandardContext.start(StandardContext.java:4489)
	at org.apache.catalina.core.ContainerBase.addChildInternal(ContainerBase.java:799)
	at org.apache.catalina.core.ContainerBase.addChild(ContainerBase.java:779)
	at org.apache.catalina.core.StandardHost.addChild(StandardHost.java:601)
	at org.apache.catalina.startup.HostConfig.deployDescriptor(HostConfig.java:675)
	at org.apache.catalina.startup.HostConfig.deployDescriptors(HostConfig.java:601)
	at org.apache.catalina.startup.HostConfig.deployApps(HostConfig.java:502)
	at org.apache.catalina.startup.HostConfig.start(HostConfig.java:1317)
	at org.apache.catalina.startup.HostConfig.lifecycleEvent(HostConfig.java:324)
	at org.apache.catalina.util.LifecycleSupport.fireLifecycleEvent(LifecycleSupport.java:142)
	at org.apache.catalina.core.ContainerBase.start(ContainerBase.java:1065)
	at org.apache.catalina.core.StandardHost.start(StandardHost.java:840)
	at org.apache.catalina.core.ContainerBase.start(ContainerBase.java:1057)
	at org.apache.catalina.core.StandardEngine.start(StandardEngine.java:463)
	at org.apache.catalina.core.StandardService.start(StandardService.java:525)
	at org.apache.catalina.core.StandardServer.start(StandardServer.java:754)
	at org.apache.catalina.startup.Catalina.start(Catalina.java:595)
	at sun.reflect.NativeMethodAccessorImpl.invoke0(Native Method)
	at sun.reflect.NativeMethodAccessorImpl.invoke(NativeMethodAccessorImpl.java:39)
	at sun.reflect.DelegatingMethodAccessorImpl.invoke(DelegatingMethodAccessorImpl.java:25)
	at java.lang.reflect.Method.invoke(Method.java:597)
	at org.apache.catalina.startup.Bootstrap.start(Bootstrap.java:289)
	at org.apache.catalina.startup.Bootstrap.main(Bootstrap.java:414)
18 Feb, 2012 2:45:18 PM org.apache.catalina.core.StandardContext start
SEVERE: Error in resourceStart()
18 Feb, 2012 2:45:18 PM org.apache.catalina.core.StandardContext start
SEVERE: Error getConfigured
18 Feb, 2012 2:45:18 PM org.apache.catalina.core.StandardContext start
SEVERE: Context [/FileUP] startup failed due to previous errors
18 Feb, 2012 2:45:18 PM org.apache.catalina.core.StandardContext stop
INFO: Container org.apache.catalina.core.ContainerBase.[Catalina].[localhost].[/FileUP] has not been started
18 Feb, 2012 2:45:18 PM org.apache.catalina.startup.HostConfig deployDescriptor
INFO: Deploying configuration descriptor fileupload.xml
18 Feb, 2012 2:45:18 PM org.apache.catalina.core.StandardContext resourcesStart
SEVERE: Error starting static Resources
java.lang.IllegalArgumentException: Document base D:\Dropbox\201103-file-upload-jquery\build\web does not exist or is not a readable directory
	at org.apache.naming.resources.FileDirContext.setDocBase(FileDirContext.java:142)
	at org.apache.catalina.core.StandardContext.resourcesStart(StandardContext.java:4320)
	at org.apache.catalina.core.StandardContext.start(StandardContext.java:4489)
	at org.apache.catalina.core.ContainerBase.addChildInternal(ContainerBase.java:799)
	at org.apache.catalina.core.ContainerBase.addChild(ContainerBase.java:779)
	at org.apache.catalina.core.StandardHost.addChild(StandardHost.java:601)
	at org.apache.catalina.startup.HostConfig.deployDescriptor(HostConfig.java:675)
	at org.apache.catalina.startup.HostConfig.deployDescriptors(HostConfig.java:601)
	at org.apache.catalina.startup.HostConfig.deployApps(HostConfig.java:502)
	at org.apache.catalina.startup.HostConfig.start(HostConfig.java:1317)
	at org.apache.catalina.startup.HostConfig.lifecycleEvent(HostConfig.java:324)
	at org.apache.catalina.util.LifecycleSupport.fireLifecycleEvent(LifecycleSupport.java:142)
	at org.apache.catalina.core.ContainerBase.start(ContainerBase.java:1065)
	at org.apache.catalina.core.StandardHost.start(StandardHost.java:840)
	at org.apache.catalina.core.ContainerBase.start(ContainerBase.java:1057)
	at org.apache.catalina.core.StandardEngine.start(StandardEngine.java:463)
	at org.apache.catalina.core.StandardService.start(StandardService.java:525)
	at org.apache.catalina.core.StandardServer.start(StandardServer.java:754)
	at org.apache.catalina.startup.Catalina.start(Catalina.java:595)
	at sun.reflect.NativeMethodAccessorImpl.invoke0(Native Method)
	at sun.reflect.NativeMethodAccessorImpl.invoke(NativeMethodAccessorImpl.java:39)
	at sun.reflect.DelegatingMethodAccessorImpl.invoke(DelegatingMethodAccessorImpl.java:25)
	at java.lang.reflect.Method.invoke(Method.java:597)
	at org.apache.catalina.startup.Bootstrap.start(Bootstrap.java:289)
	at org.apache.catalina.startup.Bootstrap.main(Bootstrap.java:414)
18 Feb, 2012 2:45:19 PM org.apache.catalina.core.StandardContext start
SEVERE: Error in resourceStart()
18 Feb, 2012 2:45:19 PM org.apache.catalina.core.StandardContext start
SEVERE: Error getConfigured
18 Feb, 2012 2:45:19 PM org.apache.catalina.core.StandardContext start
SEVERE: Context [/fileupload] startup failed due to previous errors
18 Feb, 2012 2:45:19 PM org.apache.catalina.core.StandardContext stop
INFO: Container org.apache.catalina.core.ContainerBase.[Catalina].[localhost].[/fileupload] has not been started
18 Feb, 2012 2:45:19 PM org.apache.catalina.startup.HostConfig deployDescriptor
INFO: Deploying configuration descriptor host-manager.xml
18 Feb, 2012 2:45:19 PM org.apache.catalina.startup.HostConfig deployDescriptor
INFO: Deploying configuration descriptor manager.xml
18 Feb, 2012 2:45:19 PM org.apache.catalina.startup.HostConfig deployDescriptor
INFO: Deploying configuration descriptor ROOT.xml
18 Feb, 2012 2:45:19 PM org.apache.catalina.startup.HostConfig deployDirectory
INFO: Deploying web application directory docs
18 Feb, 2012 2:45:19 PM org.apache.catalina.startup.HostConfig deployDirectory
INFO: Deploying web application directory examples
18 Feb, 2012 2:45:20 PM org.apache.coyote.http11.Http11Protocol start
INFO: Starting Coyote HTTP/1.1 on http-8080
18 Feb, 2012 2:45:20 PM org.apache.jk.common.ChannelSocket init
INFO: JK: ajp13 listening on /0.0.0.0:8009
18 Feb, 2012 2:45:20 PM org.apache.jk.server.JkMain start
INFO: Jk running ID=0 time=0/52  config=null
18 Feb, 2012 2:45:20 PM org.apache.catalina.startup.Catalina start
INFO: Server startup in 2185 ms
18 Feb, 2012 2:45:22 PM org.apache.catalina.startup.HostConfig checkResources
INFO: Undeploying context []
18 Feb, 2012 2:45:22 PM org.apache.catalina.startup.HostConfig deployDescriptor
INFO: Deploying configuration descriptor ROOT.xml
18 Feb, 2012 2:45:22 PM org.apache.catalina.core.StandardContext start
INFO: Container org.apache.catalina.core.ContainerBase.[Catalina].[localhost].[/] has already been started
18 Feb, 2012 2:50:56 PM org.apache.catalina.core.StandardContext reload
INFO: Reloading Context with name [] has started
18 Feb, 2012 2:51:10 PM org.apache.catalina.startup.HostConfig checkResources
INFO: Undeploying context []
18 Feb, 2012 2:51:10 PM org.apache.catalina.startup.HostConfig deployDescriptor
INFO: Deploying configuration descriptor ROOT.xml
18 Feb, 2012 2:51:11 PM org.apache.catalina.core.StandardContext start
INFO: Container org.apache.catalina.core.ContainerBase.[Catalina].[localhost].[/] has already been started
18 Feb, 2012 2:52:30 PM org.apache.catalina.startup.HostConfig checkResources
INFO: Reloading context []
18 Feb, 2012 2:55:09 PM org.apache.catalina.core.StandardContext reload
INFO: Reloading Context with name [] has started
18 Feb, 2012 2:55:17 PM org.apache.catalina.startup.HostConfig checkResources
INFO: Undeploying context []
18 Feb, 2012 2:55:17 PM org.apache.catalina.startup.HostConfig deployDescriptor
INFO: Deploying configuration descriptor ROOT.xml
18 Feb, 2012 2:55:17 PM org.apache.catalina.core.StandardContext start
INFO: Container org.apache.catalina.core.ContainerBase.[Catalina].[localhost].[/] has already been started
18 Feb, 2012 2:56:04 PM org.apache.catalina.startup.HostConfig checkResources
INFO: Undeploying context []
18 Feb, 2012 2:56:05 PM org.apache.catalina.startup.HostConfig deployDescriptor
INFO: Deploying configuration descriptor ROOT.xml
18 Feb, 2012 2:56:05 PM org.apache.catalina.core.StandardContext start
INFO: Container org.apache.catalina.core.ContainerBase.[Catalina].[localhost].[/] has already been started
18 Feb, 2012 2:56:24 PM org.apache.catalina.startup.HostConfig checkResources
INFO: Undeploying context []
18 Feb, 2012 2:56:24 PM org.apache.catalina.startup.HostConfig deployDescriptor
INFO: Deploying configuration descriptor ROOT.xml
18 Feb, 2012 2:56:24 PM org.apache.catalina.core.StandardContext start
INFO: Container org.apache.catalina.core.ContainerBase.[Catalina].[localhost].[/] has already been started
18 Feb, 2012 3:34:18 PM org.apache.catalina.core.StandardContext reload
INFO: Reloading Context with name [] has started
18 Feb, 2012 3:34:29 PM org.apache.catalina.core.StandardContext reload
INFO: Reloading Context with name [] has started
18 Feb, 2012 3:35:04 PM org.apache.catalina.startup.HostConfig checkResources
INFO: Undeploying context []
18 Feb, 2012 3:35:04 PM org.apache.catalina.startup.HostConfig deployDescriptor
INFO: Deploying configuration descriptor ROOT.xml
18 Feb, 2012 3:35:04 PM org.apache.catalina.core.StandardContext start
INFO: Container org.apache.catalina.core.ContainerBase.[Catalina].[localhost].[/] has already been started
18 Feb, 2012 3:40:05 PM org.apache.catalina.core.StandardContext reload
INFO: Reloading Context with name [] has started
18 Feb, 2012 3:40:12 PM org.apache.catalina.startup.HostConfig checkResources
INFO: Undeploying context []
18 Feb, 2012 3:40:12 PM org.apache.catalina.startup.HostConfig deployDescriptor
INFO: Deploying configuration descriptor ROOT.xml
18 Feb, 2012 3:40:12 PM org.apache.catalina.core.StandardContext start
INFO: Container org.apache.catalina.core.ContainerBase.[Catalina].[localhost].[/] has already been started
18 Feb, 2012 3:40:37 PM org.apache.catalina.startup.HostConfig checkResources
INFO: Undeploying context []
18 Feb, 2012 3:40:37 PM org.apache.catalina.startup.HostConfig checkResources
INFO: Undeploying context []
18 Feb, 2012 3:40:38 PM org.apache.catalina.startup.HostConfig deployDescriptor
INFO: Deploying configuration descriptor ROOT.xml
18 Feb, 2012 3:40:38 PM org.apache.catalina.core.StandardContext start
INFO: Container org.apache.catalina.core.ContainerBase.[Catalina].[localhost].[/] has already been started
18 Feb, 2012 3:42:02 PM org.apache.catalina.core.StandardContext reload
INFO: Reloading Context with name [] has started
18 Feb, 2012 3:42:33 PM org.apache.catalina.core.StandardContext reload
INFO: Reloading Context with name [] has started
18 Feb, 2012 3:42:39 PM org.apache.catalina.startup.HostConfig checkResources
INFO: Undeploying context []
18 Feb, 2012 3:42:39 PM org.apache.catalina.startup.HostConfig deployDescriptor
INFO: Deploying configuration descriptor ROOT.xml
18 Feb, 2012 3:42:39 PM org.apache.catalina.core.StandardContext start
INFO: Container org.apache.catalina.core.ContainerBase.[Catalina].[localhost].[/] has already been started
18 Feb, 2012 3:43:25 PM org.apache.catalina.startup.HostConfig checkResources
INFO: Undeploying context []
18 Feb, 2012 3:43:25 PM org.apache.catalina.startup.HostConfig deployDescriptor
INFO: Deploying configuration descriptor ROOT.xml
18 Feb, 2012 3:43:25 PM org.apache.catalina.core.StandardContext start
INFO: Container org.apache.catalina.core.ContainerBase.[Catalina].[localhost].[/] has already been started
18 Feb, 2012 3:43:57 PM org.apache.catalina.core.StandardContext reload
INFO: Reloading Context with name [] has started
18 Feb, 2012 3:46:05 PM org.apache.catalina.startup.HostConfig checkResources
INFO: Undeploying context []
18 Feb, 2012 3:46:05 PM org.apache.catalina.startup.HostConfig deployDescriptor
INFO: Deploying configuration descriptor ROOT.xml
18 Feb, 2012 3:46:05 PM org.apache.catalina.core.StandardContext start
INFO: Container org.apache.catalina.core.ContainerBase.[Catalina].[localhost].[/] has already been started
18 Feb, 2012 3:47:03 PM org.apache.catalina.startup.HostConfig checkResources
INFO: Undeploying context []
18 Feb, 2012 3:47:03 PM org.apache.catalina.startup.HostConfig deployDescriptor
INFO: Deploying configuration descriptor ROOT.xml
18 Feb, 2012 3:47:03 PM org.apache.catalina.core.StandardContext start
INFO: Container org.apache.catalina.core.ContainerBase.[Catalina].[localhost].[/] has already been started
18 Feb, 2012 3:47:38 PM org.apache.catalina.loader.WebappClassLoader modified
SEVERE:     Resource '/WEB-INF/classes/com/yaid/readtxt/test.class' is missing
18 Feb, 2012 3:47:38 PM org.apache.catalina.core.StandardContext reload
INFO: Reloading Context with name [] has started
18 Feb, 2012 3:53:04 PM org.apache.catalina.core.StandardContext reload
INFO: Reloading Context with name [] has started
18 Feb, 2012 3:54:17 PM org.apache.catalina.startup.HostConfig checkResources
INFO: Undeploying context []
18 Feb, 2012 3:54:17 PM org.apache.catalina.startup.HostConfig deployDescriptor
INFO: Deploying configuration descriptor ROOT.xml
18 Feb, 2012 3:54:17 PM org.apache.catalina.core.StandardContext start
INFO: Container org.apache.catalina.core.ContainerBase.[Catalina].[localhost].[/] has already been started
18 Feb, 2012 3:54:34 PM org.apache.catalina.startup.HostConfig checkResources
INFO: Undeploying context []
18 Feb, 2012 3:54:34 PM org.apache.catalina.startup.HostConfig deployDescriptor
INFO: Deploying configuration descriptor ROOT.xml
18 Feb, 2012 3:54:34 PM org.apache.catalina.core.StandardContext start
INFO: Container org.apache.catalina.core.ContainerBase.[Catalina].[localhost].[/] has already been started
18 Feb, 2012 3:55:00 PM org.apache.catalina.core.StandardContext reload
INFO: Reloading Context with name [] has started
18 Feb, 2012 3:55:31 PM org.apache.catalina.core.StandardContext reload
INFO: Reloading Context with name [] has started
18 Feb, 2012 3:57:06 PM org.apache.catalina.startup.HostConfig checkResources
INFO: Reloading context []
18 Feb, 2012 3:57:12 PM org.apache.catalina.startup.HostConfig checkResources
INFO: Undeploying context []
18 Feb, 2012 3:57:12 PM org.apache.catalina.startup.HostConfig deployDescriptor
INFO: Deploying configuration descriptor ROOT.xml
18 Feb, 2012 3:57:13 PM org.apache.catalina.core.StandardContext start
INFO: Container org.apache.catalina.core.ContainerBase.[Catalina].[localhost].[/] has already been started
18 Feb, 2012 3:57:38 PM org.apache.catalina.core.StandardContext reload
INFO: Reloading Context with name [] has started
18 Feb, 2012 3:59:02 PM org.apache.catalina.core.StandardContext reload
INFO: Reloading Context with name [] has started
18 Feb, 2012 3:59:06 PM org.apache.catalina.startup.HostConfig checkResources
INFO: Undeploying context []
18 Feb, 2012 3:59:06 PM org.apache.catalina.startup.HostConfig deployDescriptor
INFO: Deploying configuration descriptor ROOT.xml
18 Feb, 2012 3:59:07 PM org.apache.catalina.core.StandardContext start
INFO: Container org.apache.catalina.core.ContainerBase.[Catalina].[localhost].[/] has already been started
18 Feb, 2012 3:59:55 PM org.apache.catalina.loader.WebappClassLoader modified
SEVERE:     Resource '/WEB-INF/classes/com/yaid/administrator/ViewAllUsers.class' is missing
18 Feb, 2012 3:59:55 PM org.apache.catalina.core.StandardContext reload
INFO: Reloading Context with name [] has started
18 Feb, 2012 4:00:58 PM org.apache.catalina.loader.WebappClassLoader modified
SEVERE:     Resource '/WEB-INF/lib/commons-fileupload-1.2.2.jar' is missing
18 Feb, 2012 4:00:58 PM org.apache.catalina.core.StandardContext reload
INFO: Reloading Context with name [] has started
18 Feb, 2012 4:02:01 PM org.apache.catalina.core.StandardContext reload
INFO: Reloading Context with name [] has started
18 Feb, 2012 4:02:22 PM org.apache.catalina.core.StandardContext reload
INFO: Reloading Context with name [] has started
18 Feb, 2012 4:02:33 PM org.apache.catalina.core.StandardContext reload
INFO: Reloading Context with name [] has started
18 Feb, 2012 4:02:54 PM org.apache.catalina.core.StandardContext reload
INFO: Reloading Context with name [] has started
18 Feb, 2012 4:15:20 PM org.apache.catalina.loader.WebappClassLoader modified
SEVERE:     Resource '/WEB-INF/lib/commons-fileupload-1.2.2.jar' is missing
18 Feb, 2012 4:15:20 PM org.apache.catalina.core.StandardContext reload
INFO: Reloading Context with name [] has started
18 Feb, 2012 4:15:30 PM org.apache.catalina.startup.HostConfig checkResources
INFO: Reloading context []
18 Feb, 2012 4:16:02 PM org.apache.catalina.core.StandardContext reload
INFO: Reloading Context with name [] has started
18 Feb, 2012 4:56:30 PM org.apache.coyote.http11.Http11Protocol pause
INFO: Pausing Coyote HTTP/1.1 on http-8080
18 Feb, 2012 4:56:31 PM org.apache.catalina.core.StandardService stop
INFO: Stopping service Catalina
18 Feb, 2012 4:56:31 PM org.apache.coyote.http11.Http11Protocol destroy
INFO: Stopping Coyote HTTP/1.1 on http-8080
