12 Jan, 2012 8:59:17 AM org.apache.catalina.core.AprLifecycleListener init
INFO: Loaded APR based Apache Tomcat Native library 1.1.22.
12 Jan, 2012 8:59:18 AM org.apache.catalina.core.AprLifecycleListener init
INFO: APR capabilities: IPv6 [false], sendfile [true], accept filters [false], random [true].
12 Jan, 2012 8:59:19 AM org.apache.coyote.http11.Http11AprProtocol init
INFO: Initializing Coyote HTTP/1.1 on http-8080
12 Jan, 2012 8:59:19 AM org.apache.coyote.ajp.AjpAprProtocol init
INFO: Initializing Coyote AJP/1.3 on ajp-8009
12 Jan, 2012 8:59:19 AM org.apache.catalina.startup.Catalina load
INFO: Initialization processed in 2374 ms
12 Jan, 2012 8:59:20 AM org.apache.catalina.core.StandardService start
INFO: Starting service Catalina
12 Jan, 2012 8:59:20 AM org.apache.catalina.core.StandardEngine start
INFO: Starting Servlet Engine: Apache Tomcat/6.0.35
12 Jan, 2012 8:59:20 AM org.apache.catalina.startup.HostConfig deployDescriptor
INFO: Deploying configuration descriptor host-manager.xml
12 Jan, 2012 8:59:20 AM org.apache.catalina.startup.HostConfig deployDescriptor
INFO: Deploying configuration descriptor manager.xml
12 Jan, 2012 8:59:20 AM org.apache.catalina.startup.HostConfig deployDescriptor
INFO: Deploying configuration descriptor ROOT.xml
12 Jan, 2012 8:59:20 AM org.apache.catalina.startup.HostConfig deployDirectory
INFO: Deploying web application directory docs
12 Jan, 2012 8:59:20 AM org.apache.catalina.startup.HostConfig deployDirectory
INFO: Deploying web application directory examples
12 Jan, 2012 8:59:21 AM org.apache.coyote.http11.Http11AprProtocol start
INFO: Starting Coyote HTTP/1.1 on http-8080
12 Jan, 2012 8:59:21 AM org.apache.coyote.ajp.AjpAprProtocol start
INFO: Starting Coyote AJP/1.3 on ajp-8009
12 Jan, 2012 8:59:21 AM org.apache.catalina.startup.Catalina start
INFO: Server startup in 1876 ms
12 Jan, 2012 8:59:23 AM org.apache.catalina.startup.HostConfig checkResources
INFO: Undeploying context []
12 Jan, 2012 8:59:23 AM org.apache.catalina.startup.HostConfig deployDescriptor
INFO: Deploying configuration descriptor ROOT.xml
12 Jan, 2012 8:59:23 AM org.apache.catalina.core.StandardContext start
INFO: Container org.apache.catalina.core.ContainerBase.[Catalina].[localhost].[/] has already been started
12 Jan, 2012 10:27:56 AM org.apache.coyote.http11.Http11AprProtocol pause
INFO: Pausing Coyote HTTP/1.1 on http-8080
12 Jan, 2012 10:27:56 AM org.apache.coyote.ajp.AjpAprProtocol pause
INFO: Pausing Coyote AJP/1.3 on ajp-8009
12 Jan, 2012 10:27:57 AM org.apache.catalina.core.StandardService stop
INFO: Stopping service Catalina
12 Jan, 2012 10:27:57 AM org.apache.coyote.http11.Http11AprProtocol destroy
INFO: Stopping Coyote HTTP/1.1 on http-8080
12 Jan, 2012 10:27:57 AM org.apache.coyote.ajp.AjpAprProtocol destroy
INFO: Stopping Coyote AJP/1.3 on ajp-8009
