Jan 19, 2012 12:03:57 AM org.apache.catalina.core.StandardContext reload
INFO: Reloading Context with name [] has started
Jan 19, 2012 12:21:08 AM org.apache.catalina.core.StandardContext reload
INFO: Reloading Context with name [] has started
Jan 19, 2012 12:23:38 AM org.apache.catalina.core.StandardContext reload
INFO: Reloading Context with name [] has started
Jan 19, 2012 12:24:48 AM org.apache.catalina.core.StandardContext reload
INFO: Reloading Context with name [] has started
Jan 19, 2012 12:26:28 AM org.apache.catalina.core.StandardContext reload
INFO: Reloading Context with name [] has started
Jan 19, 2012 12:28:08 AM org.apache.catalina.core.StandardContext reload
INFO: Reloading Context with name [] has started
Jan 19, 2012 12:28:38 AM org.apache.catalina.startup.HostConfig checkResources
INFO: Reloading context []
Jan 19, 2012 1:24:38 AM org.apache.coyote.http11.Http11Protocol pause
INFO: Pausing Coyote HTTP/1.1 on http-8080
Jan 19, 2012 1:24:39 AM org.apache.catalina.core.StandardService stop
INFO: Stopping service Catalina
Jan 19, 2012 1:24:39 AM org.apache.coyote.http11.Http11Protocol destroy
INFO: Stopping Coyote HTTP/1.1 on http-8080
19 Jan, 2012 9:40:40 AM org.apache.catalina.core.AprLifecycleListener init
INFO: The APR based Apache Tomcat Native library which allows optimal performance in production environments was not found on the java.library.path: D:\Java\jdk1.6.0_26\bin;C:\Windows\Sun\Java\bin;C:\Windows\system32;C:\Windows;C:\Program Files\Common Files\Microsoft Shared\Windows Live;C:\Windows\system32;C:\Windows;C:\Windows\System32\Wbem;C:\Windows\System32\WindowsPowerShell\v1.0\;C:\Program Files\Broadcom\Broadcom 802.11 Network Adapter\Driver;C:\Program Files (x86)\Toshiba\Bluetooth Toshiba Stack\sys\;C:\Program Files (x86)\Toshiba\Bluetooth Toshiba Stack\sys\x64\;D:\Heroku;C:\Program Files (x86)\git\bin;C:\Program Files (x86)\git\cmd;D:\Java\jdk1.6.0_26\bin;D:\Mercurial;.
19 Jan, 2012 9:40:41 AM org.apache.coyote.http11.Http11Protocol init
INFO: Initializing Coyote HTTP/1.1 on http-8080
19 Jan, 2012 9:40:41 AM org.apache.catalina.startup.Catalina load
INFO: Initialization processed in 2771 ms
19 Jan, 2012 9:40:41 AM org.apache.catalina.core.StandardService start
INFO: Starting service Catalina
19 Jan, 2012 9:40:41 AM org.apache.catalina.core.StandardEngine start
INFO: Starting Servlet Engine: Apache Tomcat/6.0.35
19 Jan, 2012 9:40:41 AM org.apache.catalina.startup.HostConfig deployDescriptor
INFO: Deploying configuration descriptor host-manager.xml
19 Jan, 2012 9:40:43 AM org.apache.catalina.startup.HostConfig deployDescriptor
INFO: Deploying configuration descriptor manager.xml
19 Jan, 2012 9:40:43 AM org.apache.catalina.startup.HostConfig deployDescriptor
INFO: Deploying configuration descriptor ROOT.xml
19 Jan, 2012 9:40:43 AM org.apache.catalina.startup.HostConfig deployDescriptor
WARNING: A docBase E:\Dropbox\YAID\apache-tomcat-6.0.35\webapps\home\vignesh\Dropbox\YAID\build\web inside the host appBase has been specified, and will be ignored
19 Jan, 2012 9:40:43 AM org.apache.catalina.core.StandardContext resourcesStart
SEVERE: Error starting static Resources
java.lang.IllegalArgumentException: Document base E:\Dropbox\YAID\apache-tomcat-6.0.35\webapps\ROOT does not exist or is not a readable directory
	at org.apache.naming.resources.FileDirContext.setDocBase(FileDirContext.java:142)
	at org.apache.catalina.core.StandardContext.resourcesStart(StandardContext.java:4320)
	at org.apache.catalina.core.StandardContext.start(StandardContext.java:4489)
	at org.apache.catalina.core.ContainerBase.addChildInternal(ContainerBase.java:799)
	at org.apache.catalina.core.ContainerBase.addChild(ContainerBase.java:779)
	at org.apache.catalina.core.StandardHost.addChild(StandardHost.java:601)
	at org.apache.catalina.startup.HostConfig.deployDescriptor(HostConfig.java:675)
	at org.apache.catalina.startup.HostConfig.deployDescriptors(HostConfig.java:601)
	at org.apache.catalina.startup.HostConfig.deployApps(HostConfig.java:502)
	at org.apache.catalina.startup.HostConfig.start(HostConfig.java:1317)
	at org.apache.catalina.startup.HostConfig.lifecycleEvent(HostConfig.java:324)
	at org.apache.catalina.util.LifecycleSupport.fireLifecycleEvent(LifecycleSupport.java:142)
	at org.apache.catalina.core.ContainerBase.start(ContainerBase.java:1065)
	at org.apache.catalina.core.StandardHost.start(StandardHost.java:840)
	at org.apache.catalina.core.ContainerBase.start(ContainerBase.java:1057)
	at org.apache.catalina.core.StandardEngine.start(StandardEngine.java:463)
	at org.apache.catalina.core.StandardService.start(StandardService.java:525)
	at org.apache.catalina.core.StandardServer.start(StandardServer.java:754)
	at org.apache.catalina.startup.Catalina.start(Catalina.java:595)
	at sun.reflect.NativeMethodAccessorImpl.invoke0(Native Method)
	at sun.reflect.NativeMethodAccessorImpl.invoke(NativeMethodAccessorImpl.java:39)
	at sun.reflect.DelegatingMethodAccessorImpl.invoke(DelegatingMethodAccessorImpl.java:25)
	at java.lang.reflect.Method.invoke(Method.java:597)
	at org.apache.catalina.startup.Bootstrap.start(Bootstrap.java:289)
	at org.apache.catalina.startup.Bootstrap.main(Bootstrap.java:414)
19 Jan, 2012 9:40:43 AM org.apache.catalina.core.StandardContext start
SEVERE: Error in resourceStart()
19 Jan, 2012 9:40:43 AM org.apache.catalina.core.StandardContext start
SEVERE: Error getConfigured
19 Jan, 2012 9:40:43 AM org.apache.catalina.core.StandardContext start
SEVERE: Context [] startup failed due to previous errors
19 Jan, 2012 9:40:43 AM org.apache.catalina.core.StandardContext stop
INFO: Container org.apache.catalina.core.ContainerBase.[Catalina].[localhost].[/] has not been started
19 Jan, 2012 9:40:43 AM org.apache.catalina.startup.HostConfig deployDirectory
INFO: Deploying web application directory docs
19 Jan, 2012 9:40:43 AM org.apache.catalina.startup.HostConfig deployDirectory
INFO: Deploying web application directory examples
19 Jan, 2012 9:40:44 AM org.apache.coyote.http11.Http11Protocol start
INFO: Starting Coyote HTTP/1.1 on http-8080
19 Jan, 2012 9:40:45 AM org.apache.jk.common.ChannelSocket init
INFO: Port busy 8009 java.net.BindException: Address already in use: JVM_Bind
19 Jan, 2012 9:40:45 AM org.apache.jk.common.ChannelSocket init
SEVERE: Can't find free port 8009 8009
19 Jan, 2012 9:40:45 AM org.apache.jk.server.JkMain start
INFO: Jk running ID=0 time=0/47  config=null
19 Jan, 2012 9:40:45 AM org.apache.catalina.startup.Catalina start
INFO: Server startup in 3793 ms
19 Jan, 2012 9:40:45 AM org.apache.catalina.core.StandardContext stop
INFO: Container org.apache.catalina.core.ContainerBase.[Catalina].[localhost].[/] has not been started
19 Jan, 2012 9:40:45 AM org.apache.catalina.startup.HostConfig checkResources
INFO: Undeploying context []
19 Jan, 2012 9:40:46 AM org.apache.catalina.startup.HostConfig deployDescriptor
INFO: Deploying configuration descriptor ROOT.xml
19 Jan, 2012 9:40:46 AM org.apache.catalina.core.StandardContext start
INFO: Container org.apache.catalina.core.ContainerBase.[Catalina].[localhost].[/] has already been started
19 Jan, 2012 9:50:23 AM org.apache.catalina.startup.HostConfig checkResources
INFO: Undeploying context []
19 Jan, 2012 9:50:24 AM org.apache.catalina.startup.HostConfig deployDescriptor
INFO: Deploying configuration descriptor ROOT.xml
19 Jan, 2012 9:50:24 AM org.apache.catalina.core.StandardContext start
INFO: Container org.apache.catalina.core.ContainerBase.[Catalina].[localhost].[/] has already been started
19 Jan, 2012 10:25:08 AM org.apache.catalina.core.StandardContext reload
INFO: Reloading Context with name [] has started
19 Jan, 2012 10:26:08 AM org.apache.catalina.startup.HostConfig checkResources
INFO: Reloading context []
19 Jan, 2012 10:26:18 AM org.apache.catalina.core.StandardContext reload
INFO: Reloading Context with name [] has started
19 Jan, 2012 10:39:34 AM org.apache.catalina.startup.HostConfig checkResources
INFO: Undeploying context []
19 Jan, 2012 10:39:34 AM org.apache.catalina.startup.HostConfig deployDescriptor
INFO: Deploying configuration descriptor ROOT.xml
19 Jan, 2012 10:39:34 AM org.apache.catalina.core.StandardContext start
INFO: Container org.apache.catalina.core.ContainerBase.[Catalina].[localhost].[/] has already been started
19 Jan, 2012 10:40:17 AM org.apache.catalina.startup.HostConfig checkResources
INFO: Undeploying context []
19 Jan, 2012 10:40:17 AM org.apache.catalina.startup.HostConfig deployDescriptor
INFO: Deploying configuration descriptor ROOT.xml
19 Jan, 2012 10:40:17 AM org.apache.catalina.core.StandardContext start
INFO: Container org.apache.catalina.core.ContainerBase.[Catalina].[localhost].[/] has already been started
19 Jan, 2012 11:01:51 AM org.apache.catalina.core.StandardContext reload
INFO: Reloading Context with name [] has started
19 Jan, 2012 11:02:14 AM org.apache.catalina.startup.HostConfig checkResources
INFO: Undeploying context []
19 Jan, 2012 11:02:14 AM org.apache.catalina.startup.HostConfig deployDescriptor
INFO: Deploying configuration descriptor ROOT.xml
19 Jan, 2012 11:02:14 AM org.apache.catalina.core.StandardContext start
INFO: Container org.apache.catalina.core.ContainerBase.[Catalina].[localhost].[/] has already been started
19 Jan, 2012 11:05:02 AM org.apache.catalina.core.StandardContext reload
INFO: Reloading Context with name [] has started
19 Jan, 2012 11:06:12 AM org.apache.catalina.core.StandardContext reload
INFO: Reloading Context with name [] has started
19 Jan, 2012 11:06:52 AM org.apache.catalina.core.StandardContext reload
INFO: Reloading Context with name [] has started
19 Jan, 2012 11:08:52 AM org.apache.catalina.core.StandardContext reload
INFO: Reloading Context with name [] has started
19 Jan, 2012 11:10:32 AM org.apache.catalina.core.StandardContext reload
INFO: Reloading Context with name [] has started
19 Jan, 2012 11:14:43 AM org.apache.catalina.core.StandardContext reload
INFO: Reloading Context with name [] has started
19 Jan, 2012 11:16:33 AM org.apache.catalina.core.StandardContext reload
INFO: Reloading Context with name [] has started
19 Jan, 2012 11:18:13 AM org.apache.catalina.core.StandardContext reload
INFO: Reloading Context with name [] has started
19 Jan, 2012 11:22:04 AM org.apache.catalina.core.StandardContext reload
INFO: Reloading Context with name [] has started
19 Jan, 2012 11:23:24 AM org.apache.catalina.core.StandardContext reload
INFO: Reloading Context with name [] has started
19 Jan, 2012 11:24:01 AM org.apache.catalina.startup.HostConfig checkResources
INFO: Undeploying context []
19 Jan, 2012 11:24:01 AM org.apache.catalina.startup.HostConfig deployDescriptor
INFO: Deploying configuration descriptor ROOT.xml
19 Jan, 2012 11:24:01 AM org.apache.catalina.core.StandardContext start
INFO: Container org.apache.catalina.core.ContainerBase.[Catalina].[localhost].[/] has already been started
19 Jan, 2012 11:25:55 AM org.apache.catalina.core.StandardContext reload
INFO: Reloading Context with name [] has started
19 Jan, 2012 11:31:35 AM org.apache.catalina.core.StandardContext reload
INFO: Reloading Context with name [] has started
19 Jan, 2012 11:31:41 AM org.apache.catalina.startup.HostConfig checkResources
INFO: Undeploying context []
19 Jan, 2012 11:31:41 AM org.apache.catalina.startup.HostConfig deployDescriptor
INFO: Deploying configuration descriptor ROOT.xml
19 Jan, 2012 11:31:41 AM org.apache.catalina.core.StandardContext start
INFO: Container org.apache.catalina.core.ContainerBase.[Catalina].[localhost].[/] has already been started
19 Jan, 2012 11:32:58 AM org.apache.catalina.startup.HostConfig checkResources
INFO: Undeploying context []
19 Jan, 2012 11:32:58 AM org.apache.catalina.startup.HostConfig deployDescriptor
INFO: Deploying configuration descriptor ROOT.xml
19 Jan, 2012 11:32:58 AM org.apache.catalina.core.StandardContext start
INFO: Container org.apache.catalina.core.ContainerBase.[Catalina].[localhost].[/] has already been started
19 Jan, 2012 11:52:24 AM org.apache.coyote.http11.Http11Protocol pause
INFO: Pausing Coyote HTTP/1.1 on http-8080
19 Jan, 2012 11:52:25 AM org.apache.catalina.core.StandardService stop
INFO: Stopping service Catalina
19 Jan, 2012 11:52:25 AM org.apache.coyote.http11.Http11Protocol destroy
INFO: Stopping Coyote HTTP/1.1 on http-8080
