Jan 22, 2012 12:11:11 AM org.apache.catalina.core.AprLifecycleListener init
INFO: The APR based Apache Tomcat Native library which allows optimal performance in production environments was not found on the java.library.path: /usr/java/packages/lib/i386:/usr/lib/i386-linux-gnu/jni:/lib/i386-linux-gnu:/usr/lib/i386-linux-gnu:/usr/lib/jni:/lib:/usr/lib
Jan 22, 2012 12:11:12 AM org.apache.coyote.http11.Http11Protocol init
INFO: Initializing Coyote HTTP/1.1 on http-8080
Jan 22, 2012 12:11:12 AM org.apache.catalina.startup.Catalina load
INFO: Initialization processed in 3276 ms
Jan 22, 2012 12:11:13 AM org.apache.catalina.core.StandardService start
INFO: Starting service Catalina
Jan 22, 2012 12:11:13 AM org.apache.catalina.core.StandardEngine start
INFO: Starting Servlet Engine: Apache Tomcat/6.0.35
Jan 22, 2012 12:11:13 AM org.apache.catalina.startup.HostConfig deployDescriptor
INFO: Deploying configuration descriptor manager.xml
Jan 22, 2012 12:11:13 AM org.apache.catalina.startup.HostConfig deployDescriptor
INFO: Deploying configuration descriptor ROOT.xml
Jan 22, 2012 12:11:14 AM org.apache.catalina.startup.HostConfig deployDescriptor
INFO: Deploying configuration descriptor host-manager.xml
Jan 22, 2012 12:11:14 AM org.apache.catalina.startup.HostConfig deployDirectory
INFO: Deploying web application directory examples
Jan 22, 2012 12:11:15 AM org.apache.catalina.startup.HostConfig deployDirectory
INFO: Deploying web application directory docs
Jan 22, 2012 12:11:15 AM org.apache.coyote.http11.Http11Protocol start
INFO: Starting Coyote HTTP/1.1 on http-8080
Jan 22, 2012 12:11:15 AM org.apache.jk.common.ChannelSocket init
INFO: JK: ajp13 listening on /0.0.0.0:8009
Jan 22, 2012 12:11:15 AM org.apache.jk.server.JkMain start
INFO: Jk running ID=0 time=0/172  config=null
Jan 22, 2012 12:11:15 AM org.apache.catalina.startup.Catalina start
INFO: Server startup in 2737 ms
Jan 22, 2012 12:11:18 AM org.apache.catalina.startup.HostConfig checkResources
INFO: Undeploying context []
Jan 22, 2012 12:11:18 AM org.apache.catalina.startup.HostConfig deployDescriptor
INFO: Deploying configuration descriptor ROOT.xml
Jan 22, 2012 12:11:18 AM org.apache.catalina.core.StandardContext start
INFO: Container org.apache.catalina.core.ContainerBase.[Catalina].[localhost].[/] has already been started
Jan 22, 2012 12:31:25 AM org.apache.catalina.core.StandardContext reload
INFO: Reloading Context with name [] has started
Jan 22, 2012 12:36:05 AM org.apache.catalina.core.StandardContext reload
INFO: Reloading Context with name [] has started
Jan 22, 2012 12:36:25 AM org.apache.catalina.core.StandardContext reload
INFO: Reloading Context with name [] has started
Jan 22, 2012 12:36:36 AM org.apache.catalina.core.StandardContext reload
INFO: Reloading Context with name [] has started
Jan 22, 2012 12:36:56 AM org.apache.catalina.core.StandardContext reload
INFO: Reloading Context with name [] has started
Jan 22, 2012 12:38:26 AM org.apache.catalina.startup.HostConfig checkResources
INFO: Reloading context []
Jan 22, 2012 12:39:26 AM org.apache.catalina.startup.HostConfig checkResources
INFO: Reloading context []
Jan 22, 2012 1:10:47 AM org.apache.catalina.startup.HostConfig checkResources
INFO: Reloading context []
Jan 22, 2012 1:23:08 AM org.apache.catalina.startup.HostConfig checkResources
INFO: Reloading context []
Jan 22, 2012 1:25:18 AM org.apache.catalina.startup.HostConfig checkResources
INFO: Reloading context []
Jan 22, 2012 1:35:08 AM org.apache.coyote.http11.Http11Protocol pause
INFO: Pausing Coyote HTTP/1.1 on http-8080
Jan 22, 2012 1:35:09 AM org.apache.catalina.core.StandardService stop
INFO: Stopping service Catalina
Jan 22, 2012 1:35:09 AM org.apache.coyote.http11.Http11Protocol destroy
INFO: Stopping Coyote HTTP/1.1 on http-8080
Jan 22, 2012 12:08:14 PM org.apache.catalina.core.AprLifecycleListener init
INFO: The APR based Apache Tomcat Native library which allows optimal performance in production environments was not found on the java.library.path: /usr/java/packages/lib/i386:/usr/lib/i386-linux-gnu/jni:/lib/i386-linux-gnu:/usr/lib/i386-linux-gnu:/usr/lib/jni:/lib:/usr/lib
Jan 22, 2012 12:08:16 PM org.apache.coyote.http11.Http11Protocol init
INFO: Initializing Coyote HTTP/1.1 on http-8080
Jan 22, 2012 12:08:16 PM org.apache.catalina.startup.Catalina load
INFO: Initialization processed in 3321 ms
Jan 22, 2012 12:08:16 PM org.apache.catalina.core.StandardService start
INFO: Starting service Catalina
Jan 22, 2012 12:08:16 PM org.apache.catalina.core.StandardEngine start
INFO: Starting Servlet Engine: Apache Tomcat/6.0.35
Jan 22, 2012 12:08:16 PM org.apache.catalina.startup.HostConfig deployDescriptor
INFO: Deploying configuration descriptor manager.xml
Jan 22, 2012 12:08:18 PM org.apache.catalina.startup.HostConfig deployDescriptor
INFO: Deploying configuration descriptor ROOT.xml
Jan 22, 2012 12:08:18 PM org.apache.catalina.startup.HostConfig deployDescriptor
WARNING: A docBase /home/vignesh/Dropbox/YAID/apache-tomcat-6.0.35/webapps/E:\Dropbox\YAID\build\web inside the host appBase has been specified, and will be ignored
Jan 22, 2012 12:08:18 PM org.apache.catalina.core.StandardContext resourcesStart
SEVERE: Error starting static Resources
java.lang.IllegalArgumentException: Document base /home/vignesh/Dropbox/YAID/apache-tomcat-6.0.35/webapps/ROOT does not exist or is not a readable directory
	at org.apache.naming.resources.FileDirContext.setDocBase(FileDirContext.java:142)
	at org.apache.catalina.core.StandardContext.resourcesStart(StandardContext.java:4320)
	at org.apache.catalina.core.StandardContext.start(StandardContext.java:4489)
	at org.apache.catalina.core.ContainerBase.addChildInternal(ContainerBase.java:799)
	at org.apache.catalina.core.ContainerBase.addChild(ContainerBase.java:779)
	at org.apache.catalina.core.StandardHost.addChild(StandardHost.java:601)
	at org.apache.catalina.startup.HostConfig.deployDescriptor(HostConfig.java:675)
	at org.apache.catalina.startup.HostConfig.deployDescriptors(HostConfig.java:601)
	at org.apache.catalina.startup.HostConfig.deployApps(HostConfig.java:502)
	at org.apache.catalina.startup.HostConfig.start(HostConfig.java:1317)
	at org.apache.catalina.startup.HostConfig.lifecycleEvent(HostConfig.java:324)
	at org.apache.catalina.util.LifecycleSupport.fireLifecycleEvent(LifecycleSupport.java:142)
	at org.apache.catalina.core.ContainerBase.start(ContainerBase.java:1065)
	at org.apache.catalina.core.StandardHost.start(StandardHost.java:840)
	at org.apache.catalina.core.ContainerBase.start(ContainerBase.java:1057)
	at org.apache.catalina.core.StandardEngine.start(StandardEngine.java:463)
	at org.apache.catalina.core.StandardService.start(StandardService.java:525)
	at org.apache.catalina.core.StandardServer.start(StandardServer.java:754)
	at org.apache.catalina.startup.Catalina.start(Catalina.java:595)
	at sun.reflect.NativeMethodAccessorImpl.invoke0(Native Method)
	at sun.reflect.NativeMethodAccessorImpl.invoke(NativeMethodAccessorImpl.java:57)
	at sun.reflect.DelegatingMethodAccessorImpl.invoke(DelegatingMethodAccessorImpl.java:43)
	at java.lang.reflect.Method.invoke(Method.java:601)
	at org.apache.catalina.startup.Bootstrap.start(Bootstrap.java:289)
	at org.apache.catalina.startup.Bootstrap.main(Bootstrap.java:414)

Jan 22, 2012 12:08:18 PM org.apache.catalina.core.StandardContext start
SEVERE: Error in resourceStart()
Jan 22, 2012 12:08:18 PM org.apache.catalina.core.StandardContext start
SEVERE: Error getConfigured
Jan 22, 2012 12:08:18 PM org.apache.catalina.core.StandardContext start
SEVERE: Context [] startup failed due to previous errors
Jan 22, 2012 12:08:18 PM org.apache.catalina.core.StandardContext stop
INFO: Container org.apache.catalina.core.ContainerBase.[Catalina].[localhost].[/] has not been started
Jan 22, 2012 12:08:18 PM org.apache.catalina.startup.HostConfig deployDescriptor
INFO: Deploying configuration descriptor host-manager.xml
Jan 22, 2012 12:08:18 PM org.apache.catalina.startup.HostConfig deployDirectory
INFO: Deploying web application directory examples
Jan 22, 2012 12:08:19 PM org.apache.catalina.startup.HostConfig deployDirectory
INFO: Deploying web application directory docs
Jan 22, 2012 12:08:19 PM org.apache.coyote.http11.Http11Protocol start
INFO: Starting Coyote HTTP/1.1 on http-8080
Jan 22, 2012 12:08:19 PM org.apache.jk.common.ChannelSocket init
INFO: JK: ajp13 listening on /0.0.0.0:8009
Jan 22, 2012 12:08:19 PM org.apache.jk.server.JkMain start
INFO: Jk running ID=0 time=0/206  config=null
Jan 22, 2012 12:08:20 PM org.apache.catalina.startup.Catalina start
INFO: Server startup in 3576 ms
Jan 22, 2012 12:08:27 PM org.apache.catalina.core.StandardContext stop
INFO: Container org.apache.catalina.core.ContainerBase.[Catalina].[localhost].[/] has not been started
Jan 22, 2012 12:08:27 PM org.apache.catalina.startup.HostConfig checkResources
INFO: Undeploying context []
Jan 22, 2012 12:08:27 PM org.apache.catalina.startup.HostConfig deployDescriptor
INFO: Deploying configuration descriptor ROOT.xml
Jan 22, 2012 12:08:28 PM org.apache.catalina.core.StandardContext start
INFO: Container org.apache.catalina.core.ContainerBase.[Catalina].[localhost].[/] has already been started
Jan 22, 2012 3:10:03 PM org.apache.catalina.core.AprLifecycleListener init
INFO: The APR based Apache Tomcat Native library which allows optimal performance in production environments was not found on the java.library.path: /usr/java/packages/lib/i386:/usr/lib/i386-linux-gnu/jni:/lib/i386-linux-gnu:/usr/lib/i386-linux-gnu:/usr/lib/jni:/lib:/usr/lib
Jan 22, 2012 3:10:04 PM org.apache.coyote.http11.Http11Protocol init
INFO: Initializing Coyote HTTP/1.1 on http-8080
Jan 22, 2012 3:10:04 PM org.apache.catalina.startup.Catalina load
INFO: Initialization processed in 2849 ms
Jan 22, 2012 3:10:04 PM org.apache.catalina.core.StandardService start
INFO: Starting service Catalina
Jan 22, 2012 3:10:04 PM org.apache.catalina.core.StandardEngine start
INFO: Starting Servlet Engine: Apache Tomcat/6.0.35
Jan 22, 2012 3:10:04 PM org.apache.catalina.startup.HostConfig deployDescriptor
INFO: Deploying configuration descriptor manager.xml
Jan 22, 2012 3:10:05 PM org.apache.catalina.startup.HostConfig deployDescriptor
INFO: Deploying configuration descriptor ROOT.xml
Jan 22, 2012 3:10:05 PM org.apache.catalina.startup.HostConfig deployDescriptor
WARNING: A docBase /home/vignesh/Dropbox/YAID/apache-tomcat-6.0.35/webapps/E:\Dropbox\YAID\build\web inside the host appBase has been specified, and will be ignored
Jan 22, 2012 3:10:05 PM org.apache.catalina.core.StandardContext resourcesStart
SEVERE: Error starting static Resources
java.lang.IllegalArgumentException: Document base /home/vignesh/Dropbox/YAID/apache-tomcat-6.0.35/webapps/ROOT does not exist or is not a readable directory
	at org.apache.naming.resources.FileDirContext.setDocBase(FileDirContext.java:142)
	at org.apache.catalina.core.StandardContext.resourcesStart(StandardContext.java:4320)
	at org.apache.catalina.core.StandardContext.start(StandardContext.java:4489)
	at org.apache.catalina.core.ContainerBase.addChildInternal(ContainerBase.java:799)
	at org.apache.catalina.core.ContainerBase.addChild(ContainerBase.java:779)
	at org.apache.catalina.core.StandardHost.addChild(StandardHost.java:601)
	at org.apache.catalina.startup.HostConfig.deployDescriptor(HostConfig.java:675)
	at org.apache.catalina.startup.HostConfig.deployDescriptors(HostConfig.java:601)
	at org.apache.catalina.startup.HostConfig.deployApps(HostConfig.java:502)
	at org.apache.catalina.startup.HostConfig.start(HostConfig.java:1317)
	at org.apache.catalina.startup.HostConfig.lifecycleEvent(HostConfig.java:324)
	at org.apache.catalina.util.LifecycleSupport.fireLifecycleEvent(LifecycleSupport.java:142)
	at org.apache.catalina.core.ContainerBase.start(ContainerBase.java:1065)
	at org.apache.catalina.core.StandardHost.start(StandardHost.java:840)
	at org.apache.catalina.core.ContainerBase.start(ContainerBase.java:1057)
	at org.apache.catalina.core.StandardEngine.start(StandardEngine.java:463)
	at org.apache.catalina.core.StandardService.start(StandardService.java:525)
	at org.apache.catalina.core.StandardServer.start(StandardServer.java:754)
	at org.apache.catalina.startup.Catalina.start(Catalina.java:595)
	at sun.reflect.NativeMethodAccessorImpl.invoke0(Native Method)
	at sun.reflect.NativeMethodAccessorImpl.invoke(NativeMethodAccessorImpl.java:57)
	at sun.reflect.DelegatingMethodAccessorImpl.invoke(DelegatingMethodAccessorImpl.java:43)
	at java.lang.reflect.Method.invoke(Method.java:601)
	at org.apache.catalina.startup.Bootstrap.start(Bootstrap.java:289)
	at org.apache.catalina.startup.Bootstrap.main(Bootstrap.java:414)

Jan 22, 2012 3:10:05 PM org.apache.catalina.core.StandardContext start
SEVERE: Error in resourceStart()
Jan 22, 2012 3:10:05 PM org.apache.catalina.core.StandardContext start
SEVERE: Error getConfigured
Jan 22, 2012 3:10:05 PM org.apache.catalina.core.StandardContext start
SEVERE: Context [] startup failed due to previous errors
Jan 22, 2012 3:10:05 PM org.apache.catalina.core.StandardContext stop
INFO: Container org.apache.catalina.core.ContainerBase.[Catalina].[localhost].[/] has not been started
Jan 22, 2012 3:10:05 PM org.apache.catalina.startup.HostConfig deployDescriptor
INFO: Deploying configuration descriptor host-manager.xml
Jan 22, 2012 3:10:06 PM org.apache.catalina.startup.HostConfig deployDirectory
INFO: Deploying web application directory examples
Jan 22, 2012 3:10:07 PM org.apache.catalina.startup.HostConfig deployDirectory
INFO: Deploying web application directory docs
Jan 22, 2012 3:10:07 PM org.apache.coyote.http11.Http11Protocol start
INFO: Starting Coyote HTTP/1.1 on http-8080
Jan 22, 2012 3:10:07 PM org.apache.jk.common.ChannelSocket init
INFO: JK: ajp13 listening on /0.0.0.0:8009
Jan 22, 2012 3:10:07 PM org.apache.jk.server.JkMain start
INFO: Jk running ID=0 time=0/149  config=null
Jan 22, 2012 3:10:07 PM org.apache.catalina.startup.Catalina start
INFO: Server startup in 3170 ms
Jan 22, 2012 3:10:10 PM org.apache.catalina.core.StandardContext stop
INFO: Container org.apache.catalina.core.ContainerBase.[Catalina].[localhost].[/] has not been started
Jan 22, 2012 3:10:10 PM org.apache.catalina.startup.HostConfig checkResources
INFO: Undeploying context []
Jan 22, 2012 3:10:10 PM org.apache.catalina.startup.HostConfig deployDescriptor
INFO: Deploying configuration descriptor ROOT.xml
Jan 22, 2012 3:10:12 PM org.apache.catalina.core.StandardContext start
INFO: Container org.apache.catalina.core.ContainerBase.[Catalina].[localhost].[/] has already been started
Jan 22, 2012 3:10:17 PM org.apache.catalina.core.StandardContext reload
INFO: Reloading Context with name [] has started
Jan 22, 2012 3:11:17 PM org.apache.catalina.startup.HostConfig checkResources
INFO: Undeploying context []
Jan 22, 2012 3:11:17 PM org.apache.catalina.startup.HostConfig deployDescriptor
INFO: Deploying configuration descriptor ROOT.xml
Jan 22, 2012 3:11:17 PM org.apache.catalina.startup.HostConfig deployDescriptor
WARNING: A docBase /home/vignesh/Dropbox/YAID/apache-tomcat-6.0.35/webapps/E:\Dropbox\YAID\build\web inside the host appBase has been specified, and will be ignored
Jan 22, 2012 3:11:17 PM org.apache.catalina.core.StandardContext resourcesStart
SEVERE: Error starting static Resources
java.lang.IllegalArgumentException: Document base /home/vignesh/Dropbox/YAID/apache-tomcat-6.0.35/webapps/ROOT does not exist or is not a readable directory
	at org.apache.naming.resources.FileDirContext.setDocBase(FileDirContext.java:142)
	at org.apache.catalina.core.StandardContext.resourcesStart(StandardContext.java:4320)
	at org.apache.catalina.core.StandardContext.start(StandardContext.java:4489)
	at org.apache.catalina.core.ContainerBase.addChildInternal(ContainerBase.java:799)
	at org.apache.catalina.core.ContainerBase.addChild(ContainerBase.java:779)
	at org.apache.catalina.core.StandardHost.addChild(StandardHost.java:601)
	at org.apache.catalina.startup.HostConfig.deployDescriptor(HostConfig.java:675)
	at org.apache.catalina.startup.HostConfig.deployDescriptors(HostConfig.java:601)
	at org.apache.catalina.startup.HostConfig.deployApps(HostConfig.java:502)
	at org.apache.catalina.startup.HostConfig.check(HostConfig.java:1385)
	at org.apache.catalina.startup.HostConfig.lifecycleEvent(HostConfig.java:306)
	at org.apache.catalina.util.LifecycleSupport.fireLifecycleEvent(LifecycleSupport.java:142)
	at org.apache.catalina.core.ContainerBase.backgroundProcess(ContainerBase.java:1389)
	at org.apache.catalina.core.ContainerBase$ContainerBackgroundProcessor.processChildren(ContainerBase.java:1653)
	at org.apache.catalina.core.ContainerBase$ContainerBackgroundProcessor.processChildren(ContainerBase.java:1662)
	at org.apache.catalina.core.ContainerBase$ContainerBackgroundProcessor.run(ContainerBase.java:1642)
	at java.lang.Thread.run(Thread.java:722)

Jan 22, 2012 3:11:17 PM org.apache.catalina.core.StandardContext start
SEVERE: Error in resourceStart()
Jan 22, 2012 3:11:17 PM org.apache.catalina.core.StandardContext start
SEVERE: Error getConfigured
Jan 22, 2012 3:11:17 PM org.apache.catalina.core.StandardContext start
SEVERE: Context [] startup failed due to previous errors
Jan 22, 2012 3:11:17 PM org.apache.catalina.core.StandardContext stop
INFO: Container org.apache.catalina.core.ContainerBase.[Catalina].[localhost].[/] has not been started
22 Jan, 2012 3:39:34 PM org.apache.catalina.core.AprLifecycleListener init
INFO: The APR based Apache Tomcat Native library which allows optimal performance in production environments was not found on the java.library.path: D:\Java\jdk1.6.0_26\bin;C:\Windows\Sun\Java\bin;C:\Windows\system32;C:\Windows;C:\Program Files\Common Files\Microsoft Shared\Windows Live;C:\Windows\system32;C:\Windows;C:\Windows\System32\Wbem;C:\Windows\System32\WindowsPowerShell\v1.0\;C:\Program Files\Broadcom\Broadcom 802.11 Network Adapter\Driver;C:\Program Files (x86)\Toshiba\Bluetooth Toshiba Stack\sys\;C:\Program Files (x86)\Toshiba\Bluetooth Toshiba Stack\sys\x64\;D:\Heroku;C:\Program Files (x86)\git\bin;C:\Program Files (x86)\git\cmd;D:\Java\jdk1.6.0_26\bin;D:\Mercurial;.
22 Jan, 2012 3:39:35 PM org.apache.coyote.http11.Http11Protocol init
INFO: Initializing Coyote HTTP/1.1 on http-8080
22 Jan, 2012 3:39:35 PM org.apache.catalina.startup.Catalina load
INFO: Initialization processed in 979 ms
22 Jan, 2012 3:39:35 PM org.apache.catalina.core.StandardService start
INFO: Starting service Catalina
22 Jan, 2012 3:39:35 PM org.apache.catalina.core.StandardEngine start
INFO: Starting Servlet Engine: Apache Tomcat/6.0.35
22 Jan, 2012 3:39:35 PM org.apache.catalina.startup.HostConfig deployDescriptor
INFO: Deploying configuration descriptor host-manager.xml
22 Jan, 2012 3:39:35 PM org.apache.catalina.startup.HostConfig deployDescriptor
INFO: Deploying configuration descriptor manager.xml
22 Jan, 2012 3:39:35 PM org.apache.catalina.startup.HostConfig deployDescriptor
INFO: Deploying configuration descriptor ROOT.xml
22 Jan, 2012 3:39:35 PM org.apache.catalina.startup.HostConfig deployDirectory
INFO: Deploying web application directory docs
22 Jan, 2012 3:39:35 PM org.apache.catalina.startup.HostConfig deployDirectory
INFO: Deploying web application directory examples
22 Jan, 2012 3:39:36 PM org.apache.coyote.http11.Http11Protocol start
INFO: Starting Coyote HTTP/1.1 on http-8080
22 Jan, 2012 3:39:36 PM org.apache.jk.common.ChannelSocket init
INFO: Port busy 8009 java.net.BindException: Address already in use: JVM_Bind
22 Jan, 2012 3:39:36 PM org.apache.jk.common.ChannelSocket init
SEVERE: Can't find free port 8009 8009
22 Jan, 2012 3:39:36 PM org.apache.jk.server.JkMain start
INFO: Jk running ID=0 time=1/21  config=null
22 Jan, 2012 3:39:36 PM org.apache.catalina.startup.Catalina start
INFO: Server startup in 1031 ms
22 Jan, 2012 3:39:36 PM org.apache.catalina.startup.HostConfig checkResources
INFO: Undeploying context []
22 Jan, 2012 3:39:36 PM org.apache.catalina.startup.HostConfig deployDescriptor
INFO: Deploying configuration descriptor ROOT.xml
22 Jan, 2012 3:39:37 PM org.apache.catalina.core.StandardContext start
INFO: Container org.apache.catalina.core.ContainerBase.[Catalina].[localhost].[/] has already been started
22 Jan, 2012 3:41:44 PM org.apache.coyote.http11.Http11Protocol pause
INFO: Pausing Coyote HTTP/1.1 on http-8080
22 Jan, 2012 3:41:45 PM org.apache.catalina.core.StandardService stop
INFO: Stopping service Catalina
22 Jan, 2012 3:41:45 PM org.apache.coyote.http11.Http11Protocol destroy
INFO: Stopping Coyote HTTP/1.1 on http-8080
22 Jan, 2012 3:42:00 PM org.apache.catalina.core.AprLifecycleListener init
INFO: The APR based Apache Tomcat Native library which allows optimal performance in production environments was not found on the java.library.path: D:\Java\jdk1.6.0_26\bin;C:\Windows\Sun\Java\bin;C:\Windows\system32;C:\Windows;C:\Program Files\Common Files\Microsoft Shared\Windows Live;C:\Windows\system32;C:\Windows;C:\Windows\System32\Wbem;C:\Windows\System32\WindowsPowerShell\v1.0\;C:\Program Files\Broadcom\Broadcom 802.11 Network Adapter\Driver;C:\Program Files (x86)\Toshiba\Bluetooth Toshiba Stack\sys\;C:\Program Files (x86)\Toshiba\Bluetooth Toshiba Stack\sys\x64\;D:\Heroku;C:\Program Files (x86)\git\bin;C:\Program Files (x86)\git\cmd;D:\Java\jdk1.6.0_26\bin;D:\Mercurial;.
22 Jan, 2012 3:42:01 PM org.apache.coyote.http11.Http11Protocol init
INFO: Initializing Coyote HTTP/1.1 on http-8080
22 Jan, 2012 3:42:01 PM org.apache.catalina.startup.Catalina load
INFO: Initialization processed in 1015 ms
22 Jan, 2012 3:42:01 PM org.apache.catalina.core.StandardService start
INFO: Starting service Catalina
22 Jan, 2012 3:42:01 PM org.apache.catalina.core.StandardEngine start
INFO: Starting Servlet Engine: Apache Tomcat/6.0.35
22 Jan, 2012 3:42:01 PM org.apache.catalina.startup.HostConfig deployDescriptor
INFO: Deploying configuration descriptor host-manager.xml
22 Jan, 2012 3:42:01 PM org.apache.catalina.startup.HostConfig deployDescriptor
INFO: Deploying configuration descriptor manager.xml
22 Jan, 2012 3:42:01 PM org.apache.catalina.startup.HostConfig deployDescriptor
INFO: Deploying configuration descriptor ROOT.xml
22 Jan, 2012 3:42:01 PM org.apache.catalina.startup.HostConfig deployDirectory
INFO: Deploying web application directory docs
22 Jan, 2012 3:42:01 PM org.apache.catalina.startup.HostConfig deployDirectory
INFO: Deploying web application directory examples
22 Jan, 2012 3:42:02 PM org.apache.coyote.http11.Http11Protocol start
INFO: Starting Coyote HTTP/1.1 on http-8080
22 Jan, 2012 3:42:02 PM org.apache.jk.common.ChannelSocket init
INFO: Port busy 8009 java.net.BindException: Address already in use: JVM_Bind
22 Jan, 2012 3:42:02 PM org.apache.jk.common.ChannelSocket init
SEVERE: Can't find free port 8009 8009
22 Jan, 2012 3:42:02 PM org.apache.jk.server.JkMain start
INFO: Jk running ID=0 time=0/29  config=null
22 Jan, 2012 3:42:02 PM org.apache.catalina.startup.Catalina start
INFO: Server startup in 1150 ms
22 Jan, 2012 3:42:33 PM org.apache.catalina.startup.HostConfig checkResources
INFO: Undeploying context []
22 Jan, 2012 3:42:33 PM org.apache.catalina.startup.HostConfig deployDescriptor
INFO: Deploying configuration descriptor ROOT.xml
22 Jan, 2012 3:42:34 PM org.apache.catalina.core.StandardContext start
INFO: Container org.apache.catalina.core.ContainerBase.[Catalina].[localhost].[/] has already been started
22 Jan, 2012 3:42:49 PM org.apache.catalina.startup.HostConfig checkResources
INFO: Undeploying context []
22 Jan, 2012 3:42:49 PM org.apache.catalina.startup.HostConfig deployDescriptor
INFO: Deploying configuration descriptor ROOT.xml
22 Jan, 2012 3:42:49 PM org.apache.catalina.core.StandardContext start
INFO: Container org.apache.catalina.core.ContainerBase.[Catalina].[localhost].[/] has already been started
22 Jan, 2012 3:52:40 PM org.apache.catalina.startup.HostConfig checkResources
INFO: Undeploying context []
22 Jan, 2012 3:52:40 PM org.apache.catalina.startup.HostConfig deployDescriptor
INFO: Deploying configuration descriptor ROOT.xml
22 Jan, 2012 3:52:40 PM org.apache.catalina.core.StandardContext start
INFO: Container org.apache.catalina.core.ContainerBase.[Catalina].[localhost].[/] has already been started
22 Jan, 2012 3:55:09 PM org.apache.catalina.startup.HostConfig checkResources
INFO: Undeploying context []
22 Jan, 2012 3:55:09 PM org.apache.catalina.startup.HostConfig deployDescriptor
INFO: Deploying configuration descriptor ROOT.xml
22 Jan, 2012 3:55:09 PM org.apache.catalina.core.StandardContext start
INFO: Container org.apache.catalina.core.ContainerBase.[Catalina].[localhost].[/] has already been started
22 Jan, 2012 4:12:45 PM org.apache.catalina.startup.HostConfig checkResources
INFO: Undeploying context []
22 Jan, 2012 4:12:45 PM org.apache.catalina.startup.HostConfig deployDescriptor
INFO: Deploying configuration descriptor ROOT.xml
22 Jan, 2012 4:12:45 PM org.apache.catalina.core.StandardContext start
INFO: Container org.apache.catalina.core.ContainerBase.[Catalina].[localhost].[/] has already been started
22 Jan, 2012 4:22:13 PM org.apache.catalina.startup.HostConfig checkResources
INFO: Reloading context []
22 Jan, 2012 4:48:26 PM org.apache.coyote.http11.Http11Protocol pause
INFO: Pausing Coyote HTTP/1.1 on http-8080
22 Jan, 2012 4:48:27 PM org.apache.catalina.connector.Connector pause
SEVERE: Protocol handler pause failed
java.net.ConnectException: Connection refused: connect
	at java.net.PlainSocketImpl.socketConnect(Native Method)
	at java.net.PlainSocketImpl.doConnect(PlainSocketImpl.java:351)
	at java.net.PlainSocketImpl.connectToAddress(PlainSocketImpl.java:213)
	at java.net.PlainSocketImpl.connect(PlainSocketImpl.java:200)
	at java.net.SocksSocketImpl.connect(SocksSocketImpl.java:366)
	at java.net.Socket.connect(Socket.java:529)
	at java.net.Socket.connect(Socket.java:478)
	at java.net.Socket.<init>(Socket.java:375)
	at java.net.Socket.<init>(Socket.java:218)
	at org.apache.jk.common.ChannelSocket.unLockSocket(ChannelSocket.java:492)
	at org.apache.jk.common.ChannelSocket.pause(ChannelSocket.java:288)
	at org.apache.jk.server.JkMain.pause(JkMain.java:726)
	at org.apache.jk.server.JkCoyoteHandler.pause(JkCoyoteHandler.java:153)
	at org.apache.catalina.connector.Connector.pause(Connector.java:1064)
	at org.apache.catalina.core.StandardService.stop(StandardService.java:578)
	at org.apache.catalina.core.StandardServer.stop(StandardServer.java:788)
	at org.apache.catalina.startup.Catalina.stop(Catalina.java:662)
	at org.apache.catalina.startup.Catalina.start(Catalina.java:629)
	at sun.reflect.NativeMethodAccessorImpl.invoke0(Native Method)
	at sun.reflect.NativeMethodAccessorImpl.invoke(NativeMethodAccessorImpl.java:39)
	at sun.reflect.DelegatingMethodAccessorImpl.invoke(DelegatingMethodAccessorImpl.java:25)
	at java.lang.reflect.Method.invoke(Method.java:597)
	at org.apache.catalina.startup.Bootstrap.start(Bootstrap.java:289)
	at org.apache.catalina.startup.Bootstrap.main(Bootstrap.java:414)
22 Jan, 2012 4:48:28 PM org.apache.catalina.core.StandardService stop
INFO: Stopping service Catalina
22 Jan, 2012 4:48:28 PM org.apache.coyote.http11.Http11Protocol destroy
INFO: Stopping Coyote HTTP/1.1 on http-8080
