20 Feb, 2012 2:00:00 AM org.apache.coyote.http11.Http11Protocol pause
INFO: Pausing Coyote HTTP/1.1 on http-8080
20 Feb, 2012 2:00:01 AM org.apache.catalina.core.StandardService stop
INFO: Stopping service Catalina
20 Feb, 2012 2:00:01 AM org.apache.coyote.http11.Http11Protocol destroy
INFO: Stopping Coyote HTTP/1.1 on http-8080
Feb 20, 2012 10:03:51 AM org.apache.catalina.core.AprLifecycleListener init
INFO: The APR based Apache Tomcat Native library which allows optimal performance in production environments was not found on the java.library.path: /usr/java/packages/lib/i386:/usr/lib/i386-linux-gnu/jni:/lib/i386-linux-gnu:/usr/lib/i386-linux-gnu:/usr/lib/jni:/lib:/usr/lib
Feb 20, 2012 10:03:52 AM org.apache.coyote.http11.Http11Protocol init
INFO: Initializing Coyote HTTP/1.1 on http-8080
Feb 20, 2012 10:03:52 AM org.apache.catalina.startup.Catalina load
INFO: Initialization processed in 2461 ms
Feb 20, 2012 10:03:52 AM org.apache.catalina.core.StandardService start
INFO: Starting service Catalina
Feb 20, 2012 10:03:52 AM org.apache.catalina.core.StandardEngine start
INFO: Starting Servlet Engine: Apache Tomcat/6.0.35
Feb 20, 2012 10:03:52 AM org.apache.catalina.startup.HostConfig deployDescriptor
INFO: Deploying configuration descriptor manager.xml
Feb 20, 2012 10:03:53 AM org.apache.catalina.startup.HostConfig deployDescriptor
INFO: Deploying configuration descriptor fileupload.xml
Feb 20, 2012 10:03:53 AM org.apache.catalina.startup.HostConfig deployDescriptor
WARNING: A docBase /home/vignesh/Dropbox/YAID/apache-tomcat-6.0.35/webapps/D:\Dropbox\201103-file-upload-jquery\build\web inside the host appBase has been specified, and will be ignored
Feb 20, 2012 10:03:53 AM org.apache.catalina.core.StandardContext resourcesStart
SEVERE: Error starting static Resources
java.lang.IllegalArgumentException: Document base /home/vignesh/Dropbox/YAID/apache-tomcat-6.0.35/webapps/fileupload does not exist or is not a readable directory
	at org.apache.naming.resources.FileDirContext.setDocBase(FileDirContext.java:142)
	at org.apache.catalina.core.StandardContext.resourcesStart(StandardContext.java:4320)
	at org.apache.catalina.core.StandardContext.start(StandardContext.java:4489)
	at org.apache.catalina.core.ContainerBase.addChildInternal(ContainerBase.java:799)
	at org.apache.catalina.core.ContainerBase.addChild(ContainerBase.java:779)
	at org.apache.catalina.core.StandardHost.addChild(StandardHost.java:601)
	at org.apache.catalina.startup.HostConfig.deployDescriptor(HostConfig.java:675)
	at org.apache.catalina.startup.HostConfig.deployDescriptors(HostConfig.java:601)
	at org.apache.catalina.startup.HostConfig.deployApps(HostConfig.java:502)
	at org.apache.catalina.startup.HostConfig.start(HostConfig.java:1317)
	at org.apache.catalina.startup.HostConfig.lifecycleEvent(HostConfig.java:324)
	at org.apache.catalina.util.LifecycleSupport.fireLifecycleEvent(LifecycleSupport.java:142)
	at org.apache.catalina.core.ContainerBase.start(ContainerBase.java:1065)
	at org.apache.catalina.core.StandardHost.start(StandardHost.java:840)
	at org.apache.catalina.core.ContainerBase.start(ContainerBase.java:1057)
	at org.apache.catalina.core.StandardEngine.start(StandardEngine.java:463)
	at org.apache.catalina.core.StandardService.start(StandardService.java:525)
	at org.apache.catalina.core.StandardServer.start(StandardServer.java:754)
	at org.apache.catalina.startup.Catalina.start(Catalina.java:595)
	at sun.reflect.NativeMethodAccessorImpl.invoke0(Native Method)
	at sun.reflect.NativeMethodAccessorImpl.invoke(NativeMethodAccessorImpl.java:57)
	at sun.reflect.DelegatingMethodAccessorImpl.invoke(DelegatingMethodAccessorImpl.java:43)
	at java.lang.reflect.Method.invoke(Method.java:601)
	at org.apache.catalina.startup.Bootstrap.start(Bootstrap.java:289)
	at org.apache.catalina.startup.Bootstrap.main(Bootstrap.java:414)

Feb 20, 2012 10:03:53 AM org.apache.catalina.core.StandardContext start
SEVERE: Error in resourceStart()
Feb 20, 2012 10:03:53 AM org.apache.catalina.core.StandardContext start
SEVERE: Error getConfigured
Feb 20, 2012 10:03:53 AM org.apache.catalina.core.StandardContext start
SEVERE: Context [/fileupload] startup failed due to previous errors
Feb 20, 2012 10:03:53 AM org.apache.catalina.core.StandardContext stop
INFO: Container org.apache.catalina.core.ContainerBase.[Catalina].[localhost].[/fileupload] has not been started
Feb 20, 2012 10:03:53 AM org.apache.catalina.startup.HostConfig deployDescriptor
INFO: Deploying configuration descriptor ROOT.xml
Feb 20, 2012 10:03:53 AM org.apache.catalina.startup.HostConfig deployDescriptor
WARNING: A docBase /home/vignesh/Dropbox/YAID/apache-tomcat-6.0.35/webapps/D:\Dropbox\YAID\build\web inside the host appBase has been specified, and will be ignored
Feb 20, 2012 10:03:53 AM org.apache.catalina.core.StandardContext resourcesStart
SEVERE: Error starting static Resources
java.lang.IllegalArgumentException: Document base /home/vignesh/Dropbox/YAID/apache-tomcat-6.0.35/webapps/ROOT does not exist or is not a readable directory
	at org.apache.naming.resources.FileDirContext.setDocBase(FileDirContext.java:142)
	at org.apache.catalina.core.StandardContext.resourcesStart(StandardContext.java:4320)
	at org.apache.catalina.core.StandardContext.start(StandardContext.java:4489)
	at org.apache.catalina.core.ContainerBase.addChildInternal(ContainerBase.java:799)
	at org.apache.catalina.core.ContainerBase.addChild(ContainerBase.java:779)
	at org.apache.catalina.core.StandardHost.addChild(StandardHost.java:601)
	at org.apache.catalina.startup.HostConfig.deployDescriptor(HostConfig.java:675)
	at org.apache.catalina.startup.HostConfig.deployDescriptors(HostConfig.java:601)
	at org.apache.catalina.startup.HostConfig.deployApps(HostConfig.java:502)
	at org.apache.catalina.startup.HostConfig.start(HostConfig.java:1317)
	at org.apache.catalina.startup.HostConfig.lifecycleEvent(HostConfig.java:324)
	at org.apache.catalina.util.LifecycleSupport.fireLifecycleEvent(LifecycleSupport.java:142)
	at org.apache.catalina.core.ContainerBase.start(ContainerBase.java:1065)
	at org.apache.catalina.core.StandardHost.start(StandardHost.java:840)
	at org.apache.catalina.core.ContainerBase.start(ContainerBase.java:1057)
	at org.apache.catalina.core.StandardEngine.start(StandardEngine.java:463)
	at org.apache.catalina.core.StandardService.start(StandardService.java:525)
	at org.apache.catalina.core.StandardServer.start(StandardServer.java:754)
	at org.apache.catalina.startup.Catalina.start(Catalina.java:595)
	at sun.reflect.NativeMethodAccessorImpl.invoke0(Native Method)
	at sun.reflect.NativeMethodAccessorImpl.invoke(NativeMethodAccessorImpl.java:57)
	at sun.reflect.DelegatingMethodAccessorImpl.invoke(DelegatingMethodAccessorImpl.java:43)
	at java.lang.reflect.Method.invoke(Method.java:601)
	at org.apache.catalina.startup.Bootstrap.start(Bootstrap.java:289)
	at org.apache.catalina.startup.Bootstrap.main(Bootstrap.java:414)

Feb 20, 2012 10:03:53 AM org.apache.catalina.core.StandardContext start
SEVERE: Error in resourceStart()
Feb 20, 2012 10:03:53 AM org.apache.catalina.core.StandardContext start
SEVERE: Error getConfigured
Feb 20, 2012 10:03:53 AM org.apache.catalina.core.StandardContext start
SEVERE: Context [] startup failed due to previous errors
Feb 20, 2012 10:03:53 AM org.apache.catalina.core.StandardContext stop
INFO: Container org.apache.catalina.core.ContainerBase.[Catalina].[localhost].[/] has not been started
Feb 20, 2012 10:03:53 AM org.apache.catalina.startup.HostConfig deployDescriptor
INFO: Deploying configuration descriptor FileUP.xml
Feb 20, 2012 10:03:54 AM org.apache.catalina.startup.HostConfig deployDescriptor
INFO: Deploying configuration descriptor host-manager.xml
Feb 20, 2012 10:03:54 AM org.apache.catalina.startup.HostConfig deployDirectory
INFO: Deploying web application directory examples
Feb 20, 2012 10:03:54 AM org.apache.catalina.startup.HostConfig deployDirectory
INFO: Deploying web application directory docs
Feb 20, 2012 10:03:54 AM org.apache.coyote.http11.Http11Protocol start
INFO: Starting Coyote HTTP/1.1 on http-8080
Feb 20, 2012 10:03:54 AM org.apache.jk.common.ChannelSocket init
INFO: JK: ajp13 listening on /0.0.0.0:8009
Feb 20, 2012 10:03:55 AM org.apache.jk.server.JkMain start
INFO: Jk running ID=0 time=0/94  config=null
Feb 20, 2012 10:03:55 AM org.apache.catalina.startup.Catalina start
INFO: Server startup in 2392 ms
Feb 20, 2012 10:03:57 AM org.apache.catalina.core.StandardContext stop
INFO: Container org.apache.catalina.core.ContainerBase.[Catalina].[localhost].[/] has not been started
Feb 20, 2012 10:03:57 AM org.apache.catalina.startup.HostConfig checkResources
INFO: Undeploying context []
Feb 20, 2012 10:03:57 AM org.apache.catalina.startup.HostConfig deployDescriptor
INFO: Deploying configuration descriptor ROOT.xml
Feb 20, 2012 10:03:58 AM org.apache.catalina.core.StandardContext start
INFO: Container org.apache.catalina.core.ContainerBase.[Catalina].[localhost].[/] has already been started
Feb 20, 2012 10:04:19 AM org.apache.catalina.startup.HostConfig checkResources
INFO: Undeploying context []
Feb 20, 2012 10:04:37 AM org.apache.catalina.startup.HostConfig deployDescriptor
INFO: Deploying configuration descriptor ROOT.xml
Feb 20, 2012 10:04:37 AM org.apache.catalina.core.StandardContext start
INFO: Container org.apache.catalina.core.ContainerBase.[Catalina].[localhost].[/] has already been started
Feb 20, 2012 10:07:24 AM org.apache.catalina.core.StandardContext reload
INFO: Reloading Context with name [] has started
Feb 20, 2012 10:07:33 AM org.apache.catalina.core.StandardContext reload
INFO: Reloading Context with name [] has started
Feb 20, 2012 10:58:43 AM org.apache.catalina.core.StandardContext reload
INFO: Reloading Context with name [] has started
Feb 20, 2012 10:59:50 AM org.apache.catalina.core.StandardContext reload
INFO: Reloading Context with name [] has started
Feb 20, 2012 11:00:23 AM org.apache.catalina.core.StandardContext reload
INFO: Reloading Context with name [] has started
Feb 20, 2012 11:03:01 AM org.apache.catalina.core.StandardContext reload
INFO: Reloading Context with name [] has started
Feb 20, 2012 11:05:02 AM org.apache.catalina.core.StandardContext reload
INFO: Reloading Context with name [] has started
Feb 20, 2012 11:15:16 AM org.apache.catalina.core.StandardContext reload
INFO: Reloading Context with name [] has started
Feb 20, 2012 11:15:20 AM org.apache.catalina.core.StandardContext reload
INFO: Reloading Context with name [] has started
20 Feb, 2012 1:04:45 PM org.apache.catalina.core.AprLifecycleListener init
INFO: The APR based Apache Tomcat Native library which allows optimal performance in production environments was not found on the java.library.path: D:\Java\jdk1.6.0_26\bin;C:\Windows\Sun\Java\bin;C:\Windows\system32;C:\Windows;C:\Program Files\Common Files\Microsoft Shared\Windows Live;C:\Windows\system32;C:\Windows;C:\Windows\System32\Wbem;C:\Windows\System32\WindowsPowerShell\v1.0\;C:\Program Files\Broadcom\Broadcom 802.11 Network Adapter\Driver;C:\Program Files (x86)\Toshiba\Bluetooth Toshiba Stack\sys\;C:\Program Files (x86)\Toshiba\Bluetooth Toshiba Stack\sys\x64\;D:\Heroku;C:\Program Files (x86)\git\bin;C:\Program Files (x86)\git\cmd;D:\Java\jdk1.6.0_26\bin;D:\Mercurial;.
20 Feb, 2012 1:04:46 PM org.apache.coyote.http11.Http11Protocol init
INFO: Initializing Coyote HTTP/1.1 on http-8080
20 Feb, 2012 1:04:46 PM org.apache.catalina.startup.Catalina load
INFO: Initialization processed in 990 ms
20 Feb, 2012 1:04:46 PM org.apache.catalina.core.StandardService start
INFO: Starting service Catalina
20 Feb, 2012 1:04:46 PM org.apache.catalina.core.StandardEngine start
INFO: Starting Servlet Engine: Apache Tomcat/6.0.35
20 Feb, 2012 1:04:46 PM org.apache.catalina.startup.HostConfig deployDescriptor
INFO: Deploying configuration descriptor FileUP.xml
20 Feb, 2012 1:04:46 PM org.apache.catalina.startup.HostConfig deployDescriptor
WARNING: A docBase E:\Dropbox\YAID\apache-tomcat-6.0.35\webapps\home\vignesh\Dropbox\dev\project\jQuery-File-Upload-Java-nb\FileUP\build\web inside the host appBase has been specified, and will be ignored
20 Feb, 2012 1:04:46 PM org.apache.catalina.core.StandardContext resourcesStart
SEVERE: Error starting static Resources
java.lang.IllegalArgumentException: Document base E:\Dropbox\YAID\apache-tomcat-6.0.35\webapps\FileUP does not exist or is not a readable directory
	at org.apache.naming.resources.FileDirContext.setDocBase(FileDirContext.java:142)
	at org.apache.catalina.core.StandardContext.resourcesStart(StandardContext.java:4320)
	at org.apache.catalina.core.StandardContext.start(StandardContext.java:4489)
	at org.apache.catalina.core.ContainerBase.addChildInternal(ContainerBase.java:799)
	at org.apache.catalina.core.ContainerBase.addChild(ContainerBase.java:779)
	at org.apache.catalina.core.StandardHost.addChild(StandardHost.java:601)
	at org.apache.catalina.startup.HostConfig.deployDescriptor(HostConfig.java:675)
	at org.apache.catalina.startup.HostConfig.deployDescriptors(HostConfig.java:601)
	at org.apache.catalina.startup.HostConfig.deployApps(HostConfig.java:502)
	at org.apache.catalina.startup.HostConfig.start(HostConfig.java:1317)
	at org.apache.catalina.startup.HostConfig.lifecycleEvent(HostConfig.java:324)
	at org.apache.catalina.util.LifecycleSupport.fireLifecycleEvent(LifecycleSupport.java:142)
	at org.apache.catalina.core.ContainerBase.start(ContainerBase.java:1065)
	at org.apache.catalina.core.StandardHost.start(StandardHost.java:840)
	at org.apache.catalina.core.ContainerBase.start(ContainerBase.java:1057)
	at org.apache.catalina.core.StandardEngine.start(StandardEngine.java:463)
	at org.apache.catalina.core.StandardService.start(StandardService.java:525)
	at org.apache.catalina.core.StandardServer.start(StandardServer.java:754)
	at org.apache.catalina.startup.Catalina.start(Catalina.java:595)
	at sun.reflect.NativeMethodAccessorImpl.invoke0(Native Method)
	at sun.reflect.NativeMethodAccessorImpl.invoke(NativeMethodAccessorImpl.java:39)
	at sun.reflect.DelegatingMethodAccessorImpl.invoke(DelegatingMethodAccessorImpl.java:25)
	at java.lang.reflect.Method.invoke(Method.java:597)
	at org.apache.catalina.startup.Bootstrap.start(Bootstrap.java:289)
	at org.apache.catalina.startup.Bootstrap.main(Bootstrap.java:414)
20 Feb, 2012 1:04:46 PM org.apache.catalina.core.StandardContext start
SEVERE: Error in resourceStart()
20 Feb, 2012 1:04:46 PM org.apache.catalina.core.StandardContext start
SEVERE: Error getConfigured
20 Feb, 2012 1:04:46 PM org.apache.catalina.core.StandardContext start
SEVERE: Context [/FileUP] startup failed due to previous errors
20 Feb, 2012 1:04:46 PM org.apache.catalina.core.StandardContext stop
INFO: Container org.apache.catalina.core.ContainerBase.[Catalina].[localhost].[/FileUP] has not been started
20 Feb, 2012 1:04:46 PM org.apache.catalina.startup.HostConfig deployDescriptor
INFO: Deploying configuration descriptor fileupload.xml
20 Feb, 2012 1:04:46 PM org.apache.catalina.core.StandardContext resourcesStart
SEVERE: Error starting static Resources
java.lang.IllegalArgumentException: Document base D:\Dropbox\201103-file-upload-jquery\build\web does not exist or is not a readable directory
	at org.apache.naming.resources.FileDirContext.setDocBase(FileDirContext.java:142)
	at org.apache.catalina.core.StandardContext.resourcesStart(StandardContext.java:4320)
	at org.apache.catalina.core.StandardContext.start(StandardContext.java:4489)
	at org.apache.catalina.core.ContainerBase.addChildInternal(ContainerBase.java:799)
	at org.apache.catalina.core.ContainerBase.addChild(ContainerBase.java:779)
	at org.apache.catalina.core.StandardHost.addChild(StandardHost.java:601)
	at org.apache.catalina.startup.HostConfig.deployDescriptor(HostConfig.java:675)
	at org.apache.catalina.startup.HostConfig.deployDescriptors(HostConfig.java:601)
	at org.apache.catalina.startup.HostConfig.deployApps(HostConfig.java:502)
	at org.apache.catalina.startup.HostConfig.start(HostConfig.java:1317)
	at org.apache.catalina.startup.HostConfig.lifecycleEvent(HostConfig.java:324)
	at org.apache.catalina.util.LifecycleSupport.fireLifecycleEvent(LifecycleSupport.java:142)
	at org.apache.catalina.core.ContainerBase.start(ContainerBase.java:1065)
	at org.apache.catalina.core.StandardHost.start(StandardHost.java:840)
	at org.apache.catalina.core.ContainerBase.start(ContainerBase.java:1057)
	at org.apache.catalina.core.StandardEngine.start(StandardEngine.java:463)
	at org.apache.catalina.core.StandardService.start(StandardService.java:525)
	at org.apache.catalina.core.StandardServer.start(StandardServer.java:754)
	at org.apache.catalina.startup.Catalina.start(Catalina.java:595)
	at sun.reflect.NativeMethodAccessorImpl.invoke0(Native Method)
	at sun.reflect.NativeMethodAccessorImpl.invoke(NativeMethodAccessorImpl.java:39)
	at sun.reflect.DelegatingMethodAccessorImpl.invoke(DelegatingMethodAccessorImpl.java:25)
	at java.lang.reflect.Method.invoke(Method.java:597)
	at org.apache.catalina.startup.Bootstrap.start(Bootstrap.java:289)
	at org.apache.catalina.startup.Bootstrap.main(Bootstrap.java:414)
20 Feb, 2012 1:04:46 PM org.apache.catalina.core.StandardContext start
SEVERE: Error in resourceStart()
20 Feb, 2012 1:04:46 PM org.apache.catalina.core.StandardContext start
SEVERE: Error getConfigured
20 Feb, 2012 1:04:46 PM org.apache.catalina.core.StandardContext start
SEVERE: Context [/fileupload] startup failed due to previous errors
20 Feb, 2012 1:04:46 PM org.apache.catalina.core.StandardContext stop
INFO: Container org.apache.catalina.core.ContainerBase.[Catalina].[localhost].[/fileupload] has not been started
20 Feb, 2012 1:04:46 PM org.apache.catalina.startup.HostConfig deployDescriptor
INFO: Deploying configuration descriptor host-manager.xml
20 Feb, 2012 1:04:46 PM org.apache.catalina.startup.HostConfig deployDescriptor
INFO: Deploying configuration descriptor manager.xml
20 Feb, 2012 1:04:47 PM org.apache.catalina.startup.HostConfig deployDescriptor
INFO: Deploying configuration descriptor ROOT (Amal Joy's conflicted copy 2012-02-20).xml
20 Feb, 2012 1:04:47 PM org.apache.catalina.startup.HostConfig deployDescriptor
INFO: Deploying configuration descriptor ROOT.xml
20 Feb, 2012 1:04:47 PM org.apache.catalina.startup.HostConfig deployDirectory
INFO: Deploying web application directory docs
20 Feb, 2012 1:04:47 PM org.apache.catalina.startup.HostConfig deployDirectory
INFO: Deploying web application directory examples
20 Feb, 2012 1:04:47 PM org.apache.coyote.http11.Http11Protocol start
INFO: Starting Coyote HTTP/1.1 on http-8080
20 Feb, 2012 1:04:47 PM org.apache.jk.common.ChannelSocket init
INFO: JK: ajp13 listening on /0.0.0.0:8009
20 Feb, 2012 1:04:47 PM org.apache.jk.server.JkMain start
INFO: Jk running ID=0 time=1/101  config=null
20 Feb, 2012 1:04:47 PM org.apache.catalina.startup.Catalina start
INFO: Server startup in 1660 ms
20 Feb, 2012 1:04:48 PM org.apache.catalina.startup.HostConfig checkResources
INFO: Undeploying context []
20 Feb, 2012 1:04:48 PM org.apache.catalina.startup.HostConfig deployDescriptor
INFO: Deploying configuration descriptor ROOT.xml
20 Feb, 2012 1:04:48 PM org.apache.catalina.core.StandardContext start
INFO: Container org.apache.catalina.core.ContainerBase.[Catalina].[localhost].[/] has already been started
20 Feb, 2012 1:17:51 PM org.apache.catalina.startup.HostConfig checkResources
INFO: Undeploying context []
20 Feb, 2012 1:17:51 PM org.apache.catalina.startup.HostConfig deployDescriptor
INFO: Deploying configuration descriptor ROOT.xml
20 Feb, 2012 1:17:51 PM org.apache.catalina.core.StandardContext start
INFO: Container org.apache.catalina.core.ContainerBase.[Catalina].[localhost].[/] has already been started
20 Feb, 2012 1:23:11 PM org.apache.catalina.startup.HostConfig checkResources
INFO: Undeploying context []
20 Feb, 2012 1:23:11 PM org.apache.catalina.startup.HostConfig checkResources
INFO: Undeploying context []
20 Feb, 2012 1:23:12 PM org.apache.catalina.startup.HostConfig deployDescriptor
INFO: Deploying configuration descriptor ROOT.xml
20 Feb, 2012 1:23:12 PM org.apache.catalina.core.StandardContext start
INFO: Container org.apache.catalina.core.ContainerBase.[Catalina].[localhost].[/] has already been started
20 Feb, 2012 1:39:27 PM org.apache.catalina.startup.HostConfig checkResources
INFO: Undeploying context []
20 Feb, 2012 1:39:27 PM org.apache.catalina.startup.HostConfig deployDescriptor
INFO: Deploying configuration descriptor ROOT.xml
20 Feb, 2012 1:39:27 PM org.apache.catalina.core.StandardContext start
INFO: Container org.apache.catalina.core.ContainerBase.[Catalina].[localhost].[/] has already been started
20 Feb, 2012 1:43:59 PM org.apache.coyote.http11.Http11Protocol pause
INFO: Pausing Coyote HTTP/1.1 on http-8080
20 Feb, 2012 1:44:00 PM org.apache.catalina.core.StandardService stop
INFO: Stopping service Catalina
20 Feb, 2012 1:44:00 PM org.apache.coyote.http11.Http11Protocol destroy
INFO: Stopping Coyote HTTP/1.1 on http-8080
Feb 20, 2012 5:08:28 PM org.apache.catalina.core.AprLifecycleListener init
INFO: The APR based Apache Tomcat Native library which allows optimal performance in production environments was not found on the java.library.path: /usr/java/packages/lib/i386:/usr/lib/i386-linux-gnu/jni:/lib/i386-linux-gnu:/usr/lib/i386-linux-gnu:/usr/lib/jni:/lib:/usr/lib
Feb 20, 2012 5:08:29 PM org.apache.coyote.http11.Http11Protocol init
INFO: Initializing Coyote HTTP/1.1 on http-8080
Feb 20, 2012 5:08:29 PM org.apache.catalina.startup.Catalina load
INFO: Initialization processed in 2106 ms
Feb 20, 2012 5:08:29 PM org.apache.catalina.core.StandardService start
INFO: Starting service Catalina
Feb 20, 2012 5:08:29 PM org.apache.catalina.core.StandardEngine start
INFO: Starting Servlet Engine: Apache Tomcat/6.0.35
Feb 20, 2012 5:08:30 PM org.apache.catalina.startup.HostConfig deployDescriptor
INFO: Deploying configuration descriptor manager.xml
Feb 20, 2012 5:08:30 PM org.apache.catalina.startup.HostConfig deployDescriptor
INFO: Deploying configuration descriptor ROOT (Amal Joy's conflicted copy 2012-02-20).xml
Feb 20, 2012 5:08:30 PM org.apache.catalina.startup.HostConfig deployDescriptor
WARNING: A docBase /home/vignesh/Dropbox/YAID/apache-tomcat-6.0.35/webapps/E:\Dropbox\YAID\build\web inside the host appBase has been specified, and will be ignored
Feb 20, 2012 5:08:30 PM org.apache.catalina.core.StandardContext resourcesStart
SEVERE: Error starting static Resources
java.lang.IllegalArgumentException: Document base /home/vignesh/Dropbox/YAID/apache-tomcat-6.0.35/webapps/ROOT (Amal Joy's conflicted copy 2012-02-20) does not exist or is not a readable directory
	at org.apache.naming.resources.FileDirContext.setDocBase(FileDirContext.java:142)
	at org.apache.catalina.core.StandardContext.resourcesStart(StandardContext.java:4320)
	at org.apache.catalina.core.StandardContext.start(StandardContext.java:4489)
	at org.apache.catalina.core.ContainerBase.addChildInternal(ContainerBase.java:799)
	at org.apache.catalina.core.ContainerBase.addChild(ContainerBase.java:779)
	at org.apache.catalina.core.StandardHost.addChild(StandardHost.java:601)
	at org.apache.catalina.startup.HostConfig.deployDescriptor(HostConfig.java:675)
	at org.apache.catalina.startup.HostConfig.deployDescriptors(HostConfig.java:601)
	at org.apache.catalina.startup.HostConfig.deployApps(HostConfig.java:502)
	at org.apache.catalina.startup.HostConfig.start(HostConfig.java:1317)
	at org.apache.catalina.startup.HostConfig.lifecycleEvent(HostConfig.java:324)
	at org.apache.catalina.util.LifecycleSupport.fireLifecycleEvent(LifecycleSupport.java:142)
	at org.apache.catalina.core.ContainerBase.start(ContainerBase.java:1065)
	at org.apache.catalina.core.StandardHost.start(StandardHost.java:840)
	at org.apache.catalina.core.ContainerBase.start(ContainerBase.java:1057)
	at org.apache.catalina.core.StandardEngine.start(StandardEngine.java:463)
	at org.apache.catalina.core.StandardService.start(StandardService.java:525)
	at org.apache.catalina.core.StandardServer.start(StandardServer.java:754)
	at org.apache.catalina.startup.Catalina.start(Catalina.java:595)
	at sun.reflect.NativeMethodAccessorImpl.invoke0(Native Method)
	at sun.reflect.NativeMethodAccessorImpl.invoke(NativeMethodAccessorImpl.java:57)
	at sun.reflect.DelegatingMethodAccessorImpl.invoke(DelegatingMethodAccessorImpl.java:43)
	at java.lang.reflect.Method.invoke(Method.java:601)
	at org.apache.catalina.startup.Bootstrap.start(Bootstrap.java:289)
	at org.apache.catalina.startup.Bootstrap.main(Bootstrap.java:414)

Feb 20, 2012 5:08:30 PM org.apache.catalina.core.StandardContext start
SEVERE: Error in resourceStart()
Feb 20, 2012 5:08:30 PM org.apache.catalina.core.StandardContext start
SEVERE: Error getConfigured
Feb 20, 2012 5:08:30 PM org.apache.catalina.core.StandardContext start
SEVERE: Context [/ROOT (Amal Joy's conflicted copy 2012-02-20)] startup failed due to previous errors
Feb 20, 2012 5:08:30 PM org.apache.catalina.core.StandardContext stop
INFO: Container org.apache.catalina.core.ContainerBase.[Catalina].[localhost].[/ROOT (Amal Joy's conflicted copy 2012-02-20)] has not been started
Feb 20, 2012 5:08:30 PM org.apache.catalina.startup.HostConfig deployDescriptor
INFO: Deploying configuration descriptor fileupload.xml
Feb 20, 2012 5:08:30 PM org.apache.catalina.startup.HostConfig deployDescriptor
WARNING: A docBase /home/vignesh/Dropbox/YAID/apache-tomcat-6.0.35/webapps/D:\Dropbox\201103-file-upload-jquery\build\web inside the host appBase has been specified, and will be ignored
Feb 20, 2012 5:08:30 PM org.apache.catalina.core.StandardContext resourcesStart
SEVERE: Error starting static Resources
java.lang.IllegalArgumentException: Document base /home/vignesh/Dropbox/YAID/apache-tomcat-6.0.35/webapps/fileupload does not exist or is not a readable directory
	at org.apache.naming.resources.FileDirContext.setDocBase(FileDirContext.java:142)
	at org.apache.catalina.core.StandardContext.resourcesStart(StandardContext.java:4320)
	at org.apache.catalina.core.StandardContext.start(StandardContext.java:4489)
	at org.apache.catalina.core.ContainerBase.addChildInternal(ContainerBase.java:799)
	at org.apache.catalina.core.ContainerBase.addChild(ContainerBase.java:779)
	at org.apache.catalina.core.StandardHost.addChild(StandardHost.java:601)
	at org.apache.catalina.startup.HostConfig.deployDescriptor(HostConfig.java:675)
	at org.apache.catalina.startup.HostConfig.deployDescriptors(HostConfig.java:601)
	at org.apache.catalina.startup.HostConfig.deployApps(HostConfig.java:502)
	at org.apache.catalina.startup.HostConfig.start(HostConfig.java:1317)
	at org.apache.catalina.startup.HostConfig.lifecycleEvent(HostConfig.java:324)
	at org.apache.catalina.util.LifecycleSupport.fireLifecycleEvent(LifecycleSupport.java:142)
	at org.apache.catalina.core.ContainerBase.start(ContainerBase.java:1065)
	at org.apache.catalina.core.StandardHost.start(StandardHost.java:840)
	at org.apache.catalina.core.ContainerBase.start(ContainerBase.java:1057)
	at org.apache.catalina.core.StandardEngine.start(StandardEngine.java:463)
	at org.apache.catalina.core.StandardService.start(StandardService.java:525)
	at org.apache.catalina.core.StandardServer.start(StandardServer.java:754)
	at org.apache.catalina.startup.Catalina.start(Catalina.java:595)
	at sun.reflect.NativeMethodAccessorImpl.invoke0(Native Method)
	at sun.reflect.NativeMethodAccessorImpl.invoke(NativeMethodAccessorImpl.java:57)
	at sun.reflect.DelegatingMethodAccessorImpl.invoke(DelegatingMethodAccessorImpl.java:43)
	at java.lang.reflect.Method.invoke(Method.java:601)
	at org.apache.catalina.startup.Bootstrap.start(Bootstrap.java:289)
	at org.apache.catalina.startup.Bootstrap.main(Bootstrap.java:414)

Feb 20, 2012 5:08:30 PM org.apache.catalina.core.StandardContext start
SEVERE: Error in resourceStart()
Feb 20, 2012 5:08:31 PM org.apache.catalina.core.StandardContext start
SEVERE: Error getConfigured
Feb 20, 2012 5:08:31 PM org.apache.catalina.core.StandardContext start
SEVERE: Context [/fileupload] startup failed due to previous errors
Feb 20, 2012 5:08:31 PM org.apache.catalina.core.StandardContext stop
INFO: Container org.apache.catalina.core.ContainerBase.[Catalina].[localhost].[/fileupload] has not been started
Feb 20, 2012 5:08:31 PM org.apache.catalina.startup.HostConfig deployDescriptor
INFO: Deploying configuration descriptor ROOT.xml
Feb 20, 2012 5:08:31 PM org.apache.catalina.startup.HostConfig deployDescriptor
WARNING: A docBase /home/vignesh/Dropbox/YAID/apache-tomcat-6.0.35/webapps/D:\Dropbox\YAID\build\web inside the host appBase has been specified, and will be ignored
Feb 20, 2012 5:08:31 PM org.apache.catalina.core.StandardContext resourcesStart
SEVERE: Error starting static Resources
java.lang.IllegalArgumentException: Document base /home/vignesh/Dropbox/YAID/apache-tomcat-6.0.35/webapps/ROOT does not exist or is not a readable directory
	at org.apache.naming.resources.FileDirContext.setDocBase(FileDirContext.java:142)
	at org.apache.catalina.core.StandardContext.resourcesStart(StandardContext.java:4320)
	at org.apache.catalina.core.StandardContext.start(StandardContext.java:4489)
	at org.apache.catalina.core.ContainerBase.addChildInternal(ContainerBase.java:799)
	at org.apache.catalina.core.ContainerBase.addChild(ContainerBase.java:779)
	at org.apache.catalina.core.StandardHost.addChild(StandardHost.java:601)
	at org.apache.catalina.startup.HostConfig.deployDescriptor(HostConfig.java:675)
	at org.apache.catalina.startup.HostConfig.deployDescriptors(HostConfig.java:601)
	at org.apache.catalina.startup.HostConfig.deployApps(HostConfig.java:502)
	at org.apache.catalina.startup.HostConfig.start(HostConfig.java:1317)
	at org.apache.catalina.startup.HostConfig.lifecycleEvent(HostConfig.java:324)
	at org.apache.catalina.util.LifecycleSupport.fireLifecycleEvent(LifecycleSupport.java:142)
	at org.apache.catalina.core.ContainerBase.start(ContainerBase.java:1065)
	at org.apache.catalina.core.StandardHost.start(StandardHost.java:840)
	at org.apache.catalina.core.ContainerBase.start(ContainerBase.java:1057)
	at org.apache.catalina.core.StandardEngine.start(StandardEngine.java:463)
	at org.apache.catalina.core.StandardService.start(StandardService.java:525)
	at org.apache.catalina.core.StandardServer.start(StandardServer.java:754)
	at org.apache.catalina.startup.Catalina.start(Catalina.java:595)
	at sun.reflect.NativeMethodAccessorImpl.invoke0(Native Method)
	at sun.reflect.NativeMethodAccessorImpl.invoke(NativeMethodAccessorImpl.java:57)
	at sun.reflect.DelegatingMethodAccessorImpl.invoke(DelegatingMethodAccessorImpl.java:43)
	at java.lang.reflect.Method.invoke(Method.java:601)
	at org.apache.catalina.startup.Bootstrap.start(Bootstrap.java:289)
	at org.apache.catalina.startup.Bootstrap.main(Bootstrap.java:414)

Feb 20, 2012 5:08:31 PM org.apache.catalina.core.StandardContext start
SEVERE: Error in resourceStart()
Feb 20, 2012 5:08:31 PM org.apache.catalina.core.StandardContext start
SEVERE: Error getConfigured
Feb 20, 2012 5:08:31 PM org.apache.catalina.core.StandardContext start
SEVERE: Context [] startup failed due to previous errors
Feb 20, 2012 5:08:31 PM org.apache.catalina.core.StandardContext stop
INFO: Container org.apache.catalina.core.ContainerBase.[Catalina].[localhost].[/] has not been started
Feb 20, 2012 5:08:31 PM org.apache.catalina.startup.HostConfig deployDescriptor
INFO: Deploying configuration descriptor FileUP.xml
Feb 20, 2012 5:08:31 PM org.apache.catalina.startup.HostConfig deployDescriptor
INFO: Deploying configuration descriptor host-manager.xml
Feb 20, 2012 5:08:31 PM org.apache.catalina.startup.HostConfig deployDirectory
INFO: Deploying web application directory examples
Feb 20, 2012 5:08:32 PM org.apache.catalina.startup.HostConfig deployDirectory
INFO: Deploying web application directory docs
Feb 20, 2012 5:08:32 PM org.apache.coyote.http11.Http11Protocol start
INFO: Starting Coyote HTTP/1.1 on http-8080
Feb 20, 2012 5:08:32 PM org.apache.jk.common.ChannelSocket init
INFO: JK: ajp13 listening on /0.0.0.0:8009
Feb 20, 2012 5:08:32 PM org.apache.jk.server.JkMain start
INFO: Jk running ID=0 time=0/102  config=null
Feb 20, 2012 5:08:32 PM org.apache.catalina.startup.Catalina start
INFO: Server startup in 2671 ms
Feb 20, 2012 5:08:34 PM org.apache.catalina.core.StandardContext stop
INFO: Container org.apache.catalina.core.ContainerBase.[Catalina].[localhost].[/] has not been started
Feb 20, 2012 5:08:34 PM org.apache.catalina.startup.HostConfig checkResources
INFO: Undeploying context []
Feb 20, 2012 5:08:34 PM org.apache.catalina.startup.HostConfig deployDescriptor
INFO: Deploying configuration descriptor ROOT.xml
Feb 20, 2012 5:08:34 PM org.apache.catalina.core.StandardContext start
INFO: Container org.apache.catalina.core.ContainerBase.[Catalina].[localhost].[/] has already been started
Feb 20, 2012 5:09:20 PM org.apache.catalina.core.StandardContext reload
INFO: Reloading Context with name [] has started
Feb 20, 2012 5:28:52 PM org.apache.catalina.startup.HostConfig checkResources
INFO: Undeploying context []
Feb 20, 2012 5:28:52 PM org.apache.catalina.startup.HostConfig deployDescriptor
INFO: Deploying configuration descriptor ROOT.xml
Feb 20, 2012 5:28:52 PM org.apache.catalina.startup.HostConfig deployDescriptor
WARNING: A docBase /home/vignesh/Dropbox/YAID/apache-tomcat-6.0.35/webapps/D:\Dropbox\YAID\build\web inside the host appBase has been specified, and will be ignored
Feb 20, 2012 5:28:52 PM org.apache.catalina.core.StandardContext resourcesStart
SEVERE: Error starting static Resources
java.lang.IllegalArgumentException: Document base /home/vignesh/Dropbox/YAID/apache-tomcat-6.0.35/webapps/ROOT does not exist or is not a readable directory
	at org.apache.naming.resources.FileDirContext.setDocBase(FileDirContext.java:142)
	at org.apache.catalina.core.StandardContext.resourcesStart(StandardContext.java:4320)
	at org.apache.catalina.core.StandardContext.start(StandardContext.java:4489)
	at org.apache.catalina.core.ContainerBase.addChildInternal(ContainerBase.java:799)
	at org.apache.catalina.core.ContainerBase.addChild(ContainerBase.java:779)
	at org.apache.catalina.core.StandardHost.addChild(StandardHost.java:601)
	at org.apache.catalina.startup.HostConfig.deployDescriptor(HostConfig.java:675)
	at org.apache.catalina.startup.HostConfig.deployDescriptors(HostConfig.java:601)
	at org.apache.catalina.startup.HostConfig.deployApps(HostConfig.java:502)
	at org.apache.catalina.startup.HostConfig.check(HostConfig.java:1385)
	at org.apache.catalina.startup.HostConfig.lifecycleEvent(HostConfig.java:306)
	at org.apache.catalina.util.LifecycleSupport.fireLifecycleEvent(LifecycleSupport.java:142)
	at org.apache.catalina.core.ContainerBase.backgroundProcess(ContainerBase.java:1389)
	at org.apache.catalina.core.ContainerBase$ContainerBackgroundProcessor.processChildren(ContainerBase.java:1653)
	at org.apache.catalina.core.ContainerBase$ContainerBackgroundProcessor.processChildren(ContainerBase.java:1662)
	at org.apache.catalina.core.ContainerBase$ContainerBackgroundProcessor.run(ContainerBase.java:1642)
	at java.lang.Thread.run(Thread.java:722)

Feb 20, 2012 5:28:53 PM org.apache.catalina.core.StandardContext start
SEVERE: Error in resourceStart()
Feb 20, 2012 5:28:53 PM org.apache.catalina.core.StandardContext start
SEVERE: Error getConfigured
Feb 20, 2012 5:28:53 PM org.apache.catalina.core.StandardContext start
SEVERE: Context [] startup failed due to previous errors
Feb 20, 2012 5:28:53 PM org.apache.catalina.core.StandardContext stop
INFO: Container org.apache.catalina.core.ContainerBase.[Catalina].[localhost].[/] has not been started
Feb 20, 2012 5:52:18 PM org.apache.catalina.core.StandardContext stop
INFO: Container org.apache.catalina.core.ContainerBase.[Catalina].[localhost].[/] has not been started
Feb 20, 2012 5:52:19 PM org.apache.catalina.startup.HostConfig checkResources
INFO: Undeploying context []
Feb 20, 2012 5:52:19 PM org.apache.catalina.startup.HostConfig deployDescriptor
INFO: Deploying configuration descriptor ROOT.xml
Feb 20, 2012 5:52:19 PM org.apache.catalina.core.StandardContext start
INFO: Container org.apache.catalina.core.ContainerBase.[Catalina].[localhost].[/] has already been started
Feb 20, 2012 6:19:34 PM org.apache.catalina.startup.HostConfig checkResources
INFO: Undeploying context []
Feb 20, 2012 6:20:05 PM org.apache.coyote.http11.Http11Protocol pause
INFO: Pausing Coyote HTTP/1.1 on http-8080
Feb 20, 2012 6:20:06 PM org.apache.catalina.core.StandardService stop
INFO: Stopping service Catalina
Feb 20, 2012 6:20:06 PM org.apache.coyote.http11.Http11Protocol destroy
INFO: Stopping Coyote HTTP/1.1 on http-8080
Feb 20, 2012 6:33:28 PM org.apache.catalina.core.AprLifecycleListener init
INFO: The APR based Apache Tomcat Native library which allows optimal performance in production environments was not found on the java.library.path: /usr/java/packages/lib/i386:/usr/lib/i386-linux-gnu/jni:/lib/i386-linux-gnu:/usr/lib/i386-linux-gnu:/usr/lib/jni:/lib:/usr/lib
Feb 20, 2012 6:33:29 PM org.apache.coyote.http11.Http11Protocol init
INFO: Initializing Coyote HTTP/1.1 on http-8080
Feb 20, 2012 6:33:29 PM org.apache.catalina.startup.Catalina load
INFO: Initialization processed in 1717 ms
Feb 20, 2012 6:33:29 PM org.apache.catalina.core.StandardService start
INFO: Starting service Catalina
Feb 20, 2012 6:33:29 PM org.apache.catalina.core.StandardEngine start
INFO: Starting Servlet Engine: Apache Tomcat/6.0.35
Feb 20, 2012 6:33:29 PM org.apache.catalina.startup.HostConfig deployDescriptor
INFO: Deploying configuration descriptor manager.xml
Feb 20, 2012 6:33:29 PM org.apache.catalina.startup.HostConfig deployDescriptor
INFO: Deploying configuration descriptor ROOT (Amal Joy's conflicted copy 2012-02-20).xml
Feb 20, 2012 6:33:29 PM org.apache.catalina.startup.HostConfig deployDescriptor
WARNING: A docBase /home/vignesh/Dropbox/YAID/apache-tomcat-6.0.35/webapps/E:\Dropbox\YAID\build\web inside the host appBase has been specified, and will be ignored
Feb 20, 2012 6:33:29 PM org.apache.catalina.core.StandardContext resourcesStart
SEVERE: Error starting static Resources
java.lang.IllegalArgumentException: Document base /home/vignesh/Dropbox/YAID/apache-tomcat-6.0.35/webapps/ROOT (Amal Joy's conflicted copy 2012-02-20) does not exist or is not a readable directory
	at org.apache.naming.resources.FileDirContext.setDocBase(FileDirContext.java:142)
	at org.apache.catalina.core.StandardContext.resourcesStart(StandardContext.java:4320)
	at org.apache.catalina.core.StandardContext.start(StandardContext.java:4489)
	at org.apache.catalina.core.ContainerBase.addChildInternal(ContainerBase.java:799)
	at org.apache.catalina.core.ContainerBase.addChild(ContainerBase.java:779)
	at org.apache.catalina.core.StandardHost.addChild(StandardHost.java:601)
	at org.apache.catalina.startup.HostConfig.deployDescriptor(HostConfig.java:675)
	at org.apache.catalina.startup.HostConfig.deployDescriptors(HostConfig.java:601)
	at org.apache.catalina.startup.HostConfig.deployApps(HostConfig.java:502)
	at org.apache.catalina.startup.HostConfig.start(HostConfig.java:1317)
	at org.apache.catalina.startup.HostConfig.lifecycleEvent(HostConfig.java:324)
	at org.apache.catalina.util.LifecycleSupport.fireLifecycleEvent(LifecycleSupport.java:142)
	at org.apache.catalina.core.ContainerBase.start(ContainerBase.java:1065)
	at org.apache.catalina.core.StandardHost.start(StandardHost.java:840)
	at org.apache.catalina.core.ContainerBase.start(ContainerBase.java:1057)
	at org.apache.catalina.core.StandardEngine.start(StandardEngine.java:463)
	at org.apache.catalina.core.StandardService.start(StandardService.java:525)
	at org.apache.catalina.core.StandardServer.start(StandardServer.java:754)
	at org.apache.catalina.startup.Catalina.start(Catalina.java:595)
	at sun.reflect.NativeMethodAccessorImpl.invoke0(Native Method)
	at sun.reflect.NativeMethodAccessorImpl.invoke(NativeMethodAccessorImpl.java:57)
	at sun.reflect.DelegatingMethodAccessorImpl.invoke(DelegatingMethodAccessorImpl.java:43)
	at java.lang.reflect.Method.invoke(Method.java:601)
	at org.apache.catalina.startup.Bootstrap.start(Bootstrap.java:289)
	at org.apache.catalina.startup.Bootstrap.main(Bootstrap.java:414)

Feb 20, 2012 6:33:29 PM org.apache.catalina.core.StandardContext start
SEVERE: Error in resourceStart()
Feb 20, 2012 6:33:29 PM org.apache.catalina.core.StandardContext start
SEVERE: Error getConfigured
Feb 20, 2012 6:33:29 PM org.apache.catalina.core.StandardContext start
SEVERE: Context [/ROOT (Amal Joy's conflicted copy 2012-02-20)] startup failed due to previous errors
Feb 20, 2012 6:33:29 PM org.apache.catalina.core.StandardContext stop
INFO: Container org.apache.catalina.core.ContainerBase.[Catalina].[localhost].[/ROOT (Amal Joy's conflicted copy 2012-02-20)] has not been started
Feb 20, 2012 6:33:29 PM org.apache.catalina.startup.HostConfig deployDescriptor
INFO: Deploying configuration descriptor fileupload.xml
Feb 20, 2012 6:33:29 PM org.apache.catalina.startup.HostConfig deployDescriptor
WARNING: A docBase /home/vignesh/Dropbox/YAID/apache-tomcat-6.0.35/webapps/D:\Dropbox\201103-file-upload-jquery\build\web inside the host appBase has been specified, and will be ignored
Feb 20, 2012 6:33:30 PM org.apache.catalina.core.StandardContext resourcesStart
SEVERE: Error starting static Resources
java.lang.IllegalArgumentException: Document base /home/vignesh/Dropbox/YAID/apache-tomcat-6.0.35/webapps/fileupload does not exist or is not a readable directory
	at org.apache.naming.resources.FileDirContext.setDocBase(FileDirContext.java:142)
	at org.apache.catalina.core.StandardContext.resourcesStart(StandardContext.java:4320)
	at org.apache.catalina.core.StandardContext.start(StandardContext.java:4489)
	at org.apache.catalina.core.ContainerBase.addChildInternal(ContainerBase.java:799)
	at org.apache.catalina.core.ContainerBase.addChild(ContainerBase.java:779)
	at org.apache.catalina.core.StandardHost.addChild(StandardHost.java:601)
	at org.apache.catalina.startup.HostConfig.deployDescriptor(HostConfig.java:675)
	at org.apache.catalina.startup.HostConfig.deployDescriptors(HostConfig.java:601)
	at org.apache.catalina.startup.HostConfig.deployApps(HostConfig.java:502)
	at org.apache.catalina.startup.HostConfig.start(HostConfig.java:1317)
	at org.apache.catalina.startup.HostConfig.lifecycleEvent(HostConfig.java:324)
	at org.apache.catalina.util.LifecycleSupport.fireLifecycleEvent(LifecycleSupport.java:142)
	at org.apache.catalina.core.ContainerBase.start(ContainerBase.java:1065)
	at org.apache.catalina.core.StandardHost.start(StandardHost.java:840)
	at org.apache.catalina.core.ContainerBase.start(ContainerBase.java:1057)
	at org.apache.catalina.core.StandardEngine.start(StandardEngine.java:463)
	at org.apache.catalina.core.StandardService.start(StandardService.java:525)
	at org.apache.catalina.core.StandardServer.start(StandardServer.java:754)
	at org.apache.catalina.startup.Catalina.start(Catalina.java:595)
	at sun.reflect.NativeMethodAccessorImpl.invoke0(Native Method)
	at sun.reflect.NativeMethodAccessorImpl.invoke(NativeMethodAccessorImpl.java:57)
	at sun.reflect.DelegatingMethodAccessorImpl.invoke(DelegatingMethodAccessorImpl.java:43)
	at java.lang.reflect.Method.invoke(Method.java:601)
	at org.apache.catalina.startup.Bootstrap.start(Bootstrap.java:289)
	at org.apache.catalina.startup.Bootstrap.main(Bootstrap.java:414)

Feb 20, 2012 6:33:30 PM org.apache.catalina.core.StandardContext start
SEVERE: Error in resourceStart()
Feb 20, 2012 6:33:30 PM org.apache.catalina.core.StandardContext start
SEVERE: Error getConfigured
Feb 20, 2012 6:33:30 PM org.apache.catalina.core.StandardContext start
SEVERE: Context [/fileupload] startup failed due to previous errors
Feb 20, 2012 6:33:30 PM org.apache.catalina.core.StandardContext stop
INFO: Container org.apache.catalina.core.ContainerBase.[Catalina].[localhost].[/fileupload] has not been started
Feb 20, 2012 6:33:30 PM org.apache.catalina.startup.HostConfig deployDescriptor
INFO: Deploying configuration descriptor FileUP.xml
Feb 20, 2012 6:33:30 PM org.apache.catalina.startup.HostConfig deployDescriptor
INFO: Deploying configuration descriptor host-manager.xml
Feb 20, 2012 6:33:30 PM org.apache.catalina.startup.HostConfig deployDirectory
INFO: Deploying web application directory examples
Feb 20, 2012 6:33:30 PM org.apache.catalina.startup.HostConfig deployDirectory
INFO: Deploying web application directory docs
Feb 20, 2012 6:33:30 PM org.apache.coyote.http11.Http11Protocol start
INFO: Starting Coyote HTTP/1.1 on http-8080
Feb 20, 2012 6:33:31 PM org.apache.jk.common.ChannelSocket init
INFO: JK: ajp13 listening on /0.0.0.0:8009
Feb 20, 2012 6:33:31 PM org.apache.jk.server.JkMain start
INFO: Jk running ID=0 time=0/105  config=null
Feb 20, 2012 6:33:31 PM org.apache.catalina.startup.Catalina start
INFO: Server startup in 2159 ms
Feb 20, 2012 6:33:33 PM org.apache.catalina.startup.HostConfig deployDescriptor
INFO: Deploying configuration descriptor ROOT.xml
Feb 20, 2012 6:33:33 PM org.apache.catalina.core.StandardContext start
INFO: Container org.apache.catalina.core.ContainerBase.[Catalina].[localhost].[/] has already been started
Feb 20, 2012 7:01:01 PM org.apache.catalina.core.StandardContext reload
INFO: Reloading Context with name [] has started
Feb 20, 2012 7:01:12 PM org.apache.catalina.core.StandardContext reload
INFO: Reloading Context with name [] has started
Feb 20, 2012 7:15:32 PM org.apache.catalina.startup.HostConfig deployDescriptor
INFO: Deploying configuration descriptor ROOT (Amal Joy's conflicted copy 2012-02-20 (1)).xml
Feb 20, 2012 7:15:32 PM org.apache.catalina.startup.HostConfig deployDescriptor
WARNING: A docBase /home/vignesh/Dropbox/YAID/apache-tomcat-6.0.35/webapps/E:\Dropbox\YAID\build\web inside the host appBase has been specified, and will be ignored
Feb 20, 2012 7:15:32 PM org.apache.catalina.core.StandardContext resourcesStart
SEVERE: Error starting static Resources
java.lang.IllegalArgumentException: Document base /home/vignesh/Dropbox/YAID/apache-tomcat-6.0.35/webapps/ROOT (Amal Joy's conflicted copy 2012-02-20 (1)) does not exist or is not a readable directory
	at org.apache.naming.resources.FileDirContext.setDocBase(FileDirContext.java:142)
	at org.apache.catalina.core.StandardContext.resourcesStart(StandardContext.java:4320)
	at org.apache.catalina.core.StandardContext.start(StandardContext.java:4489)
	at org.apache.catalina.core.ContainerBase.addChildInternal(ContainerBase.java:799)
	at org.apache.catalina.core.ContainerBase.addChild(ContainerBase.java:779)
	at org.apache.catalina.core.StandardHost.addChild(StandardHost.java:601)
	at org.apache.catalina.startup.HostConfig.deployDescriptor(HostConfig.java:675)
	at org.apache.catalina.startup.HostConfig.deployDescriptors(HostConfig.java:601)
	at org.apache.catalina.startup.HostConfig.deployApps(HostConfig.java:502)
	at org.apache.catalina.startup.HostConfig.check(HostConfig.java:1385)
	at org.apache.catalina.startup.HostConfig.lifecycleEvent(HostConfig.java:306)
	at org.apache.catalina.util.LifecycleSupport.fireLifecycleEvent(LifecycleSupport.java:142)
	at org.apache.catalina.core.ContainerBase.backgroundProcess(ContainerBase.java:1389)
	at org.apache.catalina.core.ContainerBase$ContainerBackgroundProcessor.processChildren(ContainerBase.java:1653)
	at org.apache.catalina.core.ContainerBase$ContainerBackgroundProcessor.processChildren(ContainerBase.java:1662)
	at org.apache.catalina.core.ContainerBase$ContainerBackgroundProcessor.run(ContainerBase.java:1642)
	at java.lang.Thread.run(Thread.java:722)

Feb 20, 2012 7:15:32 PM org.apache.catalina.core.StandardContext start
SEVERE: Error in resourceStart()
Feb 20, 2012 7:15:32 PM org.apache.catalina.core.StandardContext start
SEVERE: Error getConfigured
Feb 20, 2012 7:15:32 PM org.apache.catalina.core.StandardContext start
SEVERE: Context [/ROOT (Amal Joy's conflicted copy 2012-02-20 (1))] startup failed due to previous errors
Feb 20, 2012 7:15:32 PM org.apache.catalina.core.StandardContext stop
INFO: Container org.apache.catalina.core.ContainerBase.[Catalina].[localhost].[/ROOT (Amal Joy's conflicted copy 2012-02-20 (1))] has not been started
Feb 20, 2012 7:15:32 PM org.apache.catalina.core.StandardContext reload
INFO: Reloading Context with name [] has started
Feb 20, 2012 7:15:32 PM org.apache.catalina.loader.WebappClassLoader clearReferencesJdbc
SEVERE: The web application [] registered the JDBC driver [com.mysql.jdbc.Driver] but failed to unregister it when the web application was stopped. To prevent a memory leak, the JDBC Driver has been forcibly unregistered.
Feb 20, 2012 7:15:53 PM org.apache.catalina.core.StandardContext reload
INFO: Reloading Context with name [] has started
Feb 20, 2012 7:16:13 PM org.apache.catalina.startup.HostConfig checkResources
INFO: Undeploying context []
Feb 20, 2012 7:16:13 PM org.apache.catalina.startup.HostConfig deployDescriptor
INFO: Deploying configuration descriptor ROOT.xml
Feb 20, 2012 7:16:13 PM org.apache.catalina.startup.HostConfig deployDescriptor
WARNING: A docBase /home/vignesh/Dropbox/YAID/apache-tomcat-6.0.35/webapps/D:\Dropbox\YAID\build\web inside the host appBase has been specified, and will be ignored
Feb 20, 2012 7:16:13 PM org.apache.catalina.core.StandardContext resourcesStart
SEVERE: Error starting static Resources
java.lang.IllegalArgumentException: Document base /home/vignesh/Dropbox/YAID/apache-tomcat-6.0.35/webapps/ROOT does not exist or is not a readable directory
	at org.apache.naming.resources.FileDirContext.setDocBase(FileDirContext.java:142)
	at org.apache.catalina.core.StandardContext.resourcesStart(StandardContext.java:4320)
	at org.apache.catalina.core.StandardContext.start(StandardContext.java:4489)
	at org.apache.catalina.core.ContainerBase.addChildInternal(ContainerBase.java:799)
	at org.apache.catalina.core.ContainerBase.addChild(ContainerBase.java:779)
	at org.apache.catalina.core.StandardHost.addChild(StandardHost.java:601)
	at org.apache.catalina.startup.HostConfig.deployDescriptor(HostConfig.java:675)
	at org.apache.catalina.startup.HostConfig.deployDescriptors(HostConfig.java:601)
	at org.apache.catalina.startup.HostConfig.deployApps(HostConfig.java:502)
	at org.apache.catalina.startup.HostConfig.check(HostConfig.java:1385)
	at org.apache.catalina.startup.HostConfig.lifecycleEvent(HostConfig.java:306)
	at org.apache.catalina.util.LifecycleSupport.fireLifecycleEvent(LifecycleSupport.java:142)
	at org.apache.catalina.core.ContainerBase.backgroundProcess(ContainerBase.java:1389)
	at org.apache.catalina.core.ContainerBase$ContainerBackgroundProcessor.processChildren(ContainerBase.java:1653)
	at org.apache.catalina.core.ContainerBase$ContainerBackgroundProcessor.processChildren(ContainerBase.java:1662)
	at org.apache.catalina.core.ContainerBase$ContainerBackgroundProcessor.run(ContainerBase.java:1642)
	at java.lang.Thread.run(Thread.java:722)

Feb 20, 2012 7:16:13 PM org.apache.catalina.core.StandardContext start
SEVERE: Error in resourceStart()
Feb 20, 2012 7:16:13 PM org.apache.catalina.core.StandardContext start
SEVERE: Error getConfigured
Feb 20, 2012 7:16:13 PM org.apache.catalina.core.StandardContext start
SEVERE: Context [] startup failed due to previous errors
Feb 20, 2012 7:16:13 PM org.apache.catalina.core.StandardContext stop
INFO: Container org.apache.catalina.core.ContainerBase.[Catalina].[localhost].[/] has not been started
Feb 20, 2012 7:33:39 PM org.apache.catalina.loader.WebappClassLoader loadClass
INFO: Illegal access: this web application instance has been stopped already.  Could not load com.mysql.jdbc.SQLError.  The eventual following stack trace is caused by an error thrown for debugging purposes as well as to attempt to terminate the thread which caused the illegal access, and has no functional impact.
java.lang.IllegalStateException
	at org.apache.catalina.loader.WebappClassLoader.loadClass(WebappClassLoader.java:1566)
	at org.apache.catalina.loader.WebappClassLoader.loadClass(WebappClassLoader.java:1526)
	at com.mysql.jdbc.MysqlIO.send(MysqlIO.java:3321)
	at com.mysql.jdbc.MysqlIO.quit(MysqlIO.java:1667)
	at com.mysql.jdbc.ConnectionImpl.realClose(ConnectionImpl.java:4322)
	at com.mysql.jdbc.ConnectionImpl.cleanup(ConnectionImpl.java:1348)
	at com.mysql.jdbc.ConnectionImpl.finalize(ConnectionImpl.java:2679)
	at java.lang.ref.Finalizer.invokeFinalizeMethod(Native Method)
	at java.lang.ref.Finalizer.runFinalizer(Finalizer.java:101)
	at java.lang.ref.Finalizer.access$100(Finalizer.java:32)
	at java.lang.ref.Finalizer$FinalizerThread.run(Finalizer.java:178)

Feb 20, 2012 7:33:39 PM org.apache.catalina.loader.WebappClassLoader loadClass
INFO: Illegal access: this web application instance has been stopped already.  Could not load com.mysql.jdbc.ProfilerEventHandlerFactory.  The eventual following stack trace is caused by an error thrown for debugging purposes as well as to attempt to terminate the thread which caused the illegal access, and has no functional impact.
java.lang.IllegalStateException
	at org.apache.catalina.loader.WebappClassLoader.loadClass(WebappClassLoader.java:1566)
	at org.apache.catalina.loader.WebappClassLoader.loadClass(WebappClassLoader.java:1526)
	at com.mysql.jdbc.ConnectionImpl.realClose(ConnectionImpl.java:4346)
	at com.mysql.jdbc.ConnectionImpl.cleanup(ConnectionImpl.java:1348)
	at com.mysql.jdbc.ConnectionImpl.finalize(ConnectionImpl.java:2679)
	at java.lang.ref.Finalizer.invokeFinalizeMethod(Native Method)
	at java.lang.ref.Finalizer.runFinalizer(Finalizer.java:101)
	at java.lang.ref.Finalizer.access$100(Finalizer.java:32)
	at java.lang.ref.Finalizer$FinalizerThread.run(Finalizer.java:178)

Feb 20, 2012 7:40:10 PM org.apache.coyote.http11.Http11Protocol pause
INFO: Pausing Coyote HTTP/1.1 on http-8080
Feb 20, 2012 7:40:11 PM org.apache.catalina.core.StandardService stop
INFO: Stopping service Catalina
Feb 20, 2012 7:40:11 PM org.apache.coyote.http11.Http11Protocol destroy
INFO: Stopping Coyote HTTP/1.1 on http-8080
Feb 20, 2012 8:35:31 PM org.apache.catalina.core.AprLifecycleListener init
INFO: The APR based Apache Tomcat Native library which allows optimal performance in production environments was not found on the java.library.path: /usr/java/packages/lib/i386:/usr/lib/i386-linux-gnu/jni:/lib/i386-linux-gnu:/usr/lib/i386-linux-gnu:/usr/lib/jni:/lib:/usr/lib
Feb 20, 2012 8:35:33 PM org.apache.coyote.http11.Http11Protocol init
INFO: Initializing Coyote HTTP/1.1 on http-8080
Feb 20, 2012 8:35:33 PM org.apache.catalina.startup.Catalina load
INFO: Initialization processed in 4563 ms
Feb 20, 2012 8:35:34 PM org.apache.catalina.core.StandardService start
INFO: Starting service Catalina
Feb 20, 2012 8:35:34 PM org.apache.catalina.core.StandardEngine start
INFO: Starting Servlet Engine: Apache Tomcat/6.0.35
Feb 20, 2012 8:35:34 PM org.apache.catalina.startup.HostConfig deployDescriptor
INFO: Deploying configuration descriptor ROOT (Amal Joy's conflicted copy 2012-02-20 (1)).xml
Feb 20, 2012 8:35:35 PM org.apache.catalina.startup.HostConfig deployDescriptor
WARNING: A docBase /home/vignesh/Dropbox/YAID/apache-tomcat-6.0.35/webapps/E:\Dropbox\YAID\build\web inside the host appBase has been specified, and will be ignored
Feb 20, 2012 8:35:35 PM org.apache.catalina.core.StandardContext resourcesStart
SEVERE: Error starting static Resources
java.lang.IllegalArgumentException: Document base /home/vignesh/Dropbox/YAID/apache-tomcat-6.0.35/webapps/ROOT (Amal Joy's conflicted copy 2012-02-20 (1)) does not exist or is not a readable directory
	at org.apache.naming.resources.FileDirContext.setDocBase(FileDirContext.java:142)
	at org.apache.catalina.core.StandardContext.resourcesStart(StandardContext.java:4320)
	at org.apache.catalina.core.StandardContext.start(StandardContext.java:4489)
	at org.apache.catalina.core.ContainerBase.addChildInternal(ContainerBase.java:799)
	at org.apache.catalina.core.ContainerBase.addChild(ContainerBase.java:779)
	at org.apache.catalina.core.StandardHost.addChild(StandardHost.java:601)
	at org.apache.catalina.startup.HostConfig.deployDescriptor(HostConfig.java:675)
	at org.apache.catalina.startup.HostConfig.deployDescriptors(HostConfig.java:601)
	at org.apache.catalina.startup.HostConfig.deployApps(HostConfig.java:502)
	at org.apache.catalina.startup.HostConfig.start(HostConfig.java:1317)
	at org.apache.catalina.startup.HostConfig.lifecycleEvent(HostConfig.java:324)
	at org.apache.catalina.util.LifecycleSupport.fireLifecycleEvent(LifecycleSupport.java:142)
	at org.apache.catalina.core.ContainerBase.start(ContainerBase.java:1065)
	at org.apache.catalina.core.StandardHost.start(StandardHost.java:840)
	at org.apache.catalina.core.ContainerBase.start(ContainerBase.java:1057)
	at org.apache.catalina.core.StandardEngine.start(StandardEngine.java:463)
	at org.apache.catalina.core.StandardService.start(StandardService.java:525)
	at org.apache.catalina.core.StandardServer.start(StandardServer.java:754)
	at org.apache.catalina.startup.Catalina.start(Catalina.java:595)
	at sun.reflect.NativeMethodAccessorImpl.invoke0(Native Method)
	at sun.reflect.NativeMethodAccessorImpl.invoke(NativeMethodAccessorImpl.java:57)
	at sun.reflect.DelegatingMethodAccessorImpl.invoke(DelegatingMethodAccessorImpl.java:43)
	at java.lang.reflect.Method.invoke(Method.java:601)
	at org.apache.catalina.startup.Bootstrap.start(Bootstrap.java:289)
	at org.apache.catalina.startup.Bootstrap.main(Bootstrap.java:414)

Feb 20, 2012 8:35:35 PM org.apache.catalina.core.StandardContext start
SEVERE: Error in resourceStart()
Feb 20, 2012 8:35:36 PM org.apache.catalina.core.StandardContext start
SEVERE: Error getConfigured
Feb 20, 2012 8:35:36 PM org.apache.catalina.core.StandardContext start
SEVERE: Context [/ROOT (Amal Joy's conflicted copy 2012-02-20 (1))] startup failed due to previous errors
Feb 20, 2012 8:35:36 PM org.apache.catalina.core.StandardContext stop
INFO: Container org.apache.catalina.core.ContainerBase.[Catalina].[localhost].[/ROOT (Amal Joy's conflicted copy 2012-02-20 (1))] has not been started
Feb 20, 2012 8:35:36 PM org.apache.catalina.startup.HostConfig deployDescriptor
INFO: Deploying configuration descriptor manager.xml
Feb 20, 2012 8:35:37 PM org.apache.catalina.startup.HostConfig deployDescriptor
INFO: Deploying configuration descriptor ROOT (Amal Joy's conflicted copy 2012-02-20).xml
Feb 20, 2012 8:35:37 PM org.apache.catalina.startup.HostConfig deployDescriptor
WARNING: A docBase /home/vignesh/Dropbox/YAID/apache-tomcat-6.0.35/webapps/E:\Dropbox\YAID\build\web inside the host appBase has been specified, and will be ignored
Feb 20, 2012 8:35:37 PM org.apache.catalina.core.StandardContext resourcesStart
SEVERE: Error starting static Resources
java.lang.IllegalArgumentException: Document base /home/vignesh/Dropbox/YAID/apache-tomcat-6.0.35/webapps/ROOT (Amal Joy's conflicted copy 2012-02-20) does not exist or is not a readable directory
	at org.apache.naming.resources.FileDirContext.setDocBase(FileDirContext.java:142)
	at org.apache.catalina.core.StandardContext.resourcesStart(StandardContext.java:4320)
	at org.apache.catalina.core.StandardContext.start(StandardContext.java:4489)
	at org.apache.catalina.core.ContainerBase.addChildInternal(ContainerBase.java:799)
	at org.apache.catalina.core.ContainerBase.addChild(ContainerBase.java:779)
	at org.apache.catalina.core.StandardHost.addChild(StandardHost.java:601)
	at org.apache.catalina.startup.HostConfig.deployDescriptor(HostConfig.java:675)
	at org.apache.catalina.startup.HostConfig.deployDescriptors(HostConfig.java:601)
	at org.apache.catalina.startup.HostConfig.deployApps(HostConfig.java:502)
	at org.apache.catalina.startup.HostConfig.start(HostConfig.java:1317)
	at org.apache.catalina.startup.HostConfig.lifecycleEvent(HostConfig.java:324)
	at org.apache.catalina.util.LifecycleSupport.fireLifecycleEvent(LifecycleSupport.java:142)
	at org.apache.catalina.core.ContainerBase.start(ContainerBase.java:1065)
	at org.apache.catalina.core.StandardHost.start(StandardHost.java:840)
	at org.apache.catalina.core.ContainerBase.start(ContainerBase.java:1057)
	at org.apache.catalina.core.StandardEngine.start(StandardEngine.java:463)
	at org.apache.catalina.core.StandardService.start(StandardService.java:525)
	at org.apache.catalina.core.StandardServer.start(StandardServer.java:754)
	at org.apache.catalina.startup.Catalina.start(Catalina.java:595)
	at sun.reflect.NativeMethodAccessorImpl.invoke0(Native Method)
	at sun.reflect.NativeMethodAccessorImpl.invoke(NativeMethodAccessorImpl.java:57)
	at sun.reflect.DelegatingMethodAccessorImpl.invoke(DelegatingMethodAccessorImpl.java:43)
	at java.lang.reflect.Method.invoke(Method.java:601)
	at org.apache.catalina.startup.Bootstrap.start(Bootstrap.java:289)
	at org.apache.catalina.startup.Bootstrap.main(Bootstrap.java:414)

Feb 20, 2012 8:35:37 PM org.apache.catalina.core.StandardContext start
SEVERE: Error in resourceStart()
Feb 20, 2012 8:35:37 PM org.apache.catalina.core.StandardContext start
SEVERE: Error getConfigured
Feb 20, 2012 8:35:37 PM org.apache.catalina.core.StandardContext start
SEVERE: Context [/ROOT (Amal Joy's conflicted copy 2012-02-20)] startup failed due to previous errors
Feb 20, 2012 8:35:37 PM org.apache.catalina.core.StandardContext stop
INFO: Container org.apache.catalina.core.ContainerBase.[Catalina].[localhost].[/ROOT (Amal Joy's conflicted copy 2012-02-20)] has not been started
Feb 20, 2012 8:35:37 PM org.apache.catalina.startup.HostConfig deployDescriptor
INFO: Deploying configuration descriptor fileupload.xml
Feb 20, 2012 8:35:37 PM org.apache.catalina.startup.HostConfig deployDescriptor
WARNING: A docBase /home/vignesh/Dropbox/YAID/apache-tomcat-6.0.35/webapps/D:\Dropbox\201103-file-upload-jquery\build\web inside the host appBase has been specified, and will be ignored
Feb 20, 2012 8:35:37 PM org.apache.catalina.core.StandardContext resourcesStart
SEVERE: Error starting static Resources
java.lang.IllegalArgumentException: Document base /home/vignesh/Dropbox/YAID/apache-tomcat-6.0.35/webapps/fileupload does not exist or is not a readable directory
	at org.apache.naming.resources.FileDirContext.setDocBase(FileDirContext.java:142)
	at org.apache.catalina.core.StandardContext.resourcesStart(StandardContext.java:4320)
	at org.apache.catalina.core.StandardContext.start(StandardContext.java:4489)
	at org.apache.catalina.core.ContainerBase.addChildInternal(ContainerBase.java:799)
	at org.apache.catalina.core.ContainerBase.addChild(ContainerBase.java:779)
	at org.apache.catalina.core.StandardHost.addChild(StandardHost.java:601)
	at org.apache.catalina.startup.HostConfig.deployDescriptor(HostConfig.java:675)
	at org.apache.catalina.startup.HostConfig.deployDescriptors(HostConfig.java:601)
	at org.apache.catalina.startup.HostConfig.deployApps(HostConfig.java:502)
	at org.apache.catalina.startup.HostConfig.start(HostConfig.java:1317)
	at org.apache.catalina.startup.HostConfig.lifecycleEvent(HostConfig.java:324)
	at org.apache.catalina.util.LifecycleSupport.fireLifecycleEvent(LifecycleSupport.java:142)
	at org.apache.catalina.core.ContainerBase.start(ContainerBase.java:1065)
	at org.apache.catalina.core.StandardHost.start(StandardHost.java:840)
	at org.apache.catalina.core.ContainerBase.start(ContainerBase.java:1057)
	at org.apache.catalina.core.StandardEngine.start(StandardEngine.java:463)
	at org.apache.catalina.core.StandardService.start(StandardService.java:525)
	at org.apache.catalina.core.StandardServer.start(StandardServer.java:754)
	at org.apache.catalina.startup.Catalina.start(Catalina.java:595)
	at sun.reflect.NativeMethodAccessorImpl.invoke0(Native Method)
	at sun.reflect.NativeMethodAccessorImpl.invoke(NativeMethodAccessorImpl.java:57)
	at sun.reflect.DelegatingMethodAccessorImpl.invoke(DelegatingMethodAccessorImpl.java:43)
	at java.lang.reflect.Method.invoke(Method.java:601)
	at org.apache.catalina.startup.Bootstrap.start(Bootstrap.java:289)
	at org.apache.catalina.startup.Bootstrap.main(Bootstrap.java:414)

Feb 20, 2012 8:35:37 PM org.apache.catalina.core.StandardContext start
SEVERE: Error in resourceStart()
Feb 20, 2012 8:35:37 PM org.apache.catalina.core.StandardContext start
SEVERE: Error getConfigured
Feb 20, 2012 8:35:38 PM org.apache.catalina.core.StandardContext start
SEVERE: Context [/fileupload] startup failed due to previous errors
Feb 20, 2012 8:35:38 PM org.apache.catalina.core.StandardContext stop
INFO: Container org.apache.catalina.core.ContainerBase.[Catalina].[localhost].[/fileupload] has not been started
Feb 20, 2012 8:35:38 PM org.apache.catalina.startup.HostConfig deployDescriptor
INFO: Deploying configuration descriptor ROOT.xml
Feb 20, 2012 8:35:38 PM org.apache.catalina.startup.HostConfig deployDescriptor
WARNING: A docBase /home/vignesh/Dropbox/YAID/apache-tomcat-6.0.35/webapps/D:\Dropbox\YAID\build\web inside the host appBase has been specified, and will be ignored
Feb 20, 2012 8:35:38 PM org.apache.catalina.core.StandardContext resourcesStart
SEVERE: Error starting static Resources
java.lang.IllegalArgumentException: Document base /home/vignesh/Dropbox/YAID/apache-tomcat-6.0.35/webapps/ROOT does not exist or is not a readable directory
	at org.apache.naming.resources.FileDirContext.setDocBase(FileDirContext.java:142)
	at org.apache.catalina.core.StandardContext.resourcesStart(StandardContext.java:4320)
	at org.apache.catalina.core.StandardContext.start(StandardContext.java:4489)
	at org.apache.catalina.core.ContainerBase.addChildInternal(ContainerBase.java:799)
	at org.apache.catalina.core.ContainerBase.addChild(ContainerBase.java:779)
	at org.apache.catalina.core.StandardHost.addChild(StandardHost.java:601)
	at org.apache.catalina.startup.HostConfig.deployDescriptor(HostConfig.java:675)
	at org.apache.catalina.startup.HostConfig.deployDescriptors(HostConfig.java:601)
	at org.apache.catalina.startup.HostConfig.deployApps(HostConfig.java:502)
	at org.apache.catalina.startup.HostConfig.start(HostConfig.java:1317)
	at org.apache.catalina.startup.HostConfig.lifecycleEvent(HostConfig.java:324)
	at org.apache.catalina.util.LifecycleSupport.fireLifecycleEvent(LifecycleSupport.java:142)
	at org.apache.catalina.core.ContainerBase.start(ContainerBase.java:1065)
	at org.apache.catalina.core.StandardHost.start(StandardHost.java:840)
	at org.apache.catalina.core.ContainerBase.start(ContainerBase.java:1057)
	at org.apache.catalina.core.StandardEngine.start(StandardEngine.java:463)
	at org.apache.catalina.core.StandardService.start(StandardService.java:525)
	at org.apache.catalina.core.StandardServer.start(StandardServer.java:754)
	at org.apache.catalina.startup.Catalina.start(Catalina.java:595)
	at sun.reflect.NativeMethodAccessorImpl.invoke0(Native Method)
	at sun.reflect.NativeMethodAccessorImpl.invoke(NativeMethodAccessorImpl.java:57)
	at sun.reflect.DelegatingMethodAccessorImpl.invoke(DelegatingMethodAccessorImpl.java:43)
	at java.lang.reflect.Method.invoke(Method.java:601)
	at org.apache.catalina.startup.Bootstrap.start(Bootstrap.java:289)
	at org.apache.catalina.startup.Bootstrap.main(Bootstrap.java:414)

Feb 20, 2012 8:35:38 PM org.apache.catalina.core.StandardContext start
SEVERE: Error in resourceStart()
Feb 20, 2012 8:35:38 PM org.apache.catalina.core.StandardContext start
SEVERE: Error getConfigured
Feb 20, 2012 8:35:38 PM org.apache.catalina.core.StandardContext start
SEVERE: Context [] startup failed due to previous errors
Feb 20, 2012 8:35:38 PM org.apache.catalina.core.StandardContext stop
INFO: Container org.apache.catalina.core.ContainerBase.[Catalina].[localhost].[/] has not been started
Feb 20, 2012 8:35:38 PM org.apache.catalina.startup.HostConfig deployDescriptor
INFO: Deploying configuration descriptor FileUP.xml
Feb 20, 2012 8:35:38 PM org.apache.catalina.startup.HostConfig deployDescriptor
INFO: Deploying configuration descriptor host-manager.xml
Feb 20, 2012 8:35:39 PM org.apache.catalina.startup.HostConfig deployDirectory
INFO: Deploying web application directory examples
Feb 20, 2012 8:35:40 PM org.apache.catalina.startup.HostConfig deployDirectory
INFO: Deploying web application directory docs
Feb 20, 2012 8:35:40 PM org.apache.coyote.http11.Http11Protocol start
INFO: Starting Coyote HTTP/1.1 on http-8080
Feb 20, 2012 8:35:40 PM org.apache.jk.common.ChannelSocket init
INFO: JK: ajp13 listening on /0.0.0.0:8009
Feb 20, 2012 8:35:41 PM org.apache.jk.server.JkMain start
INFO: Jk running ID=0 time=0/274  config=null
Feb 20, 2012 8:35:41 PM org.apache.catalina.startup.Catalina start
INFO: Server startup in 7194 ms
Feb 20, 2012 8:35:46 PM org.apache.catalina.core.StandardContext stop
INFO: Container org.apache.catalina.core.ContainerBase.[Catalina].[localhost].[/] has not been started
Feb 20, 2012 8:35:46 PM org.apache.catalina.startup.HostConfig checkResources
INFO: Undeploying context []
Feb 20, 2012 8:35:47 PM org.apache.catalina.startup.HostConfig deployDescriptor
INFO: Deploying configuration descriptor ROOT.xml
Feb 20, 2012 8:35:47 PM org.apache.catalina.core.StandardContext start
INFO: Container org.apache.catalina.core.ContainerBase.[Catalina].[localhost].[/] has already been started
Feb 20, 2012 8:43:01 PM org.apache.catalina.loader.WebappClassLoader clearReferencesJdbc
SEVERE: The web application [] registered the JDBC driver [com.mysql.jdbc.Driver] but failed to unregister it when the web application was stopped. To prevent a memory leak, the JDBC Driver has been forcibly unregistered.
Feb 20, 2012 8:43:02 PM org.apache.catalina.startup.HostConfig checkResources
INFO: Undeploying context []
Feb 20, 2012 8:45:05 PM org.apache.coyote.http11.Http11Protocol pause
INFO: Pausing Coyote HTTP/1.1 on http-8080
Feb 20, 2012 8:45:06 PM org.apache.catalina.core.StandardService stop
INFO: Stopping service Catalina
Feb 20, 2012 8:45:06 PM org.apache.coyote.http11.Http11Protocol destroy
INFO: Stopping Coyote HTTP/1.1 on http-8080
Feb 20, 2012 8:48:49 PM org.apache.catalina.core.AprLifecycleListener init
INFO: The APR based Apache Tomcat Native library which allows optimal performance in production environments was not found on the java.library.path: /usr/java/packages/lib/i386:/usr/lib/i386-linux-gnu/jni:/lib/i386-linux-gnu:/usr/lib/i386-linux-gnu:/usr/lib/jni:/lib:/usr/lib
Feb 20, 2012 8:48:50 PM org.apache.coyote.http11.Http11Protocol init
INFO: Initializing Coyote HTTP/1.1 on http-8080
Feb 20, 2012 8:48:50 PM org.apache.catalina.startup.Catalina load
INFO: Initialization processed in 1460 ms
Feb 20, 2012 8:48:50 PM org.apache.catalina.core.StandardService start
INFO: Starting service Catalina
Feb 20, 2012 8:48:50 PM org.apache.catalina.core.StandardEngine start
INFO: Starting Servlet Engine: Apache Tomcat/6.0.35
Feb 20, 2012 8:48:50 PM org.apache.catalina.startup.HostConfig deployDescriptor
INFO: Deploying configuration descriptor ROOT (Amal Joy's conflicted copy 2012-02-20 (1)).xml
Feb 20, 2012 8:48:50 PM org.apache.catalina.startup.HostConfig deployDescriptor
WARNING: A docBase /home/vignesh/Dropbox/YAID/apache-tomcat-6.0.35/webapps/E:\Dropbox\YAID\build\web inside the host appBase has been specified, and will be ignored
Feb 20, 2012 8:48:50 PM org.apache.catalina.core.StandardContext resourcesStart
SEVERE: Error starting static Resources
java.lang.IllegalArgumentException: Document base /home/vignesh/Dropbox/YAID/apache-tomcat-6.0.35/webapps/ROOT (Amal Joy's conflicted copy 2012-02-20 (1)) does not exist or is not a readable directory
	at org.apache.naming.resources.FileDirContext.setDocBase(FileDirContext.java:142)
	at org.apache.catalina.core.StandardContext.resourcesStart(StandardContext.java:4320)
	at org.apache.catalina.core.StandardContext.start(StandardContext.java:4489)
	at org.apache.catalina.core.ContainerBase.addChildInternal(ContainerBase.java:799)
	at org.apache.catalina.core.ContainerBase.addChild(ContainerBase.java:779)
	at org.apache.catalina.core.StandardHost.addChild(StandardHost.java:601)
	at org.apache.catalina.startup.HostConfig.deployDescriptor(HostConfig.java:675)
	at org.apache.catalina.startup.HostConfig.deployDescriptors(HostConfig.java:601)
	at org.apache.catalina.startup.HostConfig.deployApps(HostConfig.java:502)
	at org.apache.catalina.startup.HostConfig.start(HostConfig.java:1317)
	at org.apache.catalina.startup.HostConfig.lifecycleEvent(HostConfig.java:324)
	at org.apache.catalina.util.LifecycleSupport.fireLifecycleEvent(LifecycleSupport.java:142)
	at org.apache.catalina.core.ContainerBase.start(ContainerBase.java:1065)
	at org.apache.catalina.core.StandardHost.start(StandardHost.java:840)
	at org.apache.catalina.core.ContainerBase.start(ContainerBase.java:1057)
	at org.apache.catalina.core.StandardEngine.start(StandardEngine.java:463)
	at org.apache.catalina.core.StandardService.start(StandardService.java:525)
	at org.apache.catalina.core.StandardServer.start(StandardServer.java:754)
	at org.apache.catalina.startup.Catalina.start(Catalina.java:595)
	at sun.reflect.NativeMethodAccessorImpl.invoke0(Native Method)
	at sun.reflect.NativeMethodAccessorImpl.invoke(NativeMethodAccessorImpl.java:57)
	at sun.reflect.DelegatingMethodAccessorImpl.invoke(DelegatingMethodAccessorImpl.java:43)
	at java.lang.reflect.Method.invoke(Method.java:601)
	at org.apache.catalina.startup.Bootstrap.start(Bootstrap.java:289)
	at org.apache.catalina.startup.Bootstrap.main(Bootstrap.java:414)

Feb 20, 2012 8:48:50 PM org.apache.catalina.core.StandardContext start
SEVERE: Error in resourceStart()
Feb 20, 2012 8:48:50 PM org.apache.catalina.core.StandardContext start
SEVERE: Error getConfigured
Feb 20, 2012 8:48:50 PM org.apache.catalina.core.StandardContext start
SEVERE: Context [/ROOT (Amal Joy's conflicted copy 2012-02-20 (1))] startup failed due to previous errors
Feb 20, 2012 8:48:50 PM org.apache.catalina.core.StandardContext stop
INFO: Container org.apache.catalina.core.ContainerBase.[Catalina].[localhost].[/ROOT (Amal Joy's conflicted copy 2012-02-20 (1))] has not been started
Feb 20, 2012 8:48:50 PM org.apache.catalina.startup.HostConfig deployDescriptor
INFO: Deploying configuration descriptor manager.xml
Feb 20, 2012 8:48:51 PM org.apache.catalina.startup.HostConfig deployDescriptor
INFO: Deploying configuration descriptor ROOT (Amal Joy's conflicted copy 2012-02-20).xml
Feb 20, 2012 8:48:51 PM org.apache.catalina.startup.HostConfig deployDescriptor
WARNING: A docBase /home/vignesh/Dropbox/YAID/apache-tomcat-6.0.35/webapps/E:\Dropbox\YAID\build\web inside the host appBase has been specified, and will be ignored
Feb 20, 2012 8:48:51 PM org.apache.catalina.core.StandardContext resourcesStart
SEVERE: Error starting static Resources
java.lang.IllegalArgumentException: Document base /home/vignesh/Dropbox/YAID/apache-tomcat-6.0.35/webapps/ROOT (Amal Joy's conflicted copy 2012-02-20) does not exist or is not a readable directory
	at org.apache.naming.resources.FileDirContext.setDocBase(FileDirContext.java:142)
	at org.apache.catalina.core.StandardContext.resourcesStart(StandardContext.java:4320)
	at org.apache.catalina.core.StandardContext.start(StandardContext.java:4489)
	at org.apache.catalina.core.ContainerBase.addChildInternal(ContainerBase.java:799)
	at org.apache.catalina.core.ContainerBase.addChild(ContainerBase.java:779)
	at org.apache.catalina.core.StandardHost.addChild(StandardHost.java:601)
	at org.apache.catalina.startup.HostConfig.deployDescriptor(HostConfig.java:675)
	at org.apache.catalina.startup.HostConfig.deployDescriptors(HostConfig.java:601)
	at org.apache.catalina.startup.HostConfig.deployApps(HostConfig.java:502)
	at org.apache.catalina.startup.HostConfig.start(HostConfig.java:1317)
	at org.apache.catalina.startup.HostConfig.lifecycleEvent(HostConfig.java:324)
	at org.apache.catalina.util.LifecycleSupport.fireLifecycleEvent(LifecycleSupport.java:142)
	at org.apache.catalina.core.ContainerBase.start(ContainerBase.java:1065)
	at org.apache.catalina.core.StandardHost.start(StandardHost.java:840)
	at org.apache.catalina.core.ContainerBase.start(ContainerBase.java:1057)
	at org.apache.catalina.core.StandardEngine.start(StandardEngine.java:463)
	at org.apache.catalina.core.StandardService.start(StandardService.java:525)
	at org.apache.catalina.core.StandardServer.start(StandardServer.java:754)
	at org.apache.catalina.startup.Catalina.start(Catalina.java:595)
	at sun.reflect.NativeMethodAccessorImpl.invoke0(Native Method)
	at sun.reflect.NativeMethodAccessorImpl.invoke(NativeMethodAccessorImpl.java:57)
	at sun.reflect.DelegatingMethodAccessorImpl.invoke(DelegatingMethodAccessorImpl.java:43)
	at java.lang.reflect.Method.invoke(Method.java:601)
	at org.apache.catalina.startup.Bootstrap.start(Bootstrap.java:289)
	at org.apache.catalina.startup.Bootstrap.main(Bootstrap.java:414)

Feb 20, 2012 8:48:51 PM org.apache.catalina.core.StandardContext start
SEVERE: Error in resourceStart()
Feb 20, 2012 8:48:51 PM org.apache.catalina.core.StandardContext start
SEVERE: Error getConfigured
Feb 20, 2012 8:48:51 PM org.apache.catalina.core.StandardContext start
SEVERE: Context [/ROOT (Amal Joy's conflicted copy 2012-02-20)] startup failed due to previous errors
Feb 20, 2012 8:48:51 PM org.apache.catalina.core.StandardContext stop
INFO: Container org.apache.catalina.core.ContainerBase.[Catalina].[localhost].[/ROOT (Amal Joy's conflicted copy 2012-02-20)] has not been started
Feb 20, 2012 8:48:51 PM org.apache.catalina.startup.HostConfig deployDescriptor
INFO: Deploying configuration descriptor fileupload.xml
Feb 20, 2012 8:48:51 PM org.apache.catalina.startup.HostConfig deployDescriptor
WARNING: A docBase /home/vignesh/Dropbox/YAID/apache-tomcat-6.0.35/webapps/D:\Dropbox\201103-file-upload-jquery\build\web inside the host appBase has been specified, and will be ignored
Feb 20, 2012 8:48:51 PM org.apache.catalina.core.StandardContext resourcesStart
SEVERE: Error starting static Resources
java.lang.IllegalArgumentException: Document base /home/vignesh/Dropbox/YAID/apache-tomcat-6.0.35/webapps/fileupload does not exist or is not a readable directory
	at org.apache.naming.resources.FileDirContext.setDocBase(FileDirContext.java:142)
	at org.apache.catalina.core.StandardContext.resourcesStart(StandardContext.java:4320)
	at org.apache.catalina.core.StandardContext.start(StandardContext.java:4489)
	at org.apache.catalina.core.ContainerBase.addChildInternal(ContainerBase.java:799)
	at org.apache.catalina.core.ContainerBase.addChild(ContainerBase.java:779)
	at org.apache.catalina.core.StandardHost.addChild(StandardHost.java:601)
	at org.apache.catalina.startup.HostConfig.deployDescriptor(HostConfig.java:675)
	at org.apache.catalina.startup.HostConfig.deployDescriptors(HostConfig.java:601)
	at org.apache.catalina.startup.HostConfig.deployApps(HostConfig.java:502)
	at org.apache.catalina.startup.HostConfig.start(HostConfig.java:1317)
	at org.apache.catalina.startup.HostConfig.lifecycleEvent(HostConfig.java:324)
	at org.apache.catalina.util.LifecycleSupport.fireLifecycleEvent(LifecycleSupport.java:142)
	at org.apache.catalina.core.ContainerBase.start(ContainerBase.java:1065)
	at org.apache.catalina.core.StandardHost.start(StandardHost.java:840)
	at org.apache.catalina.core.ContainerBase.start(ContainerBase.java:1057)
	at org.apache.catalina.core.StandardEngine.start(StandardEngine.java:463)
	at org.apache.catalina.core.StandardService.start(StandardService.java:525)
	at org.apache.catalina.core.StandardServer.start(StandardServer.java:754)
	at org.apache.catalina.startup.Catalina.start(Catalina.java:595)
	at sun.reflect.NativeMethodAccessorImpl.invoke0(Native Method)
	at sun.reflect.NativeMethodAccessorImpl.invoke(NativeMethodAccessorImpl.java:57)
	at sun.reflect.DelegatingMethodAccessorImpl.invoke(DelegatingMethodAccessorImpl.java:43)
	at java.lang.reflect.Method.invoke(Method.java:601)
	at org.apache.catalina.startup.Bootstrap.start(Bootstrap.java:289)
	at org.apache.catalina.startup.Bootstrap.main(Bootstrap.java:414)

Feb 20, 2012 8:48:51 PM org.apache.catalina.core.StandardContext start
SEVERE: Error in resourceStart()
Feb 20, 2012 8:48:51 PM org.apache.catalina.core.StandardContext start
SEVERE: Error getConfigured
Feb 20, 2012 8:48:51 PM org.apache.catalina.core.StandardContext start
SEVERE: Context [/fileupload] startup failed due to previous errors
Feb 20, 2012 8:48:51 PM org.apache.catalina.core.StandardContext stop
INFO: Container org.apache.catalina.core.ContainerBase.[Catalina].[localhost].[/fileupload] has not been started
Feb 20, 2012 8:48:51 PM org.apache.catalina.startup.HostConfig deployDescriptor
INFO: Deploying configuration descriptor FileUP.xml
Feb 20, 2012 8:48:51 PM org.apache.catalina.startup.HostConfig deployDescriptor
INFO: Deploying configuration descriptor host-manager.xml
Feb 20, 2012 8:48:51 PM org.apache.catalina.startup.HostConfig deployDirectory
INFO: Deploying web application directory examples
Feb 20, 2012 8:48:52 PM org.apache.catalina.startup.HostConfig deployDirectory
INFO: Deploying web application directory docs
Feb 20, 2012 8:48:52 PM org.apache.coyote.http11.Http11Protocol start
INFO: Starting Coyote HTTP/1.1 on http-8080
Feb 20, 2012 8:48:52 PM org.apache.jk.common.ChannelSocket init
INFO: JK: ajp13 listening on /0.0.0.0:8009
Feb 20, 2012 8:48:52 PM org.apache.jk.server.JkMain start
INFO: Jk running ID=0 time=0/112  config=null
Feb 20, 2012 8:48:52 PM org.apache.catalina.startup.Catalina start
INFO: Server startup in 2165 ms
Feb 20, 2012 8:48:54 PM org.apache.catalina.startup.HostConfig deployDescriptor
INFO: Deploying configuration descriptor ROOT.xml
Feb 20, 2012 8:48:55 PM org.apache.catalina.core.StandardContext start
INFO: Container org.apache.catalina.core.ContainerBase.[Catalina].[localhost].[/] has already been started
Feb 20, 2012 9:06:07 PM org.apache.catalina.loader.WebappClassLoader clearReferencesJdbc
SEVERE: The web application [] registered the JDBC driver [com.mysql.jdbc.Driver] but failed to unregister it when the web application was stopped. To prevent a memory leak, the JDBC Driver has been forcibly unregistered.
Feb 20, 2012 9:06:08 PM org.apache.catalina.startup.HostConfig checkResources
INFO: Undeploying context []
Feb 20, 2012 9:06:17 PM org.apache.catalina.startup.HostConfig deployDescriptor
INFO: Deploying configuration descriptor ROOT.xml
Feb 20, 2012 9:06:17 PM org.apache.catalina.core.StandardContext start
INFO: Container org.apache.catalina.core.ContainerBase.[Catalina].[localhost].[/] has already been started
Feb 20, 2012 9:21:35 PM org.apache.catalina.loader.WebappClassLoader clearReferencesJdbc
SEVERE: The web application [] registered the JDBC driver [com.mysql.jdbc.Driver] but failed to unregister it when the web application was stopped. To prevent a memory leak, the JDBC Driver has been forcibly unregistered.
Feb 20, 2012 9:21:36 PM org.apache.catalina.startup.HostConfig checkResources
INFO: Undeploying context []
Feb 20, 2012 9:21:36 PM org.apache.catalina.startup.HostConfig deployDescriptor
INFO: Deploying configuration descriptor ROOT.xml
Feb 20, 2012 9:21:36 PM org.apache.catalina.core.StandardContext start
INFO: Container org.apache.catalina.core.ContainerBase.[Catalina].[localhost].[/] has already been started
Feb 20, 2012 9:36:56 PM org.apache.coyote.http11.Http11Protocol pause
INFO: Pausing Coyote HTTP/1.1 on http-8080
Feb 20, 2012 9:36:57 PM org.apache.catalina.core.StandardService stop
INFO: Stopping service Catalina
Feb 20, 2012 9:36:57 PM org.apache.coyote.http11.Http11Protocol destroy
INFO: Stopping Coyote HTTP/1.1 on http-8080
