Feb 12, 2012 11:47:03 AM org.apache.catalina.core.AprLifecycleListener init
INFO: The APR based Apache Tomcat Native library which allows optimal performance in production environments was not found on the java.library.path: /usr/java/packages/lib/i386:/usr/lib/i386-linux-gnu/jni:/lib/i386-linux-gnu:/usr/lib/i386-linux-gnu:/usr/lib/jni:/lib:/usr/lib
Feb 12, 2012 11:47:04 AM org.apache.coyote.http11.Http11Protocol init
INFO: Initializing Coyote HTTP/1.1 on http-8080
Feb 12, 2012 11:47:05 AM org.apache.catalina.startup.Catalina load
INFO: Initialization processed in 3993 ms
Feb 12, 2012 11:47:05 AM org.apache.catalina.core.StandardService start
INFO: Starting service Catalina
Feb 12, 2012 11:47:05 AM org.apache.catalina.core.StandardEngine start
INFO: Starting Servlet Engine: Apache Tomcat/6.0.35
Feb 12, 2012 11:47:05 AM org.apache.catalina.startup.HostConfig deployDescriptor
INFO: Deploying configuration descriptor manager.xml
Feb 12, 2012 11:47:06 AM org.apache.catalina.startup.HostConfig deployDescriptor
INFO: Deploying configuration descriptor ROOT.xml
Feb 12, 2012 11:47:06 AM org.apache.catalina.startup.HostConfig deployDescriptor
INFO: Deploying configuration descriptor host-manager.xml
Feb 12, 2012 11:47:06 AM org.apache.catalina.startup.HostConfig deployDirectory
INFO: Deploying web application directory examples
Feb 12, 2012 11:47:07 AM org.apache.catalina.startup.HostConfig deployDirectory
INFO: Deploying web application directory docs
Feb 12, 2012 11:47:07 AM org.apache.coyote.http11.Http11Protocol start
INFO: Starting Coyote HTTP/1.1 on http-8080
Feb 12, 2012 11:47:08 AM org.apache.jk.common.ChannelSocket init
INFO: JK: ajp13 listening on /0.0.0.0:8009
Feb 12, 2012 11:47:08 AM org.apache.jk.server.JkMain start
INFO: Jk running ID=0 time=0/168  config=null
Feb 12, 2012 11:47:08 AM org.apache.catalina.startup.Catalina start
INFO: Server startup in 3195 ms
Feb 12, 2012 11:47:11 AM org.apache.catalina.core.StandardContext reload
INFO: Reloading Context with name [] has started
12 Feb, 2012 12:00:07 PM org.apache.catalina.core.AprLifecycleListener init
INFO: Loaded APR based Apache Tomcat Native library 1.1.22.
12 Feb, 2012 12:00:07 PM org.apache.catalina.core.AprLifecycleListener init
INFO: APR capabilities: IPv6 [false], sendfile [true], accept filters [false], random [true].
12 Feb, 2012 12:00:09 PM org.apache.coyote.http11.Http11AprProtocol init
INFO: Initializing Coyote HTTP/1.1 on http-8080
12 Feb, 2012 12:00:09 PM org.apache.coyote.ajp.AjpAprProtocol init
INFO: Initializing Coyote AJP/1.3 on ajp-8009
12 Feb, 2012 12:00:09 PM org.apache.catalina.startup.Catalina load
INFO: Initialization processed in 2465 ms
12 Feb, 2012 12:00:09 PM org.apache.catalina.core.StandardService start
INFO: Starting service Catalina
12 Feb, 2012 12:00:09 PM org.apache.catalina.core.StandardEngine start
INFO: Starting Servlet Engine: Apache Tomcat/6.0.35
12 Feb, 2012 12:00:09 PM org.apache.catalina.startup.HostConfig deployDescriptor
INFO: Deploying configuration descriptor host-manager.xml
12 Feb, 2012 12:00:09 PM org.apache.catalina.startup.HostConfig deployDescriptor
INFO: Deploying configuration descriptor manager.xml
12 Feb, 2012 12:00:09 PM org.apache.catalina.startup.HostConfig deployDescriptor
INFO: Deploying configuration descriptor ROOT.xml
12 Feb, 2012 12:00:09 PM org.apache.catalina.startup.HostConfig deployDescriptor
WARNING: A docBase D:\Dropbox\YAID\apache-tomcat-6.0.35\webapps\home\vignesh\Dropbox\YAID\build\web inside the host appBase has been specified, and will be ignored
12 Feb, 2012 12:00:09 PM org.apache.catalina.core.StandardContext resourcesStart
SEVERE: Error starting static Resources
java.lang.IllegalArgumentException: Document base D:\Dropbox\YAID\apache-tomcat-6.0.35\webapps\ROOT does not exist or is not a readable directory
	at org.apache.naming.resources.FileDirContext.setDocBase(FileDirContext.java:142)
	at org.apache.catalina.core.StandardContext.resourcesStart(StandardContext.java:4320)
	at org.apache.catalina.core.StandardContext.start(StandardContext.java:4489)
	at org.apache.catalina.core.ContainerBase.addChildInternal(ContainerBase.java:799)
	at org.apache.catalina.core.ContainerBase.addChild(ContainerBase.java:779)
	at org.apache.catalina.core.StandardHost.addChild(StandardHost.java:601)
	at org.apache.catalina.startup.HostConfig.deployDescriptor(HostConfig.java:675)
	at org.apache.catalina.startup.HostConfig.deployDescriptors(HostConfig.java:601)
	at org.apache.catalina.startup.HostConfig.deployApps(HostConfig.java:502)
	at org.apache.catalina.startup.HostConfig.start(HostConfig.java:1317)
	at org.apache.catalina.startup.HostConfig.lifecycleEvent(HostConfig.java:324)
	at org.apache.catalina.util.LifecycleSupport.fireLifecycleEvent(LifecycleSupport.java:142)
	at org.apache.catalina.core.ContainerBase.start(ContainerBase.java:1065)
	at org.apache.catalina.core.StandardHost.start(StandardHost.java:840)
	at org.apache.catalina.core.ContainerBase.start(ContainerBase.java:1057)
	at org.apache.catalina.core.StandardEngine.start(StandardEngine.java:463)
	at org.apache.catalina.core.StandardService.start(StandardService.java:525)
	at org.apache.catalina.core.StandardServer.start(StandardServer.java:754)
	at org.apache.catalina.startup.Catalina.start(Catalina.java:595)
	at sun.reflect.NativeMethodAccessorImpl.invoke0(Native Method)
	at sun.reflect.NativeMethodAccessorImpl.invoke(NativeMethodAccessorImpl.java:39)
	at sun.reflect.DelegatingMethodAccessorImpl.invoke(DelegatingMethodAccessorImpl.java:25)
	at java.lang.reflect.Method.invoke(Method.java:597)
	at org.apache.catalina.startup.Bootstrap.start(Bootstrap.java:289)
	at org.apache.catalina.startup.Bootstrap.main(Bootstrap.java:414)
12 Feb, 2012 12:00:09 PM org.apache.catalina.core.StandardContext start
SEVERE: Error in resourceStart()
12 Feb, 2012 12:00:09 PM org.apache.catalina.core.StandardContext start
SEVERE: Error getConfigured
12 Feb, 2012 12:00:09 PM org.apache.catalina.core.StandardContext start
SEVERE: Context [] startup failed due to previous errors
12 Feb, 2012 12:00:09 PM org.apache.catalina.core.StandardContext stop
INFO: Container org.apache.catalina.core.ContainerBase.[Catalina].[localhost].[/] has not been started
12 Feb, 2012 12:00:10 PM org.apache.catalina.startup.HostConfig deployDirectory
INFO: Deploying web application directory docs
12 Feb, 2012 12:00:10 PM org.apache.catalina.startup.HostConfig deployDirectory
INFO: Deploying web application directory examples
12 Feb, 2012 12:00:10 PM org.apache.coyote.http11.Http11AprProtocol start
INFO: Starting Coyote HTTP/1.1 on http-8080
12 Feb, 2012 12:00:11 PM org.apache.coyote.ajp.AjpAprProtocol start
INFO: Starting Coyote AJP/1.3 on ajp-8009
12 Feb, 2012 12:00:11 PM org.apache.catalina.startup.Catalina start
INFO: Server startup in 1840 ms
12 Feb, 2012 12:00:12 PM org.apache.catalina.core.StandardContext stop
INFO: Container org.apache.catalina.core.ContainerBase.[Catalina].[localhost].[/] has not been started
12 Feb, 2012 12:00:13 PM org.apache.catalina.startup.HostConfig checkResources
INFO: Undeploying context []
12 Feb, 2012 12:00:13 PM org.apache.catalina.startup.HostConfig deployDescriptor
INFO: Deploying configuration descriptor ROOT.xml
12 Feb, 2012 12:00:13 PM org.apache.catalina.core.StandardContext start
INFO: Container org.apache.catalina.core.ContainerBase.[Catalina].[localhost].[/] has already been started
12 Feb, 2012 12:33:19 PM org.apache.catalina.loader.WebappClassLoader clearReferencesJdbc
SEVERE: The web application [] registered the JDBC driver [com.mysql.jdbc.Driver] but failed to unregister it when the web application was stopped. To prevent a memory leak, the JDBC Driver has been forcibly unregistered.
12 Feb, 2012 12:33:20 PM org.apache.catalina.startup.HostConfig checkResources
INFO: Undeploying context []
12 Feb, 2012 12:33:20 PM org.apache.catalina.startup.HostConfig deployDescriptor
INFO: Deploying configuration descriptor ROOT.xml
12 Feb, 2012 12:33:20 PM org.apache.catalina.core.StandardContext start
INFO: Container org.apache.catalina.core.ContainerBase.[Catalina].[localhost].[/] has already been started
12 Feb, 2012 12:33:33 PM org.apache.catalina.startup.HostConfig checkResources
INFO: Undeploying context []
12 Feb, 2012 12:33:33 PM org.apache.catalina.startup.ExpandWar deleteDir
SEVERE: [D:\Dropbox\YAID\apache-tomcat-6.0.35\work\Catalina\localhost\_] could not be completely deleted. The presence of the remaining files may cause problems
12 Feb, 2012 12:33:33 PM org.apache.catalina.startup.ExpandWar delete
SEVERE: [D:\Dropbox\YAID\apache-tomcat-6.0.35\work\Catalina\localhost\_] could not be completely deleted. The presence of the remaining files may cause problems
12 Feb, 2012 12:33:33 PM org.apache.catalina.startup.HostConfig deployDescriptor
INFO: Deploying configuration descriptor ROOT.xml
12 Feb, 2012 12:33:33 PM org.apache.catalina.core.StandardContext start
INFO: Container org.apache.catalina.core.ContainerBase.[Catalina].[localhost].[/] has already been started
12 Feb, 2012 12:36:14 PM org.apache.catalina.startup.HostConfig checkResources
INFO: Undeploying context []
12 Feb, 2012 12:36:14 PM org.apache.catalina.startup.HostConfig deployDescriptor
INFO: Deploying configuration descriptor ROOT.xml
12 Feb, 2012 12:36:14 PM org.apache.catalina.core.StandardContext start
INFO: Container org.apache.catalina.core.ContainerBase.[Catalina].[localhost].[/] has already been started
12 Feb, 2012 12:36:15 PM org.apache.catalina.loader.WebappClassLoader loadClass
INFO: Illegal access: this web application instance has been stopped already.  Could not load com.mysql.jdbc.SQLError.  The eventual following stack trace is caused by an error thrown for debugging purposes as well as to attempt to terminate the thread which caused the illegal access, and has no functional impact.
java.lang.IllegalStateException
	at org.apache.catalina.loader.WebappClassLoader.loadClass(WebappClassLoader.java:1566)
	at org.apache.catalina.loader.WebappClassLoader.loadClass(WebappClassLoader.java:1526)
	at java.lang.ClassLoader.loadClassInternal(ClassLoader.java:319)
	at com.mysql.jdbc.MysqlIO.send(MysqlIO.java:3321)
	at com.mysql.jdbc.MysqlIO.quit(MysqlIO.java:1667)
	at com.mysql.jdbc.ConnectionImpl.realClose(ConnectionImpl.java:4322)
	at com.mysql.jdbc.ConnectionImpl.cleanup(ConnectionImpl.java:1348)
	at com.mysql.jdbc.ConnectionImpl.finalize(ConnectionImpl.java:2679)
	at java.lang.ref.Finalizer.invokeFinalizeMethod(Native Method)
	at java.lang.ref.Finalizer.runFinalizer(Finalizer.java:83)
	at java.lang.ref.Finalizer.access$100(Finalizer.java:14)
	at java.lang.ref.Finalizer$FinalizerThread.run(Finalizer.java:160)
12 Feb, 2012 12:36:15 PM org.apache.catalina.loader.WebappClassLoader loadClass
INFO: Illegal access: this web application instance has been stopped already.  Could not load com.mysql.jdbc.ProfilerEventHandlerFactory.  The eventual following stack trace is caused by an error thrown for debugging purposes as well as to attempt to terminate the thread which caused the illegal access, and has no functional impact.
java.lang.IllegalStateException
	at org.apache.catalina.loader.WebappClassLoader.loadClass(WebappClassLoader.java:1566)
	at org.apache.catalina.loader.WebappClassLoader.loadClass(WebappClassLoader.java:1526)
	at java.lang.ClassLoader.loadClassInternal(ClassLoader.java:319)
	at com.mysql.jdbc.ConnectionImpl.realClose(ConnectionImpl.java:4346)
	at com.mysql.jdbc.ConnectionImpl.cleanup(ConnectionImpl.java:1348)
	at com.mysql.jdbc.ConnectionImpl.finalize(ConnectionImpl.java:2679)
	at java.lang.ref.Finalizer.invokeFinalizeMethod(Native Method)
	at java.lang.ref.Finalizer.runFinalizer(Finalizer.java:83)
	at java.lang.ref.Finalizer.access$100(Finalizer.java:14)
	at java.lang.ref.Finalizer$FinalizerThread.run(Finalizer.java:160)
12 Feb, 2012 12:37:19 PM org.apache.catalina.startup.HostConfig checkResources
INFO: Undeploying context []
12 Feb, 2012 12:37:19 PM org.apache.catalina.startup.HostConfig deployDescriptor
INFO: Deploying configuration descriptor ROOT.xml
12 Feb, 2012 12:37:19 PM org.apache.catalina.core.StandardContext start
INFO: Container org.apache.catalina.core.ContainerBase.[Catalina].[localhost].[/] has already been started
12 Feb, 2012 12:38:01 PM org.apache.catalina.startup.HostConfig checkResources
INFO: Undeploying context []
12 Feb, 2012 12:38:01 PM org.apache.catalina.startup.HostConfig deployDescriptor
INFO: Deploying configuration descriptor ROOT.xml
12 Feb, 2012 12:38:01 PM org.apache.catalina.core.StandardContext start
INFO: Container org.apache.catalina.core.ContainerBase.[Catalina].[localhost].[/] has already been started
12 Feb, 2012 12:39:38 PM org.apache.catalina.core.StandardContext reload
INFO: Reloading Context with name [] has started
12 Feb, 2012 12:39:38 PM org.apache.catalina.loader.WebappClassLoader clearReferencesJdbc
SEVERE: The web application [] registered the JDBC driver [com.mysql.jdbc.Driver] but failed to unregister it when the web application was stopped. To prevent a memory leak, the JDBC Driver has been forcibly unregistered.
12 Feb, 2012 12:39:42 PM org.apache.catalina.loader.WebappClassLoader loadClass
INFO: Illegal access: this web application instance has been stopped already.  Could not load com.mysql.jdbc.ProfilerEventHandlerFactory.  The eventual following stack trace is caused by an error thrown for debugging purposes as well as to attempt to terminate the thread which caused the illegal access, and has no functional impact.
java.lang.IllegalStateException
	at org.apache.catalina.loader.WebappClassLoader.loadClass(WebappClassLoader.java:1566)
	at org.apache.catalina.loader.WebappClassLoader.loadClass(WebappClassLoader.java:1526)
	at java.lang.ClassLoader.loadClassInternal(ClassLoader.java:319)
	at com.mysql.jdbc.ConnectionImpl.realClose(ConnectionImpl.java:4346)
	at com.mysql.jdbc.ConnectionImpl.cleanup(ConnectionImpl.java:1348)
	at com.mysql.jdbc.ConnectionImpl.finalize(ConnectionImpl.java:2679)
	at java.lang.ref.Finalizer.invokeFinalizeMethod(Native Method)
	at java.lang.ref.Finalizer.runFinalizer(Finalizer.java:83)
	at java.lang.ref.Finalizer.access$100(Finalizer.java:14)
	at java.lang.ref.Finalizer$FinalizerThread.run(Finalizer.java:160)
12 Feb, 2012 12:45:36 PM org.apache.coyote.http11.Http11AprProtocol pause
INFO: Pausing Coyote HTTP/1.1 on http-8080
12 Feb, 2012 12:45:36 PM org.apache.coyote.ajp.AjpAprProtocol pause
INFO: Pausing Coyote AJP/1.3 on ajp-8009
12 Feb, 2012 12:45:37 PM org.apache.catalina.core.StandardService stop
INFO: Stopping service Catalina
12 Feb, 2012 12:45:37 PM org.apache.catalina.loader.WebappClassLoader clearReferencesJdbc
SEVERE: The web application [] registered the JDBC driver [com.mysql.jdbc.Driver] but failed to unregister it when the web application was stopped. To prevent a memory leak, the JDBC Driver has been forcibly unregistered.
12 Feb, 2012 12:45:37 PM org.apache.coyote.http11.Http11AprProtocol destroy
INFO: Stopping Coyote HTTP/1.1 on http-8080
12 Feb, 2012 12:45:37 PM org.apache.coyote.ajp.AjpAprProtocol destroy
INFO: Stopping Coyote AJP/1.3 on ajp-8009
