9 Jan, 2012 12:00:09 AM org.apache.coyote.http11.Http11AprProtocol pause
INFO: Pausing Coyote HTTP/1.1 on http-8080
9 Jan, 2012 12:00:09 AM org.apache.coyote.ajp.AjpAprProtocol pause
INFO: Pausing Coyote AJP/1.3 on ajp-8009
9 Jan, 2012 12:00:10 AM org.apache.catalina.core.StandardService stop
INFO: Stopping service Catalina
9 Jan, 2012 12:00:10 AM org.apache.coyote.http11.Http11AprProtocol destroy
INFO: Stopping Coyote HTTP/1.1 on http-8080
9 Jan, 2012 12:00:10 AM org.apache.coyote.ajp.AjpAprProtocol destroy
INFO: Stopping Coyote AJP/1.3 on ajp-8009
9 Jan, 2012 10:58:26 AM org.apache.catalina.core.AprLifecycleListener init
INFO: Loaded APR based Apache Tomcat Native library 1.1.22.
9 Jan, 2012 10:58:26 AM org.apache.catalina.core.AprLifecycleListener init
INFO: APR capabilities: IPv6 [false], sendfile [true], accept filters [false], random [true].
9 Jan, 2012 10:58:27 AM org.apache.coyote.http11.Http11AprProtocol init
INFO: Initializing Coyote HTTP/1.1 on http-8080
9 Jan, 2012 10:58:27 AM org.apache.coyote.ajp.AjpAprProtocol init
INFO: Initializing Coyote AJP/1.3 on ajp-8009
9 Jan, 2012 10:58:27 AM org.apache.catalina.startup.Catalina load
INFO: Initialization processed in 958 ms
9 Jan, 2012 10:58:27 AM org.apache.catalina.core.StandardService start
INFO: Starting service Catalina
9 Jan, 2012 10:58:27 AM org.apache.catalina.core.StandardEngine start
INFO: Starting Servlet Engine: Apache Tomcat/6.0.35
9 Jan, 2012 10:58:27 AM org.apache.catalina.startup.HostConfig deployDescriptor
INFO: Deploying configuration descriptor host-manager.xml
9 Jan, 2012 10:58:27 AM org.apache.catalina.startup.HostConfig deployDescriptor
INFO: Deploying configuration descriptor manager.xml
9 Jan, 2012 10:58:27 AM org.apache.catalina.startup.HostConfig deployDescriptor
INFO: Deploying configuration descriptor ROOT.xml
9 Jan, 2012 10:58:27 AM org.apache.catalina.startup.HostConfig deployDirectory
INFO: Deploying web application directory docs
9 Jan, 2012 10:58:27 AM org.apache.catalina.startup.HostConfig deployDirectory
INFO: Deploying web application directory examples
9 Jan, 2012 10:58:28 AM org.apache.coyote.http11.Http11AprProtocol start
INFO: Starting Coyote HTTP/1.1 on http-8080
9 Jan, 2012 10:58:28 AM org.apache.coyote.ajp.AjpAprProtocol start
INFO: Starting Coyote AJP/1.3 on ajp-8009
9 Jan, 2012 10:58:28 AM org.apache.catalina.startup.Catalina start
INFO: Server startup in 1499 ms
9 Jan, 2012 10:58:30 AM org.apache.catalina.startup.HostConfig checkResources
INFO: Undeploying context []
9 Jan, 2012 10:58:30 AM org.apache.catalina.startup.HostConfig deployDescriptor
INFO: Deploying configuration descriptor ROOT.xml
9 Jan, 2012 10:58:30 AM org.apache.catalina.core.StandardContext start
INFO: Container org.apache.catalina.core.ContainerBase.[Catalina].[localhost].[/] has already been started
9 Jan, 2012 11:17:29 AM org.apache.catalina.startup.HostConfig checkResources
INFO: Undeploying context []
9 Jan, 2012 11:17:29 AM org.apache.catalina.startup.HostConfig deployDescriptor
INFO: Deploying configuration descriptor ROOT.xml
9 Jan, 2012 11:17:29 AM org.apache.catalina.core.StandardContext start
INFO: Container org.apache.catalina.core.ContainerBase.[Catalina].[localhost].[/] has already been started
9 Jan, 2012 12:21:31 PM org.apache.coyote.http11.Http11AprProtocol pause
INFO: Pausing Coyote HTTP/1.1 on http-8080
9 Jan, 2012 12:21:31 PM org.apache.coyote.ajp.AjpAprProtocol pause
INFO: Pausing Coyote AJP/1.3 on ajp-8009
9 Jan, 2012 12:21:32 PM org.apache.catalina.core.StandardService stop
INFO: Stopping service Catalina
9 Jan, 2012 12:21:32 PM org.apache.coyote.http11.Http11AprProtocol destroy
INFO: Stopping Coyote HTTP/1.1 on http-8080
9 Jan, 2012 12:21:32 PM org.apache.coyote.ajp.AjpAprProtocol destroy
INFO: Stopping Coyote AJP/1.3 on ajp-8009
