18 Feb, 2012 12:16:49 AM org.apache.catalina.core.ApplicationContext log
INFO: ContextListener: contextInitialized()
18 Feb, 2012 12:16:49 AM org.apache.catalina.core.ApplicationContext log
INFO: SessionListener: contextInitialized()
18 Feb, 2012 12:22:52 AM org.apache.catalina.core.StandardWrapperValve invoke
SEVERE: Servlet.service() for servlet jsp threw exception
java.lang.ClassNotFoundException: com.mysql.jdbc.Driver
	at org.apache.catalina.loader.WebappClassLoader.loadClass(WebappClassLoader.java:1680)
	at org.apache.catalina.loader.WebappClassLoader.loadClass(WebappClassLoader.java:1526)
	at org.apache.jasper.servlet.JasperLoader.loadClass(JasperLoader.java:128)
	at org.apache.jasper.servlet.JasperLoader.loadClass(JasperLoader.java:66)
	at java.lang.ClassLoader.loadClassInternal(ClassLoader.java:319)
	at java.lang.Class.forName0(Native Method)
	at java.lang.Class.forName(Class.java:169)
	at org.apache.jsp.index_jsp._jspService(index_jsp.java:91)
	at org.apache.jasper.runtime.HttpJspBase.service(HttpJspBase.java:70)
	at javax.servlet.http.HttpServlet.service(HttpServlet.java:717)
	at org.apache.jasper.servlet.JspServletWrapper.service(JspServletWrapper.java:388)
	at org.apache.jasper.servlet.JspServlet.serviceJspFile(JspServlet.java:313)
	at org.apache.jasper.servlet.JspServlet.service(JspServlet.java:260)
	at javax.servlet.http.HttpServlet.service(HttpServlet.java:717)
	at org.apache.catalina.core.ApplicationFilterChain.internalDoFilter(ApplicationFilterChain.java:290)
	at org.apache.catalina.core.ApplicationFilterChain.doFilter(ApplicationFilterChain.java:206)
	at org.apache.catalina.core.StandardWrapperValve.invoke(StandardWrapperValve.java:233)
	at org.apache.catalina.core.StandardContextValve.invoke(StandardContextValve.java:191)
	at org.apache.catalina.core.StandardHostValve.invoke(StandardHostValve.java:127)
	at org.apache.catalina.valves.ErrorReportValve.invoke(ErrorReportValve.java:102)
	at org.apache.catalina.core.StandardEngineValve.invoke(StandardEngineValve.java:109)
	at org.apache.catalina.connector.CoyoteAdapter.service(CoyoteAdapter.java:293)
	at org.apache.coyote.http11.Http11AprProcessor.process(Http11AprProcessor.java:877)
	at org.apache.coyote.http11.Http11AprProtocol$Http11ConnectionHandler.process(Http11AprProtocol.java:594)
	at org.apache.tomcat.util.net.AprEndpoint$Worker.run(AprEndpoint.java:1675)
	at java.lang.Thread.run(Thread.java:619)
18 Feb, 2012 2:08:28 AM org.apache.catalina.core.ApplicationContext log
INFO: SessionListener: contextDestroyed()
18 Feb, 2012 2:08:28 AM org.apache.catalina.core.ApplicationContext log
INFO: ContextListener: contextDestroyed()
18 Feb, 2012 12:59:38 PM org.apache.catalina.core.ApplicationContext log
INFO: ContextListener: contextInitialized()
18 Feb, 2012 12:59:38 PM org.apache.catalina.core.ApplicationContext log
INFO: SessionListener: contextInitialized()
18 Feb, 2012 1:15:19 PM org.apache.catalina.core.ApplicationContext log
INFO: SessionListener: contextDestroyed()
18 Feb, 2012 1:15:19 PM org.apache.catalina.core.ApplicationContext log
INFO: ContextListener: contextDestroyed()
Feb 18, 2012 2:18:39 PM org.apache.catalina.core.ApplicationContext log
INFO: ContextListener: contextInitialized()
Feb 18, 2012 2:18:39 PM org.apache.catalina.core.ApplicationContext log
INFO: SessionListener: contextInitialized()
18 Feb, 2012 2:45:20 PM org.apache.catalina.core.ApplicationContext log
INFO: ContextListener: contextInitialized()
18 Feb, 2012 2:45:20 PM org.apache.catalina.core.ApplicationContext log
INFO: SessionListener: contextInitialized()
Feb 18, 2012 3:43:21 PM org.apache.catalina.core.ApplicationContext log
INFO: ContextListener: contextInitialized()
Feb 18, 2012 3:43:21 PM org.apache.catalina.core.ApplicationContext log
INFO: SessionListener: contextInitialized()
Feb 18, 2012 5:46:32 PM org.apache.catalina.core.ApplicationContext log
INFO: Marking servlet FileOperationHandler as unavailable
Feb 18, 2012 5:46:32 PM org.apache.catalina.core.StandardWrapperValve invoke
SEVERE: Allocate exception for servlet FileOperationHandler
java.lang.VerifyError: (class: com/yaid/files/FileOperationHandler, method: <init> signature: ()V) Constructor must call super() or this()
	at java.lang.Class.getDeclaredConstructors0(Native Method)
	at java.lang.Class.privateGetDeclaredConstructors(Class.java:2404)
	at java.lang.Class.getConstructor0(Class.java:2714)
	at java.lang.Class.newInstance0(Class.java:343)
	at java.lang.Class.newInstance(Class.java:325)
	at org.apache.catalina.core.StandardWrapper.loadServlet(StandardWrapper.java:1149)
	at org.apache.catalina.core.StandardWrapper.allocate(StandardWrapper.java:827)
	at org.apache.catalina.core.StandardWrapperValve.invoke(StandardWrapperValve.java:129)
	at org.apache.catalina.core.StandardContextValve.invoke(StandardContextValve.java:191)
	at org.apache.catalina.core.StandardHostValve.invoke(StandardHostValve.java:127)
	at org.apache.catalina.valves.ErrorReportValve.invoke(ErrorReportValve.java:102)
	at org.apache.catalina.core.StandardEngineValve.invoke(StandardEngineValve.java:109)
	at org.apache.catalina.connector.CoyoteAdapter.service(CoyoteAdapter.java:293)
	at org.apache.coyote.http11.Http11Processor.process(Http11Processor.java:859)
	at org.apache.coyote.http11.Http11Protocol$Http11ConnectionHandler.process(Http11Protocol.java:602)
	at org.apache.tomcat.util.net.JIoEndpoint$Worker.run(JIoEndpoint.java:489)
	at java.lang.Thread.run(Thread.java:722)

Feb 18, 2012 5:46:32 PM org.apache.catalina.core.StandardWrapperValve invoke
INFO: Servlet FileOperationHandler is currently unavailable
Feb 18, 2012 5:46:32 PM org.apache.catalina.core.StandardWrapperValve invoke
INFO: Servlet FileOperationHandler is currently unavailable
Feb 18, 2012 5:46:33 PM org.apache.catalina.core.StandardWrapperValve invoke
INFO: Servlet FileOperationHandler is currently unavailable
18 Feb, 2012 7:16:06 PM org.apache.catalina.core.ApplicationContext log
INFO: ContextListener: contextInitialized()
18 Feb, 2012 7:16:06 PM org.apache.catalina.core.ApplicationContext log
INFO: SessionListener: contextInitialized()
18 Feb, 2012 7:23:10 PM org.apache.catalina.core.ApplicationContext log
INFO: SessionListener: contextDestroyed()
18 Feb, 2012 7:23:10 PM org.apache.catalina.core.ApplicationContext log
INFO: ContextListener: contextDestroyed()
18 Feb, 2012 7:23:51 PM org.apache.catalina.core.ApplicationContext log
INFO: ContextListener: contextInitialized()
18 Feb, 2012 7:23:51 PM org.apache.catalina.core.ApplicationContext log
INFO: SessionListener: contextInitialized()
18 Feb, 2012 7:49:15 PM org.apache.catalina.core.ApplicationContext log
INFO: SessionListener: contextDestroyed()
18 Feb, 2012 7:49:15 PM org.apache.catalina.core.ApplicationContext log
INFO: ContextListener: contextDestroyed()
18 Feb, 2012 7:55:28 PM org.apache.catalina.core.ApplicationContext log
INFO: ContextListener: contextInitialized()
18 Feb, 2012 7:55:28 PM org.apache.catalina.core.ApplicationContext log
INFO: SessionListener: contextInitialized()
18 Feb, 2012 8:03:56 PM org.apache.catalina.core.ApplicationContext log
INFO: SessionListener: contextDestroyed()
18 Feb, 2012 8:03:56 PM org.apache.catalina.core.ApplicationContext log
INFO: ContextListener: contextDestroyed()
18 Feb, 2012 8:40:50 PM org.apache.catalina.core.ApplicationContext log
INFO: ContextListener: contextInitialized()
18 Feb, 2012 8:40:50 PM org.apache.catalina.core.ApplicationContext log
INFO: SessionListener: contextInitialized()
18 Feb, 2012 8:45:58 PM org.apache.catalina.core.ApplicationContext log
INFO: SessionListener: contextDestroyed()
18 Feb, 2012 8:45:58 PM org.apache.catalina.core.ApplicationContext log
INFO: ContextListener: contextDestroyed()
18 Feb, 2012 8:48:45 PM org.apache.catalina.core.ApplicationContext log
INFO: ContextListener: contextInitialized()
18 Feb, 2012 8:48:45 PM org.apache.catalina.core.ApplicationContext log
INFO: SessionListener: contextInitialized()
Feb 18, 2012 7:25:03 PM org.apache.catalina.core.ApplicationContext log
INFO: ContextListener: contextInitialized()
Feb 18, 2012 7:25:03 PM org.apache.catalina.core.ApplicationContext log
INFO: SessionListener: contextInitialized()
Feb 18, 2012 7:25:10 PM org.apache.catalina.core.ApplicationContext log
INFO: Marking servlet FileOperationHandler as unavailable
Feb 18, 2012 7:25:10 PM org.apache.catalina.core.StandardWrapperValve invoke
SEVERE: Allocate exception for servlet FileOperationHandler
java.lang.VerifyError: (class: com/yaid/files/FileOperationHandler, method: <init> signature: ()V) Constructor must call super() or this()
	at java.lang.Class.getDeclaredConstructors0(Native Method)
	at java.lang.Class.privateGetDeclaredConstructors(Class.java:2404)
	at java.lang.Class.getConstructor0(Class.java:2714)
	at java.lang.Class.newInstance0(Class.java:343)
	at java.lang.Class.newInstance(Class.java:325)
	at org.apache.catalina.core.StandardWrapper.loadServlet(StandardWrapper.java:1149)
	at org.apache.catalina.core.StandardWrapper.allocate(StandardWrapper.java:827)
	at org.apache.catalina.core.StandardWrapperValve.invoke(StandardWrapperValve.java:129)
	at org.apache.catalina.core.StandardContextValve.invoke(StandardContextValve.java:191)
	at org.apache.catalina.core.StandardHostValve.invoke(StandardHostValve.java:127)
	at org.apache.catalina.valves.ErrorReportValve.invoke(ErrorReportValve.java:102)
	at org.apache.catalina.core.StandardEngineValve.invoke(StandardEngineValve.java:109)
	at org.apache.catalina.connector.CoyoteAdapter.service(CoyoteAdapter.java:293)
	at org.apache.coyote.http11.Http11Processor.process(Http11Processor.java:859)
	at org.apache.coyote.http11.Http11Protocol$Http11ConnectionHandler.process(Http11Protocol.java:602)
	at org.apache.tomcat.util.net.JIoEndpoint$Worker.run(JIoEndpoint.java:489)
	at java.lang.Thread.run(Thread.java:722)

Feb 18, 2012 7:25:10 PM org.apache.catalina.core.StandardWrapperValve invoke
INFO: Servlet FileOperationHandler is currently unavailable
Feb 18, 2012 7:25:10 PM org.apache.catalina.core.StandardWrapperValve invoke
INFO: Servlet FileOperationHandler is currently unavailable
Feb 18, 2012 7:25:10 PM org.apache.catalina.core.StandardWrapperValve invoke
INFO: Servlet FileOperationHandler is currently unavailable
Feb 18, 2012 7:25:50 PM org.apache.catalina.core.StandardWrapperValve invoke
INFO: Servlet FileOperationHandler is currently unavailable
Feb 18, 2012 7:25:50 PM org.apache.catalina.core.StandardWrapperValve invoke
INFO: Servlet FileOperationHandler is currently unavailable
Feb 18, 2012 7:25:50 PM org.apache.catalina.core.StandardWrapperValve invoke
INFO: Servlet FileOperationHandler is currently unavailable
Feb 18, 2012 7:25:51 PM org.apache.catalina.core.StandardWrapperValve invoke
INFO: Servlet FileOperationHandler is currently unavailable
Feb 18, 2012 7:26:03 PM org.apache.catalina.core.ApplicationContext log
INFO: Marking servlet FileOperationHandler as unavailable
Feb 18, 2012 7:26:03 PM org.apache.catalina.core.StandardWrapperValve invoke
SEVERE: Allocate exception for servlet FileOperationHandler
java.lang.VerifyError: (class: com/yaid/files/FileOperationHandler, method: <init> signature: ()V) Constructor must call super() or this()
	at java.lang.Class.getDeclaredConstructors0(Native Method)
	at java.lang.Class.privateGetDeclaredConstructors(Class.java:2404)
	at java.lang.Class.getConstructor0(Class.java:2714)
	at java.lang.Class.newInstance0(Class.java:343)
	at java.lang.Class.newInstance(Class.java:325)
	at org.apache.catalina.core.StandardWrapper.loadServlet(StandardWrapper.java:1149)
	at org.apache.catalina.core.StandardWrapper.allocate(StandardWrapper.java:827)
	at org.apache.catalina.core.StandardWrapperValve.invoke(StandardWrapperValve.java:129)
	at org.apache.catalina.core.StandardContextValve.invoke(StandardContextValve.java:191)
	at org.apache.catalina.core.StandardHostValve.invoke(StandardHostValve.java:127)
	at org.apache.catalina.valves.ErrorReportValve.invoke(ErrorReportValve.java:102)
	at org.apache.catalina.core.StandardEngineValve.invoke(StandardEngineValve.java:109)
	at org.apache.catalina.connector.CoyoteAdapter.service(CoyoteAdapter.java:293)
	at org.apache.coyote.http11.Http11Processor.process(Http11Processor.java:859)
	at org.apache.coyote.http11.Http11Protocol$Http11ConnectionHandler.process(Http11Protocol.java:602)
	at org.apache.tomcat.util.net.JIoEndpoint$Worker.run(JIoEndpoint.java:489)
	at java.lang.Thread.run(Thread.java:722)

Feb 18, 2012 7:26:03 PM org.apache.catalina.core.StandardWrapperValve invoke
INFO: Servlet FileOperationHandler is currently unavailable
Feb 18, 2012 7:26:03 PM org.apache.catalina.core.StandardWrapperValve invoke
INFO: Servlet FileOperationHandler is currently unavailable
Feb 18, 2012 7:26:03 PM org.apache.catalina.core.StandardWrapperValve invoke
INFO: Servlet FileOperationHandler is currently unavailable
18 Feb, 2012 9:36:10 PM org.apache.catalina.core.ApplicationContext log
INFO: ContextListener: contextInitialized()
18 Feb, 2012 9:36:10 PM org.apache.catalina.core.ApplicationContext log
INFO: SessionListener: contextInitialized()
18 Feb, 2012 10:14:58 PM org.apache.catalina.core.ApplicationContext log
INFO: SessionListener: contextDestroyed()
18 Feb, 2012 10:14:58 PM org.apache.catalina.core.ApplicationContext log
INFO: ContextListener: contextDestroyed()
18 Feb, 2012 10:19:22 PM org.apache.catalina.core.ApplicationContext log
INFO: ContextListener: contextInitialized()
18 Feb, 2012 10:19:22 PM org.apache.catalina.core.ApplicationContext log
INFO: SessionListener: contextInitialized()
18 Feb, 2012 10:22:22 PM org.apache.catalina.core.ApplicationContext log
INFO: SessionListener: contextDestroyed()
18 Feb, 2012 10:22:22 PM org.apache.catalina.core.ApplicationContext log
INFO: ContextListener: contextDestroyed()
18 Feb, 2012 10:25:25 PM org.apache.catalina.core.ApplicationContext log
INFO: ContextListener: contextInitialized()
18 Feb, 2012 10:25:25 PM org.apache.catalina.core.ApplicationContext log
INFO: SessionListener: contextInitialized()
18 Feb, 2012 10:30:06 PM org.apache.catalina.core.StandardWrapperValve invoke
SEVERE: Servlet.service() for servlet ImageBytes threw exception
java.io.FileNotFoundException: .\manu\Home\clear.avi (The system cannot find the path specified)
	at java.io.FileInputStream.open(Native Method)
	at java.io.FileInputStream.<init>(FileInputStream.java:120)
	at com.yaid.files.ImageBytes.processRequest(ImageBytes.java:51)
	at com.yaid.files.ImageBytes.doGet(ImageBytes.java:85)
	at javax.servlet.http.HttpServlet.service(HttpServlet.java:617)
	at javax.servlet.http.HttpServlet.service(HttpServlet.java:717)
	at org.apache.catalina.core.ApplicationFilterChain.internalDoFilter(ApplicationFilterChain.java:290)
	at org.apache.catalina.core.ApplicationFilterChain.doFilter(ApplicationFilterChain.java:206)
	at org.apache.catalina.core.StandardWrapperValve.invoke(StandardWrapperValve.java:233)
	at org.apache.catalina.core.StandardContextValve.invoke(StandardContextValve.java:191)
	at org.apache.catalina.core.StandardHostValve.invoke(StandardHostValve.java:127)
	at org.apache.catalina.valves.ErrorReportValve.invoke(ErrorReportValve.java:102)
	at org.apache.catalina.core.StandardEngineValve.invoke(StandardEngineValve.java:109)
	at org.apache.catalina.connector.CoyoteAdapter.service(CoyoteAdapter.java:293)
	at org.apache.coyote.http11.Http11Processor.process(Http11Processor.java:859)
	at org.apache.coyote.http11.Http11Protocol$Http11ConnectionHandler.process(Http11Protocol.java:602)
	at org.apache.tomcat.util.net.JIoEndpoint$Worker.run(JIoEndpoint.java:489)
	at java.lang.Thread.run(Thread.java:662)
Feb 18, 2012 9:38:38 PM org.apache.catalina.core.ApplicationContext log
INFO: ContextListener: contextInitialized()
Feb 18, 2012 9:38:38 PM org.apache.catalina.core.ApplicationContext log
INFO: SessionListener: contextInitialized()
Feb 18, 2012 10:04:38 PM org.apache.catalina.core.StandardWrapperValve invoke
SEVERE: Servlet.service() for servlet Upload threw exception
java.lang.IllegalArgumentException: Request is not multipart, please 'multipart/form-data' enctype for your form.
	at com.yaid.files.Upload.processRequest(Upload.java:43)
	at com.yaid.files.Upload.doGet(Upload.java:93)
	at javax.servlet.http.HttpServlet.service(HttpServlet.java:617)
	at javax.servlet.http.HttpServlet.service(HttpServlet.java:717)
	at org.apache.catalina.core.ApplicationFilterChain.internalDoFilter(ApplicationFilterChain.java:290)
	at org.apache.catalina.core.ApplicationFilterChain.doFilter(ApplicationFilterChain.java:206)
	at org.apache.catalina.core.StandardWrapperValve.invoke(StandardWrapperValve.java:233)
	at org.apache.catalina.core.StandardContextValve.invoke(StandardContextValve.java:191)
	at org.apache.catalina.core.StandardHostValve.invoke(StandardHostValve.java:127)
	at org.apache.catalina.valves.ErrorReportValve.invoke(ErrorReportValve.java:102)
	at org.apache.catalina.core.StandardEngineValve.invoke(StandardEngineValve.java:109)
	at org.apache.catalina.connector.CoyoteAdapter.service(CoyoteAdapter.java:293)
	at org.apache.coyote.http11.Http11Processor.process(Http11Processor.java:859)
	at org.apache.coyote.http11.Http11Protocol$Http11ConnectionHandler.process(Http11Protocol.java:602)
	at org.apache.tomcat.util.net.JIoEndpoint$Worker.run(JIoEndpoint.java:489)
	at java.lang.Thread.run(Thread.java:722)

Feb 18, 2012 10:12:34 PM org.apache.catalina.core.StandardWrapperValve invoke
SEVERE: Servlet.service() for servlet Upload threw exception
java.lang.RuntimeException: java.io.FileNotFoundException: ./UserDatanull/9-dragons-wallpaper.jpg (No such file or directory)
	at com.yaid.files.Upload.processRequest(Upload.java:71)
	at com.yaid.files.Upload.doPost(Upload.java:107)
	at javax.servlet.http.HttpServlet.service(HttpServlet.java:637)
	at javax.servlet.http.HttpServlet.service(HttpServlet.java:717)
	at org.apache.catalina.core.ApplicationFilterChain.internalDoFilter(ApplicationFilterChain.java:290)
	at org.apache.catalina.core.ApplicationFilterChain.doFilter(ApplicationFilterChain.java:206)
	at org.apache.catalina.core.StandardWrapperValve.invoke(StandardWrapperValve.java:233)
	at org.apache.catalina.core.StandardContextValve.invoke(StandardContextValve.java:191)
	at org.apache.catalina.core.StandardHostValve.invoke(StandardHostValve.java:127)
	at org.apache.catalina.valves.ErrorReportValve.invoke(ErrorReportValve.java:102)
	at org.apache.catalina.core.StandardEngineValve.invoke(StandardEngineValve.java:109)
	at org.apache.catalina.connector.CoyoteAdapter.service(CoyoteAdapter.java:293)
	at org.apache.coyote.http11.Http11Processor.process(Http11Processor.java:859)
	at org.apache.coyote.http11.Http11Protocol$Http11ConnectionHandler.process(Http11Protocol.java:602)
	at org.apache.tomcat.util.net.JIoEndpoint$Worker.run(JIoEndpoint.java:489)
	at java.lang.Thread.run(Thread.java:722)
Caused by: java.io.FileNotFoundException: ./UserDatanull/9-dragons-wallpaper.jpg (No such file or directory)
	at java.io.FileOutputStream.open(Native Method)
	at java.io.FileOutputStream.<init>(FileOutputStream.java:212)
	at java.io.FileOutputStream.<init>(FileOutputStream.java:165)
	at org.apache.commons.fileupload.disk.DiskFileItem.write(DiskFileItem.java:449)
	at com.yaid.files.Upload.processRequest(Upload.java:61)
	... 15 more

Feb 18, 2012 11:20:35 PM org.apache.catalina.core.StandardWrapperValve invoke
SEVERE: Servlet.service() for servlet ImageBytes threw exception
java.io.FileNotFoundException: ./ttt123/Home/9-dragons-wallpaper.jpg (No such file or directory)
	at java.io.FileInputStream.open(Native Method)
	at java.io.FileInputStream.<init>(FileInputStream.java:138)
	at com.yaid.files.ImageBytes.processRequest(ImageBytes.java:51)
	at com.yaid.files.ImageBytes.doGet(ImageBytes.java:85)
	at javax.servlet.http.HttpServlet.service(HttpServlet.java:617)
	at javax.servlet.http.HttpServlet.service(HttpServlet.java:717)
	at org.apache.catalina.core.ApplicationFilterChain.internalDoFilter(ApplicationFilterChain.java:290)
	at org.apache.catalina.core.ApplicationFilterChain.doFilter(ApplicationFilterChain.java:206)
	at org.apache.catalina.core.StandardWrapperValve.invoke(StandardWrapperValve.java:233)
	at org.apache.catalina.core.StandardContextValve.invoke(StandardContextValve.java:191)
	at org.apache.catalina.core.StandardHostValve.invoke(StandardHostValve.java:127)
	at org.apache.catalina.valves.ErrorReportValve.invoke(ErrorReportValve.java:102)
	at org.apache.catalina.core.StandardEngineValve.invoke(StandardEngineValve.java:109)
	at org.apache.catalina.connector.CoyoteAdapter.service(CoyoteAdapter.java:293)
	at org.apache.coyote.http11.Http11Processor.process(Http11Processor.java:859)
	at org.apache.coyote.http11.Http11Protocol$Http11ConnectionHandler.process(Http11Protocol.java:602)
	at org.apache.tomcat.util.net.JIoEndpoint$Worker.run(JIoEndpoint.java:489)
	at java.lang.Thread.run(Thread.java:722)

Feb 18, 2012 11:20:55 PM org.apache.catalina.core.StandardWrapperValve invoke
SEVERE: Servlet.service() for servlet ImageBytes threw exception
java.io.FileNotFoundException: ./ttt123/Home/9-dragons-wallpaper.jpg (No such file or directory)
	at java.io.FileInputStream.open(Native Method)
	at java.io.FileInputStream.<init>(FileInputStream.java:138)
	at com.yaid.files.ImageBytes.processRequest(ImageBytes.java:51)
	at com.yaid.files.ImageBytes.doGet(ImageBytes.java:85)
	at javax.servlet.http.HttpServlet.service(HttpServlet.java:617)
	at javax.servlet.http.HttpServlet.service(HttpServlet.java:717)
	at org.apache.catalina.core.ApplicationFilterChain.internalDoFilter(ApplicationFilterChain.java:290)
	at org.apache.catalina.core.ApplicationFilterChain.doFilter(ApplicationFilterChain.java:206)
	at org.apache.catalina.core.StandardWrapperValve.invoke(StandardWrapperValve.java:233)
	at org.apache.catalina.core.StandardContextValve.invoke(StandardContextValve.java:191)
	at org.apache.catalina.core.StandardHostValve.invoke(StandardHostValve.java:127)
	at org.apache.catalina.valves.ErrorReportValve.invoke(ErrorReportValve.java:102)
	at org.apache.catalina.core.StandardEngineValve.invoke(StandardEngineValve.java:109)
	at org.apache.catalina.connector.CoyoteAdapter.service(CoyoteAdapter.java:293)
	at org.apache.coyote.http11.Http11Processor.process(Http11Processor.java:859)
	at org.apache.coyote.http11.Http11Protocol$Http11ConnectionHandler.process(Http11Protocol.java:602)
	at org.apache.tomcat.util.net.JIoEndpoint$Worker.run(JIoEndpoint.java:489)
	at java.lang.Thread.run(Thread.java:722)

Feb 18, 2012 11:56:48 PM org.apache.catalina.core.StandardWrapperValve invoke
SEVERE: Servlet.service() for servlet ImageBytes threw exception
java.io.FileNotFoundException: ./UserData/defg/HomeCosta Rican Frog.jpg (No such file or directory)
	at java.io.FileInputStream.open(Native Method)
	at java.io.FileInputStream.<init>(FileInputStream.java:138)
	at com.yaid.files.ImageBytes.processRequest(ImageBytes.java:54)
	at com.yaid.files.ImageBytes.doGet(ImageBytes.java:88)
	at javax.servlet.http.HttpServlet.service(HttpServlet.java:617)
	at javax.servlet.http.HttpServlet.service(HttpServlet.java:717)
	at org.apache.catalina.core.ApplicationFilterChain.internalDoFilter(ApplicationFilterChain.java:290)
	at org.apache.catalina.core.ApplicationFilterChain.doFilter(ApplicationFilterChain.java:206)
	at org.apache.catalina.core.StandardWrapperValve.invoke(StandardWrapperValve.java:233)
	at org.apache.catalina.core.StandardContextValve.invoke(StandardContextValve.java:191)
	at org.apache.catalina.core.StandardHostValve.invoke(StandardHostValve.java:127)
	at org.apache.catalina.valves.ErrorReportValve.invoke(ErrorReportValve.java:102)
	at org.apache.catalina.core.StandardEngineValve.invoke(StandardEngineValve.java:109)
	at org.apache.catalina.connector.CoyoteAdapter.service(CoyoteAdapter.java:293)
	at org.apache.coyote.http11.Http11Processor.process(Http11Processor.java:859)
	at org.apache.coyote.http11.Http11Protocol$Http11ConnectionHandler.process(Http11Protocol.java:602)
	at org.apache.tomcat.util.net.JIoEndpoint$Worker.run(JIoEndpoint.java:489)
	at java.lang.Thread.run(Thread.java:722)

Feb 18, 2012 11:57:47 PM org.apache.catalina.core.StandardWrapperValve invoke
SEVERE: Servlet.service() for servlet ImageBytes threw exception
java.io.FileNotFoundException: ./UserData/defg/HomeCosta Rican Frog.jpg (No such file or directory)
	at java.io.FileInputStream.open(Native Method)
	at java.io.FileInputStream.<init>(FileInputStream.java:138)
	at com.yaid.files.ImageBytes.processRequest(ImageBytes.java:54)
	at com.yaid.files.ImageBytes.doGet(ImageBytes.java:88)
	at javax.servlet.http.HttpServlet.service(HttpServlet.java:617)
	at javax.servlet.http.HttpServlet.service(HttpServlet.java:717)
	at org.apache.catalina.core.ApplicationFilterChain.internalDoFilter(ApplicationFilterChain.java:290)
	at org.apache.catalina.core.ApplicationFilterChain.doFilter(ApplicationFilterChain.java:206)
	at org.apache.catalina.core.StandardWrapperValve.invoke(StandardWrapperValve.java:233)
	at org.apache.catalina.core.StandardContextValve.invoke(StandardContextValve.java:191)
	at org.apache.catalina.core.StandardHostValve.invoke(StandardHostValve.java:127)
	at org.apache.catalina.valves.ErrorReportValve.invoke(ErrorReportValve.java:102)
	at org.apache.catalina.core.StandardEngineValve.invoke(StandardEngineValve.java:109)
	at org.apache.catalina.connector.CoyoteAdapter.service(CoyoteAdapter.java:293)
	at org.apache.coyote.http11.Http11Processor.process(Http11Processor.java:859)
	at org.apache.coyote.http11.Http11Protocol$Http11ConnectionHandler.process(Http11Protocol.java:602)
	at org.apache.tomcat.util.net.JIoEndpoint$Worker.run(JIoEndpoint.java:489)
	at java.lang.Thread.run(Thread.java:722)

Feb 18, 2012 11:58:15 PM org.apache.catalina.core.StandardWrapperValve invoke
SEVERE: Servlet.service() for servlet ImageBytes threw exception
java.io.FileNotFoundException: ./UserData/defg/Homecar.png (No such file or directory)
	at java.io.FileInputStream.open(Native Method)
	at java.io.FileInputStream.<init>(FileInputStream.java:138)
	at com.yaid.files.ImageBytes.processRequest(ImageBytes.java:54)
	at com.yaid.files.ImageBytes.doGet(ImageBytes.java:88)
	at javax.servlet.http.HttpServlet.service(HttpServlet.java:617)
	at javax.servlet.http.HttpServlet.service(HttpServlet.java:717)
	at org.apache.catalina.core.ApplicationFilterChain.internalDoFilter(ApplicationFilterChain.java:290)
	at org.apache.catalina.core.ApplicationFilterChain.doFilter(ApplicationFilterChain.java:206)
	at org.apache.catalina.core.StandardWrapperValve.invoke(StandardWrapperValve.java:233)
	at org.apache.catalina.core.StandardContextValve.invoke(StandardContextValve.java:191)
	at org.apache.catalina.core.StandardHostValve.invoke(StandardHostValve.java:127)
	at org.apache.catalina.valves.ErrorReportValve.invoke(ErrorReportValve.java:102)
	at org.apache.catalina.core.StandardEngineValve.invoke(StandardEngineValve.java:109)
	at org.apache.catalina.connector.CoyoteAdapter.service(CoyoteAdapter.java:293)
	at org.apache.coyote.http11.Http11Processor.process(Http11Processor.java:859)
	at org.apache.coyote.http11.Http11Protocol$Http11ConnectionHandler.process(Http11Protocol.java:602)
	at org.apache.tomcat.util.net.JIoEndpoint$Worker.run(JIoEndpoint.java:489)
	at java.lang.Thread.run(Thread.java:722)

