16 Jan, 2012 10:46:37 AM org.apache.catalina.core.ApplicationContext log
INFO: ContextListener: contextInitialized()
16 Jan, 2012 10:46:37 AM org.apache.catalina.core.ApplicationContext log
INFO: SessionListener: contextInitialized()
16 Jan, 2012 1:13:47 PM org.apache.catalina.core.ApplicationContext log
INFO: SessionListener: contextDestroyed()
16 Jan, 2012 1:13:47 PM org.apache.catalina.core.ApplicationContext log
INFO: ContextListener: contextDestroyed()
16 Jan, 2012 1:13:53 PM org.apache.catalina.core.ApplicationContext log
INFO: ContextListener: contextInitialized()
16 Jan, 2012 1:13:53 PM org.apache.catalina.core.ApplicationContext log
INFO: SessionListener: contextInitialized()
16 Jan, 2012 1:57:00 PM org.apache.catalina.core.ApplicationContext log
INFO: SessionListener: contextDestroyed()
16 Jan, 2012 1:57:00 PM org.apache.catalina.core.ApplicationContext log
INFO: ContextListener: contextDestroyed()
16 Jan, 2012 9:51:18 PM org.apache.catalina.core.ApplicationContext log
INFO: ContextListener: contextInitialized()
16 Jan, 2012 9:51:18 PM org.apache.catalina.core.ApplicationContext log
INFO: SessionListener: contextInitialized()
16 Jan, 2012 10:02:41 PM org.apache.catalina.core.ApplicationContext log
INFO: SessionListener: contextDestroyed()
16 Jan, 2012 10:02:41 PM org.apache.catalina.core.ApplicationContext log
INFO: ContextListener: contextDestroyed()
16 Jan, 2012 10:09:53 PM org.apache.catalina.core.ApplicationContext log
INFO: ContextListener: contextInitialized()
16 Jan, 2012 10:09:53 PM org.apache.catalina.core.ApplicationContext log
INFO: SessionListener: contextInitialized()
16 Jan, 2012 11:35:00 PM org.apache.catalina.core.ApplicationContext log
INFO: SessionListener: contextDestroyed()
16 Jan, 2012 11:35:00 PM org.apache.catalina.core.ApplicationContext log
INFO: ContextListener: contextDestroyed()
