19 Feb, 2012 12:24:22 AM org.apache.catalina.core.ApplicationContext log
INFO: ContextListener: contextInitialized()
19 Feb, 2012 12:24:22 AM org.apache.catalina.core.ApplicationContext log
INFO: SessionListener: contextInitialized()
19 Feb, 2012 12:27:28 AM org.apache.catalina.core.ApplicationContext log
INFO: Marking servlet Login as unavailable
19 Feb, 2012 12:27:28 AM org.apache.catalina.core.StandardWrapperValve invoke
SEVERE: Allocate exception for servlet Login
java.lang.VerifyError: (class: com/yaid/user/Login, method: <init> signature: ()V) Constructor must call super() or this()
	at java.lang.Class.getDeclaredConstructors0(Native Method)
	at java.lang.Class.privateGetDeclaredConstructors(Class.java:2389)
	at java.lang.Class.getConstructor0(Class.java:2699)
	at java.lang.Class.newInstance0(Class.java:326)
	at java.lang.Class.newInstance(Class.java:308)
	at org.apache.catalina.core.StandardWrapper.loadServlet(StandardWrapper.java:1149)
	at org.apache.catalina.core.StandardWrapper.allocate(StandardWrapper.java:827)
	at org.apache.catalina.core.StandardWrapperValve.invoke(StandardWrapperValve.java:129)
	at org.apache.catalina.core.StandardContextValve.invoke(StandardContextValve.java:191)
	at org.apache.catalina.core.StandardHostValve.invoke(StandardHostValve.java:127)
	at org.apache.catalina.valves.ErrorReportValve.invoke(ErrorReportValve.java:102)
	at org.apache.catalina.core.StandardEngineValve.invoke(StandardEngineValve.java:109)
	at org.apache.catalina.connector.CoyoteAdapter.service(CoyoteAdapter.java:293)
	at org.apache.coyote.http11.Http11AprProcessor.process(Http11AprProcessor.java:877)
	at org.apache.coyote.http11.Http11AprProtocol$Http11ConnectionHandler.process(Http11AprProtocol.java:594)
	at org.apache.tomcat.util.net.AprEndpoint$Worker.run(AprEndpoint.java:1675)
	at java.lang.Thread.run(Thread.java:619)
19 Feb, 2012 12:37:42 AM org.apache.catalina.core.ApplicationContext log
INFO: Marking servlet FileOperationHandler as unavailable
19 Feb, 2012 12:37:42 AM org.apache.catalina.core.StandardWrapperValve invoke
SEVERE: Allocate exception for servlet FileOperationHandler
java.lang.VerifyError: (class: com/yaid/files/FileOperationHandler, method: <init> signature: ()V) Constructor must call super() or this()
	at java.lang.Class.getDeclaredConstructors0(Native Method)
	at java.lang.Class.privateGetDeclaredConstructors(Class.java:2389)
	at java.lang.Class.getConstructor0(Class.java:2699)
	at java.lang.Class.newInstance0(Class.java:326)
	at java.lang.Class.newInstance(Class.java:308)
	at org.apache.catalina.core.StandardWrapper.loadServlet(StandardWrapper.java:1149)
	at org.apache.catalina.core.StandardWrapper.allocate(StandardWrapper.java:827)
	at org.apache.catalina.core.StandardWrapperValve.invoke(StandardWrapperValve.java:129)
	at org.apache.catalina.core.StandardContextValve.invoke(StandardContextValve.java:191)
	at org.apache.catalina.core.StandardHostValve.invoke(StandardHostValve.java:127)
	at org.apache.catalina.valves.ErrorReportValve.invoke(ErrorReportValve.java:102)
	at org.apache.catalina.core.StandardEngineValve.invoke(StandardEngineValve.java:109)
	at org.apache.catalina.connector.CoyoteAdapter.service(CoyoteAdapter.java:293)
	at org.apache.coyote.http11.Http11AprProcessor.process(Http11AprProcessor.java:877)
	at org.apache.coyote.http11.Http11AprProtocol$Http11ConnectionHandler.process(Http11AprProtocol.java:594)
	at org.apache.tomcat.util.net.AprEndpoint$Worker.run(AprEndpoint.java:1675)
	at java.lang.Thread.run(Thread.java:619)
19 Feb, 2012 12:37:43 AM org.apache.catalina.core.StandardWrapperValve invoke
INFO: Servlet FileOperationHandler is currently unavailable
19 Feb, 2012 12:37:43 AM org.apache.catalina.core.StandardWrapperValve invoke
INFO: Servlet FileOperationHandler is currently unavailable
19 Feb, 2012 12:37:43 AM org.apache.catalina.core.StandardWrapperValve invoke
INFO: Servlet FileOperationHandler is currently unavailable
19 Feb, 2012 12:38:07 AM org.apache.catalina.core.StandardWrapperValve invoke
INFO: Servlet FileOperationHandler is currently unavailable
19 Feb, 2012 12:38:07 AM org.apache.catalina.core.StandardWrapperValve invoke
INFO: Servlet FileOperationHandler is currently unavailable
19 Feb, 2012 12:44:21 AM org.apache.catalina.core.StandardWrapperValve invoke
SEVERE: Servlet.service() for servlet jsp threw exception
java.lang.NullPointerException
	at org.apache.jsp.desktop_jsp._jspService(desktop_jsp.java:62)
	at org.apache.jasper.runtime.HttpJspBase.service(HttpJspBase.java:70)
	at javax.servlet.http.HttpServlet.service(HttpServlet.java:717)
	at org.apache.jasper.servlet.JspServletWrapper.service(JspServletWrapper.java:388)
	at org.apache.jasper.servlet.JspServlet.serviceJspFile(JspServlet.java:313)
	at org.apache.jasper.servlet.JspServlet.service(JspServlet.java:260)
	at javax.servlet.http.HttpServlet.service(HttpServlet.java:717)
	at org.apache.catalina.core.ApplicationFilterChain.internalDoFilter(ApplicationFilterChain.java:290)
	at org.apache.catalina.core.ApplicationFilterChain.doFilter(ApplicationFilterChain.java:206)
	at org.apache.catalina.core.StandardWrapperValve.invoke(StandardWrapperValve.java:233)
	at org.apache.catalina.core.StandardContextValve.invoke(StandardContextValve.java:191)
	at org.apache.catalina.core.StandardHostValve.invoke(StandardHostValve.java:127)
	at org.apache.catalina.valves.ErrorReportValve.invoke(ErrorReportValve.java:102)
	at org.apache.catalina.core.StandardEngineValve.invoke(StandardEngineValve.java:109)
	at org.apache.catalina.connector.CoyoteAdapter.service(CoyoteAdapter.java:293)
	at org.apache.coyote.http11.Http11AprProcessor.process(Http11AprProcessor.java:877)
	at org.apache.coyote.http11.Http11AprProtocol$Http11ConnectionHandler.process(Http11AprProtocol.java:594)
	at org.apache.tomcat.util.net.AprEndpoint$Worker.run(AprEndpoint.java:1675)
	at java.lang.Thread.run(Thread.java:619)
19 Feb, 2012 12:45:34 AM org.apache.catalina.core.ApplicationContext log
INFO: SessionListener: contextDestroyed()
19 Feb, 2012 12:45:34 AM org.apache.catalina.core.ApplicationContext log
INFO: ContextListener: contextDestroyed()
19 Feb, 2012 12:53:28 AM org.apache.catalina.core.ApplicationContext log
INFO: ContextListener: contextInitialized()
19 Feb, 2012 12:53:28 AM org.apache.catalina.core.ApplicationContext log
INFO: SessionListener: contextInitialized()
19 Feb, 2012 12:56:08 AM org.apache.catalina.core.ApplicationContext log
INFO: SessionListener: contextDestroyed()
19 Feb, 2012 12:56:08 AM org.apache.catalina.core.ApplicationContext log
INFO: ContextListener: contextDestroyed()
