14 Feb, 2012 7:11:05 AM org.apache.catalina.core.ApplicationContext log
INFO: ContextListener: contextInitialized()
14 Feb, 2012 7:11:05 AM org.apache.catalina.core.ApplicationContext log
INFO: SessionListener: contextInitialized()
14 Feb, 2012 8:01:51 AM org.apache.catalina.core.ApplicationContext log
INFO: SessionListener: contextDestroyed()
14 Feb, 2012 8:01:51 AM org.apache.catalina.core.ApplicationContext log
INFO: ContextListener: contextDestroyed()
14 Feb, 2012 10:42:22 AM org.apache.catalina.core.ApplicationContext log
INFO: ContextListener: contextInitialized()
14 Feb, 2012 10:42:22 AM org.apache.catalina.core.ApplicationContext log
INFO: SessionListener: contextInitialized()
14 Feb, 2012 6:47:43 PM org.apache.catalina.core.ApplicationContext log
INFO: ContextListener: contextInitialized()
14 Feb, 2012 6:47:43 PM org.apache.catalina.core.ApplicationContext log
INFO: SessionListener: contextInitialized()
14 Feb, 2012 8:47:22 PM org.apache.catalina.core.ApplicationContext log
INFO: SessionListener: contextDestroyed()
14 Feb, 2012 8:47:22 PM org.apache.catalina.core.ApplicationContext log
INFO: ContextListener: contextDestroyed()
14 Feb, 2012 8:52:38 PM org.apache.catalina.core.ApplicationContext log
INFO: ContextListener: contextInitialized()
14 Feb, 2012 8:52:38 PM org.apache.catalina.core.ApplicationContext log
INFO: SessionListener: contextInitialized()
14 Feb, 2012 11:12:52 PM org.apache.catalina.core.ApplicationContext log
INFO: SessionListener: contextDestroyed()
14 Feb, 2012 11:12:52 PM org.apache.catalina.core.ApplicationContext log
INFO: ContextListener: contextDestroyed()
