15 Feb, 2012 12:16:08 AM org.apache.catalina.core.ApplicationContext log
INFO: SessionListener: contextDestroyed()
15 Feb, 2012 12:16:08 AM org.apache.catalina.core.ApplicationContext log
INFO: ContextListener: contextDestroyed()
15 Feb, 2012 10:47:33 AM org.apache.catalina.core.ApplicationContext log
INFO: ContextListener: contextInitialized()
15 Feb, 2012 10:47:33 AM org.apache.catalina.core.ApplicationContext log
INFO: SessionListener: contextInitialized()
15 Feb, 2012 12:41:50 PM org.apache.catalina.core.ApplicationContext log
INFO: SessionListener: contextDestroyed()
15 Feb, 2012 12:41:50 PM org.apache.catalina.core.ApplicationContext log
INFO: ContextListener: contextDestroyed()
15 Feb, 2012 6:43:30 PM org.apache.catalina.core.ApplicationContext log
INFO: ContextListener: contextInitialized()
15 Feb, 2012 6:43:30 PM org.apache.catalina.core.ApplicationContext log
INFO: SessionListener: contextInitialized()
15 Feb, 2012 6:52:39 PM org.apache.catalina.core.ApplicationContext log
INFO: SessionListener: contextDestroyed()
15 Feb, 2012 6:52:39 PM org.apache.catalina.core.ApplicationContext log
INFO: ContextListener: contextDestroyed()
15 Feb, 2012 6:53:44 PM org.apache.catalina.core.ApplicationContext log
INFO: ContextListener: contextInitialized()
15 Feb, 2012 6:53:44 PM org.apache.catalina.core.ApplicationContext log
INFO: SessionListener: contextInitialized()
15 Feb, 2012 6:55:10 PM org.apache.catalina.core.ApplicationContext log
INFO: SessionListener: contextDestroyed()
15 Feb, 2012 6:55:10 PM org.apache.catalina.core.ApplicationContext log
INFO: ContextListener: contextDestroyed()
Feb 15, 2012 9:07:17 PM org.apache.catalina.core.ApplicationContext log
INFO: ContextListener: contextInitialized()
Feb 15, 2012 9:07:17 PM org.apache.catalina.core.ApplicationContext log
INFO: SessionListener: contextInitialized()
15 Feb, 2012 11:29:18 PM org.apache.catalina.core.ApplicationContext log
INFO: ContextListener: contextInitialized()
15 Feb, 2012 11:29:18 PM org.apache.catalina.core.ApplicationContext log
INFO: SessionListener: contextInitialized()
15 Feb, 2012 11:55:49 PM org.apache.catalina.core.ApplicationContext log
INFO: Marking servlet Login as unavailable
15 Feb, 2012 11:55:49 PM org.apache.catalina.core.StandardWrapperValve invoke
SEVERE: Allocate exception for servlet Login
java.lang.VerifyError: (class: com/yaid/user/Login, method: <init> signature: ()V) Constructor must call super() or this()
	at java.lang.Class.getDeclaredConstructors0(Native Method)
	at java.lang.Class.privateGetDeclaredConstructors(Class.java:2389)
	at java.lang.Class.getConstructor0(Class.java:2699)
	at java.lang.Class.newInstance0(Class.java:326)
	at java.lang.Class.newInstance(Class.java:308)
	at org.apache.catalina.core.StandardWrapper.loadServlet(StandardWrapper.java:1149)
	at org.apache.catalina.core.StandardWrapper.allocate(StandardWrapper.java:827)
	at org.apache.catalina.core.StandardWrapperValve.invoke(StandardWrapperValve.java:129)
	at org.apache.catalina.core.StandardContextValve.invoke(StandardContextValve.java:191)
	at org.apache.catalina.core.StandardHostValve.invoke(StandardHostValve.java:127)
	at org.apache.catalina.valves.ErrorReportValve.invoke(ErrorReportValve.java:102)
	at org.apache.catalina.core.StandardEngineValve.invoke(StandardEngineValve.java:109)
	at org.apache.catalina.connector.CoyoteAdapter.service(CoyoteAdapter.java:293)
	at org.apache.coyote.http11.Http11Processor.process(Http11Processor.java:859)
	at org.apache.coyote.http11.Http11Protocol$Http11ConnectionHandler.process(Http11Protocol.java:602)
	at org.apache.tomcat.util.net.JIoEndpoint$Worker.run(JIoEndpoint.java:489)
	at java.lang.Thread.run(Thread.java:662)
15 Feb, 2012 11:56:50 PM org.apache.catalina.core.ApplicationContext log
INFO: Marking servlet Login as unavailable
15 Feb, 2012 11:56:50 PM org.apache.catalina.core.ApplicationContext log
SEVERE: Error loading WebappClassLoader
  context: 
  delegate: false
  repositories:
    /WEB-INF/classes/
----------> Parent Classloader:
org.apache.catalina.loader.StandardClassLoader@59c9b9ca
 com.yaid.user.Login
java.lang.ClassNotFoundException: com.yaid.user.Login
	at org.apache.catalina.loader.WebappClassLoader.loadClass(WebappClassLoader.java:1680)
	at org.apache.catalina.loader.WebappClassLoader.loadClass(WebappClassLoader.java:1526)
	at org.apache.catalina.core.StandardWrapper.loadServlet(StandardWrapper.java:1128)
	at org.apache.catalina.core.StandardWrapper.allocate(StandardWrapper.java:827)
	at org.apache.catalina.core.StandardWrapperValve.invoke(StandardWrapperValve.java:129)
	at org.apache.catalina.core.StandardContextValve.invoke(StandardContextValve.java:191)
	at org.apache.catalina.core.StandardHostValve.invoke(StandardHostValve.java:127)
	at org.apache.catalina.valves.ErrorReportValve.invoke(ErrorReportValve.java:102)
	at org.apache.catalina.core.StandardEngineValve.invoke(StandardEngineValve.java:109)
	at org.apache.catalina.connector.CoyoteAdapter.service(CoyoteAdapter.java:293)
	at org.apache.coyote.http11.Http11Processor.process(Http11Processor.java:859)
	at org.apache.coyote.http11.Http11Protocol$Http11ConnectionHandler.process(Http11Protocol.java:602)
	at org.apache.tomcat.util.net.JIoEndpoint$Worker.run(JIoEndpoint.java:489)
	at java.lang.Thread.run(Thread.java:662)
15 Feb, 2012 11:56:50 PM org.apache.catalina.core.StandardWrapperValve invoke
SEVERE: Allocate exception for servlet Login
java.lang.ClassNotFoundException: com.yaid.user.Login
	at org.apache.catalina.loader.WebappClassLoader.loadClass(WebappClassLoader.java:1680)
	at org.apache.catalina.loader.WebappClassLoader.loadClass(WebappClassLoader.java:1526)
	at org.apache.catalina.core.StandardWrapper.loadServlet(StandardWrapper.java:1128)
	at org.apache.catalina.core.StandardWrapper.allocate(StandardWrapper.java:827)
	at org.apache.catalina.core.StandardWrapperValve.invoke(StandardWrapperValve.java:129)
	at org.apache.catalina.core.StandardContextValve.invoke(StandardContextValve.java:191)
	at org.apache.catalina.core.StandardHostValve.invoke(StandardHostValve.java:127)
	at org.apache.catalina.valves.ErrorReportValve.invoke(ErrorReportValve.java:102)
	at org.apache.catalina.core.StandardEngineValve.invoke(StandardEngineValve.java:109)
	at org.apache.catalina.connector.CoyoteAdapter.service(CoyoteAdapter.java:293)
	at org.apache.coyote.http11.Http11Processor.process(Http11Processor.java:859)
	at org.apache.coyote.http11.Http11Protocol$Http11ConnectionHandler.process(Http11Protocol.java:602)
	at org.apache.tomcat.util.net.JIoEndpoint$Worker.run(JIoEndpoint.java:489)
	at java.lang.Thread.run(Thread.java:662)
