Jan 19, 2012 1:24:39 AM org.apache.catalina.core.ApplicationContext log
INFO: SessionListener: contextDestroyed()
Jan 19, 2012 1:24:39 AM org.apache.catalina.core.ApplicationContext log
INFO: ContextListener: contextDestroyed()
19 Jan, 2012 9:40:44 AM org.apache.catalina.core.ApplicationContext log
INFO: ContextListener: contextInitialized()
19 Jan, 2012 9:40:44 AM org.apache.catalina.core.ApplicationContext log
INFO: SessionListener: contextInitialized()
19 Jan, 2012 9:55:22 AM org.apache.catalina.core.ApplicationContext log
INFO: ContextListener: contextInitialized()
19 Jan, 2012 9:55:22 AM org.apache.catalina.core.ApplicationContext log
INFO: SessionListener: contextInitialized()
19 Jan, 2012 9:57:14 AM org.apache.catalina.core.ApplicationContext log
INFO: Marking servlet Login as unavailable
19 Jan, 2012 9:57:14 AM org.apache.catalina.core.ApplicationContext log
SEVERE: Error loading WebappClassLoader
  context: 
  delegate: false
  repositories:
    /WEB-INF/classes/
----------> Parent Classloader:
org.apache.catalina.loader.StandardClassLoader@1fee6fc
 com.yaid.user.Login
java.lang.ClassNotFoundException: com.yaid.user.Login
	at org.apache.catalina.loader.WebappClassLoader.loadClass(WebappClassLoader.java:1680)
	at org.apache.catalina.loader.WebappClassLoader.loadClass(WebappClassLoader.java:1526)
	at org.apache.catalina.core.StandardWrapper.loadServlet(StandardWrapper.java:1128)
	at org.apache.catalina.core.StandardWrapper.allocate(StandardWrapper.java:827)
	at org.apache.catalina.core.StandardWrapperValve.invoke(StandardWrapperValve.java:129)
	at org.apache.catalina.core.StandardContextValve.invoke(StandardContextValve.java:191)
	at org.apache.catalina.core.StandardHostValve.invoke(StandardHostValve.java:127)
	at org.apache.catalina.valves.ErrorReportValve.invoke(ErrorReportValve.java:102)
	at org.apache.catalina.core.StandardEngineValve.invoke(StandardEngineValve.java:109)
	at org.apache.catalina.connector.CoyoteAdapter.service(CoyoteAdapter.java:293)
	at org.apache.coyote.http11.Http11AprProcessor.process(Http11AprProcessor.java:877)
	at org.apache.coyote.http11.Http11AprProtocol$Http11ConnectionHandler.process(Http11AprProtocol.java:594)
	at org.apache.tomcat.util.net.AprEndpoint$Worker.run(AprEndpoint.java:1675)
	at java.lang.Thread.run(Thread.java:619)
19 Jan, 2012 9:57:14 AM org.apache.catalina.core.StandardWrapperValve invoke
SEVERE: Allocate exception for servlet Login
java.lang.ClassNotFoundException: com.yaid.user.Login
	at org.apache.catalina.loader.WebappClassLoader.loadClass(WebappClassLoader.java:1680)
	at org.apache.catalina.loader.WebappClassLoader.loadClass(WebappClassLoader.java:1526)
	at org.apache.catalina.core.StandardWrapper.loadServlet(StandardWrapper.java:1128)
	at org.apache.catalina.core.StandardWrapper.allocate(StandardWrapper.java:827)
	at org.apache.catalina.core.StandardWrapperValve.invoke(StandardWrapperValve.java:129)
	at org.apache.catalina.core.StandardContextValve.invoke(StandardContextValve.java:191)
	at org.apache.catalina.core.StandardHostValve.invoke(StandardHostValve.java:127)
	at org.apache.catalina.valves.ErrorReportValve.invoke(ErrorReportValve.java:102)
	at org.apache.catalina.core.StandardEngineValve.invoke(StandardEngineValve.java:109)
	at org.apache.catalina.connector.CoyoteAdapter.service(CoyoteAdapter.java:293)
	at org.apache.coyote.http11.Http11AprProcessor.process(Http11AprProcessor.java:877)
	at org.apache.coyote.http11.Http11AprProtocol$Http11ConnectionHandler.process(Http11AprProtocol.java:594)
	at org.apache.tomcat.util.net.AprEndpoint$Worker.run(AprEndpoint.java:1675)
	at java.lang.Thread.run(Thread.java:619)
19 Jan, 2012 10:02:11 AM org.apache.catalina.core.StandardWrapperValve invoke
INFO: Servlet Login is currently unavailable
19 Jan, 2012 10:02:27 AM org.apache.catalina.core.StandardWrapperValve invoke
INFO: Servlet Login is currently unavailable
19 Jan, 2012 10:02:35 AM org.apache.catalina.core.StandardWrapperValve invoke
INFO: Servlet Login is currently unavailable
19 Jan, 2012 10:07:14 AM org.apache.catalina.core.StandardWrapperValve invoke
SEVERE: Servlet.service() for servlet Logout threw exception
java.lang.IllegalStateException
	at org.apache.catalina.connector.ResponseFacade.sendRedirect(ResponseFacade.java:435)
	at com.yaid.user.Logout.doPost(Logout.java:74)
	at javax.servlet.http.HttpServlet.service(HttpServlet.java:637)
	at javax.servlet.http.HttpServlet.service(HttpServlet.java:717)
	at org.apache.catalina.core.ApplicationFilterChain.internalDoFilter(ApplicationFilterChain.java:290)
	at org.apache.catalina.core.ApplicationFilterChain.doFilter(ApplicationFilterChain.java:206)
	at org.apache.catalina.core.StandardWrapperValve.invoke(StandardWrapperValve.java:233)
	at org.apache.catalina.core.StandardContextValve.invoke(StandardContextValve.java:191)
	at org.apache.catalina.core.StandardHostValve.invoke(StandardHostValve.java:127)
	at org.apache.catalina.valves.ErrorReportValve.invoke(ErrorReportValve.java:102)
	at org.apache.catalina.core.StandardEngineValve.invoke(StandardEngineValve.java:109)
	at org.apache.catalina.connector.CoyoteAdapter.service(CoyoteAdapter.java:293)
	at org.apache.coyote.http11.Http11AprProcessor.process(Http11AprProcessor.java:877)
	at org.apache.coyote.http11.Http11AprProtocol$Http11ConnectionHandler.process(Http11AprProtocol.java:594)
	at org.apache.tomcat.util.net.AprEndpoint$Worker.run(AprEndpoint.java:1675)
	at java.lang.Thread.run(Thread.java:619)
19 Jan, 2012 10:15:00 AM org.apache.catalina.core.ApplicationContext log
INFO: SessionListener: contextDestroyed()
19 Jan, 2012 10:15:00 AM org.apache.catalina.core.ApplicationContext log
INFO: ContextListener: contextDestroyed()
19 Jan, 2012 10:15:05 AM org.apache.catalina.core.ApplicationContext log
INFO: ContextListener: contextInitialized()
19 Jan, 2012 10:15:05 AM org.apache.catalina.core.ApplicationContext log
INFO: SessionListener: contextInitialized()
19 Jan, 2012 10:34:08 AM org.apache.catalina.core.ApplicationContext log
INFO: SessionListener: contextDestroyed()
19 Jan, 2012 10:34:08 AM org.apache.catalina.core.ApplicationContext log
INFO: ContextListener: contextDestroyed()
19 Jan, 2012 10:34:13 AM org.apache.catalina.core.ApplicationContext log
INFO: ContextListener: contextInitialized()
19 Jan, 2012 10:34:13 AM org.apache.catalina.core.ApplicationContext log
INFO: SessionListener: contextInitialized()
19 Jan, 2012 10:46:47 AM org.apache.catalina.core.ApplicationContext log
INFO: SessionListener: contextDestroyed()
19 Jan, 2012 10:46:47 AM org.apache.catalina.core.ApplicationContext log
INFO: ContextListener: contextDestroyed()
19 Jan, 2012 10:46:52 AM org.apache.catalina.core.ApplicationContext log
INFO: ContextListener: contextInitialized()
19 Jan, 2012 10:46:52 AM org.apache.catalina.core.ApplicationContext log
INFO: SessionListener: contextInitialized()
19 Jan, 2012 11:04:08 AM org.apache.catalina.core.ApplicationContext log
INFO: SessionListener: contextDestroyed()
19 Jan, 2012 11:04:08 AM org.apache.catalina.core.ApplicationContext log
INFO: ContextListener: contextDestroyed()
19 Jan, 2012 11:04:13 AM org.apache.catalina.core.ApplicationContext log
INFO: ContextListener: contextInitialized()
19 Jan, 2012 11:04:13 AM org.apache.catalina.core.ApplicationContext log
INFO: SessionListener: contextInitialized()
19 Jan, 2012 11:30:47 AM org.apache.catalina.core.ApplicationContext log
INFO: SessionListener: contextDestroyed()
19 Jan, 2012 11:30:47 AM org.apache.catalina.core.ApplicationContext log
INFO: ContextListener: contextDestroyed()
19 Jan, 2012 11:30:51 AM org.apache.catalina.core.ApplicationContext log
INFO: ContextListener: contextInitialized()
19 Jan, 2012 11:30:51 AM org.apache.catalina.core.ApplicationContext log
INFO: SessionListener: contextInitialized()
19 Jan, 2012 11:33:01 AM org.apache.catalina.core.ApplicationContext log
INFO: SessionListener: contextDestroyed()
19 Jan, 2012 11:33:01 AM org.apache.catalina.core.ApplicationContext log
INFO: ContextListener: contextDestroyed()
19 Jan, 2012 11:33:05 AM org.apache.catalina.core.ApplicationContext log
INFO: ContextListener: contextInitialized()
19 Jan, 2012 11:33:05 AM org.apache.catalina.core.ApplicationContext log
INFO: SessionListener: contextInitialized()
19 Jan, 2012 11:40:23 AM org.apache.catalina.core.ApplicationContext log
INFO: SessionListener: contextDestroyed()
19 Jan, 2012 11:40:23 AM org.apache.catalina.core.ApplicationContext log
INFO: ContextListener: contextDestroyed()
19 Jan, 2012 11:40:27 AM org.apache.catalina.core.ApplicationContext log
INFO: ContextListener: contextInitialized()
19 Jan, 2012 11:40:27 AM org.apache.catalina.core.ApplicationContext log
INFO: SessionListener: contextInitialized()
19 Jan, 2012 11:41:18 AM org.apache.catalina.core.ApplicationContext log
INFO: SessionListener: contextDestroyed()
19 Jan, 2012 11:41:18 AM org.apache.catalina.core.ApplicationContext log
INFO: ContextListener: contextDestroyed()
19 Jan, 2012 11:41:23 AM org.apache.catalina.core.ApplicationContext log
INFO: ContextListener: contextInitialized()
19 Jan, 2012 11:41:23 AM org.apache.catalina.core.ApplicationContext log
INFO: SessionListener: contextInitialized()
19 Jan, 2012 11:49:28 AM org.apache.catalina.core.ApplicationContext log
INFO: SessionListener: contextDestroyed()
19 Jan, 2012 11:49:28 AM org.apache.catalina.core.ApplicationContext log
INFO: ContextListener: contextDestroyed()
19 Jan, 2012 11:49:33 AM org.apache.catalina.core.ApplicationContext log
INFO: ContextListener: contextInitialized()
19 Jan, 2012 11:49:33 AM org.apache.catalina.core.ApplicationContext log
INFO: SessionListener: contextInitialized()
19 Jan, 2012 12:34:25 PM org.apache.catalina.core.ApplicationContext log
INFO: SessionListener: contextDestroyed()
19 Jan, 2012 12:34:25 PM org.apache.catalina.core.ApplicationContext log
INFO: ContextListener: contextDestroyed()
19 Jan, 2012 12:34:29 PM org.apache.catalina.core.ApplicationContext log
INFO: ContextListener: contextInitialized()
19 Jan, 2012 12:34:29 PM org.apache.catalina.core.ApplicationContext log
INFO: SessionListener: contextInitialized()
19 Jan, 2012 12:35:45 PM org.apache.catalina.core.ApplicationContext log
INFO: SessionListener: contextDestroyed()
19 Jan, 2012 12:35:45 PM org.apache.catalina.core.ApplicationContext log
INFO: ContextListener: contextDestroyed()
19 Jan, 2012 1:21:06 PM org.apache.catalina.core.ApplicationContext log
INFO: ContextListener: contextInitialized()
19 Jan, 2012 1:21:06 PM org.apache.catalina.core.ApplicationContext log
INFO: SessionListener: contextInitialized()
19 Jan, 2012 1:21:14 PM org.apache.catalina.core.StandardWrapperValve invoke
SEVERE: Servlet.service() for servlet ImageBytes threw exception
java.io.FileNotFoundException: .\UserData\vig\My Files\dreamy.jpg (The system cannot find the file specified)
	at java.io.FileInputStream.open(Native Method)
	at java.io.FileInputStream.<init>(FileInputStream.java:120)
	at com.yaid.files.ImageBytes.processRequest(ImageBytes.java:33)
	at com.yaid.files.ImageBytes.doGet(ImageBytes.java:65)
	at javax.servlet.http.HttpServlet.service(HttpServlet.java:617)
	at javax.servlet.http.HttpServlet.service(HttpServlet.java:717)
	at org.apache.catalina.core.ApplicationFilterChain.internalDoFilter(ApplicationFilterChain.java:290)
	at org.apache.catalina.core.ApplicationFilterChain.doFilter(ApplicationFilterChain.java:206)
	at org.apache.catalina.core.StandardWrapperValve.invoke(StandardWrapperValve.java:233)
	at org.apache.catalina.core.StandardContextValve.invoke(StandardContextValve.java:191)
	at org.apache.catalina.core.StandardHostValve.invoke(StandardHostValve.java:127)
	at org.apache.catalina.valves.ErrorReportValve.invoke(ErrorReportValve.java:102)
	at org.apache.catalina.core.StandardEngineValve.invoke(StandardEngineValve.java:109)
	at org.apache.catalina.connector.CoyoteAdapter.service(CoyoteAdapter.java:293)
	at org.apache.coyote.http11.Http11Processor.process(Http11Processor.java:859)
	at org.apache.coyote.http11.Http11Protocol$Http11ConnectionHandler.process(Http11Protocol.java:602)
	at org.apache.tomcat.util.net.JIoEndpoint$Worker.run(JIoEndpoint.java:489)
	at java.lang.Thread.run(Thread.java:662)
19 Jan, 2012 1:25:22 PM org.apache.catalina.core.StandardWrapperValve invoke
SEVERE: Servlet.service() for servlet ImageBytes threw exception
java.io.FileNotFoundException: .\null (The system cannot find the file specified)
	at java.io.FileInputStream.open(Native Method)
	at java.io.FileInputStream.<init>(FileInputStream.java:120)
	at com.yaid.files.ImageBytes.processRequest(ImageBytes.java:33)
	at com.yaid.files.ImageBytes.doGet(ImageBytes.java:65)
	at javax.servlet.http.HttpServlet.service(HttpServlet.java:617)
	at javax.servlet.http.HttpServlet.service(HttpServlet.java:717)
	at org.apache.catalina.core.ApplicationFilterChain.internalDoFilter(ApplicationFilterChain.java:290)
	at org.apache.catalina.core.ApplicationFilterChain.doFilter(ApplicationFilterChain.java:206)
	at org.apache.catalina.core.StandardWrapperValve.invoke(StandardWrapperValve.java:233)
	at org.apache.catalina.core.StandardContextValve.invoke(StandardContextValve.java:191)
	at org.apache.catalina.core.StandardHostValve.invoke(StandardHostValve.java:127)
	at org.apache.catalina.valves.ErrorReportValve.invoke(ErrorReportValve.java:102)
	at org.apache.catalina.core.StandardEngineValve.invoke(StandardEngineValve.java:109)
	at org.apache.catalina.connector.CoyoteAdapter.service(CoyoteAdapter.java:293)
	at org.apache.coyote.http11.Http11Processor.process(Http11Processor.java:859)
	at org.apache.coyote.http11.Http11Protocol$Http11ConnectionHandler.process(Http11Protocol.java:602)
	at org.apache.tomcat.util.net.JIoEndpoint$Worker.run(JIoEndpoint.java:489)
	at java.lang.Thread.run(Thread.java:662)
19 Jan, 2012 1:26:38 PM org.apache.catalina.core.StandardWrapperValve invoke
SEVERE: Servlet.service() for servlet ImageBytes threw exception
java.io.FileNotFoundException: .\null (The system cannot find the file specified)
	at java.io.FileInputStream.open(Native Method)
	at java.io.FileInputStream.<init>(FileInputStream.java:120)
	at com.yaid.files.ImageBytes.processRequest(ImageBytes.java:33)
	at com.yaid.files.ImageBytes.doGet(ImageBytes.java:65)
	at javax.servlet.http.HttpServlet.service(HttpServlet.java:617)
	at javax.servlet.http.HttpServlet.service(HttpServlet.java:717)
	at org.apache.catalina.core.ApplicationFilterChain.internalDoFilter(ApplicationFilterChain.java:290)
	at org.apache.catalina.core.ApplicationFilterChain.doFilter(ApplicationFilterChain.java:206)
	at org.apache.catalina.core.StandardWrapperValve.invoke(StandardWrapperValve.java:233)
	at org.apache.catalina.core.StandardContextValve.invoke(StandardContextValve.java:191)
	at org.apache.catalina.core.StandardHostValve.invoke(StandardHostValve.java:127)
	at org.apache.catalina.valves.ErrorReportValve.invoke(ErrorReportValve.java:102)
	at org.apache.catalina.core.StandardEngineValve.invoke(StandardEngineValve.java:109)
	at org.apache.catalina.connector.CoyoteAdapter.service(CoyoteAdapter.java:293)
	at org.apache.coyote.http11.Http11Processor.process(Http11Processor.java:859)
	at org.apache.coyote.http11.Http11Protocol$Http11ConnectionHandler.process(Http11Protocol.java:602)
	at org.apache.tomcat.util.net.JIoEndpoint$Worker.run(JIoEndpoint.java:489)
	at java.lang.Thread.run(Thread.java:662)
19 Jan, 2012 1:27:37 PM org.apache.catalina.core.StandardWrapperValve invoke
SEVERE: Servlet.service() for servlet ImageBytes threw exception
java.io.FileNotFoundException: .\null (The system cannot find the file specified)
	at java.io.FileInputStream.open(Native Method)
	at java.io.FileInputStream.<init>(FileInputStream.java:120)
	at com.yaid.files.ImageBytes.processRequest(ImageBytes.java:33)
	at com.yaid.files.ImageBytes.doGet(ImageBytes.java:65)
	at javax.servlet.http.HttpServlet.service(HttpServlet.java:617)
	at javax.servlet.http.HttpServlet.service(HttpServlet.java:717)
	at org.apache.catalina.core.ApplicationFilterChain.internalDoFilter(ApplicationFilterChain.java:290)
	at org.apache.catalina.core.ApplicationFilterChain.doFilter(ApplicationFilterChain.java:206)
	at org.apache.catalina.core.StandardWrapperValve.invoke(StandardWrapperValve.java:233)
	at org.apache.catalina.core.StandardContextValve.invoke(StandardContextValve.java:191)
	at org.apache.catalina.core.StandardHostValve.invoke(StandardHostValve.java:127)
	at org.apache.catalina.valves.ErrorReportValve.invoke(ErrorReportValve.java:102)
	at org.apache.catalina.core.StandardEngineValve.invoke(StandardEngineValve.java:109)
	at org.apache.catalina.connector.CoyoteAdapter.service(CoyoteAdapter.java:293)
	at org.apache.coyote.http11.Http11Processor.process(Http11Processor.java:859)
	at org.apache.coyote.http11.Http11Protocol$Http11ConnectionHandler.process(Http11Protocol.java:602)
	at org.apache.tomcat.util.net.JIoEndpoint$Worker.run(JIoEndpoint.java:489)
	at java.lang.Thread.run(Thread.java:662)
19 Jan, 2012 1:28:39 PM org.apache.catalina.core.StandardWrapperValve invoke
SEVERE: Servlet.service() for servlet ImageBytes threw exception
java.io.FileNotFoundException: .\UserData\vig\My Files\dreamy.jpg (The system cannot find the file specified)
	at java.io.FileInputStream.open(Native Method)
	at java.io.FileInputStream.<init>(FileInputStream.java:120)
	at com.yaid.files.ImageBytes.processRequest(ImageBytes.java:33)
	at com.yaid.files.ImageBytes.doGet(ImageBytes.java:65)
	at javax.servlet.http.HttpServlet.service(HttpServlet.java:617)
	at javax.servlet.http.HttpServlet.service(HttpServlet.java:717)
	at org.apache.catalina.core.ApplicationFilterChain.internalDoFilter(ApplicationFilterChain.java:290)
	at org.apache.catalina.core.ApplicationFilterChain.doFilter(ApplicationFilterChain.java:206)
	at org.apache.catalina.core.StandardWrapperValve.invoke(StandardWrapperValve.java:233)
	at org.apache.catalina.core.StandardContextValve.invoke(StandardContextValve.java:191)
	at org.apache.catalina.core.StandardHostValve.invoke(StandardHostValve.java:127)
	at org.apache.catalina.valves.ErrorReportValve.invoke(ErrorReportValve.java:102)
	at org.apache.catalina.core.StandardEngineValve.invoke(StandardEngineValve.java:109)
	at org.apache.catalina.connector.CoyoteAdapter.service(CoyoteAdapter.java:293)
	at org.apache.coyote.http11.Http11Processor.process(Http11Processor.java:859)
	at org.apache.coyote.http11.Http11Protocol$Http11ConnectionHandler.process(Http11Protocol.java:602)
	at org.apache.tomcat.util.net.JIoEndpoint$Worker.run(JIoEndpoint.java:489)
	at java.lang.Thread.run(Thread.java:662)
19 Jan, 2012 1:29:11 PM org.apache.catalina.core.StandardWrapperValve invoke
SEVERE: Servlet.service() for servlet ImageBytes threw exception
java.io.FileNotFoundException: .\UserData\vig\My Files\dreamy.jpg (The system cannot find the file specified)
	at java.io.FileInputStream.open(Native Method)
	at java.io.FileInputStream.<init>(FileInputStream.java:120)
	at com.yaid.files.ImageBytes.processRequest(ImageBytes.java:33)
	at com.yaid.files.ImageBytes.doGet(ImageBytes.java:65)
	at javax.servlet.http.HttpServlet.service(HttpServlet.java:617)
	at javax.servlet.http.HttpServlet.service(HttpServlet.java:717)
	at org.apache.catalina.core.ApplicationFilterChain.internalDoFilter(ApplicationFilterChain.java:290)
	at org.apache.catalina.core.ApplicationFilterChain.doFilter(ApplicationFilterChain.java:206)
	at org.apache.catalina.core.StandardWrapperValve.invoke(StandardWrapperValve.java:233)
	at org.apache.catalina.core.StandardContextValve.invoke(StandardContextValve.java:191)
	at org.apache.catalina.core.StandardHostValve.invoke(StandardHostValve.java:127)
	at org.apache.catalina.valves.ErrorReportValve.invoke(ErrorReportValve.java:102)
	at org.apache.catalina.core.StandardEngineValve.invoke(StandardEngineValve.java:109)
	at org.apache.catalina.connector.CoyoteAdapter.service(CoyoteAdapter.java:293)
	at org.apache.coyote.http11.Http11Processor.process(Http11Processor.java:859)
	at org.apache.coyote.http11.Http11Protocol$Http11ConnectionHandler.process(Http11Protocol.java:602)
	at org.apache.tomcat.util.net.JIoEndpoint$Worker.run(JIoEndpoint.java:489)
	at java.lang.Thread.run(Thread.java:662)
19 Jan, 2012 1:29:25 PM org.apache.catalina.core.StandardWrapperValve invoke
SEVERE: Servlet.service() for servlet ImageBytes threw exception
java.io.FileNotFoundException: .\UserData\vig\My Files\Wallpapers\dreamy.jpg (The system cannot find the path specified)
	at java.io.FileInputStream.open(Native Method)
	at java.io.FileInputStream.<init>(FileInputStream.java:120)
	at com.yaid.files.ImageBytes.processRequest(ImageBytes.java:33)
	at com.yaid.files.ImageBytes.doGet(ImageBytes.java:65)
	at javax.servlet.http.HttpServlet.service(HttpServlet.java:617)
	at javax.servlet.http.HttpServlet.service(HttpServlet.java:717)
	at org.apache.catalina.core.ApplicationFilterChain.internalDoFilter(ApplicationFilterChain.java:290)
	at org.apache.catalina.core.ApplicationFilterChain.doFilter(ApplicationFilterChain.java:206)
	at org.apache.catalina.core.StandardWrapperValve.invoke(StandardWrapperValve.java:233)
	at org.apache.catalina.core.StandardContextValve.invoke(StandardContextValve.java:191)
	at org.apache.catalina.core.StandardHostValve.invoke(StandardHostValve.java:127)
	at org.apache.catalina.valves.ErrorReportValve.invoke(ErrorReportValve.java:102)
	at org.apache.catalina.core.StandardEngineValve.invoke(StandardEngineValve.java:109)
	at org.apache.catalina.connector.CoyoteAdapter.service(CoyoteAdapter.java:293)
	at org.apache.coyote.http11.Http11Processor.process(Http11Processor.java:859)
	at org.apache.coyote.http11.Http11Protocol$Http11ConnectionHandler.process(Http11Protocol.java:602)
	at org.apache.tomcat.util.net.JIoEndpoint$Worker.run(JIoEndpoint.java:489)
	at java.lang.Thread.run(Thread.java:662)
19 Jan, 2012 1:29:40 PM org.apache.catalina.core.StandardWrapperValve invoke
SEVERE: Servlet.service() for servlet ImageBytes threw exception
java.io.FileNotFoundException: .\UserData\vig\My Files\WallPapers\dreamy.jpg (The system cannot find the path specified)
	at java.io.FileInputStream.open(Native Method)
	at java.io.FileInputStream.<init>(FileInputStream.java:120)
	at com.yaid.files.ImageBytes.processRequest(ImageBytes.java:33)
	at com.yaid.files.ImageBytes.doGet(ImageBytes.java:65)
	at javax.servlet.http.HttpServlet.service(HttpServlet.java:617)
	at javax.servlet.http.HttpServlet.service(HttpServlet.java:717)
	at org.apache.catalina.core.ApplicationFilterChain.internalDoFilter(ApplicationFilterChain.java:290)
	at org.apache.catalina.core.ApplicationFilterChain.doFilter(ApplicationFilterChain.java:206)
	at org.apache.catalina.core.StandardWrapperValve.invoke(StandardWrapperValve.java:233)
	at org.apache.catalina.core.StandardContextValve.invoke(StandardContextValve.java:191)
	at org.apache.catalina.core.StandardHostValve.invoke(StandardHostValve.java:127)
	at org.apache.catalina.valves.ErrorReportValve.invoke(ErrorReportValve.java:102)
	at org.apache.catalina.core.StandardEngineValve.invoke(StandardEngineValve.java:109)
	at org.apache.catalina.connector.CoyoteAdapter.service(CoyoteAdapter.java:293)
	at org.apache.coyote.http11.Http11Processor.process(Http11Processor.java:859)
	at org.apache.coyote.http11.Http11Protocol$Http11ConnectionHandler.process(Http11Protocol.java:602)
	at org.apache.tomcat.util.net.JIoEndpoint$Worker.run(JIoEndpoint.java:489)
	at java.lang.Thread.run(Thread.java:662)
19 Jan, 2012 1:32:29 PM org.apache.catalina.core.StandardWrapperValve invoke
SEVERE: Servlet.service() for servlet ImageBytes threw exception
java.io.FileNotFoundException: .\null (The system cannot find the file specified)
	at java.io.FileInputStream.open(Native Method)
	at java.io.FileInputStream.<init>(FileInputStream.java:120)
	at com.yaid.files.ImageBytes.processRequest(ImageBytes.java:33)
	at com.yaid.files.ImageBytes.doGet(ImageBytes.java:65)
	at javax.servlet.http.HttpServlet.service(HttpServlet.java:617)
	at javax.servlet.http.HttpServlet.service(HttpServlet.java:717)
	at org.apache.catalina.core.ApplicationFilterChain.internalDoFilter(ApplicationFilterChain.java:290)
	at org.apache.catalina.core.ApplicationFilterChain.doFilter(ApplicationFilterChain.java:206)
	at org.apache.catalina.core.StandardWrapperValve.invoke(StandardWrapperValve.java:233)
	at org.apache.catalina.core.StandardContextValve.invoke(StandardContextValve.java:191)
	at org.apache.catalina.core.StandardHostValve.invoke(StandardHostValve.java:127)
	at org.apache.catalina.valves.ErrorReportValve.invoke(ErrorReportValve.java:102)
	at org.apache.catalina.core.StandardEngineValve.invoke(StandardEngineValve.java:109)
	at org.apache.catalina.connector.CoyoteAdapter.service(CoyoteAdapter.java:293)
	at org.apache.coyote.http11.Http11Processor.process(Http11Processor.java:859)
	at org.apache.coyote.http11.Http11Protocol$Http11ConnectionHandler.process(Http11Protocol.java:602)
	at org.apache.tomcat.util.net.JIoEndpoint$Worker.run(JIoEndpoint.java:489)
	at java.lang.Thread.run(Thread.java:662)
19 Jan, 2012 1:54:01 PM org.apache.catalina.core.ApplicationContext log
INFO: Marking servlet ImageBytes as unavailable
19 Jan, 2012 1:54:01 PM org.apache.catalina.core.StandardWrapperValve invoke
SEVERE: Allocate exception for servlet ImageBytes
java.lang.VerifyError: (class: com/yaid/files/ImageBytes, method: <init> signature: ()V) Constructor must call super() or this()
	at java.lang.Class.getDeclaredConstructors0(Native Method)
	at java.lang.Class.privateGetDeclaredConstructors(Class.java:2389)
	at java.lang.Class.getConstructor0(Class.java:2699)
	at java.lang.Class.newInstance0(Class.java:326)
	at java.lang.Class.newInstance(Class.java:308)
	at org.apache.catalina.core.StandardWrapper.loadServlet(StandardWrapper.java:1149)
	at org.apache.catalina.core.StandardWrapper.allocate(StandardWrapper.java:827)
	at org.apache.catalina.core.StandardWrapperValve.invoke(StandardWrapperValve.java:129)
	at org.apache.catalina.core.StandardContextValve.invoke(StandardContextValve.java:191)
	at org.apache.catalina.core.StandardHostValve.invoke(StandardHostValve.java:127)
	at org.apache.catalina.valves.ErrorReportValve.invoke(ErrorReportValve.java:102)
	at org.apache.catalina.core.StandardEngineValve.invoke(StandardEngineValve.java:109)
	at org.apache.catalina.connector.CoyoteAdapter.service(CoyoteAdapter.java:293)
	at org.apache.coyote.http11.Http11Processor.process(Http11Processor.java:859)
	at org.apache.coyote.http11.Http11Protocol$Http11ConnectionHandler.process(Http11Protocol.java:602)
	at org.apache.tomcat.util.net.JIoEndpoint$Worker.run(JIoEndpoint.java:489)
	at java.lang.Thread.run(Thread.java:662)
19 Jan, 2012 1:54:26 PM org.apache.catalina.core.StandardWrapperValve invoke
INFO: Servlet ImageBytes is currently unavailable
19 Jan, 2012 1:55:30 PM org.apache.catalina.core.StandardWrapperValve invoke
INFO: Servlet ImageBytes is currently unavailable
19 Jan, 2012 1:55:39 PM org.apache.catalina.core.ApplicationContext log
INFO: Marking servlet ImageBytes as unavailable
19 Jan, 2012 1:55:39 PM org.apache.catalina.core.StandardWrapperValve invoke
SEVERE: Allocate exception for servlet ImageBytes
java.lang.VerifyError: (class: com/yaid/files/ImageBytes, method: <init> signature: ()V) Constructor must call super() or this()
	at java.lang.Class.getDeclaredConstructors0(Native Method)
	at java.lang.Class.privateGetDeclaredConstructors(Class.java:2389)
	at java.lang.Class.getConstructor0(Class.java:2699)
	at java.lang.Class.newInstance0(Class.java:326)
	at java.lang.Class.newInstance(Class.java:308)
	at org.apache.catalina.core.StandardWrapper.loadServlet(StandardWrapper.java:1149)
	at org.apache.catalina.core.StandardWrapper.allocate(StandardWrapper.java:827)
	at org.apache.catalina.core.StandardWrapperValve.invoke(StandardWrapperValve.java:129)
	at org.apache.catalina.core.StandardContextValve.invoke(StandardContextValve.java:191)
	at org.apache.catalina.core.StandardHostValve.invoke(StandardHostValve.java:127)
	at org.apache.catalina.valves.ErrorReportValve.invoke(ErrorReportValve.java:102)
	at org.apache.catalina.core.StandardEngineValve.invoke(StandardEngineValve.java:109)
	at org.apache.catalina.connector.CoyoteAdapter.service(CoyoteAdapter.java:293)
	at org.apache.coyote.http11.Http11Processor.process(Http11Processor.java:859)
	at org.apache.coyote.http11.Http11Protocol$Http11ConnectionHandler.process(Http11Protocol.java:602)
	at org.apache.tomcat.util.net.JIoEndpoint$Worker.run(JIoEndpoint.java:489)
	at java.lang.Thread.run(Thread.java:662)
19 Jan, 2012 1:56:30 PM org.apache.catalina.core.ApplicationContext log
INFO: Marking servlet ImageBytes as unavailable
19 Jan, 2012 1:56:30 PM org.apache.catalina.core.StandardWrapperValve invoke
SEVERE: Allocate exception for servlet ImageBytes
java.lang.VerifyError: (class: com/yaid/files/ImageBytes, method: <init> signature: ()V) Constructor must call super() or this()
	at java.lang.Class.getDeclaredConstructors0(Native Method)
	at java.lang.Class.privateGetDeclaredConstructors(Class.java:2389)
	at java.lang.Class.getConstructor0(Class.java:2699)
	at java.lang.Class.newInstance0(Class.java:326)
	at java.lang.Class.newInstance(Class.java:308)
	at org.apache.catalina.core.StandardWrapper.loadServlet(StandardWrapper.java:1149)
	at org.apache.catalina.core.StandardWrapper.allocate(StandardWrapper.java:827)
	at org.apache.catalina.core.StandardWrapperValve.invoke(StandardWrapperValve.java:129)
	at org.apache.catalina.core.StandardContextValve.invoke(StandardContextValve.java:191)
	at org.apache.catalina.core.StandardHostValve.invoke(StandardHostValve.java:127)
	at org.apache.catalina.valves.ErrorReportValve.invoke(ErrorReportValve.java:102)
	at org.apache.catalina.core.StandardEngineValve.invoke(StandardEngineValve.java:109)
	at org.apache.catalina.connector.CoyoteAdapter.service(CoyoteAdapter.java:293)
	at org.apache.coyote.http11.Http11Processor.process(Http11Processor.java:859)
	at org.apache.coyote.http11.Http11Protocol$Http11ConnectionHandler.process(Http11Protocol.java:602)
	at org.apache.tomcat.util.net.JIoEndpoint$Worker.run(JIoEndpoint.java:489)
	at java.lang.Thread.run(Thread.java:662)
19 Jan, 2012 2:00:02 PM org.apache.catalina.core.StandardWrapperValve invoke
INFO: Servlet ImageBytes is currently unavailable
19 Jan, 2012 2:00:36 PM org.apache.catalina.core.StandardWrapperValve invoke
INFO: Servlet ImageBytes is currently unavailable
19 Jan, 2012 2:03:00 PM org.apache.catalina.core.ApplicationContext log
INFO: Marking servlet ImageBytes as unavailable
19 Jan, 2012 2:03:00 PM org.apache.catalina.core.StandardWrapperValve invoke
SEVERE: Allocate exception for servlet ImageBytes
java.lang.VerifyError: (class: com/yaid/files/ImageBytes, method: <init> signature: ()V) Constructor must call super() or this()
	at java.lang.Class.getDeclaredConstructors0(Native Method)
	at java.lang.Class.privateGetDeclaredConstructors(Class.java:2389)
	at java.lang.Class.getConstructor0(Class.java:2699)
	at java.lang.Class.newInstance0(Class.java:326)
	at java.lang.Class.newInstance(Class.java:308)
	at org.apache.catalina.core.StandardWrapper.loadServlet(StandardWrapper.java:1149)
	at org.apache.catalina.core.StandardWrapper.allocate(StandardWrapper.java:827)
	at org.apache.catalina.core.StandardWrapperValve.invoke(StandardWrapperValve.java:129)
	at org.apache.catalina.core.StandardContextValve.invoke(StandardContextValve.java:191)
	at org.apache.catalina.core.StandardHostValve.invoke(StandardHostValve.java:127)
	at org.apache.catalina.valves.ErrorReportValve.invoke(ErrorReportValve.java:102)
	at org.apache.catalina.core.StandardEngineValve.invoke(StandardEngineValve.java:109)
	at org.apache.catalina.connector.CoyoteAdapter.service(CoyoteAdapter.java:293)
	at org.apache.coyote.http11.Http11Processor.process(Http11Processor.java:859)
	at org.apache.coyote.http11.Http11Protocol$Http11ConnectionHandler.process(Http11Protocol.java:602)
	at org.apache.tomcat.util.net.JIoEndpoint$Worker.run(JIoEndpoint.java:489)
	at java.lang.Thread.run(Thread.java:662)
19 Jan, 2012 2:07:58 PM org.apache.catalina.core.StandardWrapperValve invoke
SEVERE: Servlet.service() for servlet ImageBytes threw exception
java.io.FileNotFoundException: .\null (The system cannot find the file specified)
	at java.io.FileInputStream.open(Native Method)
	at java.io.FileInputStream.<init>(FileInputStream.java:120)
	at com.yaid.files.ImageBytes.processRequest(ImageBytes.java:32)
	at com.yaid.files.ImageBytes.doGet(ImageBytes.java:64)
	at javax.servlet.http.HttpServlet.service(HttpServlet.java:617)
	at javax.servlet.http.HttpServlet.service(HttpServlet.java:717)
	at org.apache.catalina.core.ApplicationFilterChain.internalDoFilter(ApplicationFilterChain.java:290)
	at org.apache.catalina.core.ApplicationFilterChain.doFilter(ApplicationFilterChain.java:206)
	at org.apache.catalina.core.StandardWrapperValve.invoke(StandardWrapperValve.java:233)
	at org.apache.catalina.core.StandardContextValve.invoke(StandardContextValve.java:191)
	at org.apache.catalina.core.StandardHostValve.invoke(StandardHostValve.java:127)
	at org.apache.catalina.valves.ErrorReportValve.invoke(ErrorReportValve.java:102)
	at org.apache.catalina.core.StandardEngineValve.invoke(StandardEngineValve.java:109)
	at org.apache.catalina.connector.CoyoteAdapter.service(CoyoteAdapter.java:293)
	at org.apache.coyote.http11.Http11Processor.process(Http11Processor.java:859)
	at org.apache.coyote.http11.Http11Protocol$Http11ConnectionHandler.process(Http11Protocol.java:602)
	at org.apache.tomcat.util.net.JIoEndpoint$Worker.run(JIoEndpoint.java:489)
	at java.lang.Thread.run(Thread.java:662)
19 Jan, 2012 2:17:24 PM org.apache.catalina.core.StandardWrapperValve invoke
SEVERE: Servlet.service() for servlet ImageBytes threw exception
java.io.FileNotFoundException: . (Access is denied)
	at java.io.FileInputStream.open(Native Method)
	at java.io.FileInputStream.<init>(FileInputStream.java:120)
	at com.yaid.files.ImageBytes.processRequest(ImageBytes.java:32)
	at com.yaid.files.ImageBytes.doGet(ImageBytes.java:64)
	at javax.servlet.http.HttpServlet.service(HttpServlet.java:617)
	at javax.servlet.http.HttpServlet.service(HttpServlet.java:717)
	at org.apache.catalina.core.ApplicationFilterChain.internalDoFilter(ApplicationFilterChain.java:290)
	at org.apache.catalina.core.ApplicationFilterChain.doFilter(ApplicationFilterChain.java:206)
	at org.apache.catalina.core.StandardWrapperValve.invoke(StandardWrapperValve.java:233)
	at org.apache.catalina.core.StandardContextValve.invoke(StandardContextValve.java:191)
	at org.apache.catalina.core.StandardHostValve.invoke(StandardHostValve.java:127)
	at org.apache.catalina.valves.ErrorReportValve.invoke(ErrorReportValve.java:102)
	at org.apache.catalina.core.StandardEngineValve.invoke(StandardEngineValve.java:109)
	at org.apache.catalina.connector.CoyoteAdapter.service(CoyoteAdapter.java:293)
	at org.apache.coyote.http11.Http11Processor.process(Http11Processor.java:859)
	at org.apache.coyote.http11.Http11Protocol$Http11ConnectionHandler.process(Http11Protocol.java:602)
	at org.apache.tomcat.util.net.JIoEndpoint$Worker.run(JIoEndpoint.java:489)
	at java.lang.Thread.run(Thread.java:662)
19 Jan, 2012 2:18:40 PM org.apache.catalina.core.StandardWrapperValve invoke
SEVERE: Servlet.service() for servlet ImageBytes threw exception
java.io.FileNotFoundException: .UserData\vig\My Files\WallPaper\dreamy.jpg (The system cannot find the path specified)
	at java.io.FileInputStream.open(Native Method)
	at java.io.FileInputStream.<init>(FileInputStream.java:120)
	at com.yaid.files.ImageBytes.processRequest(ImageBytes.java:32)
	at com.yaid.files.ImageBytes.doGet(ImageBytes.java:64)
	at javax.servlet.http.HttpServlet.service(HttpServlet.java:617)
	at javax.servlet.http.HttpServlet.service(HttpServlet.java:717)
	at org.apache.catalina.core.ApplicationFilterChain.internalDoFilter(ApplicationFilterChain.java:290)
	at org.apache.catalina.core.ApplicationFilterChain.doFilter(ApplicationFilterChain.java:206)
	at org.apache.catalina.core.StandardWrapperValve.invoke(StandardWrapperValve.java:233)
	at org.apache.catalina.core.StandardContextValve.invoke(StandardContextValve.java:191)
	at org.apache.catalina.core.StandardHostValve.invoke(StandardHostValve.java:127)
	at org.apache.catalina.valves.ErrorReportValve.invoke(ErrorReportValve.java:102)
	at org.apache.catalina.core.StandardEngineValve.invoke(StandardEngineValve.java:109)
	at org.apache.catalina.connector.CoyoteAdapter.service(CoyoteAdapter.java:293)
	at org.apache.coyote.http11.Http11Processor.process(Http11Processor.java:859)
	at org.apache.coyote.http11.Http11Protocol$Http11ConnectionHandler.process(Http11Protocol.java:602)
	at org.apache.tomcat.util.net.JIoEndpoint$Worker.run(JIoEndpoint.java:489)
	at java.lang.Thread.run(Thread.java:662)
19 Jan, 2012 2:19:02 PM org.apache.catalina.core.StandardWrapperValve invoke
SEVERE: Servlet.service() for servlet ImageBytes threw exception
java.io.FileNotFoundException: .UserData\vig\My Files\WallPaper\dreamy.jpg (The system cannot find the path specified)
	at java.io.FileInputStream.open(Native Method)
	at java.io.FileInputStream.<init>(FileInputStream.java:120)
	at com.yaid.files.ImageBytes.processRequest(ImageBytes.java:32)
	at com.yaid.files.ImageBytes.doGet(ImageBytes.java:64)
	at javax.servlet.http.HttpServlet.service(HttpServlet.java:617)
	at javax.servlet.http.HttpServlet.service(HttpServlet.java:717)
	at org.apache.catalina.core.ApplicationFilterChain.internalDoFilter(ApplicationFilterChain.java:290)
	at org.apache.catalina.core.ApplicationFilterChain.doFilter(ApplicationFilterChain.java:206)
	at org.apache.catalina.core.StandardWrapperValve.invoke(StandardWrapperValve.java:233)
	at org.apache.catalina.core.StandardContextValve.invoke(StandardContextValve.java:191)
	at org.apache.catalina.core.StandardHostValve.invoke(StandardHostValve.java:127)
	at org.apache.catalina.valves.ErrorReportValve.invoke(ErrorReportValve.java:102)
	at org.apache.catalina.core.StandardEngineValve.invoke(StandardEngineValve.java:109)
	at org.apache.catalina.connector.CoyoteAdapter.service(CoyoteAdapter.java:293)
	at org.apache.coyote.http11.Http11Processor.process(Http11Processor.java:859)
	at org.apache.coyote.http11.Http11Protocol$Http11ConnectionHandler.process(Http11Protocol.java:602)
	at org.apache.tomcat.util.net.JIoEndpoint$Worker.run(JIoEndpoint.java:489)
	at java.lang.Thread.run(Thread.java:662)
19 Jan, 2012 2:19:05 PM org.apache.catalina.core.StandardWrapperValve invoke
SEVERE: Servlet.service() for servlet ImageBytes threw exception
java.io.FileNotFoundException: .UserData\vig\My Files\WallPaper\dreamy.jpg (The system cannot find the path specified)
	at java.io.FileInputStream.open(Native Method)
	at java.io.FileInputStream.<init>(FileInputStream.java:120)
	at com.yaid.files.ImageBytes.processRequest(ImageBytes.java:32)
	at com.yaid.files.ImageBytes.doGet(ImageBytes.java:64)
	at javax.servlet.http.HttpServlet.service(HttpServlet.java:617)
	at javax.servlet.http.HttpServlet.service(HttpServlet.java:717)
	at org.apache.catalina.core.ApplicationFilterChain.internalDoFilter(ApplicationFilterChain.java:290)
	at org.apache.catalina.core.ApplicationFilterChain.doFilter(ApplicationFilterChain.java:206)
	at org.apache.catalina.core.StandardWrapperValve.invoke(StandardWrapperValve.java:233)
	at org.apache.catalina.core.StandardContextValve.invoke(StandardContextValve.java:191)
	at org.apache.catalina.core.StandardHostValve.invoke(StandardHostValve.java:127)
	at org.apache.catalina.valves.ErrorReportValve.invoke(ErrorReportValve.java:102)
	at org.apache.catalina.core.StandardEngineValve.invoke(StandardEngineValve.java:109)
	at org.apache.catalina.connector.CoyoteAdapter.service(CoyoteAdapter.java:293)
	at org.apache.coyote.http11.Http11Processor.process(Http11Processor.java:859)
	at org.apache.coyote.http11.Http11Protocol$Http11ConnectionHandler.process(Http11Protocol.java:602)
	at org.apache.tomcat.util.net.JIoEndpoint$Worker.run(JIoEndpoint.java:489)
	at java.lang.Thread.run(Thread.java:662)
19 Jan, 2012 2:19:16 PM org.apache.catalina.core.StandardWrapperValve invoke
SEVERE: Servlet.service() for servlet ImageBytes threw exception
java.io.FileNotFoundException: .UserData\vig\My Files\WallPaper\dreamy.jpg (The system cannot find the path specified)
	at java.io.FileInputStream.open(Native Method)
	at java.io.FileInputStream.<init>(FileInputStream.java:120)
	at com.yaid.files.ImageBytes.processRequest(ImageBytes.java:32)
	at com.yaid.files.ImageBytes.doGet(ImageBytes.java:64)
	at javax.servlet.http.HttpServlet.service(HttpServlet.java:617)
	at javax.servlet.http.HttpServlet.service(HttpServlet.java:717)
	at org.apache.catalina.core.ApplicationFilterChain.internalDoFilter(ApplicationFilterChain.java:290)
	at org.apache.catalina.core.ApplicationFilterChain.doFilter(ApplicationFilterChain.java:206)
	at org.apache.catalina.core.StandardWrapperValve.invoke(StandardWrapperValve.java:233)
	at org.apache.catalina.core.StandardContextValve.invoke(StandardContextValve.java:191)
	at org.apache.catalina.core.StandardHostValve.invoke(StandardHostValve.java:127)
	at org.apache.catalina.valves.ErrorReportValve.invoke(ErrorReportValve.java:102)
	at org.apache.catalina.core.StandardEngineValve.invoke(StandardEngineValve.java:109)
	at org.apache.catalina.connector.CoyoteAdapter.service(CoyoteAdapter.java:293)
	at org.apache.coyote.http11.Http11Processor.process(Http11Processor.java:859)
	at org.apache.coyote.http11.Http11Protocol$Http11ConnectionHandler.process(Http11Protocol.java:602)
	at org.apache.tomcat.util.net.JIoEndpoint$Worker.run(JIoEndpoint.java:489)
	at java.lang.Thread.run(Thread.java:662)
19 Jan, 2012 2:19:23 PM org.apache.catalina.core.ApplicationContext log
INFO: SessionListener: contextDestroyed()
19 Jan, 2012 2:19:23 PM org.apache.catalina.core.ApplicationContext log
INFO: ContextListener: contextDestroyed()
19 Jan, 2012 2:19:29 PM org.apache.catalina.core.ApplicationContext log
INFO: ContextListener: contextInitialized()
19 Jan, 2012 2:19:29 PM org.apache.catalina.core.ApplicationContext log
INFO: SessionListener: contextInitialized()
19 Jan, 2012 2:19:32 PM org.apache.catalina.core.StandardWrapperValve invoke
SEVERE: Servlet.service() for servlet ImageBytes threw exception
java.io.FileNotFoundException: .UserData\vig\My Files\WallPaper\dreamy.jpg (The system cannot find the path specified)
	at java.io.FileInputStream.open(Native Method)
	at java.io.FileInputStream.<init>(FileInputStream.java:120)
	at com.yaid.files.ImageBytes.processRequest(ImageBytes.java:32)
	at com.yaid.files.ImageBytes.doGet(ImageBytes.java:64)
	at javax.servlet.http.HttpServlet.service(HttpServlet.java:617)
	at javax.servlet.http.HttpServlet.service(HttpServlet.java:717)
	at org.apache.catalina.core.ApplicationFilterChain.internalDoFilter(ApplicationFilterChain.java:290)
	at org.apache.catalina.core.ApplicationFilterChain.doFilter(ApplicationFilterChain.java:206)
	at org.apache.catalina.core.StandardWrapperValve.invoke(StandardWrapperValve.java:233)
	at org.apache.catalina.core.StandardContextValve.invoke(StandardContextValve.java:191)
	at org.apache.catalina.core.StandardHostValve.invoke(StandardHostValve.java:127)
	at org.apache.catalina.valves.ErrorReportValve.invoke(ErrorReportValve.java:102)
	at org.apache.catalina.core.StandardEngineValve.invoke(StandardEngineValve.java:109)
	at org.apache.catalina.connector.CoyoteAdapter.service(CoyoteAdapter.java:293)
	at org.apache.coyote.http11.Http11Processor.process(Http11Processor.java:859)
	at org.apache.coyote.http11.Http11Protocol$Http11ConnectionHandler.process(Http11Protocol.java:602)
	at org.apache.tomcat.util.net.JIoEndpoint$Worker.run(JIoEndpoint.java:489)
	at java.lang.Thread.run(Thread.java:662)
19 Jan, 2012 2:19:58 PM org.apache.catalina.core.StandardWrapperValve invoke
SEVERE: Servlet.service() for servlet ImageBytes threw exception
java.io.FileNotFoundException: . (Access is denied)
	at java.io.FileInputStream.open(Native Method)
	at java.io.FileInputStream.<init>(FileInputStream.java:120)
	at com.yaid.files.ImageBytes.processRequest(ImageBytes.java:32)
	at com.yaid.files.ImageBytes.doGet(ImageBytes.java:64)
	at javax.servlet.http.HttpServlet.service(HttpServlet.java:617)
	at javax.servlet.http.HttpServlet.service(HttpServlet.java:717)
	at org.apache.catalina.core.ApplicationFilterChain.internalDoFilter(ApplicationFilterChain.java:290)
	at org.apache.catalina.core.ApplicationFilterChain.doFilter(ApplicationFilterChain.java:206)
	at org.apache.catalina.core.StandardWrapperValve.invoke(StandardWrapperValve.java:233)
	at org.apache.catalina.core.StandardContextValve.invoke(StandardContextValve.java:191)
	at org.apache.catalina.core.StandardHostValve.invoke(StandardHostValve.java:127)
	at org.apache.catalina.valves.ErrorReportValve.invoke(ErrorReportValve.java:102)
	at org.apache.catalina.core.StandardEngineValve.invoke(StandardEngineValve.java:109)
	at org.apache.catalina.connector.CoyoteAdapter.service(CoyoteAdapter.java:293)
	at org.apache.coyote.http11.Http11Processor.process(Http11Processor.java:859)
	at org.apache.coyote.http11.Http11Protocol$Http11ConnectionHandler.process(Http11Protocol.java:602)
	at org.apache.tomcat.util.net.JIoEndpoint$Worker.run(JIoEndpoint.java:489)
	at java.lang.Thread.run(Thread.java:662)
19 Jan, 2012 2:21:47 PM org.apache.catalina.core.StandardWrapperValve invoke
SEVERE: Servlet.service() for servlet ImageBytes threw exception
java.io.FileNotFoundException: . (Access is denied)
	at java.io.FileInputStream.open(Native Method)
	at java.io.FileInputStream.<init>(FileInputStream.java:120)
	at com.yaid.files.ImageBytes.processRequest(ImageBytes.java:32)
	at com.yaid.files.ImageBytes.doGet(ImageBytes.java:64)
	at javax.servlet.http.HttpServlet.service(HttpServlet.java:617)
	at javax.servlet.http.HttpServlet.service(HttpServlet.java:717)
	at org.apache.catalina.core.ApplicationFilterChain.internalDoFilter(ApplicationFilterChain.java:290)
	at org.apache.catalina.core.ApplicationFilterChain.doFilter(ApplicationFilterChain.java:206)
	at org.apache.catalina.core.StandardWrapperValve.invoke(StandardWrapperValve.java:233)
	at org.apache.catalina.core.StandardContextValve.invoke(StandardContextValve.java:191)
	at org.apache.catalina.core.StandardHostValve.invoke(StandardHostValve.java:127)
	at org.apache.catalina.valves.ErrorReportValve.invoke(ErrorReportValve.java:102)
	at org.apache.catalina.core.StandardEngineValve.invoke(StandardEngineValve.java:109)
	at org.apache.catalina.connector.CoyoteAdapter.service(CoyoteAdapter.java:293)
	at org.apache.coyote.http11.Http11Processor.process(Http11Processor.java:859)
	at org.apache.coyote.http11.Http11Protocol$Http11ConnectionHandler.process(Http11Protocol.java:602)
	at org.apache.tomcat.util.net.JIoEndpoint$Worker.run(JIoEndpoint.java:489)
	at java.lang.Thread.run(Thread.java:662)
19 Jan, 2012 2:22:49 PM org.apache.catalina.core.StandardWrapperValve invoke
SEVERE: Servlet.service() for servlet ImageBytes threw exception
java.io.FileNotFoundException: . (Access is denied)
	at java.io.FileInputStream.open(Native Method)
	at java.io.FileInputStream.<init>(FileInputStream.java:120)
	at com.yaid.files.ImageBytes.processRequest(ImageBytes.java:32)
	at com.yaid.files.ImageBytes.doGet(ImageBytes.java:64)
	at javax.servlet.http.HttpServlet.service(HttpServlet.java:617)
	at javax.servlet.http.HttpServlet.service(HttpServlet.java:717)
	at org.apache.catalina.core.ApplicationFilterChain.internalDoFilter(ApplicationFilterChain.java:290)
	at org.apache.catalina.core.ApplicationFilterChain.doFilter(ApplicationFilterChain.java:206)
	at org.apache.catalina.core.StandardWrapperValve.invoke(StandardWrapperValve.java:233)
	at org.apache.catalina.core.StandardContextValve.invoke(StandardContextValve.java:191)
	at org.apache.catalina.core.StandardHostValve.invoke(StandardHostValve.java:127)
	at org.apache.catalina.valves.ErrorReportValve.invoke(ErrorReportValve.java:102)
	at org.apache.catalina.core.StandardEngineValve.invoke(StandardEngineValve.java:109)
	at org.apache.catalina.connector.CoyoteAdapter.service(CoyoteAdapter.java:293)
	at org.apache.coyote.http11.Http11Processor.process(Http11Processor.java:859)
	at org.apache.coyote.http11.Http11Protocol$Http11ConnectionHandler.process(Http11Protocol.java:602)
	at org.apache.tomcat.util.net.JIoEndpoint$Worker.run(JIoEndpoint.java:489)
	at java.lang.Thread.run(Thread.java:662)
19 Jan, 2012 2:24:33 PM org.apache.catalina.core.StandardWrapperValve invoke
SEVERE: Servlet.service() for servlet ImageBytes threw exception
java.io.FileNotFoundException: . (Access is denied)
	at java.io.FileInputStream.open(Native Method)
	at java.io.FileInputStream.<init>(FileInputStream.java:120)
	at com.yaid.files.ImageBytes.processRequest(ImageBytes.java:32)
	at com.yaid.files.ImageBytes.doGet(ImageBytes.java:64)
	at javax.servlet.http.HttpServlet.service(HttpServlet.java:617)
	at javax.servlet.http.HttpServlet.service(HttpServlet.java:717)
	at org.apache.catalina.core.ApplicationFilterChain.internalDoFilter(ApplicationFilterChain.java:290)
	at org.apache.catalina.core.ApplicationFilterChain.doFilter(ApplicationFilterChain.java:206)
	at org.apache.catalina.core.StandardWrapperValve.invoke(StandardWrapperValve.java:233)
	at org.apache.catalina.core.StandardContextValve.invoke(StandardContextValve.java:191)
	at org.apache.catalina.core.StandardHostValve.invoke(StandardHostValve.java:127)
	at org.apache.catalina.valves.ErrorReportValve.invoke(ErrorReportValve.java:102)
	at org.apache.catalina.core.StandardEngineValve.invoke(StandardEngineValve.java:109)
	at org.apache.catalina.connector.CoyoteAdapter.service(CoyoteAdapter.java:293)
	at org.apache.coyote.http11.Http11Processor.process(Http11Processor.java:859)
	at org.apache.coyote.http11.Http11Protocol$Http11ConnectionHandler.process(Http11Protocol.java:602)
	at org.apache.tomcat.util.net.JIoEndpoint$Worker.run(JIoEndpoint.java:489)
	at java.lang.Thread.run(Thread.java:662)
19 Jan, 2012 2:27:10 PM org.apache.catalina.core.StandardWrapperValve invoke
SEVERE: Servlet.service() for servlet ImageBytes threw exception
java.io.FileNotFoundException: . (Access is denied)
	at java.io.FileInputStream.open(Native Method)
	at java.io.FileInputStream.<init>(FileInputStream.java:120)
	at com.yaid.files.ImageBytes.processRequest(ImageBytes.java:32)
	at com.yaid.files.ImageBytes.doGet(ImageBytes.java:64)
	at javax.servlet.http.HttpServlet.service(HttpServlet.java:617)
	at javax.servlet.http.HttpServlet.service(HttpServlet.java:717)
	at org.apache.catalina.core.ApplicationFilterChain.internalDoFilter(ApplicationFilterChain.java:290)
	at org.apache.catalina.core.ApplicationFilterChain.doFilter(ApplicationFilterChain.java:206)
	at org.apache.catalina.core.StandardWrapperValve.invoke(StandardWrapperValve.java:233)
	at org.apache.catalina.core.StandardContextValve.invoke(StandardContextValve.java:191)
	at org.apache.catalina.core.StandardHostValve.invoke(StandardHostValve.java:127)
	at org.apache.catalina.valves.ErrorReportValve.invoke(ErrorReportValve.java:102)
	at org.apache.catalina.core.StandardEngineValve.invoke(StandardEngineValve.java:109)
	at org.apache.catalina.connector.CoyoteAdapter.service(CoyoteAdapter.java:293)
	at org.apache.coyote.http11.Http11Processor.process(Http11Processor.java:859)
	at org.apache.coyote.http11.Http11Protocol$Http11ConnectionHandler.process(Http11Protocol.java:602)
	at org.apache.tomcat.util.net.JIoEndpoint$Worker.run(JIoEndpoint.java:489)
	at java.lang.Thread.run(Thread.java:662)
19 Jan, 2012 2:27:57 PM org.apache.catalina.core.StandardWrapperValve invoke
SEVERE: Servlet.service() for servlet ImageBytes threw exception
java.io.FileNotFoundException: . (Access is denied)
	at java.io.FileInputStream.open(Native Method)
	at java.io.FileInputStream.<init>(FileInputStream.java:120)
	at com.yaid.files.ImageBytes.processRequest(ImageBytes.java:32)
	at com.yaid.files.ImageBytes.doGet(ImageBytes.java:64)
	at javax.servlet.http.HttpServlet.service(HttpServlet.java:617)
	at javax.servlet.http.HttpServlet.service(HttpServlet.java:717)
	at org.apache.catalina.core.ApplicationFilterChain.internalDoFilter(ApplicationFilterChain.java:290)
	at org.apache.catalina.core.ApplicationFilterChain.doFilter(ApplicationFilterChain.java:206)
	at org.apache.catalina.core.StandardWrapperValve.invoke(StandardWrapperValve.java:233)
	at org.apache.catalina.core.StandardContextValve.invoke(StandardContextValve.java:191)
	at org.apache.catalina.core.StandardHostValve.invoke(StandardHostValve.java:127)
	at org.apache.catalina.valves.ErrorReportValve.invoke(ErrorReportValve.java:102)
	at org.apache.catalina.core.StandardEngineValve.invoke(StandardEngineValve.java:109)
	at org.apache.catalina.connector.CoyoteAdapter.service(CoyoteAdapter.java:293)
	at org.apache.coyote.http11.Http11Processor.process(Http11Processor.java:859)
	at org.apache.coyote.http11.Http11Protocol$Http11ConnectionHandler.process(Http11Protocol.java:602)
	at org.apache.tomcat.util.net.JIoEndpoint$Worker.run(JIoEndpoint.java:489)
	at java.lang.Thread.run(Thread.java:662)
