14 Jan, 2012 5:29:34 PM org.apache.catalina.core.ApplicationContext log
INFO: ContextListener: contextInitialized()
14 Jan, 2012 5:29:34 PM org.apache.catalina.core.ApplicationContext log
INFO: SessionListener: contextInitialized()
14 Jan, 2012 5:35:49 PM org.apache.catalina.core.ApplicationContext log
INFO: SessionListener: contextDestroyed()
14 Jan, 2012 5:35:49 PM org.apache.catalina.core.ApplicationContext log
INFO: ContextListener: contextDestroyed()
14 Jan, 2012 5:35:54 PM org.apache.catalina.core.ApplicationContext log
INFO: ContextListener: contextInitialized()
14 Jan, 2012 5:35:54 PM org.apache.catalina.core.ApplicationContext log
INFO: SessionListener: contextInitialized()
14 Jan, 2012 7:50:32 PM org.apache.catalina.core.ApplicationContext log
INFO: ContextListener: contextInitialized()
14 Jan, 2012 7:50:32 PM org.apache.catalina.core.ApplicationContext log
INFO: SessionListener: contextInitialized()
14 Jan, 2012 8:21:33 PM org.apache.catalina.core.ApplicationContext log
INFO: SessionListener: contextDestroyed()
14 Jan, 2012 8:21:33 PM org.apache.catalina.core.ApplicationContext log
INFO: ContextListener: contextDestroyed()
