Feb 12, 2012 11:47:07 AM org.apache.catalina.core.ApplicationContext log
INFO: ContextListener: contextInitialized()
Feb 12, 2012 11:47:07 AM org.apache.catalina.core.ApplicationContext log
INFO: SessionListener: contextInitialized()
12 Feb, 2012 12:00:10 PM org.apache.catalina.core.ApplicationContext log
INFO: ContextListener: contextInitialized()
12 Feb, 2012 12:00:10 PM org.apache.catalina.core.ApplicationContext log
INFO: SessionListener: contextInitialized()
12 Feb, 2012 12:45:37 PM org.apache.catalina.core.ApplicationContext log
INFO: SessionListener: contextDestroyed()
12 Feb, 2012 12:45:37 PM org.apache.catalina.core.ApplicationContext log
INFO: ContextListener: contextDestroyed()
12 Feb, 2012 1:06:39 PM org.apache.catalina.core.ApplicationContext log
INFO: ContextListener: contextInitialized()
12 Feb, 2012 1:06:39 PM org.apache.catalina.core.ApplicationContext log
INFO: SessionListener: contextInitialized()
12 Feb, 2012 2:01:29 PM org.apache.catalina.core.ApplicationContext log
INFO: SessionListener: contextDestroyed()
12 Feb, 2012 2:01:29 PM org.apache.catalina.core.ApplicationContext log
INFO: ContextListener: contextDestroyed()
12 Feb, 2012 3:20:31 PM org.apache.catalina.core.ApplicationContext log
INFO: ContextListener: contextInitialized()
12 Feb, 2012 3:20:31 PM org.apache.catalina.core.ApplicationContext log
INFO: SessionListener: contextInitialized()
12 Feb, 2012 4:40:09 PM org.apache.catalina.core.ApplicationContext log
INFO: SessionListener: contextDestroyed()
12 Feb, 2012 4:40:09 PM org.apache.catalina.core.ApplicationContext log
INFO: ContextListener: contextDestroyed()
Feb 12, 2012 2:52:39 PM org.apache.catalina.core.ApplicationContext log
INFO: ContextListener: contextInitialized()
Feb 12, 2012 2:52:39 PM org.apache.catalina.core.ApplicationContext log
INFO: SessionListener: contextInitialized()
12 Feb, 2012 10:18:15 PM org.apache.catalina.core.ApplicationContext log
INFO: ContextListener: contextInitialized()
12 Feb, 2012 10:18:15 PM org.apache.catalina.core.ApplicationContext log
INFO: SessionListener: contextInitialized()
12 Feb, 2012 10:53:53 PM org.apache.catalina.core.StandardWrapperValve invoke
SEVERE: Servlet.service() for servlet ImageBytes threw exception
java.io.FileNotFoundException: .\images\startMenu\button2.png (The system cannot find the path specified)
	at java.io.FileInputStream.open(Native Method)
	at java.io.FileInputStream.<init>(FileInputStream.java:106)
	at com.yaid.files.ImageBytes.processRequest(ImageBytes.java:32)
	at com.yaid.files.ImageBytes.doGet(ImageBytes.java:64)
	at javax.servlet.http.HttpServlet.service(HttpServlet.java:617)
	at javax.servlet.http.HttpServlet.service(HttpServlet.java:717)
	at org.apache.catalina.core.ApplicationFilterChain.internalDoFilter(ApplicationFilterChain.java:290)
	at org.apache.catalina.core.ApplicationFilterChain.doFilter(ApplicationFilterChain.java:206)
	at org.apache.catalina.core.StandardWrapperValve.invoke(StandardWrapperValve.java:233)
	at org.apache.catalina.core.StandardContextValve.invoke(StandardContextValve.java:191)
	at org.apache.catalina.core.StandardHostValve.invoke(StandardHostValve.java:127)
	at org.apache.catalina.valves.ErrorReportValve.invoke(ErrorReportValve.java:102)
	at org.apache.catalina.core.StandardEngineValve.invoke(StandardEngineValve.java:109)
	at org.apache.catalina.connector.CoyoteAdapter.service(CoyoteAdapter.java:293)
	at org.apache.coyote.http11.Http11AprProcessor.process(Http11AprProcessor.java:877)
	at org.apache.coyote.http11.Http11AprProtocol$Http11ConnectionHandler.process(Http11AprProtocol.java:594)
	at org.apache.tomcat.util.net.AprEndpoint$Worker.run(AprEndpoint.java:1675)
	at java.lang.Thread.run(Thread.java:619)
12 Feb, 2012 10:57:32 PM org.apache.catalina.core.StandardWrapperValve invoke
SEVERE: Servlet.service() for servlet ImageBytes threw exception
java.io.FileNotFoundException: .\images\startMenu\button2.png (The system cannot find the path specified)
	at java.io.FileInputStream.open(Native Method)
	at java.io.FileInputStream.<init>(FileInputStream.java:106)
	at com.yaid.files.ImageBytes.processRequest(ImageBytes.java:32)
	at com.yaid.files.ImageBytes.doGet(ImageBytes.java:64)
	at javax.servlet.http.HttpServlet.service(HttpServlet.java:617)
	at javax.servlet.http.HttpServlet.service(HttpServlet.java:717)
	at org.apache.catalina.core.ApplicationFilterChain.internalDoFilter(ApplicationFilterChain.java:290)
	at org.apache.catalina.core.ApplicationFilterChain.doFilter(ApplicationFilterChain.java:206)
	at org.apache.catalina.core.StandardWrapperValve.invoke(StandardWrapperValve.java:233)
	at org.apache.catalina.core.StandardContextValve.invoke(StandardContextValve.java:191)
	at org.apache.catalina.core.StandardHostValve.invoke(StandardHostValve.java:127)
	at org.apache.catalina.valves.ErrorReportValve.invoke(ErrorReportValve.java:102)
	at org.apache.catalina.core.StandardEngineValve.invoke(StandardEngineValve.java:109)
	at org.apache.catalina.connector.CoyoteAdapter.service(CoyoteAdapter.java:293)
	at org.apache.coyote.http11.Http11AprProcessor.process(Http11AprProcessor.java:877)
	at org.apache.coyote.http11.Http11AprProtocol$Http11ConnectionHandler.process(Http11AprProtocol.java:594)
	at org.apache.tomcat.util.net.AprEndpoint$Worker.run(AprEndpoint.java:1675)
	at java.lang.Thread.run(Thread.java:619)
