Jan 22, 2012 12:11:15 AM org.apache.catalina.core.ApplicationContext log
INFO: ContextListener: contextInitialized()
Jan 22, 2012 12:11:15 AM org.apache.catalina.core.ApplicationContext log
INFO: SessionListener: contextInitialized()
Jan 22, 2012 1:35:09 AM org.apache.catalina.core.ApplicationContext log
INFO: SessionListener: contextDestroyed()
Jan 22, 2012 1:35:09 AM org.apache.catalina.core.ApplicationContext log
INFO: ContextListener: contextDestroyed()
22 Jan, 2012 12:04:58 PM org.apache.catalina.core.ApplicationContext log
INFO: ContextListener: contextInitialized()
22 Jan, 2012 12:04:58 PM org.apache.catalina.core.ApplicationContext log
INFO: SessionListener: contextInitialized()
Jan 22, 2012 12:08:19 PM org.apache.catalina.core.ApplicationContext log
INFO: ContextListener: contextInitialized()
Jan 22, 2012 12:08:19 PM org.apache.catalina.core.ApplicationContext log
INFO: SessionListener: contextInitialized()
22 Jan, 2012 2:22:25 PM org.apache.catalina.core.ApplicationContext log
INFO: ContextListener: contextInitialized()
22 Jan, 2012 2:22:25 PM org.apache.catalina.core.ApplicationContext log
INFO: SessionListener: contextInitialized()
Jan 22, 2012 3:10:07 PM org.apache.catalina.core.ApplicationContext log
INFO: ContextListener: contextInitialized()
Jan 22, 2012 3:10:07 PM org.apache.catalina.core.ApplicationContext log
INFO: SessionListener: contextInitialized()
Jan 22, 2012 3:20:04 PM org.apache.catalina.core.ApplicationContext log
INFO: SessionListener: contextDestroyed()
Jan 22, 2012 3:20:04 PM org.apache.catalina.core.ApplicationContext log
INFO: ContextListener: contextDestroyed()
Jan 22, 2012 3:20:11 PM org.apache.catalina.core.ApplicationContext log
INFO: ContextListener: contextInitialized()
Jan 22, 2012 3:20:11 PM org.apache.catalina.core.ApplicationContext log
INFO: SessionListener: contextInitialized()
Jan 22, 2012 4:22:44 PM org.apache.catalina.core.ApplicationContext log
INFO: SessionListener: contextDestroyed()
Jan 22, 2012 4:22:44 PM org.apache.catalina.core.ApplicationContext log
INFO: ContextListener: contextDestroyed()
Jan 22, 2012 4:22:45 PM org.apache.catalina.core.ApplicationContext log
INFO: ContextListener: contextInitialized()
Jan 22, 2012 4:22:45 PM org.apache.catalina.core.ApplicationContext log
INFO: SessionListener: contextInitialized()
Jan 22, 2012 7:30:17 PM org.apache.catalina.core.ApplicationContext log
INFO: SessionListener: contextDestroyed()
Jan 22, 2012 7:30:17 PM org.apache.catalina.core.ApplicationContext log
INFO: ContextListener: contextDestroyed()
