15 Feb, 2012 12:16:08 AM org.apache.catalina.core.ApplicationContext log
INFO: SessionListener: contextDestroyed()
15 Feb, 2012 12:16:08 AM org.apache.catalina.core.ApplicationContext log
INFO: ContextListener: contextDestroyed()
15 Feb, 2012 10:47:33 AM org.apache.catalina.core.ApplicationContext log
INFO: ContextListener: contextInitialized()
15 Feb, 2012 10:47:33 AM org.apache.catalina.core.ApplicationContext log
INFO: SessionListener: contextInitialized()
15 Feb, 2012 12:41:50 PM org.apache.catalina.core.ApplicationContext log
INFO: SessionListener: contextDestroyed()
15 Feb, 2012 12:41:50 PM org.apache.catalina.core.ApplicationContext log
INFO: ContextListener: contextDestroyed()
Feb 15, 2012 6:45:52 PM org.apache.catalina.core.ApplicationContext log
INFO: ContextListener: contextInitialized()
Feb 15, 2012 6:45:52 PM org.apache.catalina.core.ApplicationContext log
INFO: SessionListener: contextInitialized()
Feb 15, 2012 7:50:26 PM org.apache.catalina.core.ApplicationContext log
INFO: SessionListener: contextDestroyed()
Feb 15, 2012 7:50:26 PM org.apache.catalina.core.ApplicationContext log
INFO: ContextListener: contextDestroyed()
