17 Jan, 2012 9:51:13 AM org.apache.catalina.core.ApplicationContext log
INFO: ContextListener: contextInitialized()
17 Jan, 2012 9:51:13 AM org.apache.catalina.core.ApplicationContext log
INFO: SessionListener: contextInitialized()
17 Jan, 2012 9:56:32 AM org.apache.catalina.core.ApplicationContext log
INFO: SessionListener: contextDestroyed()
17 Jan, 2012 9:56:32 AM org.apache.catalina.core.ApplicationContext log
INFO: ContextListener: contextDestroyed()
17 Jan, 2012 9:57:30 AM org.apache.catalina.core.ApplicationContext log
INFO: ContextListener: contextInitialized()
17 Jan, 2012 9:57:31 AM org.apache.catalina.core.ApplicationContext log
INFO: SessionListener: contextInitialized()
17 Jan, 2012 9:57:40 AM org.apache.catalina.core.ApplicationContext log
INFO: Marking servlet Login as unavailable
17 Jan, 2012 9:57:40 AM org.apache.catalina.core.StandardWrapperValve invoke
SEVERE: Allocate exception for servlet Login
java.lang.VerifyError: (class: com/yaid/user/Login, method: <init> signature: ()V) Constructor must call super() or this()
	at java.lang.Class.getDeclaredConstructors0(Native Method)
	at java.lang.Class.privateGetDeclaredConstructors(Class.java:2389)
	at java.lang.Class.getConstructor0(Class.java:2699)
	at java.lang.Class.newInstance0(Class.java:326)
	at java.lang.Class.newInstance(Class.java:308)
	at org.apache.catalina.core.StandardWrapper.loadServlet(StandardWrapper.java:1149)
	at org.apache.catalina.core.StandardWrapper.allocate(StandardWrapper.java:827)
	at org.apache.catalina.core.StandardWrapperValve.invoke(StandardWrapperValve.java:129)
	at org.apache.catalina.core.StandardContextValve.invoke(StandardContextValve.java:191)
	at org.apache.catalina.core.StandardHostValve.invoke(StandardHostValve.java:127)
	at org.apache.catalina.valves.ErrorReportValve.invoke(ErrorReportValve.java:102)
	at org.apache.catalina.core.StandardEngineValve.invoke(StandardEngineValve.java:109)
	at org.apache.catalina.connector.CoyoteAdapter.service(CoyoteAdapter.java:293)
	at org.apache.coyote.http11.Http11AprProcessor.process(Http11AprProcessor.java:877)
	at org.apache.coyote.http11.Http11AprProtocol$Http11ConnectionHandler.process(Http11AprProtocol.java:594)
	at org.apache.tomcat.util.net.AprEndpoint$Worker.run(AprEndpoint.java:1675)
	at java.lang.Thread.run(Thread.java:619)
17 Jan, 2012 10:03:56 AM org.apache.catalina.core.ApplicationContext log
INFO: Marking servlet Login as unavailable
17 Jan, 2012 10:03:56 AM org.apache.catalina.core.StandardWrapperValve invoke
SEVERE: Allocate exception for servlet Login
java.lang.VerifyError: (class: com/yaid/user/Login, method: <init> signature: ()V) Constructor must call super() or this()
	at java.lang.Class.getDeclaredConstructors0(Native Method)
	at java.lang.Class.privateGetDeclaredConstructors(Class.java:2389)
	at java.lang.Class.getConstructor0(Class.java:2699)
	at java.lang.Class.newInstance0(Class.java:326)
	at java.lang.Class.newInstance(Class.java:308)
	at org.apache.catalina.core.StandardWrapper.loadServlet(StandardWrapper.java:1149)
	at org.apache.catalina.core.StandardWrapper.allocate(StandardWrapper.java:827)
	at org.apache.catalina.core.StandardWrapperValve.invoke(StandardWrapperValve.java:129)
	at org.apache.catalina.core.StandardContextValve.invoke(StandardContextValve.java:191)
	at org.apache.catalina.core.StandardHostValve.invoke(StandardHostValve.java:127)
	at org.apache.catalina.valves.ErrorReportValve.invoke(ErrorReportValve.java:102)
	at org.apache.catalina.core.StandardEngineValve.invoke(StandardEngineValve.java:109)
	at org.apache.catalina.connector.CoyoteAdapter.service(CoyoteAdapter.java:293)
	at org.apache.coyote.http11.Http11AprProcessor.process(Http11AprProcessor.java:877)
	at org.apache.coyote.http11.Http11AprProtocol$Http11ConnectionHandler.process(Http11AprProtocol.java:594)
	at org.apache.tomcat.util.net.AprEndpoint$Worker.run(AprEndpoint.java:1675)
	at java.lang.Thread.run(Thread.java:619)
17 Jan, 2012 10:45:17 AM org.apache.catalina.core.ApplicationContext log
INFO: Marking servlet Login as unavailable
17 Jan, 2012 10:45:17 AM org.apache.catalina.core.StandardWrapperValve invoke
SEVERE: Allocate exception for servlet Login
java.lang.VerifyError: (class: com/yaid/user/Login, method: <init> signature: ()V) Constructor must call super() or this()
	at java.lang.Class.getDeclaredConstructors0(Native Method)
	at java.lang.Class.privateGetDeclaredConstructors(Class.java:2389)
	at java.lang.Class.getConstructor0(Class.java:2699)
	at java.lang.Class.newInstance0(Class.java:326)
	at java.lang.Class.newInstance(Class.java:308)
	at org.apache.catalina.core.StandardWrapper.loadServlet(StandardWrapper.java:1149)
	at org.apache.catalina.core.StandardWrapper.allocate(StandardWrapper.java:827)
	at org.apache.catalina.core.StandardWrapperValve.invoke(StandardWrapperValve.java:129)
	at org.apache.catalina.core.StandardContextValve.invoke(StandardContextValve.java:191)
	at org.apache.catalina.core.StandardHostValve.invoke(StandardHostValve.java:127)
	at org.apache.catalina.valves.ErrorReportValve.invoke(ErrorReportValve.java:102)
	at org.apache.catalina.core.StandardEngineValve.invoke(StandardEngineValve.java:109)
	at org.apache.catalina.connector.CoyoteAdapter.service(CoyoteAdapter.java:293)
	at org.apache.coyote.http11.Http11AprProcessor.process(Http11AprProcessor.java:877)
	at org.apache.coyote.http11.Http11AprProtocol$Http11ConnectionHandler.process(Http11AprProtocol.java:594)
	at org.apache.tomcat.util.net.AprEndpoint$Worker.run(AprEndpoint.java:1675)
	at java.lang.Thread.run(Thread.java:619)
17 Jan, 2012 10:45:42 AM org.apache.catalina.core.StandardWrapperValve invoke
INFO: Servlet Login is currently unavailable
17 Jan, 2012 10:49:26 AM org.apache.catalina.core.ApplicationContext log
INFO: SessionListener: contextDestroyed()
17 Jan, 2012 10:49:26 AM org.apache.catalina.core.ApplicationContext log
INFO: ContextListener: contextDestroyed()
17 Jan, 2012 10:49:31 AM org.apache.catalina.core.ApplicationContext log
INFO: ContextListener: contextInitialized()
17 Jan, 2012 10:49:31 AM org.apache.catalina.core.ApplicationContext log
INFO: SessionListener: contextInitialized()
17 Jan, 2012 11:33:36 AM org.apache.catalina.core.StandardWrapperValve invoke
SEVERE: Servlet.service() for servlet Logout threw exception
java.lang.IllegalStateException
	at org.apache.catalina.connector.ResponseFacade.sendRedirect(ResponseFacade.java:435)
	at com.yaid.user.Logout.doPost(Logout.java:74)
	at javax.servlet.http.HttpServlet.service(HttpServlet.java:637)
	at javax.servlet.http.HttpServlet.service(HttpServlet.java:717)
	at org.apache.catalina.core.ApplicationFilterChain.internalDoFilter(ApplicationFilterChain.java:290)
	at org.apache.catalina.core.ApplicationFilterChain.doFilter(ApplicationFilterChain.java:206)
	at org.apache.catalina.core.StandardWrapperValve.invoke(StandardWrapperValve.java:233)
	at org.apache.catalina.core.StandardContextValve.invoke(StandardContextValve.java:191)
	at org.apache.catalina.core.StandardHostValve.invoke(StandardHostValve.java:127)
	at org.apache.catalina.valves.ErrorReportValve.invoke(ErrorReportValve.java:102)
	at org.apache.catalina.core.StandardEngineValve.invoke(StandardEngineValve.java:109)
	at org.apache.catalina.connector.CoyoteAdapter.service(CoyoteAdapter.java:293)
	at org.apache.coyote.http11.Http11AprProcessor.process(Http11AprProcessor.java:877)
	at org.apache.coyote.http11.Http11AprProtocol$Http11ConnectionHandler.process(Http11AprProtocol.java:594)
	at org.apache.tomcat.util.net.AprEndpoint$Worker.run(AprEndpoint.java:1675)
	at java.lang.Thread.run(Thread.java:619)
17 Jan, 2012 11:56:59 AM org.apache.catalina.core.ApplicationContext log
INFO: SessionListener: contextDestroyed()
17 Jan, 2012 11:56:59 AM org.apache.catalina.core.ApplicationContext log
INFO: ContextListener: contextDestroyed()
17 Jan, 2012 11:57:04 AM org.apache.catalina.core.ApplicationContext log
INFO: ContextListener: contextInitialized()
17 Jan, 2012 11:57:04 AM org.apache.catalina.core.ApplicationContext log
INFO: SessionListener: contextInitialized()
17 Jan, 2012 12:01:20 PM org.apache.catalina.core.StandardWrapperValve invoke
SEVERE: Servlet.service() for servlet Logout threw exception
java.lang.IllegalStateException
	at org.apache.catalina.connector.ResponseFacade.sendRedirect(ResponseFacade.java:435)
	at com.yaid.user.Logout.doPost(Logout.java:74)
	at javax.servlet.http.HttpServlet.service(HttpServlet.java:637)
	at javax.servlet.http.HttpServlet.service(HttpServlet.java:717)
	at org.apache.catalina.core.ApplicationFilterChain.internalDoFilter(ApplicationFilterChain.java:290)
	at org.apache.catalina.core.ApplicationFilterChain.doFilter(ApplicationFilterChain.java:206)
	at org.apache.catalina.core.StandardWrapperValve.invoke(StandardWrapperValve.java:233)
	at org.apache.catalina.core.StandardContextValve.invoke(StandardContextValve.java:191)
	at org.apache.catalina.core.StandardHostValve.invoke(StandardHostValve.java:127)
	at org.apache.catalina.valves.ErrorReportValve.invoke(ErrorReportValve.java:102)
	at org.apache.catalina.core.StandardEngineValve.invoke(StandardEngineValve.java:109)
	at org.apache.catalina.connector.CoyoteAdapter.service(CoyoteAdapter.java:293)
	at org.apache.coyote.http11.Http11AprProcessor.process(Http11AprProcessor.java:877)
	at org.apache.coyote.http11.Http11AprProtocol$Http11ConnectionHandler.process(Http11AprProtocol.java:594)
	at org.apache.tomcat.util.net.AprEndpoint$Worker.run(AprEndpoint.java:1675)
	at java.lang.Thread.run(Thread.java:619)
17 Jan, 2012 12:36:02 PM org.apache.catalina.core.ApplicationContext log
INFO: SessionListener: contextDestroyed()
17 Jan, 2012 12:36:02 PM org.apache.catalina.core.ApplicationContext log
INFO: ContextListener: contextDestroyed()
17 Jan, 2012 12:36:07 PM org.apache.catalina.core.ApplicationContext log
INFO: ContextListener: contextInitialized()
17 Jan, 2012 12:36:07 PM org.apache.catalina.core.ApplicationContext log
INFO: SessionListener: contextInitialized()
17 Jan, 2012 12:42:13 PM org.apache.catalina.core.ApplicationContext log
INFO: SessionListener: contextDestroyed()
17 Jan, 2012 12:42:13 PM org.apache.catalina.core.ApplicationContext log
INFO: ContextListener: contextDestroyed()
17 Jan, 2012 12:42:17 PM org.apache.catalina.core.ApplicationContext log
INFO: ContextListener: contextInitialized()
17 Jan, 2012 12:42:17 PM org.apache.catalina.core.ApplicationContext log
INFO: SessionListener: contextInitialized()
17 Jan, 2012 12:47:59 PM org.apache.catalina.core.ApplicationContext log
INFO: SessionListener: contextDestroyed()
17 Jan, 2012 12:47:59 PM org.apache.catalina.core.ApplicationContext log
INFO: ContextListener: contextDestroyed()
17 Jan, 2012 12:48:04 PM org.apache.catalina.core.ApplicationContext log
INFO: ContextListener: contextInitialized()
17 Jan, 2012 12:48:04 PM org.apache.catalina.core.ApplicationContext log
INFO: SessionListener: contextInitialized()
17 Jan, 2012 12:49:09 PM org.apache.catalina.core.ApplicationContext log
INFO: SessionListener: contextDestroyed()
17 Jan, 2012 12:49:09 PM org.apache.catalina.core.ApplicationContext log
INFO: ContextListener: contextDestroyed()
17 Jan, 2012 12:49:13 PM org.apache.catalina.core.ApplicationContext log
INFO: ContextListener: contextInitialized()
17 Jan, 2012 12:49:13 PM org.apache.catalina.core.ApplicationContext log
INFO: SessionListener: contextInitialized()
17 Jan, 2012 12:58:21 PM org.apache.catalina.core.ApplicationContext log
INFO: SessionListener: contextDestroyed()
17 Jan, 2012 12:58:21 PM org.apache.catalina.core.ApplicationContext log
INFO: ContextListener: contextDestroyed()
17 Jan, 2012 2:05:43 PM org.apache.catalina.core.ApplicationContext log
INFO: ContextListener: contextInitialized()
17 Jan, 2012 2:05:43 PM org.apache.catalina.core.ApplicationContext log
INFO: SessionListener: contextInitialized()
17 Jan, 2012 3:46:20 PM org.apache.catalina.core.ApplicationContext log
INFO: SessionListener: contextDestroyed()
17 Jan, 2012 3:46:20 PM org.apache.catalina.core.ApplicationContext log
INFO: ContextListener: contextDestroyed()
