18 Feb, 2012 12:16:49 AM org.apache.catalina.core.ApplicationContext log
INFO: ContextListener: contextInitialized()
18 Feb, 2012 12:16:49 AM org.apache.catalina.core.ApplicationContext log
INFO: SessionListener: contextInitialized()
18 Feb, 2012 12:22:52 AM org.apache.catalina.core.StandardWrapperValve invoke
SEVERE: Servlet.service() for servlet jsp threw exception
java.lang.ClassNotFoundException: com.mysql.jdbc.Driver
	at org.apache.catalina.loader.WebappClassLoader.loadClass(WebappClassLoader.java:1680)
	at org.apache.catalina.loader.WebappClassLoader.loadClass(WebappClassLoader.java:1526)
	at org.apache.jasper.servlet.JasperLoader.loadClass(JasperLoader.java:128)
	at org.apache.jasper.servlet.JasperLoader.loadClass(JasperLoader.java:66)
	at java.lang.ClassLoader.loadClassInternal(ClassLoader.java:319)
	at java.lang.Class.forName0(Native Method)
	at java.lang.Class.forName(Class.java:169)
	at org.apache.jsp.index_jsp._jspService(index_jsp.java:91)
	at org.apache.jasper.runtime.HttpJspBase.service(HttpJspBase.java:70)
	at javax.servlet.http.HttpServlet.service(HttpServlet.java:717)
	at org.apache.jasper.servlet.JspServletWrapper.service(JspServletWrapper.java:388)
	at org.apache.jasper.servlet.JspServlet.serviceJspFile(JspServlet.java:313)
	at org.apache.jasper.servlet.JspServlet.service(JspServlet.java:260)
	at javax.servlet.http.HttpServlet.service(HttpServlet.java:717)
	at org.apache.catalina.core.ApplicationFilterChain.internalDoFilter(ApplicationFilterChain.java:290)
	at org.apache.catalina.core.ApplicationFilterChain.doFilter(ApplicationFilterChain.java:206)
	at org.apache.catalina.core.StandardWrapperValve.invoke(StandardWrapperValve.java:233)
	at org.apache.catalina.core.StandardContextValve.invoke(StandardContextValve.java:191)
	at org.apache.catalina.core.StandardHostValve.invoke(StandardHostValve.java:127)
	at org.apache.catalina.valves.ErrorReportValve.invoke(ErrorReportValve.java:102)
	at org.apache.catalina.core.StandardEngineValve.invoke(StandardEngineValve.java:109)
	at org.apache.catalina.connector.CoyoteAdapter.service(CoyoteAdapter.java:293)
	at org.apache.coyote.http11.Http11AprProcessor.process(Http11AprProcessor.java:877)
	at org.apache.coyote.http11.Http11AprProtocol$Http11ConnectionHandler.process(Http11AprProtocol.java:594)
	at org.apache.tomcat.util.net.AprEndpoint$Worker.run(AprEndpoint.java:1675)
	at java.lang.Thread.run(Thread.java:619)
18 Feb, 2012 2:08:28 AM org.apache.catalina.core.ApplicationContext log
INFO: SessionListener: contextDestroyed()
18 Feb, 2012 2:08:28 AM org.apache.catalina.core.ApplicationContext log
INFO: ContextListener: contextDestroyed()
18 Feb, 2012 12:59:38 PM org.apache.catalina.core.ApplicationContext log
INFO: ContextListener: contextInitialized()
18 Feb, 2012 12:59:38 PM org.apache.catalina.core.ApplicationContext log
INFO: SessionListener: contextInitialized()
18 Feb, 2012 1:15:19 PM org.apache.catalina.core.ApplicationContext log
INFO: SessionListener: contextDestroyed()
18 Feb, 2012 1:15:19 PM org.apache.catalina.core.ApplicationContext log
INFO: ContextListener: contextDestroyed()
Feb 18, 2012 2:18:39 PM org.apache.catalina.core.ApplicationContext log
INFO: ContextListener: contextInitialized()
Feb 18, 2012 2:18:39 PM org.apache.catalina.core.ApplicationContext log
INFO: SessionListener: contextInitialized()
18 Feb, 2012 2:45:20 PM org.apache.catalina.core.ApplicationContext log
INFO: ContextListener: contextInitialized()
18 Feb, 2012 2:45:20 PM org.apache.catalina.core.ApplicationContext log
INFO: SessionListener: contextInitialized()
Feb 18, 2012 3:43:21 PM org.apache.catalina.core.ApplicationContext log
INFO: ContextListener: contextInitialized()
Feb 18, 2012 3:43:21 PM org.apache.catalina.core.ApplicationContext log
INFO: SessionListener: contextInitialized()
Feb 18, 2012 5:46:32 PM org.apache.catalina.core.ApplicationContext log
INFO: Marking servlet FileOperationHandler as unavailable
Feb 18, 2012 5:46:32 PM org.apache.catalina.core.StandardWrapperValve invoke
SEVERE: Allocate exception for servlet FileOperationHandler
java.lang.VerifyError: (class: com/yaid/files/FileOperationHandler, method: <init> signature: ()V) Constructor must call super() or this()
	at java.lang.Class.getDeclaredConstructors0(Native Method)
	at java.lang.Class.privateGetDeclaredConstructors(Class.java:2404)
	at java.lang.Class.getConstructor0(Class.java:2714)
	at java.lang.Class.newInstance0(Class.java:343)
	at java.lang.Class.newInstance(Class.java:325)
	at org.apache.catalina.core.StandardWrapper.loadServlet(StandardWrapper.java:1149)
	at org.apache.catalina.core.StandardWrapper.allocate(StandardWrapper.java:827)
	at org.apache.catalina.core.StandardWrapperValve.invoke(StandardWrapperValve.java:129)
	at org.apache.catalina.core.StandardContextValve.invoke(StandardContextValve.java:191)
	at org.apache.catalina.core.StandardHostValve.invoke(StandardHostValve.java:127)
	at org.apache.catalina.valves.ErrorReportValve.invoke(ErrorReportValve.java:102)
	at org.apache.catalina.core.StandardEngineValve.invoke(StandardEngineValve.java:109)
	at org.apache.catalina.connector.CoyoteAdapter.service(CoyoteAdapter.java:293)
	at org.apache.coyote.http11.Http11Processor.process(Http11Processor.java:859)
	at org.apache.coyote.http11.Http11Protocol$Http11ConnectionHandler.process(Http11Protocol.java:602)
	at org.apache.tomcat.util.net.JIoEndpoint$Worker.run(JIoEndpoint.java:489)
	at java.lang.Thread.run(Thread.java:722)

Feb 18, 2012 5:46:32 PM org.apache.catalina.core.StandardWrapperValve invoke
INFO: Servlet FileOperationHandler is currently unavailable
Feb 18, 2012 5:46:32 PM org.apache.catalina.core.StandardWrapperValve invoke
INFO: Servlet FileOperationHandler is currently unavailable
Feb 18, 2012 5:46:33 PM org.apache.catalina.core.StandardWrapperValve invoke
INFO: Servlet FileOperationHandler is currently unavailable
18 Feb, 2012 7:16:06 PM org.apache.catalina.core.ApplicationContext log
INFO: ContextListener: contextInitialized()
18 Feb, 2012 7:16:06 PM org.apache.catalina.core.ApplicationContext log
INFO: SessionListener: contextInitialized()
18 Feb, 2012 7:23:10 PM org.apache.catalina.core.ApplicationContext log
INFO: SessionListener: contextDestroyed()
18 Feb, 2012 7:23:10 PM org.apache.catalina.core.ApplicationContext log
INFO: ContextListener: contextDestroyed()
18 Feb, 2012 7:23:51 PM org.apache.catalina.core.ApplicationContext log
INFO: ContextListener: contextInitialized()
18 Feb, 2012 7:23:51 PM org.apache.catalina.core.ApplicationContext log
INFO: SessionListener: contextInitialized()
18 Feb, 2012 7:49:15 PM org.apache.catalina.core.ApplicationContext log
INFO: SessionListener: contextDestroyed()
18 Feb, 2012 7:49:15 PM org.apache.catalina.core.ApplicationContext log
INFO: ContextListener: contextDestroyed()
18 Feb, 2012 7:55:28 PM org.apache.catalina.core.ApplicationContext log
INFO: ContextListener: contextInitialized()
18 Feb, 2012 7:55:28 PM org.apache.catalina.core.ApplicationContext log
INFO: SessionListener: contextInitialized()
18 Feb, 2012 8:03:56 PM org.apache.catalina.core.ApplicationContext log
INFO: SessionListener: contextDestroyed()
18 Feb, 2012 8:03:56 PM org.apache.catalina.core.ApplicationContext log
INFO: ContextListener: contextDestroyed()
18 Feb, 2012 8:40:50 PM org.apache.catalina.core.ApplicationContext log
INFO: ContextListener: contextInitialized()
18 Feb, 2012 8:40:50 PM org.apache.catalina.core.ApplicationContext log
INFO: SessionListener: contextInitialized()
18 Feb, 2012 8:45:58 PM org.apache.catalina.core.ApplicationContext log
INFO: SessionListener: contextDestroyed()
18 Feb, 2012 8:45:58 PM org.apache.catalina.core.ApplicationContext log
INFO: ContextListener: contextDestroyed()
18 Feb, 2012 8:48:45 PM org.apache.catalina.core.ApplicationContext log
INFO: ContextListener: contextInitialized()
18 Feb, 2012 8:48:45 PM org.apache.catalina.core.ApplicationContext log
INFO: SessionListener: contextInitialized()
18 Feb, 2012 8:52:40 PM org.apache.catalina.core.ApplicationContext log
INFO: SessionListener: contextDestroyed()
18 Feb, 2012 8:52:40 PM org.apache.catalina.core.ApplicationContext log
INFO: ContextListener: contextDestroyed()
18 Feb, 2012 8:52:49 PM org.apache.catalina.core.ApplicationContext log
INFO: ContextListener: contextInitialized()
18 Feb, 2012 8:52:49 PM org.apache.catalina.core.ApplicationContext log
INFO: SessionListener: contextInitialized()
18 Feb, 2012 8:53:30 PM org.apache.catalina.core.ApplicationContext log
INFO: SessionListener: contextDestroyed()
18 Feb, 2012 8:53:30 PM org.apache.catalina.core.ApplicationContext log
INFO: ContextListener: contextDestroyed()
