15 Feb, 2012 12:16:08 AM org.apache.catalina.core.ApplicationContext log
INFO: SessionListener: contextDestroyed()
15 Feb, 2012 12:16:08 AM org.apache.catalina.core.ApplicationContext log
INFO: ContextListener: contextDestroyed()
15 Feb, 2012 10:47:33 AM org.apache.catalina.core.ApplicationContext log
INFO: ContextListener: contextInitialized()
15 Feb, 2012 10:47:33 AM org.apache.catalina.core.ApplicationContext log
INFO: SessionListener: contextInitialized()
15 Feb, 2012 12:41:50 PM org.apache.catalina.core.ApplicationContext log
INFO: SessionListener: contextDestroyed()
15 Feb, 2012 12:41:50 PM org.apache.catalina.core.ApplicationContext log
INFO: ContextListener: contextDestroyed()
15 Feb, 2012 6:43:30 PM org.apache.catalina.core.ApplicationContext log
INFO: ContextListener: contextInitialized()
15 Feb, 2012 6:43:30 PM org.apache.catalina.core.ApplicationContext log
INFO: SessionListener: contextInitialized()
15 Feb, 2012 6:52:39 PM org.apache.catalina.core.ApplicationContext log
INFO: SessionListener: contextDestroyed()
15 Feb, 2012 6:52:39 PM org.apache.catalina.core.ApplicationContext log
INFO: ContextListener: contextDestroyed()
15 Feb, 2012 6:53:44 PM org.apache.catalina.core.ApplicationContext log
INFO: ContextListener: contextInitialized()
15 Feb, 2012 6:53:44 PM org.apache.catalina.core.ApplicationContext log
INFO: SessionListener: contextInitialized()
15 Feb, 2012 6:55:10 PM org.apache.catalina.core.ApplicationContext log
INFO: SessionListener: contextDestroyed()
15 Feb, 2012 6:55:10 PM org.apache.catalina.core.ApplicationContext log
INFO: ContextListener: contextDestroyed()
Feb 15, 2012 9:07:17 PM org.apache.catalina.core.ApplicationContext log
INFO: ContextListener: contextInitialized()
Feb 15, 2012 9:07:17 PM org.apache.catalina.core.ApplicationContext log
INFO: SessionListener: contextInitialized()
Feb 15, 2012 9:22:05 PM org.apache.catalina.core.ApplicationContext log
INFO: SessionListener: contextDestroyed()
Feb 15, 2012 9:22:05 PM org.apache.catalina.core.ApplicationContext log
INFO: ContextListener: contextDestroyed()
Feb 15, 2012 9:27:47 PM org.apache.catalina.core.ApplicationContext log
INFO: ContextListener: contextInitialized()
Feb 15, 2012 9:27:47 PM org.apache.catalina.core.ApplicationContext log
INFO: SessionListener: contextInitialized()
Feb 15, 2012 9:53:33 PM org.apache.catalina.core.ApplicationContext log
INFO: SessionListener: contextDestroyed()
Feb 15, 2012 9:53:33 PM org.apache.catalina.core.ApplicationContext log
INFO: ContextListener: contextDestroyed()
