15 Feb, 2012 12:16:08 AM org.apache.catalina.core.ApplicationContext log
INFO: SessionListener: contextDestroyed()
15 Feb, 2012 12:16:08 AM org.apache.catalina.core.ApplicationContext log
INFO: ContextListener: contextDestroyed()
15 Feb, 2012 10:47:33 AM org.apache.catalina.core.ApplicationContext log
INFO: ContextListener: contextInitialized()
15 Feb, 2012 10:47:33 AM org.apache.catalina.core.ApplicationContext log
INFO: SessionListener: contextInitialized()
15 Feb, 2012 12:41:50 PM org.apache.catalina.core.ApplicationContext log
INFO: SessionListener: contextDestroyed()
15 Feb, 2012 12:41:50 PM org.apache.catalina.core.ApplicationContext log
INFO: ContextListener: contextDestroyed()
15 Feb, 2012 6:43:30 PM org.apache.catalina.core.ApplicationContext log
INFO: ContextListener: contextInitialized()
15 Feb, 2012 6:43:30 PM org.apache.catalina.core.ApplicationContext log
INFO: SessionListener: contextInitialized()
15 Feb, 2012 6:52:39 PM org.apache.catalina.core.ApplicationContext log
INFO: SessionListener: contextDestroyed()
15 Feb, 2012 6:52:39 PM org.apache.catalina.core.ApplicationContext log
INFO: ContextListener: contextDestroyed()
15 Feb, 2012 6:53:44 PM org.apache.catalina.core.ApplicationContext log
INFO: ContextListener: contextInitialized()
15 Feb, 2012 6:53:44 PM org.apache.catalina.core.ApplicationContext log
INFO: SessionListener: contextInitialized()
15 Feb, 2012 6:55:10 PM org.apache.catalina.core.ApplicationContext log
INFO: SessionListener: contextDestroyed()
15 Feb, 2012 6:55:10 PM org.apache.catalina.core.ApplicationContext log
INFO: ContextListener: contextDestroyed()
15 Feb, 2012 7:48:44 PM org.apache.catalina.core.ApplicationContext log
INFO: ContextListener: contextInitialized()
15 Feb, 2012 7:48:44 PM org.apache.catalina.core.ApplicationContext log
INFO: SessionListener: contextInitialized()
15 Feb, 2012 7:50:17 PM org.apache.catalina.core.StandardWrapperValve invoke
SEVERE: Servlet.service() for servlet Logout threw exception
java.lang.IllegalStateException
	at org.apache.catalina.connector.ResponseFacade.sendRedirect(ResponseFacade.java:435)
	at com.yaid.user.Logout.doPost(Logout.java:75)
	at javax.servlet.http.HttpServlet.service(HttpServlet.java:637)
	at javax.servlet.http.HttpServlet.service(HttpServlet.java:717)
	at org.apache.catalina.core.ApplicationFilterChain.internalDoFilter(ApplicationFilterChain.java:290)
	at org.apache.catalina.core.ApplicationFilterChain.doFilter(ApplicationFilterChain.java:206)
	at org.apache.catalina.core.StandardWrapperValve.invoke(StandardWrapperValve.java:233)
	at org.apache.catalina.core.StandardContextValve.invoke(StandardContextValve.java:191)
	at org.apache.catalina.core.StandardHostValve.invoke(StandardHostValve.java:127)
	at org.apache.catalina.valves.ErrorReportValve.invoke(ErrorReportValve.java:102)
	at org.apache.catalina.core.StandardEngineValve.invoke(StandardEngineValve.java:109)
	at org.apache.catalina.connector.CoyoteAdapter.service(CoyoteAdapter.java:293)
	at org.apache.coyote.http11.Http11Processor.process(Http11Processor.java:859)
	at org.apache.coyote.http11.Http11Protocol$Http11ConnectionHandler.process(Http11Protocol.java:602)
	at org.apache.tomcat.util.net.JIoEndpoint$Worker.run(JIoEndpoint.java:489)
	at java.lang.Thread.run(Thread.java:662)
15 Feb, 2012 10:00:18 PM org.apache.catalina.core.ApplicationContext log
INFO: SessionListener: contextDestroyed()
15 Feb, 2012 10:00:18 PM org.apache.catalina.core.ApplicationContext log
INFO: ContextListener: contextDestroyed()
15 Feb, 2012 10:02:15 PM org.apache.catalina.core.ApplicationContext log
INFO: ContextListener: contextInitialized()
15 Feb, 2012 10:02:15 PM org.apache.catalina.core.ApplicationContext log
INFO: SessionListener: contextInitialized()
15 Feb, 2012 11:19:35 PM org.apache.catalina.core.ApplicationContext log
INFO: SessionListener: contextDestroyed()
15 Feb, 2012 11:19:35 PM org.apache.catalina.core.ApplicationContext log
INFO: ContextListener: contextDestroyed()
