Feb 12, 2012 11:47:07 AM org.apache.catalina.core.ApplicationContext log
INFO: ContextListener: contextInitialized()
Feb 12, 2012 11:47:07 AM org.apache.catalina.core.ApplicationContext log
INFO: SessionListener: contextInitialized()
12 Feb, 2012 12:00:10 PM org.apache.catalina.core.ApplicationContext log
INFO: ContextListener: contextInitialized()
12 Feb, 2012 12:00:10 PM org.apache.catalina.core.ApplicationContext log
INFO: SessionListener: contextInitialized()
12 Feb, 2012 12:45:37 PM org.apache.catalina.core.ApplicationContext log
INFO: SessionListener: contextDestroyed()
12 Feb, 2012 12:45:37 PM org.apache.catalina.core.ApplicationContext log
INFO: ContextListener: contextDestroyed()
12 Feb, 2012 1:06:39 PM org.apache.catalina.core.ApplicationContext log
INFO: ContextListener: contextInitialized()
12 Feb, 2012 1:06:39 PM org.apache.catalina.core.ApplicationContext log
INFO: SessionListener: contextInitialized()
12 Feb, 2012 2:01:29 PM org.apache.catalina.core.ApplicationContext log
INFO: SessionListener: contextDestroyed()
12 Feb, 2012 2:01:29 PM org.apache.catalina.core.ApplicationContext log
INFO: ContextListener: contextDestroyed()
12 Feb, 2012 3:20:31 PM org.apache.catalina.core.ApplicationContext log
INFO: ContextListener: contextInitialized()
12 Feb, 2012 3:20:31 PM org.apache.catalina.core.ApplicationContext log
INFO: SessionListener: contextInitialized()
12 Feb, 2012 4:40:09 PM org.apache.catalina.core.ApplicationContext log
INFO: SessionListener: contextDestroyed()
12 Feb, 2012 4:40:09 PM org.apache.catalina.core.ApplicationContext log
INFO: ContextListener: contextDestroyed()
Feb 12, 2012 2:52:39 PM org.apache.catalina.core.ApplicationContext log
INFO: ContextListener: contextInitialized()
Feb 12, 2012 2:52:39 PM org.apache.catalina.core.ApplicationContext log
INFO: SessionListener: contextInitialized()
