14 Feb, 2012 7:11:05 AM org.apache.catalina.core.ApplicationContext log
INFO: ContextListener: contextInitialized()
14 Feb, 2012 7:11:05 AM org.apache.catalina.core.ApplicationContext log
INFO: SessionListener: contextInitialized()
14 Feb, 2012 8:01:51 AM org.apache.catalina.core.ApplicationContext log
INFO: SessionListener: contextDestroyed()
14 Feb, 2012 8:01:51 AM org.apache.catalina.core.ApplicationContext log
INFO: ContextListener: contextDestroyed()
14 Feb, 2012 10:42:22 AM org.apache.catalina.core.ApplicationContext log
INFO: ContextListener: contextInitialized()
14 Feb, 2012 10:42:22 AM org.apache.catalina.core.ApplicationContext log
INFO: SessionListener: contextInitialized()
Feb 14, 2012 7:29:17 PM org.apache.catalina.core.ApplicationContext log
INFO: ContextListener: contextInitialized()
Feb 14, 2012 7:29:17 PM org.apache.catalina.core.ApplicationContext log
INFO: SessionListener: contextInitialized()
Feb 14, 2012 7:47:47 PM org.apache.catalina.core.ApplicationContext log
INFO: SessionListener: contextDestroyed()
Feb 14, 2012 7:47:47 PM org.apache.catalina.core.ApplicationContext log
INFO: ContextListener: contextDestroyed()
14 Feb, 2012 8:07:09 PM org.apache.catalina.core.ApplicationContext log
INFO: ContextListener: contextInitialized()
14 Feb, 2012 8:07:09 PM org.apache.catalina.core.ApplicationContext log
INFO: SessionListener: contextInitialized()
14 Feb, 2012 8:40:04 PM org.apache.catalina.core.ApplicationContext log
INFO: Marking servlet ImageBytes as unavailable
14 Feb, 2012 8:40:04 PM org.apache.catalina.core.StandardWrapperValve invoke
SEVERE: Allocate exception for servlet ImageBytes
java.lang.VerifyError: (class: com/yaid/files/ImageBytes, method: <init> signature: ()V) Constructor must call super() or this()
	at java.lang.Class.getDeclaredConstructors0(Native Method)
	at java.lang.Class.privateGetDeclaredConstructors(Class.java:2389)
	at java.lang.Class.getConstructor0(Class.java:2699)
	at java.lang.Class.newInstance0(Class.java:326)
	at java.lang.Class.newInstance(Class.java:308)
	at org.apache.catalina.core.StandardWrapper.loadServlet(StandardWrapper.java:1149)
	at org.apache.catalina.core.StandardWrapper.allocate(StandardWrapper.java:827)
	at org.apache.catalina.core.StandardWrapperValve.invoke(StandardWrapperValve.java:129)
	at org.apache.catalina.core.StandardContextValve.invoke(StandardContextValve.java:191)
	at org.apache.catalina.core.StandardHostValve.invoke(StandardHostValve.java:127)
	at org.apache.catalina.valves.ErrorReportValve.invoke(ErrorReportValve.java:102)
	at org.apache.catalina.core.StandardEngineValve.invoke(StandardEngineValve.java:109)
	at org.apache.catalina.connector.CoyoteAdapter.service(CoyoteAdapter.java:293)
	at org.apache.coyote.http11.Http11AprProcessor.process(Http11AprProcessor.java:877)
	at org.apache.coyote.http11.Http11AprProtocol$Http11ConnectionHandler.process(Http11AprProtocol.java:594)
	at org.apache.tomcat.util.net.AprEndpoint$Worker.run(AprEndpoint.java:1675)
	at java.lang.Thread.run(Thread.java:619)
14 Feb, 2012 8:40:34 PM org.apache.catalina.core.ApplicationContext log
INFO: Marking servlet ImageBytes as unavailable
14 Feb, 2012 8:40:34 PM org.apache.catalina.core.StandardWrapperValve invoke
SEVERE: Allocate exception for servlet ImageBytes
java.lang.VerifyError: (class: com/yaid/files/ImageBytes, method: <init> signature: ()V) Constructor must call super() or this()
	at java.lang.Class.getDeclaredConstructors0(Native Method)
	at java.lang.Class.privateGetDeclaredConstructors(Class.java:2389)
	at java.lang.Class.getConstructor0(Class.java:2699)
	at java.lang.Class.newInstance0(Class.java:326)
	at java.lang.Class.newInstance(Class.java:308)
	at org.apache.catalina.core.StandardWrapper.loadServlet(StandardWrapper.java:1149)
	at org.apache.catalina.core.StandardWrapper.allocate(StandardWrapper.java:827)
	at org.apache.catalina.core.StandardWrapperValve.invoke(StandardWrapperValve.java:129)
	at org.apache.catalina.core.StandardContextValve.invoke(StandardContextValve.java:191)
	at org.apache.catalina.core.StandardHostValve.invoke(StandardHostValve.java:127)
	at org.apache.catalina.valves.ErrorReportValve.invoke(ErrorReportValve.java:102)
	at org.apache.catalina.core.StandardEngineValve.invoke(StandardEngineValve.java:109)
	at org.apache.catalina.connector.CoyoteAdapter.service(CoyoteAdapter.java:293)
	at org.apache.coyote.http11.Http11AprProcessor.process(Http11AprProcessor.java:877)
	at org.apache.coyote.http11.Http11AprProtocol$Http11ConnectionHandler.process(Http11AprProtocol.java:594)
	at org.apache.tomcat.util.net.AprEndpoint$Worker.run(AprEndpoint.java:1675)
	at java.lang.Thread.run(Thread.java:619)
14 Feb, 2012 8:41:33 PM org.apache.catalina.core.StandardWrapperValve invoke
INFO: Servlet ImageBytes is currently unavailable
14 Feb, 2012 8:42:23 PM org.apache.catalina.core.StandardWrapperValve invoke
INFO: Servlet ImageBytes is currently unavailable
14 Feb, 2012 8:42:59 PM org.apache.catalina.core.StandardWrapperValve invoke
INFO: Servlet ImageBytes is currently unavailable
14 Feb, 2012 8:43:09 PM org.apache.catalina.core.StandardWrapperValve invoke
INFO: Servlet ImageBytes is currently unavailable
14 Feb, 2012 8:43:23 PM org.apache.catalina.core.StandardWrapperValve invoke
INFO: Servlet ImageBytes is currently unavailable
14 Feb, 2012 8:43:41 PM org.apache.catalina.core.StandardWrapperValve invoke
INFO: Servlet ImageBytes is currently unavailable
14 Feb, 2012 8:43:55 PM org.apache.catalina.core.StandardWrapperValve invoke
INFO: Servlet ImageBytes is currently unavailable
14 Feb, 2012 8:44:07 PM org.apache.catalina.core.StandardWrapperValve invoke
INFO: Servlet ImageBytes is currently unavailable
14 Feb, 2012 8:44:18 PM org.apache.catalina.core.StandardWrapperValve invoke
INFO: Servlet ImageBytes is currently unavailable
14 Feb, 2012 8:44:27 PM org.apache.catalina.core.StandardWrapperValve invoke
INFO: Servlet ImageBytes is currently unavailable
14 Feb, 2012 8:44:38 PM org.apache.catalina.core.StandardWrapperValve invoke
INFO: Servlet ImageBytes is currently unavailable
14 Feb, 2012 8:45:04 PM org.apache.catalina.core.StandardWrapperValve invoke
INFO: Servlet ImageBytes is currently unavailable
14 Feb, 2012 8:45:16 PM org.apache.catalina.core.StandardWrapperValve invoke
INFO: Servlet ImageBytes is currently unavailable
14 Feb, 2012 8:45:29 PM org.apache.catalina.core.StandardWrapperValve invoke
INFO: Servlet ImageBytes is currently unavailable
14 Feb, 2012 8:49:00 PM org.apache.catalina.core.StandardWrapperValve invoke
INFO: Servlet ImageBytes is currently unavailable
14 Feb, 2012 8:49:09 PM org.apache.catalina.core.StandardWrapperValve invoke
INFO: Servlet ImageBytes is currently unavailable
14 Feb, 2012 8:49:10 PM org.apache.catalina.core.StandardWrapperValve invoke
INFO: Servlet ImageBytes is currently unavailable
14 Feb, 2012 8:49:11 PM org.apache.catalina.core.StandardWrapperValve invoke
INFO: Servlet ImageBytes is currently unavailable
14 Feb, 2012 8:49:33 PM org.apache.catalina.core.StandardWrapperValve invoke
INFO: Servlet ImageBytes is currently unavailable
14 Feb, 2012 8:53:10 PM org.apache.catalina.core.StandardWrapperValve invoke
INFO: Servlet ImageBytes is currently unavailable
14 Feb, 2012 8:54:26 PM org.apache.catalina.core.StandardWrapperValve invoke
INFO: Servlet ImageBytes is currently unavailable
14 Feb, 2012 8:54:33 PM org.apache.catalina.core.StandardWrapperValve invoke
INFO: Servlet ImageBytes is currently unavailable
14 Feb, 2012 8:54:33 PM org.apache.catalina.core.StandardWrapperValve invoke
INFO: Servlet ImageBytes is currently unavailable
14 Feb, 2012 8:55:04 PM org.apache.catalina.core.StandardWrapperValve invoke
INFO: Servlet ImageBytes is currently unavailable
14 Feb, 2012 8:55:05 PM org.apache.catalina.core.StandardWrapperValve invoke
INFO: Servlet ImageBytes is currently unavailable
14 Feb, 2012 8:58:48 PM org.apache.catalina.core.ApplicationContext log
INFO: Marking servlet ImageBytes as unavailable
14 Feb, 2012 8:58:48 PM org.apache.catalina.core.StandardWrapperValve invoke
SEVERE: Allocate exception for servlet ImageBytes
java.lang.VerifyError: (class: com/yaid/files/ImageBytes, method: <init> signature: ()V) Constructor must call super() or this()
	at java.lang.Class.getDeclaredConstructors0(Native Method)
	at java.lang.Class.privateGetDeclaredConstructors(Class.java:2389)
	at java.lang.Class.getConstructor0(Class.java:2699)
	at java.lang.Class.newInstance0(Class.java:326)
	at java.lang.Class.newInstance(Class.java:308)
	at org.apache.catalina.core.StandardWrapper.loadServlet(StandardWrapper.java:1149)
	at org.apache.catalina.core.StandardWrapper.allocate(StandardWrapper.java:827)
	at org.apache.catalina.core.StandardWrapperValve.invoke(StandardWrapperValve.java:129)
	at org.apache.catalina.core.StandardContextValve.invoke(StandardContextValve.java:191)
	at org.apache.catalina.core.StandardHostValve.invoke(StandardHostValve.java:127)
	at org.apache.catalina.valves.ErrorReportValve.invoke(ErrorReportValve.java:102)
	at org.apache.catalina.core.StandardEngineValve.invoke(StandardEngineValve.java:109)
	at org.apache.catalina.connector.CoyoteAdapter.service(CoyoteAdapter.java:293)
	at org.apache.coyote.http11.Http11AprProcessor.process(Http11AprProcessor.java:877)
	at org.apache.coyote.http11.Http11AprProtocol$Http11ConnectionHandler.process(Http11AprProtocol.java:594)
	at org.apache.tomcat.util.net.AprEndpoint$Worker.run(AprEndpoint.java:1675)
	at java.lang.Thread.run(Thread.java:619)
14 Feb, 2012 8:59:36 PM org.apache.catalina.core.StandardWrapperValve invoke
INFO: Servlet ImageBytes is currently unavailable
14 Feb, 2012 9:00:43 PM org.apache.catalina.core.ApplicationContext log
INFO: Marking servlet ImageBytes as unavailable
14 Feb, 2012 9:00:43 PM org.apache.catalina.core.StandardWrapperValve invoke
SEVERE: Allocate exception for servlet ImageBytes
java.lang.VerifyError: (class: com/yaid/files/ImageBytes, method: <init> signature: ()V) Constructor must call super() or this()
	at java.lang.Class.getDeclaredConstructors0(Native Method)
	at java.lang.Class.privateGetDeclaredConstructors(Class.java:2389)
	at java.lang.Class.getConstructor0(Class.java:2699)
	at java.lang.Class.newInstance0(Class.java:326)
	at java.lang.Class.newInstance(Class.java:308)
	at org.apache.catalina.core.StandardWrapper.loadServlet(StandardWrapper.java:1149)
	at org.apache.catalina.core.StandardWrapper.allocate(StandardWrapper.java:827)
	at org.apache.catalina.core.StandardWrapperValve.invoke(StandardWrapperValve.java:129)
	at org.apache.catalina.core.StandardContextValve.invoke(StandardContextValve.java:191)
	at org.apache.catalina.core.StandardHostValve.invoke(StandardHostValve.java:127)
	at org.apache.catalina.valves.ErrorReportValve.invoke(ErrorReportValve.java:102)
	at org.apache.catalina.core.StandardEngineValve.invoke(StandardEngineValve.java:109)
	at org.apache.catalina.connector.CoyoteAdapter.service(CoyoteAdapter.java:293)
	at org.apache.coyote.http11.Http11AprProcessor.process(Http11AprProcessor.java:877)
	at org.apache.coyote.http11.Http11AprProtocol$Http11ConnectionHandler.process(Http11AprProtocol.java:594)
	at org.apache.tomcat.util.net.AprEndpoint$Worker.run(AprEndpoint.java:1675)
	at java.lang.Thread.run(Thread.java:619)
14 Feb, 2012 9:01:05 PM org.apache.catalina.core.StandardWrapperValve invoke
INFO: Servlet ImageBytes is currently unavailable
14 Feb, 2012 9:01:20 PM org.apache.catalina.core.StandardWrapperValve invoke
INFO: Servlet ImageBytes is currently unavailable
14 Feb, 2012 9:01:23 PM org.apache.catalina.core.StandardWrapperValve invoke
INFO: Servlet ImageBytes is currently unavailable
14 Feb, 2012 9:01:24 PM org.apache.catalina.core.StandardWrapperValve invoke
INFO: Servlet ImageBytes is currently unavailable
14 Feb, 2012 9:01:24 PM org.apache.catalina.core.StandardWrapperValve invoke
INFO: Servlet ImageBytes is currently unavailable
14 Feb, 2012 9:01:25 PM org.apache.catalina.core.StandardWrapperValve invoke
INFO: Servlet ImageBytes is currently unavailable
14 Feb, 2012 9:01:25 PM org.apache.catalina.core.StandardWrapperValve invoke
INFO: Servlet ImageBytes is currently unavailable
14 Feb, 2012 9:01:25 PM org.apache.catalina.core.StandardWrapperValve invoke
INFO: Servlet ImageBytes is currently unavailable
14 Feb, 2012 9:01:25 PM org.apache.catalina.core.StandardWrapperValve invoke
INFO: Servlet ImageBytes is currently unavailable
14 Feb, 2012 9:01:37 PM org.apache.catalina.core.ApplicationContext log
INFO: Marking servlet ImageBytes as unavailable
14 Feb, 2012 9:01:37 PM org.apache.catalina.core.StandardWrapperValve invoke
SEVERE: Allocate exception for servlet ImageBytes
java.lang.VerifyError: (class: com/yaid/files/ImageBytes, method: <init> signature: ()V) Constructor must call super() or this()
	at java.lang.Class.getDeclaredConstructors0(Native Method)
	at java.lang.Class.privateGetDeclaredConstructors(Class.java:2389)
	at java.lang.Class.getConstructor0(Class.java:2699)
	at java.lang.Class.newInstance0(Class.java:326)
	at java.lang.Class.newInstance(Class.java:308)
	at org.apache.catalina.core.StandardWrapper.loadServlet(StandardWrapper.java:1149)
	at org.apache.catalina.core.StandardWrapper.allocate(StandardWrapper.java:827)
	at org.apache.catalina.core.StandardWrapperValve.invoke(StandardWrapperValve.java:129)
	at org.apache.catalina.core.StandardContextValve.invoke(StandardContextValve.java:191)
	at org.apache.catalina.core.StandardHostValve.invoke(StandardHostValve.java:127)
	at org.apache.catalina.valves.ErrorReportValve.invoke(ErrorReportValve.java:102)
	at org.apache.catalina.core.StandardEngineValve.invoke(StandardEngineValve.java:109)
	at org.apache.catalina.connector.CoyoteAdapter.service(CoyoteAdapter.java:293)
	at org.apache.coyote.http11.Http11AprProcessor.process(Http11AprProcessor.java:877)
	at org.apache.coyote.http11.Http11AprProtocol$Http11ConnectionHandler.process(Http11AprProtocol.java:594)
	at org.apache.tomcat.util.net.AprEndpoint$Worker.run(AprEndpoint.java:1675)
	at java.lang.Thread.run(Thread.java:619)
14 Feb, 2012 9:02:30 PM org.apache.catalina.core.StandardWrapperValve invoke
INFO: Servlet ImageBytes is currently unavailable
14 Feb, 2012 9:02:42 PM org.apache.catalina.core.StandardWrapperValve invoke
INFO: Servlet ImageBytes is currently unavailable
14 Feb, 2012 9:02:42 PM org.apache.catalina.core.StandardWrapperValve invoke
INFO: Servlet ImageBytes is currently unavailable
14 Feb, 2012 9:03:13 PM org.apache.catalina.core.StandardWrapperValve invoke
INFO: Servlet ImageBytes is currently unavailable
14 Feb, 2012 9:04:05 PM org.apache.catalina.core.StandardWrapperValve invoke
INFO: Servlet ImageBytes is currently unavailable
14 Feb, 2012 9:04:18 PM org.apache.catalina.core.StandardWrapperValve invoke
INFO: Servlet ImageBytes is currently unavailable
14 Feb, 2012 10:27:02 PM org.apache.catalina.core.ApplicationContext log
INFO: Marking servlet Login as unavailable
14 Feb, 2012 10:27:02 PM org.apache.catalina.core.StandardWrapperValve invoke
SEVERE: Allocate exception for servlet Login
java.lang.VerifyError: (class: com/yaid/user/Login, method: <init> signature: ()V) Constructor must call super() or this()
	at java.lang.Class.getDeclaredConstructors0(Native Method)
	at java.lang.Class.privateGetDeclaredConstructors(Class.java:2389)
	at java.lang.Class.getConstructor0(Class.java:2699)
	at java.lang.Class.newInstance0(Class.java:326)
	at java.lang.Class.newInstance(Class.java:308)
	at org.apache.catalina.core.StandardWrapper.loadServlet(StandardWrapper.java:1149)
	at org.apache.catalina.core.StandardWrapper.allocate(StandardWrapper.java:827)
	at org.apache.catalina.core.StandardWrapperValve.invoke(StandardWrapperValve.java:129)
	at org.apache.catalina.core.StandardContextValve.invoke(StandardContextValve.java:191)
	at org.apache.catalina.core.StandardHostValve.invoke(StandardHostValve.java:127)
	at org.apache.catalina.valves.ErrorReportValve.invoke(ErrorReportValve.java:102)
	at org.apache.catalina.core.StandardEngineValve.invoke(StandardEngineValve.java:109)
	at org.apache.catalina.connector.CoyoteAdapter.service(CoyoteAdapter.java:293)
	at org.apache.coyote.http11.Http11AprProcessor.process(Http11AprProcessor.java:877)
	at org.apache.coyote.http11.Http11AprProtocol$Http11ConnectionHandler.process(Http11AprProtocol.java:594)
	at org.apache.tomcat.util.net.AprEndpoint$Worker.run(AprEndpoint.java:1675)
	at java.lang.Thread.run(Thread.java:619)
14 Feb, 2012 10:27:11 PM org.apache.catalina.core.ApplicationContext log
INFO: Marking servlet ImageBytes as unavailable
14 Feb, 2012 10:27:11 PM org.apache.catalina.core.StandardWrapperValve invoke
SEVERE: Allocate exception for servlet ImageBytes
java.lang.VerifyError: (class: com/yaid/files/ImageBytes, method: <init> signature: ()V) Constructor must call super() or this()
	at java.lang.Class.getDeclaredConstructors0(Native Method)
	at java.lang.Class.privateGetDeclaredConstructors(Class.java:2389)
	at java.lang.Class.getConstructor0(Class.java:2699)
	at java.lang.Class.newInstance0(Class.java:326)
	at java.lang.Class.newInstance(Class.java:308)
	at org.apache.catalina.core.StandardWrapper.loadServlet(StandardWrapper.java:1149)
	at org.apache.catalina.core.StandardWrapper.allocate(StandardWrapper.java:827)
	at org.apache.catalina.core.StandardWrapperValve.invoke(StandardWrapperValve.java:129)
	at org.apache.catalina.core.StandardContextValve.invoke(StandardContextValve.java:191)
	at org.apache.catalina.core.StandardHostValve.invoke(StandardHostValve.java:127)
	at org.apache.catalina.valves.ErrorReportValve.invoke(ErrorReportValve.java:102)
	at org.apache.catalina.core.StandardEngineValve.invoke(StandardEngineValve.java:109)
	at org.apache.catalina.connector.CoyoteAdapter.service(CoyoteAdapter.java:293)
	at org.apache.coyote.http11.Http11AprProcessor.process(Http11AprProcessor.java:877)
	at org.apache.coyote.http11.Http11AprProtocol$Http11ConnectionHandler.process(Http11AprProtocol.java:594)
	at org.apache.tomcat.util.net.AprEndpoint$Worker.run(AprEndpoint.java:1675)
	at java.lang.Thread.run(Thread.java:619)
14 Feb, 2012 10:27:56 PM org.apache.catalina.core.StandardWrapperValve invoke
INFO: Servlet ImageBytes is currently unavailable
14 Feb, 2012 10:28:11 PM org.apache.catalina.core.StandardWrapperValve invoke
INFO: Servlet ImageBytes is currently unavailable
14 Feb, 2012 10:28:27 PM org.apache.catalina.core.StandardWrapperValve invoke
INFO: Servlet ImageBytes is currently unavailable
14 Feb, 2012 10:28:28 PM org.apache.catalina.core.StandardWrapperValve invoke
INFO: Servlet ImageBytes is currently unavailable
14 Feb, 2012 10:29:48 PM org.apache.catalina.core.ApplicationContext log
INFO: Marking servlet ImageBytes as unavailable
14 Feb, 2012 10:29:48 PM org.apache.catalina.core.ApplicationContext log
SEVERE: Error loading WebappClassLoader
  context: 
  delegate: false
  repositories:
    /WEB-INF/classes/
----------> Parent Classloader:
org.apache.catalina.loader.StandardClassLoader@1fee6fc
 com.yaid.files.ImageBytes
java.lang.ClassNotFoundException: com.yaid.files.ImageBytes
	at org.apache.catalina.loader.WebappClassLoader.loadClass(WebappClassLoader.java:1680)
	at org.apache.catalina.loader.WebappClassLoader.loadClass(WebappClassLoader.java:1526)
	at org.apache.catalina.core.StandardWrapper.loadServlet(StandardWrapper.java:1128)
	at org.apache.catalina.core.StandardWrapper.allocate(StandardWrapper.java:827)
	at org.apache.catalina.core.StandardWrapperValve.invoke(StandardWrapperValve.java:129)
	at org.apache.catalina.core.StandardContextValve.invoke(StandardContextValve.java:191)
	at org.apache.catalina.core.StandardHostValve.invoke(StandardHostValve.java:127)
	at org.apache.catalina.valves.ErrorReportValve.invoke(ErrorReportValve.java:102)
	at org.apache.catalina.core.StandardEngineValve.invoke(StandardEngineValve.java:109)
	at org.apache.catalina.connector.CoyoteAdapter.service(CoyoteAdapter.java:293)
	at org.apache.coyote.http11.Http11AprProcessor.process(Http11AprProcessor.java:877)
	at org.apache.coyote.http11.Http11AprProtocol$Http11ConnectionHandler.process(Http11AprProtocol.java:594)
	at org.apache.tomcat.util.net.AprEndpoint$Worker.run(AprEndpoint.java:1675)
	at java.lang.Thread.run(Thread.java:619)
14 Feb, 2012 10:29:48 PM org.apache.catalina.core.StandardWrapperValve invoke
SEVERE: Allocate exception for servlet ImageBytes
java.lang.ClassNotFoundException: com.yaid.files.ImageBytes
	at org.apache.catalina.loader.WebappClassLoader.loadClass(WebappClassLoader.java:1680)
	at org.apache.catalina.loader.WebappClassLoader.loadClass(WebappClassLoader.java:1526)
	at org.apache.catalina.core.StandardWrapper.loadServlet(StandardWrapper.java:1128)
	at org.apache.catalina.core.StandardWrapper.allocate(StandardWrapper.java:827)
	at org.apache.catalina.core.StandardWrapperValve.invoke(StandardWrapperValve.java:129)
	at org.apache.catalina.core.StandardContextValve.invoke(StandardContextValve.java:191)
	at org.apache.catalina.core.StandardHostValve.invoke(StandardHostValve.java:127)
	at org.apache.catalina.valves.ErrorReportValve.invoke(ErrorReportValve.java:102)
	at org.apache.catalina.core.StandardEngineValve.invoke(StandardEngineValve.java:109)
	at org.apache.catalina.connector.CoyoteAdapter.service(CoyoteAdapter.java:293)
	at org.apache.coyote.http11.Http11AprProcessor.process(Http11AprProcessor.java:877)
	at org.apache.coyote.http11.Http11AprProtocol$Http11ConnectionHandler.process(Http11AprProtocol.java:594)
	at org.apache.tomcat.util.net.AprEndpoint$Worker.run(AprEndpoint.java:1675)
	at java.lang.Thread.run(Thread.java:619)
14 Feb, 2012 10:33:24 PM org.apache.catalina.core.ApplicationContext log
INFO: Marking servlet Login as unavailable
14 Feb, 2012 10:33:24 PM org.apache.catalina.core.StandardWrapperValve invoke
SEVERE: Allocate exception for servlet Login
java.lang.VerifyError: (class: com/yaid/user/Login, method: <init> signature: ()V) Constructor must call super() or this()
	at java.lang.Class.getDeclaredConstructors0(Native Method)
	at java.lang.Class.privateGetDeclaredConstructors(Class.java:2389)
	at java.lang.Class.getConstructor0(Class.java:2699)
	at java.lang.Class.newInstance0(Class.java:326)
	at java.lang.Class.newInstance(Class.java:308)
	at org.apache.catalina.core.StandardWrapper.loadServlet(StandardWrapper.java:1149)
	at org.apache.catalina.core.StandardWrapper.allocate(StandardWrapper.java:827)
	at org.apache.catalina.core.StandardWrapperValve.invoke(StandardWrapperValve.java:129)
	at org.apache.catalina.core.StandardContextValve.invoke(StandardContextValve.java:191)
	at org.apache.catalina.core.StandardHostValve.invoke(StandardHostValve.java:127)
	at org.apache.catalina.valves.ErrorReportValve.invoke(ErrorReportValve.java:102)
	at org.apache.catalina.core.StandardEngineValve.invoke(StandardEngineValve.java:109)
	at org.apache.catalina.connector.CoyoteAdapter.service(CoyoteAdapter.java:293)
	at org.apache.coyote.http11.Http11AprProcessor.process(Http11AprProcessor.java:877)
	at org.apache.coyote.http11.Http11AprProtocol$Http11ConnectionHandler.process(Http11AprProtocol.java:594)
	at org.apache.tomcat.util.net.AprEndpoint$Worker.run(AprEndpoint.java:1675)
	at java.lang.Thread.run(Thread.java:619)
14 Feb, 2012 10:33:27 PM org.apache.catalina.core.StandardWrapperValve invoke
INFO: Servlet Login is currently unavailable
14 Feb, 2012 10:33:59 PM org.apache.catalina.core.ApplicationContext log
INFO: Marking servlet Login as unavailable
14 Feb, 2012 10:33:59 PM org.apache.catalina.core.StandardWrapperValve invoke
SEVERE: Allocate exception for servlet Login
java.lang.VerifyError: (class: com/yaid/user/Login, method: <init> signature: ()V) Constructor must call super() or this()
	at java.lang.Class.getDeclaredConstructors0(Native Method)
	at java.lang.Class.privateGetDeclaredConstructors(Class.java:2389)
	at java.lang.Class.getConstructor0(Class.java:2699)
	at java.lang.Class.newInstance0(Class.java:326)
	at java.lang.Class.newInstance(Class.java:308)
	at org.apache.catalina.core.StandardWrapper.loadServlet(StandardWrapper.java:1149)
	at org.apache.catalina.core.StandardWrapper.allocate(StandardWrapper.java:827)
	at org.apache.catalina.core.StandardWrapperValve.invoke(StandardWrapperValve.java:129)
	at org.apache.catalina.core.StandardContextValve.invoke(StandardContextValve.java:191)
	at org.apache.catalina.core.StandardHostValve.invoke(StandardHostValve.java:127)
	at org.apache.catalina.valves.ErrorReportValve.invoke(ErrorReportValve.java:102)
	at org.apache.catalina.core.StandardEngineValve.invoke(StandardEngineValve.java:109)
	at org.apache.catalina.connector.CoyoteAdapter.service(CoyoteAdapter.java:293)
	at org.apache.coyote.http11.Http11AprProcessor.process(Http11AprProcessor.java:877)
	at org.apache.coyote.http11.Http11AprProtocol$Http11ConnectionHandler.process(Http11AprProtocol.java:594)
	at org.apache.tomcat.util.net.AprEndpoint$Worker.run(AprEndpoint.java:1675)
	at java.lang.Thread.run(Thread.java:619)
14 Feb, 2012 10:34:01 PM org.apache.catalina.core.StandardWrapperValve invoke
INFO: Servlet Login is currently unavailable
14 Feb, 2012 10:34:43 PM org.apache.catalina.core.ApplicationContext log
INFO: Marking servlet Login as unavailable
14 Feb, 2012 10:34:43 PM org.apache.catalina.core.StandardWrapperValve invoke
SEVERE: Allocate exception for servlet Login
java.lang.VerifyError: (class: com/yaid/user/Login, method: <init> signature: ()V) Constructor must call super() or this()
	at java.lang.Class.getDeclaredConstructors0(Native Method)
	at java.lang.Class.privateGetDeclaredConstructors(Class.java:2389)
	at java.lang.Class.getConstructor0(Class.java:2699)
	at java.lang.Class.newInstance0(Class.java:326)
	at java.lang.Class.newInstance(Class.java:308)
	at org.apache.catalina.core.StandardWrapper.loadServlet(StandardWrapper.java:1149)
	at org.apache.catalina.core.StandardWrapper.allocate(StandardWrapper.java:827)
	at org.apache.catalina.core.StandardWrapperValve.invoke(StandardWrapperValve.java:129)
	at org.apache.catalina.core.StandardContextValve.invoke(StandardContextValve.java:191)
	at org.apache.catalina.core.StandardHostValve.invoke(StandardHostValve.java:127)
	at org.apache.catalina.valves.ErrorReportValve.invoke(ErrorReportValve.java:102)
	at org.apache.catalina.core.StandardEngineValve.invoke(StandardEngineValve.java:109)
	at org.apache.catalina.connector.CoyoteAdapter.service(CoyoteAdapter.java:293)
	at org.apache.coyote.http11.Http11AprProcessor.process(Http11AprProcessor.java:877)
	at org.apache.coyote.http11.Http11AprProtocol$Http11ConnectionHandler.process(Http11AprProtocol.java:594)
	at org.apache.tomcat.util.net.AprEndpoint$Worker.run(AprEndpoint.java:1675)
	at java.lang.Thread.run(Thread.java:619)
14 Feb, 2012 10:37:36 PM org.apache.catalina.core.StandardWrapperValve invoke
SEVERE: Servlet.service() for servlet Logout threw exception
java.lang.IllegalStateException
	at org.apache.catalina.connector.ResponseFacade.sendRedirect(ResponseFacade.java:435)
	at com.yaid.user.Logout.doPost(Logout.java:74)
	at javax.servlet.http.HttpServlet.service(HttpServlet.java:637)
	at javax.servlet.http.HttpServlet.service(HttpServlet.java:717)
	at org.apache.catalina.core.ApplicationFilterChain.internalDoFilter(ApplicationFilterChain.java:290)
	at org.apache.catalina.core.ApplicationFilterChain.doFilter(ApplicationFilterChain.java:206)
	at org.apache.catalina.core.StandardWrapperValve.invoke(StandardWrapperValve.java:233)
	at org.apache.catalina.core.StandardContextValve.invoke(StandardContextValve.java:191)
	at org.apache.catalina.core.StandardHostValve.invoke(StandardHostValve.java:127)
	at org.apache.catalina.valves.ErrorReportValve.invoke(ErrorReportValve.java:102)
	at org.apache.catalina.core.StandardEngineValve.invoke(StandardEngineValve.java:109)
	at org.apache.catalina.connector.CoyoteAdapter.service(CoyoteAdapter.java:293)
	at org.apache.coyote.http11.Http11AprProcessor.process(Http11AprProcessor.java:877)
	at org.apache.coyote.http11.Http11AprProtocol$Http11ConnectionHandler.process(Http11AprProtocol.java:594)
	at org.apache.tomcat.util.net.AprEndpoint$Worker.run(AprEndpoint.java:1675)
	at java.lang.Thread.run(Thread.java:619)
14 Feb, 2012 10:40:59 PM org.apache.catalina.core.StandardWrapperValve invoke
SEVERE: Servlet.service() for servlet Logout threw exception
java.lang.IllegalStateException
	at org.apache.catalina.connector.ResponseFacade.sendRedirect(ResponseFacade.java:435)
	at com.yaid.user.Logout.doPost(Logout.java:74)
	at javax.servlet.http.HttpServlet.service(HttpServlet.java:637)
	at javax.servlet.http.HttpServlet.service(HttpServlet.java:717)
	at org.apache.catalina.core.ApplicationFilterChain.internalDoFilter(ApplicationFilterChain.java:290)
	at org.apache.catalina.core.ApplicationFilterChain.doFilter(ApplicationFilterChain.java:206)
	at org.apache.catalina.core.StandardWrapperValve.invoke(StandardWrapperValve.java:233)
	at org.apache.catalina.core.StandardContextValve.invoke(StandardContextValve.java:191)
	at org.apache.catalina.core.StandardHostValve.invoke(StandardHostValve.java:127)
	at org.apache.catalina.valves.ErrorReportValve.invoke(ErrorReportValve.java:102)
	at org.apache.catalina.core.StandardEngineValve.invoke(StandardEngineValve.java:109)
	at org.apache.catalina.connector.CoyoteAdapter.service(CoyoteAdapter.java:293)
	at org.apache.coyote.http11.Http11AprProcessor.process(Http11AprProcessor.java:877)
	at org.apache.coyote.http11.Http11AprProtocol$Http11ConnectionHandler.process(Http11AprProtocol.java:594)
	at org.apache.tomcat.util.net.AprEndpoint$Worker.run(AprEndpoint.java:1675)
	at java.lang.Thread.run(Thread.java:619)
14 Feb, 2012 10:41:34 PM org.apache.catalina.core.StandardWrapperValve invoke
SEVERE: Servlet.service() for servlet Logout threw exception
java.lang.IllegalStateException
	at org.apache.catalina.connector.ResponseFacade.sendRedirect(ResponseFacade.java:435)
	at com.yaid.user.Logout.doPost(Logout.java:74)
	at javax.servlet.http.HttpServlet.service(HttpServlet.java:637)
	at javax.servlet.http.HttpServlet.service(HttpServlet.java:717)
	at org.apache.catalina.core.ApplicationFilterChain.internalDoFilter(ApplicationFilterChain.java:290)
	at org.apache.catalina.core.ApplicationFilterChain.doFilter(ApplicationFilterChain.java:206)
	at org.apache.catalina.core.StandardWrapperValve.invoke(StandardWrapperValve.java:233)
	at org.apache.catalina.core.StandardContextValve.invoke(StandardContextValve.java:191)
	at org.apache.catalina.core.StandardHostValve.invoke(StandardHostValve.java:127)
	at org.apache.catalina.valves.ErrorReportValve.invoke(ErrorReportValve.java:102)
	at org.apache.catalina.core.StandardEngineValve.invoke(StandardEngineValve.java:109)
	at org.apache.catalina.connector.CoyoteAdapter.service(CoyoteAdapter.java:293)
	at org.apache.coyote.http11.Http11AprProcessor.process(Http11AprProcessor.java:877)
	at org.apache.coyote.http11.Http11AprProtocol$Http11ConnectionHandler.process(Http11AprProtocol.java:594)
	at org.apache.tomcat.util.net.AprEndpoint$Worker.run(AprEndpoint.java:1675)
	at java.lang.Thread.run(Thread.java:619)
14 Feb, 2012 10:42:31 PM org.apache.catalina.core.StandardWrapperValve invoke
SEVERE: Servlet.service() for servlet Logout threw exception
java.lang.IllegalStateException
	at org.apache.catalina.connector.ResponseFacade.sendRedirect(ResponseFacade.java:435)
	at com.yaid.user.Logout.doPost(Logout.java:75)
	at javax.servlet.http.HttpServlet.service(HttpServlet.java:637)
	at javax.servlet.http.HttpServlet.service(HttpServlet.java:717)
	at org.apache.catalina.core.ApplicationFilterChain.internalDoFilter(ApplicationFilterChain.java:290)
	at org.apache.catalina.core.ApplicationFilterChain.doFilter(ApplicationFilterChain.java:206)
	at org.apache.catalina.core.StandardWrapperValve.invoke(StandardWrapperValve.java:233)
	at org.apache.catalina.core.StandardContextValve.invoke(StandardContextValve.java:191)
	at org.apache.catalina.core.StandardHostValve.invoke(StandardHostValve.java:127)
	at org.apache.catalina.valves.ErrorReportValve.invoke(ErrorReportValve.java:102)
	at org.apache.catalina.core.StandardEngineValve.invoke(StandardEngineValve.java:109)
	at org.apache.catalina.connector.CoyoteAdapter.service(CoyoteAdapter.java:293)
	at org.apache.coyote.http11.Http11AprProcessor.process(Http11AprProcessor.java:877)
	at org.apache.coyote.http11.Http11AprProtocol$Http11ConnectionHandler.process(Http11AprProtocol.java:594)
	at org.apache.tomcat.util.net.AprEndpoint$Worker.run(AprEndpoint.java:1675)
	at java.lang.Thread.run(Thread.java:619)
14 Feb, 2012 10:42:59 PM org.apache.catalina.core.StandardWrapperValve invoke
SEVERE: Servlet.service() for servlet Logout threw exception
java.lang.IllegalStateException
	at org.apache.catalina.connector.ResponseFacade.sendRedirect(ResponseFacade.java:435)
	at com.yaid.user.Logout.doPost(Logout.java:75)
	at javax.servlet.http.HttpServlet.service(HttpServlet.java:637)
	at javax.servlet.http.HttpServlet.service(HttpServlet.java:717)
	at org.apache.catalina.core.ApplicationFilterChain.internalDoFilter(ApplicationFilterChain.java:290)
	at org.apache.catalina.core.ApplicationFilterChain.doFilter(ApplicationFilterChain.java:206)
	at org.apache.catalina.core.StandardWrapperValve.invoke(StandardWrapperValve.java:233)
	at org.apache.catalina.core.StandardContextValve.invoke(StandardContextValve.java:191)
	at org.apache.catalina.core.StandardHostValve.invoke(StandardHostValve.java:127)
	at org.apache.catalina.valves.ErrorReportValve.invoke(ErrorReportValve.java:102)
	at org.apache.catalina.core.StandardEngineValve.invoke(StandardEngineValve.java:109)
	at org.apache.catalina.connector.CoyoteAdapter.service(CoyoteAdapter.java:293)
	at org.apache.coyote.http11.Http11AprProcessor.process(Http11AprProcessor.java:877)
	at org.apache.coyote.http11.Http11AprProtocol$Http11ConnectionHandler.process(Http11AprProtocol.java:594)
	at org.apache.tomcat.util.net.AprEndpoint$Worker.run(AprEndpoint.java:1675)
	at java.lang.Thread.run(Thread.java:619)
14 Feb, 2012 11:41:50 PM org.apache.catalina.core.ApplicationContext log
INFO: SessionListener: contextDestroyed()
14 Feb, 2012 11:41:50 PM org.apache.catalina.core.ApplicationContext log
INFO: ContextListener: contextDestroyed()
