13 Jan, 2012 11:41:52 AM org.apache.catalina.core.ApplicationContext log
INFO: ContextListener: contextInitialized()
13 Jan, 2012 11:41:52 AM org.apache.catalina.core.ApplicationContext log
INFO: SessionListener: contextInitialized()
13 Jan, 2012 11:50:17 AM org.apache.catalina.core.ApplicationContext log
INFO: SessionListener: contextDestroyed()
13 Jan, 2012 11:50:17 AM org.apache.catalina.core.ApplicationContext log
INFO: ContextListener: contextDestroyed()
13 Jan, 2012 3:06:01 PM org.apache.catalina.core.ApplicationContext log
INFO: ContextListener: contextInitialized()
13 Jan, 2012 3:06:01 PM org.apache.catalina.core.ApplicationContext log
INFO: SessionListener: contextInitialized()
13 Jan, 2012 3:07:47 PM org.apache.catalina.core.ApplicationContext log
INFO: SessionListener: contextDestroyed()
13 Jan, 2012 3:07:47 PM org.apache.catalina.core.ApplicationContext log
INFO: ContextListener: contextDestroyed()
13 Jan, 2012 3:10:03 PM org.apache.catalina.core.ApplicationContext log
INFO: ContextListener: contextInitialized()
13 Jan, 2012 3:10:03 PM org.apache.catalina.core.ApplicationContext log
INFO: SessionListener: contextInitialized()
13 Jan, 2012 3:12:09 PM org.apache.catalina.core.ApplicationContext log
INFO: SessionListener: contextDestroyed()
13 Jan, 2012 3:12:09 PM org.apache.catalina.core.ApplicationContext log
INFO: ContextListener: contextDestroyed()
13 Jan, 2012 3:13:04 PM org.apache.catalina.core.ApplicationContext log
INFO: ContextListener: contextInitialized()
13 Jan, 2012 3:13:04 PM org.apache.catalina.core.ApplicationContext log
INFO: SessionListener: contextInitialized()
13 Jan, 2012 3:56:23 PM org.apache.catalina.core.ApplicationContext log
INFO: SessionListener: contextDestroyed()
13 Jan, 2012 3:56:23 PM org.apache.catalina.core.ApplicationContext log
INFO: ContextListener: contextDestroyed()
13 Jan, 2012 3:56:28 PM org.apache.catalina.core.ApplicationContext log
INFO: ContextListener: contextInitialized()
13 Jan, 2012 3:56:28 PM org.apache.catalina.core.ApplicationContext log
INFO: SessionListener: contextInitialized()
13 Jan, 2012 3:59:10 PM org.apache.catalina.core.ApplicationContext log
INFO: SessionListener: contextDestroyed()
13 Jan, 2012 3:59:10 PM org.apache.catalina.core.ApplicationContext log
INFO: ContextListener: contextDestroyed()
