16 Feb, 2012 12:07:31 AM org.apache.catalina.core.ApplicationContext log
INFO: SessionListener: contextDestroyed()
16 Feb, 2012 12:07:31 AM org.apache.catalina.core.ApplicationContext log
INFO: ContextListener: contextDestroyed()
16 Feb, 2012 12:30:47 AM org.apache.catalina.core.ApplicationContext log
INFO: ContextListener: contextInitialized()
16 Feb, 2012 12:30:47 AM org.apache.catalina.core.ApplicationContext log
INFO: SessionListener: contextInitialized()
16 Feb, 2012 12:31:57 AM org.apache.catalina.core.ApplicationContext log
INFO: Marking servlet ImageBytes as unavailable
16 Feb, 2012 12:31:57 AM org.apache.catalina.core.StandardWrapperValve invoke
SEVERE: Allocate exception for servlet ImageBytes
java.lang.VerifyError: (class: com/yaid/files/ImageBytes, method: <init> signature: ()V) Constructor must call super() or this()
	at java.lang.Class.getDeclaredConstructors0(Native Method)
	at java.lang.Class.privateGetDeclaredConstructors(Class.java:2389)
	at java.lang.Class.getConstructor0(Class.java:2699)
	at java.lang.Class.newInstance0(Class.java:326)
	at java.lang.Class.newInstance(Class.java:308)
	at org.apache.catalina.core.StandardWrapper.loadServlet(StandardWrapper.java:1149)
	at org.apache.catalina.core.StandardWrapper.allocate(StandardWrapper.java:827)
	at org.apache.catalina.core.StandardWrapperValve.invoke(StandardWrapperValve.java:129)
	at org.apache.catalina.core.StandardContextValve.invoke(StandardContextValve.java:191)
	at org.apache.catalina.core.StandardHostValve.invoke(StandardHostValve.java:127)
	at org.apache.catalina.valves.ErrorReportValve.invoke(ErrorReportValve.java:102)
	at org.apache.catalina.core.StandardEngineValve.invoke(StandardEngineValve.java:109)
	at org.apache.catalina.connector.CoyoteAdapter.service(CoyoteAdapter.java:293)
	at org.apache.coyote.http11.Http11AprProcessor.process(Http11AprProcessor.java:877)
	at org.apache.coyote.http11.Http11AprProtocol$Http11ConnectionHandler.process(Http11AprProtocol.java:594)
	at org.apache.tomcat.util.net.AprEndpoint$Worker.run(AprEndpoint.java:1675)
	at java.lang.Thread.run(Thread.java:619)
16 Feb, 2012 12:32:00 AM org.apache.catalina.core.ApplicationContext log
INFO: Marking servlet Logout as unavailable
16 Feb, 2012 12:32:00 AM org.apache.catalina.core.StandardWrapperValve invoke
SEVERE: Allocate exception for servlet Logout
java.lang.VerifyError: (class: com/yaid/user/Logout, method: <init> signature: ()V) Constructor must call super() or this()
	at java.lang.Class.getDeclaredConstructors0(Native Method)
	at java.lang.Class.privateGetDeclaredConstructors(Class.java:2389)
	at java.lang.Class.getConstructor0(Class.java:2699)
	at java.lang.Class.newInstance0(Class.java:326)
	at java.lang.Class.newInstance(Class.java:308)
	at org.apache.catalina.core.StandardWrapper.loadServlet(StandardWrapper.java:1149)
	at org.apache.catalina.core.StandardWrapper.allocate(StandardWrapper.java:827)
	at org.apache.catalina.core.StandardWrapperValve.invoke(StandardWrapperValve.java:129)
	at org.apache.catalina.core.StandardContextValve.invoke(StandardContextValve.java:191)
	at org.apache.catalina.core.StandardHostValve.invoke(StandardHostValve.java:127)
	at org.apache.catalina.valves.ErrorReportValve.invoke(ErrorReportValve.java:102)
	at org.apache.catalina.core.StandardEngineValve.invoke(StandardEngineValve.java:109)
	at org.apache.catalina.connector.CoyoteAdapter.service(CoyoteAdapter.java:293)
	at org.apache.coyote.http11.Http11AprProcessor.process(Http11AprProcessor.java:877)
	at org.apache.coyote.http11.Http11AprProtocol$Http11ConnectionHandler.process(Http11AprProtocol.java:594)
	at org.apache.tomcat.util.net.AprEndpoint$Worker.run(AprEndpoint.java:1675)
	at java.lang.Thread.run(Thread.java:619)
16 Feb, 2012 12:32:43 AM org.apache.catalina.core.StandardWrapperValve invoke
INFO: Servlet ImageBytes is currently unavailable
16 Feb, 2012 12:32:46 AM org.apache.catalina.core.StandardWrapperValve invoke
INFO: Servlet Logout is currently unavailable
16 Feb, 2012 12:34:02 AM org.apache.catalina.core.ApplicationContext log
INFO: Marking servlet ImageBytes as unavailable
16 Feb, 2012 12:34:02 AM org.apache.catalina.core.StandardWrapperValve invoke
SEVERE: Allocate exception for servlet ImageBytes
java.lang.VerifyError: (class: com/yaid/files/ImageBytes, method: <init> signature: ()V) Constructor must call super() or this()
	at java.lang.Class.getDeclaredConstructors0(Native Method)
	at java.lang.Class.privateGetDeclaredConstructors(Class.java:2389)
	at java.lang.Class.getConstructor0(Class.java:2699)
	at java.lang.Class.newInstance0(Class.java:326)
	at java.lang.Class.newInstance(Class.java:308)
	at org.apache.catalina.core.StandardWrapper.loadServlet(StandardWrapper.java:1149)
	at org.apache.catalina.core.StandardWrapper.allocate(StandardWrapper.java:827)
	at org.apache.catalina.core.StandardWrapperValve.invoke(StandardWrapperValve.java:129)
	at org.apache.catalina.core.StandardContextValve.invoke(StandardContextValve.java:191)
	at org.apache.catalina.core.StandardHostValve.invoke(StandardHostValve.java:127)
	at org.apache.catalina.valves.ErrorReportValve.invoke(ErrorReportValve.java:102)
	at org.apache.catalina.core.StandardEngineValve.invoke(StandardEngineValve.java:109)
	at org.apache.catalina.connector.CoyoteAdapter.service(CoyoteAdapter.java:293)
	at org.apache.coyote.http11.Http11AprProcessor.process(Http11AprProcessor.java:877)
	at org.apache.coyote.http11.Http11AprProtocol$Http11ConnectionHandler.process(Http11AprProtocol.java:594)
	at org.apache.tomcat.util.net.AprEndpoint$Worker.run(AprEndpoint.java:1675)
	at java.lang.Thread.run(Thread.java:619)
16 Feb, 2012 12:34:03 AM org.apache.catalina.core.StandardWrapperValve invoke
SEVERE: Servlet.service() for servlet Logout threw exception
java.lang.IllegalStateException
	at org.apache.catalina.connector.ResponseFacade.sendRedirect(ResponseFacade.java:435)
	at com.yaid.user.Logout.doPost(Logout.java:76)
	at javax.servlet.http.HttpServlet.service(HttpServlet.java:637)
	at javax.servlet.http.HttpServlet.service(HttpServlet.java:717)
	at org.apache.catalina.core.ApplicationFilterChain.internalDoFilter(ApplicationFilterChain.java:290)
	at org.apache.catalina.core.ApplicationFilterChain.doFilter(ApplicationFilterChain.java:206)
	at org.apache.catalina.core.StandardWrapperValve.invoke(StandardWrapperValve.java:233)
	at org.apache.catalina.core.StandardContextValve.invoke(StandardContextValve.java:191)
	at org.apache.catalina.core.StandardHostValve.invoke(StandardHostValve.java:127)
	at org.apache.catalina.valves.ErrorReportValve.invoke(ErrorReportValve.java:102)
	at org.apache.catalina.core.StandardEngineValve.invoke(StandardEngineValve.java:109)
	at org.apache.catalina.connector.CoyoteAdapter.service(CoyoteAdapter.java:293)
	at org.apache.coyote.http11.Http11AprProcessor.process(Http11AprProcessor.java:877)
	at org.apache.coyote.http11.Http11AprProtocol$Http11ConnectionHandler.process(Http11AprProtocol.java:594)
	at org.apache.tomcat.util.net.AprEndpoint$Worker.run(AprEndpoint.java:1675)
	at java.lang.Thread.run(Thread.java:619)
16 Feb, 2012 12:34:54 AM org.apache.catalina.core.ApplicationContext log
INFO: Marking servlet ImageBytes as unavailable
16 Feb, 2012 12:34:54 AM org.apache.catalina.core.StandardWrapperValve invoke
SEVERE: Allocate exception for servlet ImageBytes
java.lang.VerifyError: (class: com/yaid/files/ImageBytes, method: <init> signature: ()V) Constructor must call super() or this()
	at java.lang.Class.getDeclaredConstructors0(Native Method)
	at java.lang.Class.privateGetDeclaredConstructors(Class.java:2389)
	at java.lang.Class.getConstructor0(Class.java:2699)
	at java.lang.Class.newInstance0(Class.java:326)
	at java.lang.Class.newInstance(Class.java:308)
	at org.apache.catalina.core.StandardWrapper.loadServlet(StandardWrapper.java:1149)
	at org.apache.catalina.core.StandardWrapper.allocate(StandardWrapper.java:827)
	at org.apache.catalina.core.StandardWrapperValve.invoke(StandardWrapperValve.java:129)
	at org.apache.catalina.core.StandardContextValve.invoke(StandardContextValve.java:191)
	at org.apache.catalina.core.StandardHostValve.invoke(StandardHostValve.java:127)
	at org.apache.catalina.valves.ErrorReportValve.invoke(ErrorReportValve.java:102)
	at org.apache.catalina.core.StandardEngineValve.invoke(StandardEngineValve.java:109)
	at org.apache.catalina.connector.CoyoteAdapter.service(CoyoteAdapter.java:293)
	at org.apache.coyote.http11.Http11AprProcessor.process(Http11AprProcessor.java:877)
	at org.apache.coyote.http11.Http11AprProtocol$Http11ConnectionHandler.process(Http11AprProtocol.java:594)
	at org.apache.tomcat.util.net.AprEndpoint$Worker.run(AprEndpoint.java:1675)
	at java.lang.Thread.run(Thread.java:619)
16 Feb, 2012 12:34:56 AM org.apache.catalina.core.StandardWrapperValve invoke
SEVERE: Servlet.service() for servlet Logout threw exception
java.lang.IllegalStateException
	at org.apache.catalina.connector.ResponseFacade.sendRedirect(ResponseFacade.java:435)
	at com.yaid.user.Logout.doPost(Logout.java:77)
	at javax.servlet.http.HttpServlet.service(HttpServlet.java:637)
	at javax.servlet.http.HttpServlet.service(HttpServlet.java:717)
	at org.apache.catalina.core.ApplicationFilterChain.internalDoFilter(ApplicationFilterChain.java:290)
	at org.apache.catalina.core.ApplicationFilterChain.doFilter(ApplicationFilterChain.java:206)
	at org.apache.catalina.core.StandardWrapperValve.invoke(StandardWrapperValve.java:233)
	at org.apache.catalina.core.StandardContextValve.invoke(StandardContextValve.java:191)
	at org.apache.catalina.core.StandardHostValve.invoke(StandardHostValve.java:127)
	at org.apache.catalina.valves.ErrorReportValve.invoke(ErrorReportValve.java:102)
	at org.apache.catalina.core.StandardEngineValve.invoke(StandardEngineValve.java:109)
	at org.apache.catalina.connector.CoyoteAdapter.service(CoyoteAdapter.java:293)
	at org.apache.coyote.http11.Http11AprProcessor.process(Http11AprProcessor.java:877)
	at org.apache.coyote.http11.Http11AprProtocol$Http11ConnectionHandler.process(Http11AprProtocol.java:594)
	at org.apache.tomcat.util.net.AprEndpoint$Worker.run(AprEndpoint.java:1675)
	at java.lang.Thread.run(Thread.java:619)
16 Feb, 2012 12:35:47 AM org.apache.catalina.core.ApplicationContext log
INFO: Marking servlet ImageBytes as unavailable
16 Feb, 2012 12:35:47 AM org.apache.catalina.core.StandardWrapperValve invoke
SEVERE: Allocate exception for servlet ImageBytes
java.lang.VerifyError: (class: com/yaid/files/ImageBytes, method: <init> signature: ()V) Constructor must call super() or this()
	at java.lang.Class.getDeclaredConstructors0(Native Method)
	at java.lang.Class.privateGetDeclaredConstructors(Class.java:2389)
	at java.lang.Class.getConstructor0(Class.java:2699)
	at java.lang.Class.newInstance0(Class.java:326)
	at java.lang.Class.newInstance(Class.java:308)
	at org.apache.catalina.core.StandardWrapper.loadServlet(StandardWrapper.java:1149)
	at org.apache.catalina.core.StandardWrapper.allocate(StandardWrapper.java:827)
	at org.apache.catalina.core.StandardWrapperValve.invoke(StandardWrapperValve.java:129)
	at org.apache.catalina.core.StandardContextValve.invoke(StandardContextValve.java:191)
	at org.apache.catalina.core.StandardHostValve.invoke(StandardHostValve.java:127)
	at org.apache.catalina.valves.ErrorReportValve.invoke(ErrorReportValve.java:102)
	at org.apache.catalina.core.StandardEngineValve.invoke(StandardEngineValve.java:109)
	at org.apache.catalina.connector.CoyoteAdapter.service(CoyoteAdapter.java:293)
	at org.apache.coyote.http11.Http11AprProcessor.process(Http11AprProcessor.java:877)
	at org.apache.coyote.http11.Http11AprProtocol$Http11ConnectionHandler.process(Http11AprProtocol.java:594)
	at org.apache.tomcat.util.net.AprEndpoint$Worker.run(AprEndpoint.java:1675)
	at java.lang.Thread.run(Thread.java:619)
16 Feb, 2012 12:35:49 AM org.apache.catalina.core.StandardWrapperValve invoke
SEVERE: Servlet.service() for servlet Logout threw exception
java.lang.IllegalStateException
	at org.apache.catalina.connector.ResponseFacade.sendRedirect(ResponseFacade.java:435)
	at com.yaid.user.Logout.doPost(Logout.java:77)
	at javax.servlet.http.HttpServlet.service(HttpServlet.java:637)
	at javax.servlet.http.HttpServlet.service(HttpServlet.java:717)
	at org.apache.catalina.core.ApplicationFilterChain.internalDoFilter(ApplicationFilterChain.java:290)
	at org.apache.catalina.core.ApplicationFilterChain.doFilter(ApplicationFilterChain.java:206)
	at org.apache.catalina.core.StandardWrapperValve.invoke(StandardWrapperValve.java:233)
	at org.apache.catalina.core.StandardContextValve.invoke(StandardContextValve.java:191)
	at org.apache.catalina.core.StandardHostValve.invoke(StandardHostValve.java:127)
	at org.apache.catalina.valves.ErrorReportValve.invoke(ErrorReportValve.java:102)
	at org.apache.catalina.core.StandardEngineValve.invoke(StandardEngineValve.java:109)
	at org.apache.catalina.connector.CoyoteAdapter.service(CoyoteAdapter.java:293)
	at org.apache.coyote.http11.Http11AprProcessor.process(Http11AprProcessor.java:877)
	at org.apache.coyote.http11.Http11AprProtocol$Http11ConnectionHandler.process(Http11AprProtocol.java:594)
	at org.apache.tomcat.util.net.AprEndpoint$Worker.run(AprEndpoint.java:1675)
	at java.lang.Thread.run(Thread.java:619)
16 Feb, 2012 12:38:28 AM org.apache.catalina.core.ApplicationContext log
INFO: Marking servlet ImageBytes as unavailable
16 Feb, 2012 12:38:28 AM org.apache.catalina.core.StandardWrapperValve invoke
SEVERE: Allocate exception for servlet ImageBytes
java.lang.VerifyError: (class: com/yaid/files/ImageBytes, method: <init> signature: ()V) Constructor must call super() or this()
	at java.lang.Class.getDeclaredConstructors0(Native Method)
	at java.lang.Class.privateGetDeclaredConstructors(Class.java:2389)
	at java.lang.Class.getConstructor0(Class.java:2699)
	at java.lang.Class.newInstance0(Class.java:326)
	at java.lang.Class.newInstance(Class.java:308)
	at org.apache.catalina.core.StandardWrapper.loadServlet(StandardWrapper.java:1149)
	at org.apache.catalina.core.StandardWrapper.allocate(StandardWrapper.java:827)
	at org.apache.catalina.core.StandardWrapperValve.invoke(StandardWrapperValve.java:129)
	at org.apache.catalina.core.StandardContextValve.invoke(StandardContextValve.java:191)
	at org.apache.catalina.core.StandardHostValve.invoke(StandardHostValve.java:127)
	at org.apache.catalina.valves.ErrorReportValve.invoke(ErrorReportValve.java:102)
	at org.apache.catalina.core.StandardEngineValve.invoke(StandardEngineValve.java:109)
	at org.apache.catalina.connector.CoyoteAdapter.service(CoyoteAdapter.java:293)
	at org.apache.coyote.http11.Http11AprProcessor.process(Http11AprProcessor.java:877)
	at org.apache.coyote.http11.Http11AprProtocol$Http11ConnectionHandler.process(Http11AprProtocol.java:594)
	at org.apache.tomcat.util.net.AprEndpoint$Worker.run(AprEndpoint.java:1675)
	at java.lang.Thread.run(Thread.java:619)
16 Feb, 2012 12:38:30 AM org.apache.catalina.core.StandardWrapperValve invoke
SEVERE: Servlet.service() for servlet Logout threw exception
java.lang.IllegalStateException
	at org.apache.catalina.connector.ResponseFacade.sendRedirect(ResponseFacade.java:435)
	at com.yaid.user.Logout.doPost(Logout.java:77)
	at javax.servlet.http.HttpServlet.service(HttpServlet.java:637)
	at javax.servlet.http.HttpServlet.service(HttpServlet.java:717)
	at org.apache.catalina.core.ApplicationFilterChain.internalDoFilter(ApplicationFilterChain.java:290)
	at org.apache.catalina.core.ApplicationFilterChain.doFilter(ApplicationFilterChain.java:206)
	at org.apache.catalina.core.StandardWrapperValve.invoke(StandardWrapperValve.java:233)
	at org.apache.catalina.core.StandardContextValve.invoke(StandardContextValve.java:191)
	at org.apache.catalina.core.StandardHostValve.invoke(StandardHostValve.java:127)
	at org.apache.catalina.valves.ErrorReportValve.invoke(ErrorReportValve.java:102)
	at org.apache.catalina.core.StandardEngineValve.invoke(StandardEngineValve.java:109)
	at org.apache.catalina.connector.CoyoteAdapter.service(CoyoteAdapter.java:293)
	at org.apache.coyote.http11.Http11AprProcessor.process(Http11AprProcessor.java:877)
	at org.apache.coyote.http11.Http11AprProtocol$Http11ConnectionHandler.process(Http11AprProtocol.java:594)
	at org.apache.tomcat.util.net.AprEndpoint$Worker.run(AprEndpoint.java:1675)
	at java.lang.Thread.run(Thread.java:619)
16 Feb, 2012 12:39:01 AM org.apache.catalina.core.ApplicationContext log
INFO: Marking servlet ImageBytes as unavailable
16 Feb, 2012 12:39:01 AM org.apache.catalina.core.StandardWrapperValve invoke
SEVERE: Allocate exception for servlet ImageBytes
java.lang.VerifyError: (class: com/yaid/files/ImageBytes, method: <init> signature: ()V) Constructor must call super() or this()
	at java.lang.Class.getDeclaredConstructors0(Native Method)
	at java.lang.Class.privateGetDeclaredConstructors(Class.java:2389)
	at java.lang.Class.getConstructor0(Class.java:2699)
	at java.lang.Class.newInstance0(Class.java:326)
	at java.lang.Class.newInstance(Class.java:308)
	at org.apache.catalina.core.StandardWrapper.loadServlet(StandardWrapper.java:1149)
	at org.apache.catalina.core.StandardWrapper.allocate(StandardWrapper.java:827)
	at org.apache.catalina.core.StandardWrapperValve.invoke(StandardWrapperValve.java:129)
	at org.apache.catalina.core.StandardContextValve.invoke(StandardContextValve.java:191)
	at org.apache.catalina.core.StandardHostValve.invoke(StandardHostValve.java:127)
	at org.apache.catalina.valves.ErrorReportValve.invoke(ErrorReportValve.java:102)
	at org.apache.catalina.core.StandardEngineValve.invoke(StandardEngineValve.java:109)
	at org.apache.catalina.connector.CoyoteAdapter.service(CoyoteAdapter.java:293)
	at org.apache.coyote.http11.Http11AprProcessor.process(Http11AprProcessor.java:877)
	at org.apache.coyote.http11.Http11AprProtocol$Http11ConnectionHandler.process(Http11AprProtocol.java:594)
	at org.apache.tomcat.util.net.AprEndpoint$Worker.run(AprEndpoint.java:1675)
	at java.lang.Thread.run(Thread.java:619)
16 Feb, 2012 12:39:03 AM org.apache.catalina.core.StandardWrapperValve invoke
SEVERE: Servlet.service() for servlet Logout threw exception
java.lang.IllegalStateException
	at org.apache.catalina.connector.ResponseFacade.sendRedirect(ResponseFacade.java:435)
	at com.yaid.user.Logout.doPost(Logout.java:77)
	at javax.servlet.http.HttpServlet.service(HttpServlet.java:637)
	at javax.servlet.http.HttpServlet.service(HttpServlet.java:717)
	at org.apache.catalina.core.ApplicationFilterChain.internalDoFilter(ApplicationFilterChain.java:290)
	at org.apache.catalina.core.ApplicationFilterChain.doFilter(ApplicationFilterChain.java:206)
	at org.apache.catalina.core.StandardWrapperValve.invoke(StandardWrapperValve.java:233)
	at org.apache.catalina.core.StandardContextValve.invoke(StandardContextValve.java:191)
	at org.apache.catalina.core.StandardHostValve.invoke(StandardHostValve.java:127)
	at org.apache.catalina.valves.ErrorReportValve.invoke(ErrorReportValve.java:102)
	at org.apache.catalina.core.StandardEngineValve.invoke(StandardEngineValve.java:109)
	at org.apache.catalina.connector.CoyoteAdapter.service(CoyoteAdapter.java:293)
	at org.apache.coyote.http11.Http11AprProcessor.process(Http11AprProcessor.java:877)
	at org.apache.coyote.http11.Http11AprProtocol$Http11ConnectionHandler.process(Http11AprProtocol.java:594)
	at org.apache.tomcat.util.net.AprEndpoint$Worker.run(AprEndpoint.java:1675)
	at java.lang.Thread.run(Thread.java:619)
16 Feb, 2012 12:41:32 AM org.apache.catalina.core.ApplicationContext log
INFO: Marking servlet ImageBytes as unavailable
16 Feb, 2012 12:41:32 AM org.apache.catalina.core.StandardWrapperValve invoke
SEVERE: Allocate exception for servlet ImageBytes
java.lang.VerifyError: (class: com/yaid/files/ImageBytes, method: <init> signature: ()V) Constructor must call super() or this()
	at java.lang.Class.getDeclaredConstructors0(Native Method)
	at java.lang.Class.privateGetDeclaredConstructors(Class.java:2389)
	at java.lang.Class.getConstructor0(Class.java:2699)
	at java.lang.Class.newInstance0(Class.java:326)
	at java.lang.Class.newInstance(Class.java:308)
	at org.apache.catalina.core.StandardWrapper.loadServlet(StandardWrapper.java:1149)
	at org.apache.catalina.core.StandardWrapper.allocate(StandardWrapper.java:827)
	at org.apache.catalina.core.StandardWrapperValve.invoke(StandardWrapperValve.java:129)
	at org.apache.catalina.core.StandardContextValve.invoke(StandardContextValve.java:191)
	at org.apache.catalina.core.StandardHostValve.invoke(StandardHostValve.java:127)
	at org.apache.catalina.valves.ErrorReportValve.invoke(ErrorReportValve.java:102)
	at org.apache.catalina.core.StandardEngineValve.invoke(StandardEngineValve.java:109)
	at org.apache.catalina.connector.CoyoteAdapter.service(CoyoteAdapter.java:293)
	at org.apache.coyote.http11.Http11AprProcessor.process(Http11AprProcessor.java:877)
	at org.apache.coyote.http11.Http11AprProtocol$Http11ConnectionHandler.process(Http11AprProtocol.java:594)
	at org.apache.tomcat.util.net.AprEndpoint$Worker.run(AprEndpoint.java:1675)
	at java.lang.Thread.run(Thread.java:619)
16 Feb, 2012 12:45:27 AM org.apache.catalina.core.ApplicationContext log
INFO: Marking servlet ImageBytes as unavailable
16 Feb, 2012 12:45:27 AM org.apache.catalina.core.StandardWrapperValve invoke
SEVERE: Allocate exception for servlet ImageBytes
java.lang.VerifyError: (class: com/yaid/files/ImageBytes, method: <init> signature: ()V) Constructor must call super() or this()
	at java.lang.Class.getDeclaredConstructors0(Native Method)
	at java.lang.Class.privateGetDeclaredConstructors(Class.java:2389)
	at java.lang.Class.getConstructor0(Class.java:2699)
	at java.lang.Class.newInstance0(Class.java:326)
	at java.lang.Class.newInstance(Class.java:308)
	at org.apache.catalina.core.StandardWrapper.loadServlet(StandardWrapper.java:1149)
	at org.apache.catalina.core.StandardWrapper.allocate(StandardWrapper.java:827)
	at org.apache.catalina.core.StandardWrapperValve.invoke(StandardWrapperValve.java:129)
	at org.apache.catalina.core.StandardContextValve.invoke(StandardContextValve.java:191)
	at org.apache.catalina.core.StandardHostValve.invoke(StandardHostValve.java:127)
	at org.apache.catalina.valves.ErrorReportValve.invoke(ErrorReportValve.java:102)
	at org.apache.catalina.core.StandardEngineValve.invoke(StandardEngineValve.java:109)
	at org.apache.catalina.connector.CoyoteAdapter.service(CoyoteAdapter.java:293)
	at org.apache.coyote.http11.Http11AprProcessor.process(Http11AprProcessor.java:877)
	at org.apache.coyote.http11.Http11AprProtocol$Http11ConnectionHandler.process(Http11AprProtocol.java:594)
	at org.apache.tomcat.util.net.AprEndpoint$Worker.run(AprEndpoint.java:1675)
	at java.lang.Thread.run(Thread.java:619)
16 Feb, 2012 12:45:51 AM org.apache.catalina.core.ApplicationContext log
INFO: Marking servlet ImageBytes as unavailable
16 Feb, 2012 12:45:51 AM org.apache.catalina.core.StandardWrapperValve invoke
SEVERE: Allocate exception for servlet ImageBytes
java.lang.VerifyError: (class: com/yaid/files/ImageBytes, method: <init> signature: ()V) Constructor must call super() or this()
	at java.lang.Class.getDeclaredConstructors0(Native Method)
	at java.lang.Class.privateGetDeclaredConstructors(Class.java:2389)
	at java.lang.Class.getConstructor0(Class.java:2699)
	at java.lang.Class.newInstance0(Class.java:326)
	at java.lang.Class.newInstance(Class.java:308)
	at org.apache.catalina.core.StandardWrapper.loadServlet(StandardWrapper.java:1149)
	at org.apache.catalina.core.StandardWrapper.allocate(StandardWrapper.java:827)
	at org.apache.catalina.core.StandardWrapperValve.invoke(StandardWrapperValve.java:129)
	at org.apache.catalina.core.StandardContextValve.invoke(StandardContextValve.java:191)
	at org.apache.catalina.core.StandardHostValve.invoke(StandardHostValve.java:127)
	at org.apache.catalina.valves.ErrorReportValve.invoke(ErrorReportValve.java:102)
	at org.apache.catalina.core.StandardEngineValve.invoke(StandardEngineValve.java:109)
	at org.apache.catalina.connector.CoyoteAdapter.service(CoyoteAdapter.java:293)
	at org.apache.coyote.http11.Http11AprProcessor.process(Http11AprProcessor.java:877)
	at org.apache.coyote.http11.Http11AprProtocol$Http11ConnectionHandler.process(Http11AprProtocol.java:594)
	at org.apache.tomcat.util.net.AprEndpoint$Worker.run(AprEndpoint.java:1675)
	at java.lang.Thread.run(Thread.java:619)
16 Feb, 2012 12:50:36 AM org.apache.catalina.core.ApplicationContext log
INFO: Marking servlet FileOperationHandler as unavailable
16 Feb, 2012 12:50:36 AM org.apache.catalina.core.StandardWrapperValve invoke
SEVERE: Allocate exception for servlet FileOperationHandler
java.lang.VerifyError: (class: com/yaid/files/FileOperationHandler, method: <init> signature: ()V) Constructor must call super() or this()
	at java.lang.Class.getDeclaredConstructors0(Native Method)
	at java.lang.Class.privateGetDeclaredConstructors(Class.java:2389)
	at java.lang.Class.getConstructor0(Class.java:2699)
	at java.lang.Class.newInstance0(Class.java:326)
	at java.lang.Class.newInstance(Class.java:308)
	at org.apache.catalina.core.StandardWrapper.loadServlet(StandardWrapper.java:1149)
	at org.apache.catalina.core.StandardWrapper.allocate(StandardWrapper.java:827)
	at org.apache.catalina.core.StandardWrapperValve.invoke(StandardWrapperValve.java:129)
	at org.apache.catalina.core.StandardContextValve.invoke(StandardContextValve.java:191)
	at org.apache.catalina.core.StandardHostValve.invoke(StandardHostValve.java:127)
	at org.apache.catalina.valves.ErrorReportValve.invoke(ErrorReportValve.java:102)
	at org.apache.catalina.core.StandardEngineValve.invoke(StandardEngineValve.java:109)
	at org.apache.catalina.connector.CoyoteAdapter.service(CoyoteAdapter.java:293)
	at org.apache.coyote.http11.Http11AprProcessor.process(Http11AprProcessor.java:877)
	at org.apache.coyote.http11.Http11AprProtocol$Http11ConnectionHandler.process(Http11AprProtocol.java:594)
	at org.apache.tomcat.util.net.AprEndpoint$Worker.run(AprEndpoint.java:1675)
	at java.lang.Thread.run(Thread.java:619)
16 Feb, 2012 12:50:36 AM org.apache.catalina.core.StandardWrapperValve invoke
INFO: Servlet FileOperationHandler is currently unavailable
16 Feb, 2012 12:50:36 AM org.apache.catalina.core.StandardWrapperValve invoke
INFO: Servlet FileOperationHandler is currently unavailable
16 Feb, 2012 12:50:36 AM org.apache.catalina.core.StandardWrapperValve invoke
INFO: Servlet FileOperationHandler is currently unavailable
16 Feb, 2012 1:07:17 AM org.apache.catalina.core.ApplicationContext log
INFO: Marking servlet ImageBytes as unavailable
16 Feb, 2012 1:07:17 AM org.apache.catalina.core.StandardWrapperValve invoke
SEVERE: Allocate exception for servlet ImageBytes
java.lang.VerifyError: (class: com/yaid/files/ImageBytes, method: <init> signature: ()V) Constructor must call super() or this()
	at java.lang.Class.getDeclaredConstructors0(Native Method)
	at java.lang.Class.privateGetDeclaredConstructors(Class.java:2389)
	at java.lang.Class.getConstructor0(Class.java:2699)
	at java.lang.Class.newInstance0(Class.java:326)
	at java.lang.Class.newInstance(Class.java:308)
	at org.apache.catalina.core.StandardWrapper.loadServlet(StandardWrapper.java:1149)
	at org.apache.catalina.core.StandardWrapper.allocate(StandardWrapper.java:827)
	at org.apache.catalina.core.StandardWrapperValve.invoke(StandardWrapperValve.java:129)
	at org.apache.catalina.core.StandardContextValve.invoke(StandardContextValve.java:191)
	at org.apache.catalina.core.StandardHostValve.invoke(StandardHostValve.java:127)
	at org.apache.catalina.valves.ErrorReportValve.invoke(ErrorReportValve.java:102)
	at org.apache.catalina.core.StandardEngineValve.invoke(StandardEngineValve.java:109)
	at org.apache.catalina.connector.CoyoteAdapter.service(CoyoteAdapter.java:293)
	at org.apache.coyote.http11.Http11AprProcessor.process(Http11AprProcessor.java:877)
	at org.apache.coyote.http11.Http11AprProtocol$Http11ConnectionHandler.process(Http11AprProtocol.java:594)
	at org.apache.tomcat.util.net.AprEndpoint$Worker.run(AprEndpoint.java:1675)
	at java.lang.Thread.run(Thread.java:619)
16 Feb, 2012 1:15:35 AM org.apache.catalina.core.ApplicationContext log
INFO: Marking servlet ImageBytes as unavailable
16 Feb, 2012 1:15:35 AM org.apache.catalina.core.StandardWrapperValve invoke
SEVERE: Allocate exception for servlet ImageBytes
java.lang.VerifyError: (class: com/yaid/files/ImageBytes, method: <init> signature: ()V) Constructor must call super() or this()
	at java.lang.Class.getDeclaredConstructors0(Native Method)
	at java.lang.Class.privateGetDeclaredConstructors(Class.java:2389)
	at java.lang.Class.getConstructor0(Class.java:2699)
	at java.lang.Class.newInstance0(Class.java:326)
	at java.lang.Class.newInstance(Class.java:308)
	at org.apache.catalina.core.StandardWrapper.loadServlet(StandardWrapper.java:1149)
	at org.apache.catalina.core.StandardWrapper.allocate(StandardWrapper.java:827)
	at org.apache.catalina.core.StandardWrapperValve.invoke(StandardWrapperValve.java:129)
	at org.apache.catalina.core.StandardContextValve.invoke(StandardContextValve.java:191)
	at org.apache.catalina.core.StandardHostValve.invoke(StandardHostValve.java:127)
	at org.apache.catalina.valves.ErrorReportValve.invoke(ErrorReportValve.java:102)
	at org.apache.catalina.core.StandardEngineValve.invoke(StandardEngineValve.java:109)
	at org.apache.catalina.connector.CoyoteAdapter.service(CoyoteAdapter.java:293)
	at org.apache.coyote.http11.Http11AprProcessor.process(Http11AprProcessor.java:877)
	at org.apache.coyote.http11.Http11AprProtocol$Http11ConnectionHandler.process(Http11AprProtocol.java:594)
	at org.apache.tomcat.util.net.AprEndpoint$Worker.run(AprEndpoint.java:1675)
	at java.lang.Thread.run(Thread.java:619)
16 Feb, 2012 1:16:37 AM org.apache.catalina.core.StandardWrapperValve invoke
INFO: Servlet ImageBytes is currently unavailable
16 Feb, 2012 1:16:40 AM org.apache.catalina.core.ApplicationContext log
INFO: Marking servlet FileOperationHandler as unavailable
16 Feb, 2012 1:16:40 AM org.apache.catalina.core.StandardWrapperValve invoke
SEVERE: Allocate exception for servlet FileOperationHandler
java.lang.VerifyError: (class: com/yaid/files/FileOperationHandler, method: <init> signature: ()V) Constructor must call super() or this()
	at java.lang.Class.getDeclaredConstructors0(Native Method)
	at java.lang.Class.privateGetDeclaredConstructors(Class.java:2389)
	at java.lang.Class.getConstructor0(Class.java:2699)
	at java.lang.Class.newInstance0(Class.java:326)
	at java.lang.Class.newInstance(Class.java:308)
	at org.apache.catalina.core.StandardWrapper.loadServlet(StandardWrapper.java:1149)
	at org.apache.catalina.core.StandardWrapper.allocate(StandardWrapper.java:827)
	at org.apache.catalina.core.StandardWrapperValve.invoke(StandardWrapperValve.java:129)
	at org.apache.catalina.core.StandardContextValve.invoke(StandardContextValve.java:191)
	at org.apache.catalina.core.StandardHostValve.invoke(StandardHostValve.java:127)
	at org.apache.catalina.valves.ErrorReportValve.invoke(ErrorReportValve.java:102)
	at org.apache.catalina.core.StandardEngineValve.invoke(StandardEngineValve.java:109)
	at org.apache.catalina.connector.CoyoteAdapter.service(CoyoteAdapter.java:293)
	at org.apache.coyote.http11.Http11AprProcessor.process(Http11AprProcessor.java:877)
	at org.apache.coyote.http11.Http11AprProtocol$Http11ConnectionHandler.process(Http11AprProtocol.java:594)
	at org.apache.tomcat.util.net.AprEndpoint$Worker.run(AprEndpoint.java:1675)
	at java.lang.Thread.run(Thread.java:619)
16 Feb, 2012 1:16:40 AM org.apache.catalina.core.StandardWrapperValve invoke
INFO: Servlet FileOperationHandler is currently unavailable
16 Feb, 2012 1:16:40 AM org.apache.catalina.core.StandardWrapperValve invoke
INFO: Servlet FileOperationHandler is currently unavailable
16 Feb, 2012 1:16:40 AM org.apache.catalina.core.StandardWrapperValve invoke
INFO: Servlet FileOperationHandler is currently unavailable
16 Feb, 2012 1:17:18 AM org.apache.catalina.core.ApplicationContext log
INFO: SessionListener: contextDestroyed()
16 Feb, 2012 1:17:18 AM org.apache.catalina.core.ApplicationContext log
INFO: ContextListener: contextDestroyed()
16 Feb, 2012 7:44:16 AM org.apache.catalina.core.ApplicationContext log
INFO: ContextListener: contextInitialized()
16 Feb, 2012 7:44:16 AM org.apache.catalina.core.ApplicationContext log
INFO: SessionListener: contextInitialized()
16 Feb, 2012 7:45:00 AM org.apache.catalina.core.ApplicationContext log
INFO: SessionListener: contextDestroyed()
16 Feb, 2012 7:45:00 AM org.apache.catalina.core.ApplicationContext log
INFO: ContextListener: contextDestroyed()
16 Feb, 2012 7:46:01 AM org.apache.catalina.core.ApplicationContext log
INFO: ContextListener: contextInitialized()
16 Feb, 2012 7:46:01 AM org.apache.catalina.core.ApplicationContext log
INFO: SessionListener: contextInitialized()
16 Feb, 2012 8:05:52 AM org.apache.catalina.core.ApplicationContext log
INFO: SessionListener: contextDestroyed()
16 Feb, 2012 8:05:52 AM org.apache.catalina.core.ApplicationContext log
INFO: ContextListener: contextDestroyed()
16 Feb, 2012 5:53:04 PM org.apache.catalina.core.ApplicationContext log
INFO: ContextListener: contextInitialized()
16 Feb, 2012 5:53:04 PM org.apache.catalina.core.ApplicationContext log
INFO: SessionListener: contextInitialized()
16 Feb, 2012 7:11:35 PM org.apache.catalina.core.ApplicationContext log
INFO: Marking servlet Login as unavailable
16 Feb, 2012 7:11:35 PM org.apache.catalina.core.StandardWrapperValve invoke
SEVERE: Allocate exception for servlet Login
java.lang.VerifyError: (class: com/yaid/user/Login, method: <init> signature: ()V) Constructor must call super() or this()
	at java.lang.Class.getDeclaredConstructors0(Native Method)
	at java.lang.Class.privateGetDeclaredConstructors(Class.java:2389)
	at java.lang.Class.getConstructor0(Class.java:2699)
	at java.lang.Class.newInstance0(Class.java:326)
	at java.lang.Class.newInstance(Class.java:308)
	at org.apache.catalina.core.StandardWrapper.loadServlet(StandardWrapper.java:1149)
	at org.apache.catalina.core.StandardWrapper.allocate(StandardWrapper.java:827)
	at org.apache.catalina.core.StandardWrapperValve.invoke(StandardWrapperValve.java:129)
	at org.apache.catalina.core.StandardContextValve.invoke(StandardContextValve.java:191)
	at org.apache.catalina.core.StandardHostValve.invoke(StandardHostValve.java:127)
	at org.apache.catalina.valves.ErrorReportValve.invoke(ErrorReportValve.java:102)
	at org.apache.catalina.core.StandardEngineValve.invoke(StandardEngineValve.java:109)
	at org.apache.catalina.connector.CoyoteAdapter.service(CoyoteAdapter.java:293)
	at org.apache.coyote.http11.Http11Processor.process(Http11Processor.java:859)
	at org.apache.coyote.http11.Http11Protocol$Http11ConnectionHandler.process(Http11Protocol.java:602)
	at org.apache.tomcat.util.net.JIoEndpoint$Worker.run(JIoEndpoint.java:489)
	at java.lang.Thread.run(Thread.java:662)
16 Feb, 2012 7:11:54 PM org.apache.catalina.core.StandardWrapperValve invoke
INFO: Servlet Login is currently unavailable
16 Feb, 2012 7:12:33 PM org.apache.catalina.core.StandardWrapperValve invoke
INFO: Servlet Login is currently unavailable
16 Feb, 2012 7:55:28 PM org.apache.catalina.core.StandardWrapperValve invoke
SEVERE: Servlet.service() for servlet jsp threw exception
java.lang.NullPointerException
	at org.apache.jsp.desktop_jsp._jspService(desktop_jsp.java:62)
	at org.apache.jasper.runtime.HttpJspBase.service(HttpJspBase.java:70)
	at javax.servlet.http.HttpServlet.service(HttpServlet.java:717)
	at org.apache.jasper.servlet.JspServletWrapper.service(JspServletWrapper.java:388)
	at org.apache.jasper.servlet.JspServlet.serviceJspFile(JspServlet.java:313)
	at org.apache.jasper.servlet.JspServlet.service(JspServlet.java:260)
	at javax.servlet.http.HttpServlet.service(HttpServlet.java:717)
	at org.apache.catalina.core.ApplicationFilterChain.internalDoFilter(ApplicationFilterChain.java:290)
	at org.apache.catalina.core.ApplicationFilterChain.doFilter(ApplicationFilterChain.java:206)
	at org.apache.catalina.core.StandardWrapperValve.invoke(StandardWrapperValve.java:233)
	at org.apache.catalina.core.StandardContextValve.invoke(StandardContextValve.java:191)
	at org.apache.catalina.core.StandardHostValve.invoke(StandardHostValve.java:127)
	at org.apache.catalina.valves.ErrorReportValve.invoke(ErrorReportValve.java:102)
	at org.apache.catalina.core.StandardEngineValve.invoke(StandardEngineValve.java:109)
	at org.apache.catalina.connector.CoyoteAdapter.service(CoyoteAdapter.java:293)
	at org.apache.coyote.http11.Http11Processor.process(Http11Processor.java:859)
	at org.apache.coyote.http11.Http11Protocol$Http11ConnectionHandler.process(Http11Protocol.java:602)
	at org.apache.tomcat.util.net.JIoEndpoint$Worker.run(JIoEndpoint.java:489)
	at java.lang.Thread.run(Thread.java:662)
16 Feb, 2012 7:55:40 PM org.apache.catalina.core.StandardWrapperValve invoke
SEVERE: Servlet.service() for servlet jsp threw exception
java.lang.NullPointerException
	at org.apache.jsp.desktop_jsp._jspService(desktop_jsp.java:62)
	at org.apache.jasper.runtime.HttpJspBase.service(HttpJspBase.java:70)
	at javax.servlet.http.HttpServlet.service(HttpServlet.java:717)
	at org.apache.jasper.servlet.JspServletWrapper.service(JspServletWrapper.java:388)
	at org.apache.jasper.servlet.JspServlet.serviceJspFile(JspServlet.java:313)
	at org.apache.jasper.servlet.JspServlet.service(JspServlet.java:260)
	at javax.servlet.http.HttpServlet.service(HttpServlet.java:717)
	at org.apache.catalina.core.ApplicationFilterChain.internalDoFilter(ApplicationFilterChain.java:290)
	at org.apache.catalina.core.ApplicationFilterChain.doFilter(ApplicationFilterChain.java:206)
	at org.apache.catalina.core.StandardWrapperValve.invoke(StandardWrapperValve.java:233)
	at org.apache.catalina.core.StandardContextValve.invoke(StandardContextValve.java:191)
	at org.apache.catalina.core.StandardHostValve.invoke(StandardHostValve.java:127)
	at org.apache.catalina.valves.ErrorReportValve.invoke(ErrorReportValve.java:102)
	at org.apache.catalina.core.StandardEngineValve.invoke(StandardEngineValve.java:109)
	at org.apache.catalina.connector.CoyoteAdapter.service(CoyoteAdapter.java:293)
	at org.apache.coyote.http11.Http11Processor.process(Http11Processor.java:859)
	at org.apache.coyote.http11.Http11Protocol$Http11ConnectionHandler.process(Http11Protocol.java:602)
	at org.apache.tomcat.util.net.JIoEndpoint$Worker.run(JIoEndpoint.java:489)
	at java.lang.Thread.run(Thread.java:662)
16 Feb, 2012 7:55:51 PM org.apache.catalina.core.StandardWrapperValve invoke
SEVERE: Servlet.service() for servlet jsp threw exception
java.lang.NullPointerException
	at org.apache.jsp.desktop_jsp._jspService(desktop_jsp.java:62)
	at org.apache.jasper.runtime.HttpJspBase.service(HttpJspBase.java:70)
	at javax.servlet.http.HttpServlet.service(HttpServlet.java:717)
	at org.apache.jasper.servlet.JspServletWrapper.service(JspServletWrapper.java:388)
	at org.apache.jasper.servlet.JspServlet.serviceJspFile(JspServlet.java:313)
	at org.apache.jasper.servlet.JspServlet.service(JspServlet.java:260)
	at javax.servlet.http.HttpServlet.service(HttpServlet.java:717)
	at org.apache.catalina.core.ApplicationFilterChain.internalDoFilter(ApplicationFilterChain.java:290)
	at org.apache.catalina.core.ApplicationFilterChain.doFilter(ApplicationFilterChain.java:206)
	at org.apache.catalina.core.StandardWrapperValve.invoke(StandardWrapperValve.java:233)
	at org.apache.catalina.core.StandardContextValve.invoke(StandardContextValve.java:191)
	at org.apache.catalina.core.StandardHostValve.invoke(StandardHostValve.java:127)
	at org.apache.catalina.valves.ErrorReportValve.invoke(ErrorReportValve.java:102)
	at org.apache.catalina.core.StandardEngineValve.invoke(StandardEngineValve.java:109)
	at org.apache.catalina.connector.CoyoteAdapter.service(CoyoteAdapter.java:293)
	at org.apache.coyote.http11.Http11Processor.process(Http11Processor.java:859)
	at org.apache.coyote.http11.Http11Protocol$Http11ConnectionHandler.process(Http11Protocol.java:602)
	at org.apache.tomcat.util.net.JIoEndpoint$Worker.run(JIoEndpoint.java:489)
	at java.lang.Thread.run(Thread.java:662)
16 Feb, 2012 7:59:04 PM org.apache.catalina.core.StandardWrapperValve invoke
SEVERE: Servlet.service() for servlet jsp threw exception
java.lang.NullPointerException
	at org.apache.jsp.desktop_jsp._jspService(desktop_jsp.java:62)
	at org.apache.jasper.runtime.HttpJspBase.service(HttpJspBase.java:70)
	at javax.servlet.http.HttpServlet.service(HttpServlet.java:717)
	at org.apache.jasper.servlet.JspServletWrapper.service(JspServletWrapper.java:388)
	at org.apache.jasper.servlet.JspServlet.serviceJspFile(JspServlet.java:313)
	at org.apache.jasper.servlet.JspServlet.service(JspServlet.java:260)
	at javax.servlet.http.HttpServlet.service(HttpServlet.java:717)
	at org.apache.catalina.core.ApplicationFilterChain.internalDoFilter(ApplicationFilterChain.java:290)
	at org.apache.catalina.core.ApplicationFilterChain.doFilter(ApplicationFilterChain.java:206)
	at org.apache.catalina.core.StandardWrapperValve.invoke(StandardWrapperValve.java:233)
	at org.apache.catalina.core.StandardContextValve.invoke(StandardContextValve.java:191)
	at org.apache.catalina.core.StandardHostValve.invoke(StandardHostValve.java:127)
	at org.apache.catalina.valves.ErrorReportValve.invoke(ErrorReportValve.java:102)
	at org.apache.catalina.core.StandardEngineValve.invoke(StandardEngineValve.java:109)
	at org.apache.catalina.connector.CoyoteAdapter.service(CoyoteAdapter.java:293)
	at org.apache.coyote.http11.Http11Processor.process(Http11Processor.java:859)
	at org.apache.coyote.http11.Http11Protocol$Http11ConnectionHandler.process(Http11Protocol.java:602)
	at org.apache.tomcat.util.net.JIoEndpoint$Worker.run(JIoEndpoint.java:489)
	at java.lang.Thread.run(Thread.java:662)
16 Feb, 2012 8:39:02 PM org.apache.catalina.core.ApplicationContext log
INFO: SessionListener: contextDestroyed()
16 Feb, 2012 8:39:02 PM org.apache.catalina.core.ApplicationContext log
INFO: ContextListener: contextDestroyed()
Feb 16, 2012 9:08:37 PM org.apache.catalina.core.ApplicationContext log
INFO: ContextListener: contextInitialized()
Feb 16, 2012 9:08:37 PM org.apache.catalina.core.ApplicationContext log
INFO: SessionListener: contextInitialized()
Feb 16, 2012 9:30:04 PM org.apache.catalina.core.ApplicationContext log
INFO: SessionListener: contextDestroyed()
Feb 16, 2012 9:30:04 PM org.apache.catalina.core.ApplicationContext log
INFO: ContextListener: contextDestroyed()
Feb 16, 2012 9:33:54 PM org.apache.catalina.core.ApplicationContext log
INFO: ContextListener: contextInitialized()
Feb 16, 2012 9:33:54 PM org.apache.catalina.core.ApplicationContext log
INFO: SessionListener: contextInitialized()
Feb 16, 2012 9:37:09 PM org.apache.catalina.core.ApplicationContext log
INFO: SessionListener: contextDestroyed()
Feb 16, 2012 9:37:09 PM org.apache.catalina.core.ApplicationContext log
INFO: ContextListener: contextDestroyed()
