Jan 22, 2012 12:11:15 AM org.apache.catalina.core.ApplicationContext log
INFO: ContextListener: contextInitialized()
Jan 22, 2012 12:11:15 AM org.apache.catalina.core.ApplicationContext log
INFO: SessionListener: contextInitialized()
Jan 22, 2012 1:35:09 AM org.apache.catalina.core.ApplicationContext log
INFO: SessionListener: contextDestroyed()
Jan 22, 2012 1:35:09 AM org.apache.catalina.core.ApplicationContext log
INFO: ContextListener: contextDestroyed()
22 Jan, 2012 12:04:58 PM org.apache.catalina.core.ApplicationContext log
INFO: ContextListener: contextInitialized()
22 Jan, 2012 12:04:58 PM org.apache.catalina.core.ApplicationContext log
INFO: SessionListener: contextInitialized()
22 Jan, 2012 12:08:19 PM org.apache.catalina.core.ApplicationContext log
INFO: SessionListener: contextDestroyed()
22 Jan, 2012 12:08:19 PM org.apache.catalina.core.ApplicationContext log
INFO: ContextListener: contextDestroyed()
22 Jan, 2012 12:08:19 PM org.apache.catalina.core.ApplicationContext log
INFO: ContextListener: contextInitialized()
22 Jan, 2012 12:08:19 PM org.apache.catalina.core.ApplicationContext log
INFO: SessionListener: contextInitialized()
22 Jan, 2012 12:59:37 PM org.apache.catalina.core.ApplicationContext log
INFO: SessionListener: contextDestroyed()
22 Jan, 2012 12:59:37 PM org.apache.catalina.core.ApplicationContext log
INFO: ContextListener: contextDestroyed()
