14 Jan, 2012 5:29:35 PM org.apache.catalina.core.ApplicationContext log
INFO: Manager: init: Associated with Deployer 'Catalina:type=Deployer,host=localhost'
14 Jan, 2012 5:29:35 PM org.apache.catalina.core.ApplicationContext log
INFO: Manager: init: Global resources are available
14 Jan, 2012 5:29:35 PM org.apache.catalina.core.ApplicationContext log
INFO: Manager: list: Listing contexts for virtual host 'localhost'
14 Jan, 2012 5:29:35 PM org.apache.catalina.core.ApplicationContext log
INFO: Manager: list: Listing contexts for virtual host 'localhost'
14 Jan, 2012 5:29:35 PM org.apache.catalina.core.ApplicationContext log
INFO: Manager: undeploy: Undeploying web application at '/'
14 Jan, 2012 5:29:36 PM org.apache.catalina.core.ApplicationContext log
INFO: Manager: install: Installing context configuration at 'file:/C:/Users/TTT/AppData/Local/Temp/context41338.xml'
14 Jan, 2012 5:29:36 PM org.apache.catalina.core.ApplicationContext log
INFO: Manager: start: Starting web application at '/'
14 Jan, 2012 5:30:40 PM org.apache.catalina.core.ApplicationContext log
INFO: Manager: list: Listing contexts for virtual host 'localhost'
14 Jan, 2012 5:31:13 PM org.apache.catalina.core.ApplicationContext log
INFO: Manager: list: Listing contexts for virtual host 'localhost'
14 Jan, 2012 5:31:18 PM org.apache.catalina.core.ApplicationContext log
INFO: Manager: list: Listing contexts for virtual host 'localhost'
14 Jan, 2012 5:31:18 PM org.apache.catalina.core.ApplicationContext log
INFO: Manager: list: Listing contexts for virtual host 'localhost'
14 Jan, 2012 5:31:18 PM org.apache.catalina.core.ApplicationContext log
INFO: Manager: undeploy: Undeploying web application at '/'
14 Jan, 2012 5:31:18 PM org.apache.catalina.core.ApplicationContext log
INFO: Manager: install: Installing context configuration at 'file:/C:/Users/TTT/AppData/Local/Temp/context41339.xml'
14 Jan, 2012 5:31:18 PM org.apache.catalina.core.ApplicationContext log
INFO: Manager: start: Starting web application at '/'
14 Jan, 2012 5:35:43 PM org.apache.catalina.core.ApplicationContext log
INFO: Manager: list: Listing contexts for virtual host 'localhost'
14 Jan, 2012 5:35:58 PM org.apache.catalina.core.ApplicationContext log
INFO: Manager: init: Associated with Deployer 'Catalina:type=Deployer,host=localhost'
14 Jan, 2012 5:35:58 PM org.apache.catalina.core.ApplicationContext log
INFO: Manager: init: Global resources are available
14 Jan, 2012 5:35:58 PM org.apache.catalina.core.ApplicationContext log
INFO: Manager: list: Listing contexts for virtual host 'localhost'
14 Jan, 2012 5:35:58 PM org.apache.catalina.core.ApplicationContext log
INFO: Manager: list: Listing contexts for virtual host 'localhost'
14 Jan, 2012 5:35:58 PM org.apache.catalina.core.ApplicationContext log
INFO: Manager: undeploy: Undeploying web application at '/'
14 Jan, 2012 5:35:58 PM org.apache.catalina.core.ApplicationContext log
INFO: Manager: list: Listing contexts for virtual host 'localhost'
14 Jan, 2012 5:35:58 PM org.apache.catalina.core.ApplicationContext log
INFO: Manager: list: Listing contexts for virtual host 'localhost'
14 Jan, 2012 5:35:58 PM org.apache.catalina.core.ApplicationContext log
INFO: Manager: undeploy: Undeploying web application at '/'
14 Jan, 2012 5:35:58 PM org.apache.catalina.core.ApplicationContext log
INFO: Manager: install: Installing context configuration at 'file:/C:/Users/TTT/AppData/Local/Temp/context41341.xml'
14 Jan, 2012 5:35:58 PM org.apache.catalina.core.ApplicationContext log
INFO: Manager: install: Installing context configuration at 'file:/C:/Users/TTT/AppData/Local/Temp/context41342.xml'
14 Jan, 2012 5:35:58 PM org.apache.catalina.core.ApplicationContext log
INFO: Manager: start: Starting web application at '/'
14 Jan, 2012 6:50:53 PM org.apache.catalina.core.ApplicationContext log
INFO: Manager: list: Listing contexts for virtual host 'localhost'
14 Jan, 2012 6:51:23 PM org.apache.catalina.core.ApplicationContext log
INFO: Manager: list: Listing contexts for virtual host 'localhost'
14 Jan, 2012 6:51:34 PM org.apache.catalina.core.ApplicationContext log
INFO: Manager: list: Listing contexts for virtual host 'localhost'
14 Jan, 2012 6:51:34 PM org.apache.catalina.core.ApplicationContext log
INFO: Manager: list: Listing contexts for virtual host 'localhost'
14 Jan, 2012 6:51:34 PM org.apache.catalina.core.ApplicationContext log
INFO: Manager: undeploy: Undeploying web application at '/'
14 Jan, 2012 6:51:34 PM org.apache.catalina.core.ApplicationContext log
INFO: Manager: install: Installing context configuration at 'file:/C:/Users/TTT/AppData/Local/Temp/context41343.xml'
14 Jan, 2012 6:51:35 PM org.apache.catalina.core.ApplicationContext log
INFO: Manager: start: Starting web application at '/'
14 Jan, 2012 6:52:09 PM org.apache.catalina.core.ApplicationContext log
INFO: Manager: list: Listing contexts for virtual host 'localhost'
14 Jan, 2012 6:52:13 PM org.apache.catalina.core.ApplicationContext log
INFO: Manager: list: Listing contexts for virtual host 'localhost'
14 Jan, 2012 6:52:13 PM org.apache.catalina.core.ApplicationContext log
INFO: Manager: list: Listing contexts for virtual host 'localhost'
14 Jan, 2012 6:52:13 PM org.apache.catalina.core.ApplicationContext log
INFO: Manager: undeploy: Undeploying web application at '/'
14 Jan, 2012 6:52:13 PM org.apache.catalina.core.ApplicationContext log
INFO: Manager: install: Installing context configuration at 'file:/C:/Users/TTT/AppData/Local/Temp/context41344.xml'
14 Jan, 2012 6:52:13 PM org.apache.catalina.core.ApplicationContext log
INFO: Manager: start: Starting web application at '/'
14 Jan, 2012 7:06:46 PM org.apache.catalina.core.ApplicationContext log
INFO: Manager: list: Listing contexts for virtual host 'localhost'
14 Jan, 2012 7:07:01 PM org.apache.catalina.core.ApplicationContext log
INFO: Manager: list: Listing contexts for virtual host 'localhost'
14 Jan, 2012 7:07:01 PM org.apache.catalina.core.ApplicationContext log
INFO: Manager: list: Listing contexts for virtual host 'localhost'
14 Jan, 2012 7:07:01 PM org.apache.catalina.core.ApplicationContext log
INFO: Manager: undeploy: Undeploying web application at '/'
14 Jan, 2012 7:07:02 PM org.apache.catalina.core.ApplicationContext log
INFO: Manager: install: Installing context configuration at 'file:/C:/Users/TTT/AppData/Local/Temp/context41345.xml'
14 Jan, 2012 7:07:02 PM org.apache.catalina.core.ApplicationContext log
INFO: Manager: start: Starting web application at '/'
14 Jan, 2012 7:08:08 PM org.apache.catalina.core.ApplicationContext log
INFO: Manager: list: Listing contexts for virtual host 'localhost'
14 Jan, 2012 7:08:08 PM org.apache.catalina.core.ApplicationContext log
INFO: Manager: list: Listing contexts for virtual host 'localhost'
14 Jan, 2012 7:08:08 PM org.apache.catalina.core.ApplicationContext log
INFO: Manager: undeploy: Undeploying web application at '/'
14 Jan, 2012 7:08:08 PM org.apache.catalina.core.ApplicationContext log
INFO: Manager: install: Installing context configuration at 'file:/C:/Users/TTT/AppData/Local/Temp/context41346.xml'
14 Jan, 2012 7:08:09 PM org.apache.catalina.core.ApplicationContext log
INFO: Manager: start: Starting web application at '/'
14 Jan, 2012 7:10:03 PM org.apache.catalina.core.ApplicationContext log
INFO: Manager: list: Listing contexts for virtual host 'localhost'
14 Jan, 2012 7:10:08 PM org.apache.catalina.core.ApplicationContext log
INFO: Manager: list: Listing contexts for virtual host 'localhost'
14 Jan, 2012 7:10:08 PM org.apache.catalina.core.ApplicationContext log
INFO: Manager: list: Listing contexts for virtual host 'localhost'
14 Jan, 2012 7:10:08 PM org.apache.catalina.core.ApplicationContext log
INFO: Manager: undeploy: Undeploying web application at '/'
14 Jan, 2012 7:10:09 PM org.apache.catalina.core.ApplicationContext log
INFO: Manager: install: Installing context configuration at 'file:/C:/Users/TTT/AppData/Local/Temp/context41347.xml'
14 Jan, 2012 7:10:09 PM org.apache.catalina.core.ApplicationContext log
INFO: Manager: start: Starting web application at '/'
14 Jan, 2012 7:10:28 PM org.apache.catalina.core.ApplicationContext log
INFO: Manager: list: Listing contexts for virtual host 'localhost'
14 Jan, 2012 7:10:28 PM org.apache.catalina.core.ApplicationContext log
INFO: Manager: list: Listing contexts for virtual host 'localhost'
14 Jan, 2012 7:10:28 PM org.apache.catalina.core.ApplicationContext log
INFO: Manager: undeploy: Undeploying web application at '/'
14 Jan, 2012 7:10:29 PM org.apache.catalina.core.ApplicationContext log
INFO: Manager: install: Installing context configuration at 'file:/C:/Users/TTT/AppData/Local/Temp/context41348.xml'
14 Jan, 2012 7:10:29 PM org.apache.catalina.core.ApplicationContext log
INFO: Manager: start: Starting web application at '/'
14 Jan, 2012 7:11:09 PM org.apache.catalina.core.ApplicationContext log
INFO: Manager: list: Listing contexts for virtual host 'localhost'
14 Jan, 2012 7:11:13 PM org.apache.catalina.core.ApplicationContext log
INFO: Manager: list: Listing contexts for virtual host 'localhost'
14 Jan, 2012 7:11:13 PM org.apache.catalina.core.ApplicationContext log
INFO: Manager: list: Listing contexts for virtual host 'localhost'
14 Jan, 2012 7:11:13 PM org.apache.catalina.core.ApplicationContext log
INFO: Manager: undeploy: Undeploying web application at '/'
14 Jan, 2012 7:11:13 PM org.apache.catalina.core.ApplicationContext log
INFO: Manager: install: Installing context configuration at 'file:/C:/Users/TTT/AppData/Local/Temp/context41349.xml'
14 Jan, 2012 7:11:14 PM org.apache.catalina.core.ApplicationContext log
INFO: Manager: start: Starting web application at '/'
14 Jan, 2012 7:17:49 PM org.apache.catalina.core.ApplicationContext log
INFO: Manager: list: Listing contexts for virtual host 'localhost'
14 Jan, 2012 7:17:55 PM org.apache.catalina.core.ApplicationContext log
INFO: Manager: list: Listing contexts for virtual host 'localhost'
14 Jan, 2012 7:17:55 PM org.apache.catalina.core.ApplicationContext log
INFO: Manager: list: Listing contexts for virtual host 'localhost'
14 Jan, 2012 7:17:55 PM org.apache.catalina.core.ApplicationContext log
INFO: Manager: undeploy: Undeploying web application at '/'
14 Jan, 2012 7:17:55 PM org.apache.catalina.core.ApplicationContext log
INFO: Manager: install: Installing context configuration at 'file:/C:/Users/TTT/AppData/Local/Temp/context41350.xml'
14 Jan, 2012 7:17:55 PM org.apache.catalina.core.ApplicationContext log
INFO: Manager: start: Starting web application at '/'
14 Jan, 2012 7:19:13 PM org.apache.catalina.core.ApplicationContext log
INFO: Manager: list: Listing contexts for virtual host 'localhost'
14 Jan, 2012 7:19:16 PM org.apache.catalina.core.ApplicationContext log
INFO: Manager: list: Listing contexts for virtual host 'localhost'
14 Jan, 2012 7:19:22 PM org.apache.catalina.core.ApplicationContext log
INFO: Manager: list: Listing contexts for virtual host 'localhost'
14 Jan, 2012 7:19:31 PM org.apache.catalina.core.ApplicationContext log
INFO: Manager: list: Listing contexts for virtual host 'localhost'
14 Jan, 2012 7:19:42 PM org.apache.catalina.core.ApplicationContext log
INFO: Manager: list: Listing contexts for virtual host 'localhost'
14 Jan, 2012 7:19:42 PM org.apache.catalina.core.ApplicationContext log
INFO: Manager: list: Listing contexts for virtual host 'localhost'
14 Jan, 2012 7:19:42 PM org.apache.catalina.core.ApplicationContext log
INFO: Manager: undeploy: Undeploying web application at '/'
14 Jan, 2012 7:19:43 PM org.apache.catalina.core.ApplicationContext log
INFO: Manager: install: Installing context configuration at 'file:/C:/Users/TTT/AppData/Local/Temp/context41351.xml'
14 Jan, 2012 7:19:43 PM org.apache.catalina.core.ApplicationContext log
INFO: Manager: start: Starting web application at '/'
14 Jan, 2012 7:20:18 PM org.apache.catalina.core.ApplicationContext log
INFO: Manager: list: Listing contexts for virtual host 'localhost'
14 Jan, 2012 7:20:22 PM org.apache.catalina.core.ApplicationContext log
INFO: Manager: list: Listing contexts for virtual host 'localhost'
14 Jan, 2012 7:20:22 PM org.apache.catalina.core.ApplicationContext log
INFO: Manager: list: Listing contexts for virtual host 'localhost'
14 Jan, 2012 7:20:22 PM org.apache.catalina.core.ApplicationContext log
INFO: Manager: undeploy: Undeploying web application at '/'
14 Jan, 2012 7:20:23 PM org.apache.catalina.core.ApplicationContext log
INFO: Manager: install: Installing context configuration at 'file:/C:/Users/TTT/AppData/Local/Temp/context41352.xml'
14 Jan, 2012 7:20:23 PM org.apache.catalina.core.ApplicationContext log
INFO: Manager: start: Starting web application at '/'
14 Jan, 2012 7:21:15 PM org.apache.catalina.core.ApplicationContext log
INFO: Manager: list: Listing contexts for virtual host 'localhost'
14 Jan, 2012 7:21:19 PM org.apache.catalina.core.ApplicationContext log
INFO: Manager: list: Listing contexts for virtual host 'localhost'
14 Jan, 2012 7:21:23 PM org.apache.catalina.core.ApplicationContext log
INFO: Manager: list: Listing contexts for virtual host 'localhost'
14 Jan, 2012 7:21:23 PM org.apache.catalina.core.ApplicationContext log
INFO: Manager: list: Listing contexts for virtual host 'localhost'
14 Jan, 2012 7:21:23 PM org.apache.catalina.core.ApplicationContext log
INFO: Manager: undeploy: Undeploying web application at '/'
14 Jan, 2012 7:21:23 PM org.apache.catalina.core.ApplicationContext log
INFO: Manager: install: Installing context configuration at 'file:/C:/Users/TTT/AppData/Local/Temp/context41353.xml'
14 Jan, 2012 7:21:23 PM org.apache.catalina.core.ApplicationContext log
INFO: Manager: start: Starting web application at '/'
14 Jan, 2012 7:22:31 PM org.apache.catalina.core.ApplicationContext log
INFO: Manager: list: Listing contexts for virtual host 'localhost'
14 Jan, 2012 7:22:38 PM org.apache.catalina.core.ApplicationContext log
INFO: Manager: list: Listing contexts for virtual host 'localhost'
14 Jan, 2012 7:22:53 PM org.apache.catalina.core.ApplicationContext log
INFO: Manager: list: Listing contexts for virtual host 'localhost'
14 Jan, 2012 7:23:06 PM org.apache.catalina.core.ApplicationContext log
INFO: Manager: list: Listing contexts for virtual host 'localhost'
14 Jan, 2012 7:23:06 PM org.apache.catalina.core.ApplicationContext log
INFO: Manager: list: Listing contexts for virtual host 'localhost'
14 Jan, 2012 7:23:06 PM org.apache.catalina.core.ApplicationContext log
INFO: Manager: undeploy: Undeploying web application at '/'
14 Jan, 2012 7:23:07 PM org.apache.catalina.core.ApplicationContext log
INFO: Manager: install: Installing context configuration at 'file:/C:/Users/TTT/AppData/Local/Temp/context41354.xml'
14 Jan, 2012 7:23:07 PM org.apache.catalina.core.ApplicationContext log
INFO: Manager: start: Starting web application at '/'
14 Jan, 2012 7:23:54 PM org.apache.catalina.core.ApplicationContext log
INFO: Manager: list: Listing contexts for virtual host 'localhost'
14 Jan, 2012 7:24:09 PM org.apache.catalina.core.ApplicationContext log
INFO: Manager: list: Listing contexts for virtual host 'localhost'
14 Jan, 2012 7:24:09 PM org.apache.catalina.core.ApplicationContext log
INFO: Manager: list: Listing contexts for virtual host 'localhost'
14 Jan, 2012 7:24:09 PM org.apache.catalina.core.ApplicationContext log
INFO: Manager: undeploy: Undeploying web application at '/'
14 Jan, 2012 7:24:10 PM org.apache.catalina.core.ApplicationContext log
INFO: Manager: install: Installing context configuration at 'file:/C:/Users/TTT/AppData/Local/Temp/context41355.xml'
14 Jan, 2012 7:24:10 PM org.apache.catalina.core.ApplicationContext log
INFO: Manager: start: Starting web application at '/'
14 Jan, 2012 7:24:36 PM org.apache.catalina.core.ApplicationContext log
INFO: Manager: list: Listing contexts for virtual host 'localhost'
14 Jan, 2012 7:24:39 PM org.apache.catalina.core.ApplicationContext log
INFO: Manager: list: Listing contexts for virtual host 'localhost'
14 Jan, 2012 7:24:39 PM org.apache.catalina.core.ApplicationContext log
INFO: Manager: list: Listing contexts for virtual host 'localhost'
14 Jan, 2012 7:24:39 PM org.apache.catalina.core.ApplicationContext log
INFO: Manager: undeploy: Undeploying web application at '/'
14 Jan, 2012 7:24:39 PM org.apache.catalina.core.ApplicationContext log
INFO: Manager: install: Installing context configuration at 'file:/C:/Users/TTT/AppData/Local/Temp/context41356.xml'
14 Jan, 2012 7:24:39 PM org.apache.catalina.core.ApplicationContext log
INFO: Manager: start: Starting web application at '/'
14 Jan, 2012 7:25:04 PM org.apache.catalina.core.ApplicationContext log
INFO: Manager: list: Listing contexts for virtual host 'localhost'
14 Jan, 2012 7:25:08 PM org.apache.catalina.core.ApplicationContext log
INFO: Manager: list: Listing contexts for virtual host 'localhost'
14 Jan, 2012 7:25:08 PM org.apache.catalina.core.ApplicationContext log
INFO: Manager: list: Listing contexts for virtual host 'localhost'
14 Jan, 2012 7:25:08 PM org.apache.catalina.core.ApplicationContext log
INFO: Manager: undeploy: Undeploying web application at '/'
14 Jan, 2012 7:25:09 PM org.apache.catalina.core.ApplicationContext log
INFO: Manager: install: Installing context configuration at 'file:/C:/Users/TTT/AppData/Local/Temp/context41357.xml'
14 Jan, 2012 7:25:09 PM org.apache.catalina.core.ApplicationContext log
INFO: Manager: start: Starting web application at '/'
14 Jan, 2012 7:25:36 PM org.apache.catalina.core.ApplicationContext log
INFO: Manager: list: Listing contexts for virtual host 'localhost'
14 Jan, 2012 7:25:40 PM org.apache.catalina.core.ApplicationContext log
INFO: Manager: list: Listing contexts for virtual host 'localhost'
14 Jan, 2012 7:25:40 PM org.apache.catalina.core.ApplicationContext log
INFO: Manager: list: Listing contexts for virtual host 'localhost'
14 Jan, 2012 7:25:40 PM org.apache.catalina.core.ApplicationContext log
INFO: Manager: undeploy: Undeploying web application at '/'
14 Jan, 2012 7:25:41 PM org.apache.catalina.core.ApplicationContext log
INFO: Manager: install: Installing context configuration at 'file:/C:/Users/TTT/AppData/Local/Temp/context41358.xml'
14 Jan, 2012 7:25:41 PM org.apache.catalina.core.ApplicationContext log
INFO: Manager: start: Starting web application at '/'
14 Jan, 2012 7:25:51 PM org.apache.catalina.core.ApplicationContext log
INFO: Manager: list: Listing contexts for virtual host 'localhost'
14 Jan, 2012 7:25:51 PM org.apache.catalina.core.ApplicationContext log
INFO: Manager: list: Listing contexts for virtual host 'localhost'
14 Jan, 2012 7:25:51 PM org.apache.catalina.core.ApplicationContext log
INFO: Manager: undeploy: Undeploying web application at '/'
14 Jan, 2012 7:25:51 PM org.apache.catalina.core.ApplicationContext log
INFO: Manager: install: Installing context configuration at 'file:/C:/Users/TTT/AppData/Local/Temp/context41359.xml'
14 Jan, 2012 7:25:51 PM org.apache.catalina.core.ApplicationContext log
INFO: Manager: start: Starting web application at '/'
14 Jan, 2012 7:25:58 PM org.apache.catalina.core.ApplicationContext log
INFO: Manager: list: Listing contexts for virtual host 'localhost'
14 Jan, 2012 7:25:58 PM org.apache.catalina.core.ApplicationContext log
INFO: Manager: list: Listing contexts for virtual host 'localhost'
14 Jan, 2012 7:25:58 PM org.apache.catalina.core.ApplicationContext log
INFO: Manager: undeploy: Undeploying web application at '/'
14 Jan, 2012 7:25:59 PM org.apache.catalina.core.ApplicationContext log
INFO: Manager: install: Installing context configuration at 'file:/C:/Users/TTT/AppData/Local/Temp/context41360.xml'
14 Jan, 2012 7:25:59 PM org.apache.catalina.core.ApplicationContext log
INFO: Manager: start: Starting web application at '/'
14 Jan, 2012 7:26:21 PM org.apache.catalina.core.ApplicationContext log
INFO: Manager: list: Listing contexts for virtual host 'localhost'
14 Jan, 2012 7:26:25 PM org.apache.catalina.core.ApplicationContext log
INFO: Manager: list: Listing contexts for virtual host 'localhost'
14 Jan, 2012 7:26:29 PM org.apache.catalina.core.ApplicationContext log
INFO: Manager: list: Listing contexts for virtual host 'localhost'
14 Jan, 2012 7:26:29 PM org.apache.catalina.core.ApplicationContext log
INFO: Manager: list: Listing contexts for virtual host 'localhost'
14 Jan, 2012 7:26:29 PM org.apache.catalina.core.ApplicationContext log
INFO: Manager: undeploy: Undeploying web application at '/'
14 Jan, 2012 7:26:29 PM org.apache.catalina.core.ApplicationContext log
INFO: Manager: install: Installing context configuration at 'file:/C:/Users/TTT/AppData/Local/Temp/context41361.xml'
14 Jan, 2012 7:26:29 PM org.apache.catalina.core.ApplicationContext log
INFO: Manager: start: Starting web application at '/'
14 Jan, 2012 7:30:44 PM org.apache.catalina.core.ApplicationContext log
INFO: Manager: list: Listing contexts for virtual host 'localhost'
14 Jan, 2012 7:30:50 PM org.apache.catalina.core.ApplicationContext log
INFO: Manager: list: Listing contexts for virtual host 'localhost'
14 Jan, 2012 7:30:50 PM org.apache.catalina.core.ApplicationContext log
INFO: Manager: list: Listing contexts for virtual host 'localhost'
14 Jan, 2012 7:30:50 PM org.apache.catalina.core.ApplicationContext log
INFO: Manager: undeploy: Undeploying web application at '/'
14 Jan, 2012 7:30:50 PM org.apache.catalina.core.ApplicationContext log
INFO: Manager: install: Installing context configuration at 'file:/C:/Users/TTT/AppData/Local/Temp/context41362.xml'
14 Jan, 2012 7:30:50 PM org.apache.catalina.core.ApplicationContext log
INFO: Manager: start: Starting web application at '/'
14 Jan, 2012 7:34:39 PM org.apache.catalina.core.ApplicationContext log
INFO: Manager: list: Listing contexts for virtual host 'localhost'
14 Jan, 2012 7:34:58 PM org.apache.catalina.core.ApplicationContext log
INFO: Manager: list: Listing contexts for virtual host 'localhost'
14 Jan, 2012 7:35:00 PM org.apache.catalina.core.ApplicationContext log
INFO: Manager: list: Listing contexts for virtual host 'localhost'
14 Jan, 2012 7:35:00 PM org.apache.catalina.core.ApplicationContext log
INFO: Manager: list: Listing contexts for virtual host 'localhost'
14 Jan, 2012 7:35:00 PM org.apache.catalina.core.ApplicationContext log
INFO: Manager: undeploy: Undeploying web application at '/'
14 Jan, 2012 7:35:01 PM org.apache.catalina.core.ApplicationContext log
INFO: Manager: install: Installing context configuration at 'file:/C:/Users/TTT/AppData/Local/Temp/context41363.xml'
14 Jan, 2012 7:35:01 PM org.apache.catalina.core.ApplicationContext log
INFO: Manager: start: Starting web application at '/'
14 Jan, 2012 7:50:34 PM org.apache.catalina.core.ApplicationContext log
INFO: Manager: init: Associated with Deployer 'Catalina:type=Deployer,host=localhost'
14 Jan, 2012 7:50:34 PM org.apache.catalina.core.ApplicationContext log
INFO: Manager: init: Global resources are available
14 Jan, 2012 7:50:34 PM org.apache.catalina.core.ApplicationContext log
INFO: Manager: list: Listing contexts for virtual host 'localhost'
14 Jan, 2012 7:50:34 PM org.apache.catalina.core.ApplicationContext log
INFO: Manager: list: Listing contexts for virtual host 'localhost'
14 Jan, 2012 7:50:34 PM org.apache.catalina.core.ApplicationContext log
INFO: Manager: list: Listing contexts for virtual host 'localhost'
14 Jan, 2012 7:50:34 PM org.apache.catalina.core.ApplicationContext log
INFO: Manager: list: Listing contexts for virtual host 'localhost'
14 Jan, 2012 7:50:34 PM org.apache.catalina.core.ApplicationContext log
INFO: Manager: undeploy: Undeploying web application at '/'
14 Jan, 2012 7:50:35 PM org.apache.catalina.core.ApplicationContext log
INFO: Manager: undeploy: Undeploying web application at '/'
14 Jan, 2012 7:50:35 PM org.apache.catalina.core.ApplicationContext log
INFO: Manager: install: Installing context configuration at 'file:/C:/Users/TTT/AppData/Local/Temp/context41377.xml'
14 Jan, 2012 7:50:35 PM org.apache.catalina.core.ApplicationContext log
INFO: Manager: install: Installing context configuration at 'file:/C:/Users/TTT/AppData/Local/Temp/context41378.xml'
14 Jan, 2012 7:50:35 PM org.apache.catalina.core.ApplicationContext log
INFO: Manager: start: Starting web application at '/'
14 Jan, 2012 7:51:32 PM org.apache.catalina.core.ApplicationContext log
INFO: Manager: list: Listing contexts for virtual host 'localhost'
14 Jan, 2012 7:51:32 PM org.apache.catalina.core.ApplicationContext log
INFO: Manager: list: Listing contexts for virtual host 'localhost'
14 Jan, 2012 7:51:32 PM org.apache.catalina.core.ApplicationContext log
INFO: Manager: undeploy: Undeploying web application at '/'
14 Jan, 2012 7:51:32 PM org.apache.catalina.core.ApplicationContext log
INFO: Manager: install: Installing context configuration at 'file:/C:/Users/TTT/AppData/Local/Temp/context41379.xml'
14 Jan, 2012 7:51:33 PM org.apache.catalina.core.ApplicationContext log
INFO: Manager: start: Starting web application at '/'
