20 Jan, 2012 12:03:44 AM org.apache.catalina.core.ApplicationContext log
INFO: Manager: list: Listing contexts for virtual host 'localhost'
20 Jan, 2012 12:07:35 AM org.apache.catalina.core.ApplicationContext log
INFO: Manager: list: Listing contexts for virtual host 'localhost'
20 Jan, 2012 9:47:51 AM org.apache.catalina.core.ApplicationContext log
INFO: Manager: init: Associated with Deployer 'Catalina:type=Deployer,host=localhost'
20 Jan, 2012 9:47:51 AM org.apache.catalina.core.ApplicationContext log
INFO: Manager: init: Global resources are available
20 Jan, 2012 9:47:51 AM org.apache.catalina.core.ApplicationContext log
INFO: Manager: list: Listing contexts for virtual host 'localhost'
20 Jan, 2012 9:47:51 AM org.apache.catalina.core.ApplicationContext log
INFO: Manager: list: Listing contexts for virtual host 'localhost'
20 Jan, 2012 9:47:51 AM org.apache.catalina.core.ApplicationContext log
INFO: Manager: undeploy: Undeploying web application at '/'
20 Jan, 2012 9:47:52 AM org.apache.catalina.core.ApplicationContext log
INFO: Manager: install: Installing context configuration at 'file:/C:/Users/AMALJO~1/AppData/Local/Temp/context8635411738288518012.xml'
20 Jan, 2012 9:47:52 AM org.apache.catalina.core.ApplicationContext log
INFO: Manager: start: Starting web application at '/'
20 Jan, 2012 9:49:37 AM org.apache.catalina.core.ApplicationContext log
INFO: Manager: list: Listing contexts for virtual host 'localhost'
20 Jan, 2012 9:49:38 AM org.apache.catalina.core.ApplicationContext log
INFO: Manager: list: Listing contexts for virtual host 'localhost'
20 Jan, 2012 9:49:38 AM org.apache.catalina.core.ApplicationContext log
INFO: Manager: undeploy: Undeploying web application at '/'
20 Jan, 2012 9:49:38 AM org.apache.catalina.core.ApplicationContext log
INFO: Manager: install: Installing context configuration at 'file:/C:/Users/AMALJO~1/AppData/Local/Temp/context7290722559347651274.xml'
20 Jan, 2012 9:49:38 AM org.apache.catalina.core.ApplicationContext log
INFO: Manager: start: Starting web application at '/'
20 Jan, 2012 9:55:54 AM org.apache.catalina.core.ApplicationContext log
INFO: Manager: list: Listing contexts for virtual host 'localhost'
20 Jan, 2012 10:22:25 AM org.apache.catalina.core.ApplicationContext log
INFO: Manager: list: Listing contexts for virtual host 'localhost'
20 Jan, 2012 10:22:53 AM org.apache.catalina.core.ApplicationContext log
INFO: Manager: list: Listing contexts for virtual host 'localhost'
20 Jan, 2012 10:23:19 AM org.apache.catalina.core.ApplicationContext log
INFO: Manager: list: Listing contexts for virtual host 'localhost'
20 Jan, 2012 10:23:19 AM org.apache.catalina.core.ApplicationContext log
INFO: Manager: list: Listing contexts for virtual host 'localhost'
20 Jan, 2012 10:23:19 AM org.apache.catalina.core.ApplicationContext log
INFO: Manager: undeploy: Undeploying web application at '/'
20 Jan, 2012 10:23:20 AM org.apache.catalina.core.ApplicationContext log
INFO: Manager: install: Installing context configuration at 'file:/C:/Users/AMALJO~1/AppData/Local/Temp/context3259283575232465055.xml'
20 Jan, 2012 10:23:20 AM org.apache.catalina.core.ApplicationContext log
INFO: Manager: start: Starting web application at '/'
20 Jan, 2012 10:26:38 AM org.apache.catalina.core.ApplicationContext log
INFO: Manager: list: Listing contexts for virtual host 'localhost'
20 Jan, 2012 10:29:09 AM org.apache.catalina.core.ApplicationContext log
INFO: Manager: list: Listing contexts for virtual host 'localhost'
20 Jan, 2012 10:30:07 AM org.apache.catalina.core.ApplicationContext log
INFO: Manager: list: Listing contexts for virtual host 'localhost'
20 Jan, 2012 10:31:09 AM org.apache.catalina.core.ApplicationContext log
INFO: Manager: list: Listing contexts for virtual host 'localhost'
20 Jan, 2012 10:33:50 AM org.apache.catalina.core.ApplicationContext log
INFO: Manager: list: Listing contexts for virtual host 'localhost'
20 Jan, 2012 10:36:47 AM org.apache.catalina.core.ApplicationContext log
INFO: Manager: list: Listing contexts for virtual host 'localhost'
20 Jan, 2012 10:38:09 AM org.apache.catalina.core.ApplicationContext log
INFO: Manager: list: Listing contexts for virtual host 'localhost'
20 Jan, 2012 10:40:41 AM org.apache.catalina.core.ApplicationContext log
INFO: Manager: list: Listing contexts for virtual host 'localhost'
20 Jan, 2012 10:42:35 AM org.apache.catalina.core.ApplicationContext log
INFO: Manager: list: Listing contexts for virtual host 'localhost'
20 Jan, 2012 10:53:40 AM org.apache.catalina.core.ApplicationContext log
INFO: Manager: list: Listing contexts for virtual host 'localhost'
20 Jan, 2012 10:56:06 AM org.apache.catalina.core.ApplicationContext log
INFO: Manager: list: Listing contexts for virtual host 'localhost'
20 Jan, 2012 10:56:36 AM org.apache.catalina.core.ApplicationContext log
INFO: Manager: list: Listing contexts for virtual host 'localhost'
20 Jan, 2012 10:56:55 AM org.apache.catalina.core.ApplicationContext log
INFO: Manager: list: Listing contexts for virtual host 'localhost'
20 Jan, 2012 10:58:58 AM org.apache.catalina.core.ApplicationContext log
INFO: Manager: list: Listing contexts for virtual host 'localhost'
20 Jan, 2012 10:59:19 AM org.apache.catalina.core.ApplicationContext log
INFO: Manager: list: Listing contexts for virtual host 'localhost'
20 Jan, 2012 11:03:22 AM org.apache.catalina.core.ApplicationContext log
INFO: Manager: list: Listing contexts for virtual host 'localhost'
20 Jan, 2012 11:03:48 AM org.apache.catalina.core.ApplicationContext log
INFO: Manager: list: Listing contexts for virtual host 'localhost'
20 Jan, 2012 11:05:38 AM org.apache.catalina.core.ApplicationContext log
INFO: Manager: list: Listing contexts for virtual host 'localhost'
20 Jan, 2012 11:28:55 AM org.apache.catalina.core.ApplicationContext log
INFO: Manager: list: Listing contexts for virtual host 'localhost'
20 Jan, 2012 11:37:17 AM org.apache.catalina.core.ApplicationContext log
INFO: Manager: list: Listing contexts for virtual host 'localhost'
20 Jan, 2012 11:37:20 AM org.apache.catalina.core.ApplicationContext log
INFO: Manager: list: Listing contexts for virtual host 'localhost'
20 Jan, 2012 11:38:27 AM org.apache.catalina.core.ApplicationContext log
INFO: Manager: list: Listing contexts for virtual host 'localhost'
20 Jan, 2012 11:39:12 AM org.apache.catalina.core.ApplicationContext log
INFO: Manager: list: Listing contexts for virtual host 'localhost'
20 Jan, 2012 11:39:16 AM org.apache.catalina.core.ApplicationContext log
INFO: Manager: list: Listing contexts for virtual host 'localhost'
20 Jan, 2012 11:40:18 AM org.apache.catalina.core.ApplicationContext log
INFO: Manager: list: Listing contexts for virtual host 'localhost'
20 Jan, 2012 11:40:32 AM org.apache.catalina.core.ApplicationContext log
INFO: Manager: list: Listing contexts for virtual host 'localhost'
20 Jan, 2012 11:40:32 AM org.apache.catalina.core.ApplicationContext log
INFO: Manager: list: Listing contexts for virtual host 'localhost'
20 Jan, 2012 11:40:32 AM org.apache.catalina.core.ApplicationContext log
INFO: Manager: undeploy: Undeploying web application at '/'
20 Jan, 2012 11:40:33 AM org.apache.catalina.core.ApplicationContext log
INFO: Manager: install: Installing context configuration at 'file:/C:/Users/AMALJO~1/AppData/Local/Temp/context3316000634969206744.xml'
20 Jan, 2012 11:40:33 AM org.apache.catalina.core.ApplicationContext log
INFO: Manager: start: Starting web application at '/'
20 Jan, 2012 11:41:38 AM org.apache.catalina.core.ApplicationContext log
INFO: Manager: list: Listing contexts for virtual host 'localhost'
20 Jan, 2012 11:42:38 AM org.apache.catalina.core.ApplicationContext log
INFO: Manager: list: Listing contexts for virtual host 'localhost'
20 Jan, 2012 11:42:43 AM org.apache.catalina.core.ApplicationContext log
INFO: Manager: list: Listing contexts for virtual host 'localhost'
20 Jan, 2012 11:44:47 AM org.apache.catalina.core.ApplicationContext log
INFO: Manager: list: Listing contexts for virtual host 'localhost'
20 Jan, 2012 11:45:47 AM org.apache.catalina.core.ApplicationContext log
INFO: Manager: list: Listing contexts for virtual host 'localhost'
20 Jan, 2012 11:48:31 AM org.apache.catalina.core.ApplicationContext log
INFO: Manager: list: Listing contexts for virtual host 'localhost'
20 Jan, 2012 11:50:58 AM org.apache.catalina.core.ApplicationContext log
INFO: Manager: list: Listing contexts for virtual host 'localhost'
20 Jan, 2012 11:54:05 AM org.apache.catalina.core.ApplicationContext log
INFO: Manager: list: Listing contexts for virtual host 'localhost'
20 Jan, 2012 11:54:14 AM org.apache.catalina.core.ApplicationContext log
INFO: Manager: list: Listing contexts for virtual host 'localhost'
20 Jan, 2012 11:54:54 AM org.apache.catalina.core.ApplicationContext log
INFO: Manager: list: Listing contexts for virtual host 'localhost'
20 Jan, 2012 11:57:23 AM org.apache.catalina.core.ApplicationContext log
INFO: Manager: list: Listing contexts for virtual host 'localhost'
20 Jan, 2012 11:57:24 AM org.apache.catalina.core.ApplicationContext log
INFO: Manager: list: Listing contexts for virtual host 'localhost'
20 Jan, 2012 11:57:25 AM org.apache.catalina.core.ApplicationContext log
INFO: Manager: list: Listing contexts for virtual host 'localhost'
20 Jan, 2012 11:57:26 AM org.apache.catalina.core.ApplicationContext log
INFO: Manager: list: Listing contexts for virtual host 'localhost'
20 Jan, 2012 11:57:27 AM org.apache.catalina.core.ApplicationContext log
INFO: Manager: list: Listing contexts for virtual host 'localhost'
20 Jan, 2012 11:57:28 AM org.apache.catalina.core.ApplicationContext log
INFO: Manager: list: Listing contexts for virtual host 'localhost'
20 Jan, 2012 11:58:20 AM org.apache.catalina.core.ApplicationContext log
INFO: Manager: list: Listing contexts for virtual host 'localhost'
20 Jan, 2012 12:00:02 PM org.apache.catalina.core.ApplicationContext log
INFO: Manager: list: Listing contexts for virtual host 'localhost'
20 Jan, 2012 12:01:19 PM org.apache.catalina.core.ApplicationContext log
INFO: Manager: list: Listing contexts for virtual host 'localhost'
20 Jan, 2012 12:02:52 PM org.apache.catalina.core.ApplicationContext log
INFO: Manager: list: Listing contexts for virtual host 'localhost'
20 Jan, 2012 12:04:21 PM org.apache.catalina.core.ApplicationContext log
INFO: Manager: list: Listing contexts for virtual host 'localhost'
20 Jan, 2012 12:04:21 PM org.apache.catalina.core.ApplicationContext log
INFO: Manager: list: Listing contexts for virtual host 'localhost'
20 Jan, 2012 12:04:22 PM org.apache.catalina.core.ApplicationContext log
INFO: Manager: undeploy: Undeploying web application at '/'
20 Jan, 2012 12:04:22 PM org.apache.catalina.core.ApplicationContext log
INFO: Manager: install: Installing context configuration at 'file:/C:/Users/AMALJO~1/AppData/Local/Temp/context4609660078901940179.xml'
20 Jan, 2012 12:04:22 PM org.apache.catalina.core.ApplicationContext log
INFO: Manager: start: Starting web application at '/'
20 Jan, 2012 12:06:53 PM org.apache.catalina.core.ApplicationContext log
INFO: Manager: list: Listing contexts for virtual host 'localhost'
20 Jan, 2012 12:06:53 PM org.apache.catalina.core.ApplicationContext log
INFO: Manager: list: Listing contexts for virtual host 'localhost'
20 Jan, 2012 12:06:53 PM org.apache.catalina.core.ApplicationContext log
INFO: Manager: undeploy: Undeploying web application at '/'
20 Jan, 2012 12:06:54 PM org.apache.catalina.core.ApplicationContext log
INFO: Manager: install: Installing context configuration at 'file:/C:/Users/AMALJO~1/AppData/Local/Temp/context5025221099130060974.xml'
20 Jan, 2012 12:06:54 PM org.apache.catalina.core.ApplicationContext log
INFO: Manager: start: Starting web application at '/'
20 Jan, 2012 12:08:37 PM org.apache.catalina.core.ApplicationContext log
INFO: Manager: list: Listing contexts for virtual host 'localhost'
20 Jan, 2012 12:09:37 PM org.apache.catalina.core.ApplicationContext log
INFO: Manager: list: Listing contexts for virtual host 'localhost'
20 Jan, 2012 12:11:18 PM org.apache.catalina.core.ApplicationContext log
INFO: Manager: list: Listing contexts for virtual host 'localhost'
20 Jan, 2012 12:11:28 PM org.apache.catalina.core.ApplicationContext log
INFO: Manager: list: Listing contexts for virtual host 'localhost'
20 Jan, 2012 12:12:28 PM org.apache.catalina.core.ApplicationContext log
INFO: Manager: list: Listing contexts for virtual host 'localhost'
20 Jan, 2012 12:14:22 PM org.apache.catalina.core.ApplicationContext log
INFO: Manager: list: Listing contexts for virtual host 'localhost'
20 Jan, 2012 12:19:37 PM org.apache.catalina.core.ApplicationContext log
INFO: Manager: list: Listing contexts for virtual host 'localhost'
20 Jan, 2012 12:22:24 PM org.apache.catalina.core.ApplicationContext log
INFO: Manager: list: Listing contexts for virtual host 'localhost'
20 Jan, 2012 12:25:55 PM org.apache.catalina.core.ApplicationContext log
INFO: Manager: list: Listing contexts for virtual host 'localhost'
20 Jan, 2012 12:26:45 PM org.apache.catalina.core.ApplicationContext log
INFO: Manager: list: Listing contexts for virtual host 'localhost'
20 Jan, 2012 12:28:34 PM org.apache.catalina.core.ApplicationContext log
INFO: Manager: list: Listing contexts for virtual host 'localhost'
20 Jan, 2012 12:30:00 PM org.apache.catalina.core.ApplicationContext log
INFO: Manager: list: Listing contexts for virtual host 'localhost'
20 Jan, 2012 12:30:08 PM org.apache.catalina.core.ApplicationContext log
INFO: Manager: list: Listing contexts for virtual host 'localhost'
20 Jan, 2012 12:30:08 PM org.apache.catalina.core.ApplicationContext log
INFO: Manager: list: Listing contexts for virtual host 'localhost'
20 Jan, 2012 12:30:08 PM org.apache.catalina.core.ApplicationContext log
INFO: Manager: undeploy: Undeploying web application at '/'
20 Jan, 2012 12:30:09 PM org.apache.catalina.core.ApplicationContext log
INFO: Manager: install: Installing context configuration at 'file:/C:/Users/AMALJO~1/AppData/Local/Temp/context2858352325368268219.xml'
20 Jan, 2012 12:30:09 PM org.apache.catalina.core.ApplicationContext log
INFO: Manager: start: Starting web application at '/'
20 Jan, 2012 12:34:49 PM org.apache.catalina.core.ApplicationContext log
INFO: Manager: list: Listing contexts for virtual host 'localhost'
20 Jan, 2012 12:35:05 PM org.apache.catalina.core.ApplicationContext log
INFO: Manager: list: Listing contexts for virtual host 'localhost'
20 Jan, 2012 12:35:19 PM org.apache.catalina.core.ApplicationContext log
INFO: Manager: list: Listing contexts for virtual host 'localhost'
20 Jan, 2012 12:35:21 PM org.apache.catalina.core.ApplicationContext log
INFO: Manager: list: Listing contexts for virtual host 'localhost'
20 Jan, 2012 12:35:35 PM org.apache.catalina.core.ApplicationContext log
INFO: Manager: list: Listing contexts for virtual host 'localhost'
20 Jan, 2012 12:35:35 PM org.apache.catalina.core.ApplicationContext log
INFO: Manager: list: Listing contexts for virtual host 'localhost'
20 Jan, 2012 12:35:35 PM org.apache.catalina.core.ApplicationContext log
INFO: Manager: undeploy: Undeploying web application at '/'
20 Jan, 2012 12:35:36 PM org.apache.catalina.core.ApplicationContext log
INFO: Manager: install: Installing context configuration at 'file:/C:/Users/AMALJO~1/AppData/Local/Temp/context1766512069300107375.xml'
20 Jan, 2012 12:35:36 PM org.apache.catalina.core.ApplicationContext log
INFO: Manager: start: Starting web application at '/'
20 Jan, 2012 12:38:36 PM org.apache.catalina.core.ApplicationContext log
INFO: Manager: list: Listing contexts for virtual host 'localhost'
20 Jan, 2012 3:53:30 PM org.apache.catalina.core.ApplicationContext log
INFO: Manager: init: Associated with Deployer 'Catalina:type=Deployer,host=localhost'
20 Jan, 2012 3:53:30 PM org.apache.catalina.core.ApplicationContext log
INFO: Manager: init: Global resources are available
20 Jan, 2012 3:53:30 PM org.apache.catalina.core.ApplicationContext log
INFO: Manager: list: Listing contexts for virtual host 'localhost'
20 Jan, 2012 3:53:30 PM org.apache.catalina.core.ApplicationContext log
INFO: Manager: list: Listing contexts for virtual host 'localhost'
20 Jan, 2012 3:53:30 PM org.apache.catalina.core.ApplicationContext log
INFO: Manager: undeploy: Undeploying web application at '/'
20 Jan, 2012 3:53:30 PM org.apache.catalina.core.ApplicationContext log
INFO: Manager: install: Installing context configuration at 'file:/C:/Users/TTT/AppData/Local/Temp/context35517.xml'
20 Jan, 2012 3:53:31 PM org.apache.catalina.core.ApplicationContext log
INFO: Manager: start: Starting web application at '/'
20 Jan, 2012 3:54:39 PM org.apache.catalina.core.ApplicationContext log
INFO: Manager: list: Listing contexts for virtual host 'localhost'
20 Jan, 2012 3:54:39 PM org.apache.catalina.core.ApplicationContext log
INFO: Manager: list: Listing contexts for virtual host 'localhost'
20 Jan, 2012 3:54:39 PM org.apache.catalina.core.ApplicationContext log
INFO: Manager: undeploy: Undeploying web application at '/'
20 Jan, 2012 3:54:40 PM org.apache.catalina.core.ApplicationContext log
INFO: Manager: install: Installing context configuration at 'file:/C:/Users/TTT/AppData/Local/Temp/context35518.xml'
20 Jan, 2012 3:54:40 PM org.apache.catalina.core.ApplicationContext log
INFO: Manager: start: Starting web application at '/'
