Jan 19, 2012 12:02:06 AM org.apache.catalina.core.ApplicationContext log
INFO: Manager: list: Listing contexts for virtual host 'localhost'
Jan 19, 2012 12:03:54 AM org.apache.catalina.core.ApplicationContext log
INFO: Manager: list: Listing contexts for virtual host 'localhost'
Jan 19, 2012 12:06:37 AM org.apache.catalina.core.ApplicationContext log
INFO: Manager: list: Listing contexts for virtual host 'localhost'
Jan 19, 2012 12:09:47 AM org.apache.catalina.core.ApplicationContext log
INFO: Manager: list: Listing contexts for virtual host 'localhost'
Jan 19, 2012 12:12:11 AM org.apache.catalina.core.ApplicationContext log
INFO: Manager: list: Listing contexts for virtual host 'localhost'
Jan 19, 2012 12:12:17 AM org.apache.catalina.core.ApplicationContext log
INFO: Manager: list: Listing contexts for virtual host 'localhost'
Jan 19, 2012 12:13:12 AM org.apache.catalina.core.ApplicationContext log
INFO: Manager: list: Listing contexts for virtual host 'localhost'
Jan 19, 2012 12:14:26 AM org.apache.catalina.core.ApplicationContext log
INFO: Manager: list: Listing contexts for virtual host 'localhost'
Jan 19, 2012 12:16:09 AM org.apache.catalina.core.ApplicationContext log
INFO: Manager: list: Listing contexts for virtual host 'localhost'
Jan 19, 2012 12:16:38 AM org.apache.catalina.core.ApplicationContext log
INFO: Manager: list: Listing contexts for virtual host 'localhost'
Jan 19, 2012 12:17:07 AM org.apache.catalina.core.ApplicationContext log
INFO: Manager: list: Listing contexts for virtual host 'localhost'
Jan 19, 2012 12:17:28 AM org.apache.catalina.core.ApplicationContext log
INFO: Manager: list: Listing contexts for virtual host 'localhost'
Jan 19, 2012 12:19:13 AM org.apache.catalina.core.ApplicationContext log
INFO: Manager: list: Listing contexts for virtual host 'localhost'
Jan 19, 2012 12:19:24 AM org.apache.catalina.core.ApplicationContext log
INFO: Manager: list: Listing contexts for virtual host 'localhost'
Jan 19, 2012 12:19:30 AM org.apache.catalina.core.ApplicationContext log
INFO: Manager: list: Listing contexts for virtual host 'localhost'
Jan 19, 2012 12:21:02 AM org.apache.catalina.core.ApplicationContext log
INFO: Manager: list: Listing contexts for virtual host 'localhost'
Jan 19, 2012 12:23:29 AM org.apache.catalina.core.ApplicationContext log
INFO: Manager: list: Listing contexts for virtual host 'localhost'
Jan 19, 2012 12:24:43 AM org.apache.catalina.core.ApplicationContext log
INFO: Manager: list: Listing contexts for virtual host 'localhost'
Jan 19, 2012 12:26:19 AM org.apache.catalina.core.ApplicationContext log
INFO: Manager: list: Listing contexts for virtual host 'localhost'
Jan 19, 2012 12:28:05 AM org.apache.catalina.core.ApplicationContext log
INFO: Manager: list: Listing contexts for virtual host 'localhost'
Jan 19, 2012 12:28:34 AM org.apache.catalina.core.ApplicationContext log
INFO: Manager: list: Listing contexts for virtual host 'localhost'
Jan 19, 2012 12:39:00 AM org.apache.catalina.core.ApplicationContext log
INFO: Manager: list: Listing contexts for virtual host 'localhost'
Jan 19, 2012 12:39:18 AM org.apache.catalina.core.ApplicationContext log
INFO: Manager: list: Listing contexts for virtual host 'localhost'
Jan 19, 2012 12:40:27 AM org.apache.catalina.core.ApplicationContext log
INFO: Manager: list: Listing contexts for virtual host 'localhost'
Jan 19, 2012 12:40:47 AM org.apache.catalina.core.ApplicationContext log
INFO: Manager: list: Listing contexts for virtual host 'localhost'
Jan 19, 2012 12:42:24 AM org.apache.catalina.core.ApplicationContext log
INFO: Manager: list: Listing contexts for virtual host 'localhost'
Jan 19, 2012 12:42:57 AM org.apache.catalina.core.ApplicationContext log
INFO: Manager: list: Listing contexts for virtual host 'localhost'
Jan 19, 2012 12:44:01 AM org.apache.catalina.core.ApplicationContext log
INFO: Manager: list: Listing contexts for virtual host 'localhost'
Jan 19, 2012 12:44:40 AM org.apache.catalina.core.ApplicationContext log
INFO: Manager: list: Listing contexts for virtual host 'localhost'
Jan 19, 2012 12:45:18 AM org.apache.catalina.core.ApplicationContext log
INFO: Manager: list: Listing contexts for virtual host 'localhost'
Jan 19, 2012 12:46:46 AM org.apache.catalina.core.ApplicationContext log
INFO: Manager: list: Listing contexts for virtual host 'localhost'
Jan 19, 2012 12:46:54 AM org.apache.catalina.core.ApplicationContext log
INFO: Manager: list: Listing contexts for virtual host 'localhost'
Jan 19, 2012 12:47:07 AM org.apache.catalina.core.ApplicationContext log
INFO: Manager: list: Listing contexts for virtual host 'localhost'
Jan 19, 2012 12:48:11 AM org.apache.catalina.core.ApplicationContext log
INFO: Manager: list: Listing contexts for virtual host 'localhost'
Jan 19, 2012 12:48:37 AM org.apache.catalina.core.ApplicationContext log
INFO: Manager: list: Listing contexts for virtual host 'localhost'
Jan 19, 2012 12:53:44 AM org.apache.catalina.core.ApplicationContext log
INFO: Manager: list: Listing contexts for virtual host 'localhost'
Jan 19, 2012 12:54:32 AM org.apache.catalina.core.ApplicationContext log
INFO: Manager: list: Listing contexts for virtual host 'localhost'
Jan 19, 2012 12:55:17 AM org.apache.catalina.core.ApplicationContext log
INFO: Manager: list: Listing contexts for virtual host 'localhost'
Jan 19, 2012 12:57:40 AM org.apache.catalina.core.ApplicationContext log
INFO: Manager: list: Listing contexts for virtual host 'localhost'
Jan 19, 2012 1:01:42 AM org.apache.catalina.core.ApplicationContext log
INFO: Manager: list: Listing contexts for virtual host 'localhost'
Jan 19, 2012 1:02:01 AM org.apache.catalina.core.ApplicationContext log
INFO: Manager: list: Listing contexts for virtual host 'localhost'
Jan 19, 2012 1:05:49 AM org.apache.catalina.core.ApplicationContext log
INFO: Manager: list: Listing contexts for virtual host 'localhost'
Jan 19, 2012 1:12:36 AM org.apache.catalina.core.ApplicationContext log
INFO: Manager: list: Listing contexts for virtual host 'localhost'
Jan 19, 2012 1:13:16 AM org.apache.catalina.core.ApplicationContext log
INFO: Manager: list: Listing contexts for virtual host 'localhost'
Jan 19, 2012 1:14:28 AM org.apache.catalina.core.ApplicationContext log
INFO: Manager: list: Listing contexts for virtual host 'localhost'
Jan 19, 2012 1:14:51 AM org.apache.catalina.core.ApplicationContext log
INFO: Manager: list: Listing contexts for virtual host 'localhost'
Jan 19, 2012 1:15:23 AM org.apache.catalina.core.ApplicationContext log
INFO: Manager: list: Listing contexts for virtual host 'localhost'
Jan 19, 2012 1:16:43 AM org.apache.catalina.core.ApplicationContext log
INFO: Manager: list: Listing contexts for virtual host 'localhost'
Jan 19, 2012 1:19:04 AM org.apache.catalina.core.ApplicationContext log
INFO: Manager: list: Listing contexts for virtual host 'localhost'
Jan 19, 2012 1:21:32 AM org.apache.catalina.core.ApplicationContext log
INFO: Manager: list: Listing contexts for virtual host 'localhost'
19 Jan, 2012 9:40:45 AM org.apache.catalina.core.ApplicationContext log
INFO: Manager: init: Associated with Deployer 'Catalina:type=Deployer,host=localhost'
19 Jan, 2012 9:40:45 AM org.apache.catalina.core.ApplicationContext log
INFO: Manager: init: Global resources are available
19 Jan, 2012 9:40:45 AM org.apache.catalina.core.ApplicationContext log
INFO: Manager: list: Listing contexts for virtual host 'localhost'
19 Jan, 2012 9:40:45 AM org.apache.catalina.core.ApplicationContext log
INFO: Manager: undeploy: Undeploying web application at '/'
19 Jan, 2012 9:40:46 AM org.apache.catalina.core.ApplicationContext log
INFO: Manager: install: Installing context configuration at 'file:/C:/Users/AMALJO~1/AppData/Local/Temp/context6536129509985933324.xml'
19 Jan, 2012 9:40:46 AM org.apache.catalina.core.ApplicationContext log
INFO: Manager: start: Starting web application at '/'
19 Jan, 2012 9:50:23 AM org.apache.catalina.core.ApplicationContext log
INFO: Manager: list: Listing contexts for virtual host 'localhost'
19 Jan, 2012 9:50:23 AM org.apache.catalina.core.ApplicationContext log
INFO: Manager: list: Listing contexts for virtual host 'localhost'
19 Jan, 2012 9:50:23 AM org.apache.catalina.core.ApplicationContext log
INFO: Manager: undeploy: Undeploying web application at '/'
19 Jan, 2012 9:50:24 AM org.apache.catalina.core.ApplicationContext log
INFO: Manager: install: Installing context configuration at 'file:/C:/Users/AMALJO~1/AppData/Local/Temp/context7184611366999449670.xml'
19 Jan, 2012 9:50:24 AM org.apache.catalina.core.ApplicationContext log
INFO: Manager: start: Starting web application at '/'
19 Jan, 2012 10:25:04 AM org.apache.catalina.core.ApplicationContext log
INFO: Manager: list: Listing contexts for virtual host 'localhost'
19 Jan, 2012 10:26:08 AM org.apache.catalina.core.ApplicationContext log
INFO: Manager: list: Listing contexts for virtual host 'localhost'
19 Jan, 2012 10:26:09 AM org.apache.catalina.core.ApplicationContext log
INFO: Manager: list: Listing contexts for virtual host 'localhost'
19 Jan, 2012 10:39:33 AM org.apache.catalina.core.ApplicationContext log
INFO: Manager: list: Listing contexts for virtual host 'localhost'
19 Jan, 2012 10:39:33 AM org.apache.catalina.core.ApplicationContext log
INFO: Manager: list: Listing contexts for virtual host 'localhost'
19 Jan, 2012 10:39:33 AM org.apache.catalina.core.ApplicationContext log
INFO: Manager: undeploy: Undeploying web application at '/'
19 Jan, 2012 10:39:33 AM org.apache.catalina.core.ApplicationContext log
INFO: Manager: list: Listing contexts for virtual host 'localhost'
19 Jan, 2012 10:39:34 AM org.apache.catalina.core.ApplicationContext log
INFO: Manager: install: Installing context configuration at 'file:/C:/Users/AMALJO~1/AppData/Local/Temp/context8121018487316987415.xml'
19 Jan, 2012 10:39:34 AM org.apache.catalina.core.ApplicationContext log
INFO: Manager: start: Starting web application at '/'
19 Jan, 2012 10:40:17 AM org.apache.catalina.core.ApplicationContext log
INFO: Manager: list: Listing contexts for virtual host 'localhost'
19 Jan, 2012 10:40:17 AM org.apache.catalina.core.ApplicationContext log
INFO: Manager: list: Listing contexts for virtual host 'localhost'
19 Jan, 2012 10:40:17 AM org.apache.catalina.core.ApplicationContext log
INFO: Manager: undeploy: Undeploying web application at '/'
19 Jan, 2012 10:40:17 AM org.apache.catalina.core.ApplicationContext log
INFO: Manager: install: Installing context configuration at 'file:/C:/Users/AMALJO~1/AppData/Local/Temp/context7180533157877663591.xml'
19 Jan, 2012 10:40:17 AM org.apache.catalina.core.ApplicationContext log
INFO: Manager: start: Starting web application at '/'
19 Jan, 2012 11:01:51 AM org.apache.catalina.core.ApplicationContext log
INFO: Manager: list: Listing contexts for virtual host 'localhost'
19 Jan, 2012 11:02:13 AM org.apache.catalina.core.ApplicationContext log
INFO: Manager: list: Listing contexts for virtual host 'localhost'
19 Jan, 2012 11:02:13 AM org.apache.catalina.core.ApplicationContext log
INFO: Manager: list: Listing contexts for virtual host 'localhost'
19 Jan, 2012 11:02:13 AM org.apache.catalina.core.ApplicationContext log
INFO: Manager: undeploy: Undeploying web application at '/'
19 Jan, 2012 11:02:14 AM org.apache.catalina.core.ApplicationContext log
INFO: Manager: install: Installing context configuration at 'file:/C:/Users/AMALJO~1/AppData/Local/Temp/context6357870834750401424.xml'
19 Jan, 2012 11:02:14 AM org.apache.catalina.core.ApplicationContext log
INFO: Manager: start: Starting web application at '/'
19 Jan, 2012 11:04:54 AM org.apache.catalina.core.ApplicationContext log
INFO: Manager: list: Listing contexts for virtual host 'localhost'
19 Jan, 2012 11:06:05 AM org.apache.catalina.core.ApplicationContext log
INFO: Manager: list: Listing contexts for virtual host 'localhost'
19 Jan, 2012 11:06:50 AM org.apache.catalina.core.ApplicationContext log
INFO: Manager: list: Listing contexts for virtual host 'localhost'
19 Jan, 2012 11:08:45 AM org.apache.catalina.core.ApplicationContext log
INFO: Manager: list: Listing contexts for virtual host 'localhost'
19 Jan, 2012 11:10:29 AM org.apache.catalina.core.ApplicationContext log
INFO: Manager: list: Listing contexts for virtual host 'localhost'
19 Jan, 2012 11:14:38 AM org.apache.catalina.core.ApplicationContext log
INFO: Manager: list: Listing contexts for virtual host 'localhost'
19 Jan, 2012 11:16:28 AM org.apache.catalina.core.ApplicationContext log
INFO: Manager: list: Listing contexts for virtual host 'localhost'
19 Jan, 2012 11:18:08 AM org.apache.catalina.core.ApplicationContext log
INFO: Manager: list: Listing contexts for virtual host 'localhost'
19 Jan, 2012 11:22:04 AM org.apache.catalina.core.ApplicationContext log
INFO: Manager: list: Listing contexts for virtual host 'localhost'
19 Jan, 2012 11:23:15 AM org.apache.catalina.core.ApplicationContext log
INFO: Manager: list: Listing contexts for virtual host 'localhost'
19 Jan, 2012 11:24:00 AM org.apache.catalina.core.ApplicationContext log
INFO: Manager: list: Listing contexts for virtual host 'localhost'
19 Jan, 2012 11:24:00 AM org.apache.catalina.core.ApplicationContext log
INFO: Manager: list: Listing contexts for virtual host 'localhost'
19 Jan, 2012 11:24:00 AM org.apache.catalina.core.ApplicationContext log
INFO: Manager: undeploy: Undeploying web application at '/'
19 Jan, 2012 11:24:01 AM org.apache.catalina.core.ApplicationContext log
INFO: Manager: install: Installing context configuration at 'file:/C:/Users/AMALJO~1/AppData/Local/Temp/context1898607631830136474.xml'
19 Jan, 2012 11:24:01 AM org.apache.catalina.core.ApplicationContext log
INFO: Manager: start: Starting web application at '/'
19 Jan, 2012 11:25:50 AM org.apache.catalina.core.ApplicationContext log
INFO: Manager: list: Listing contexts for virtual host 'localhost'
19 Jan, 2012 11:31:04 AM org.apache.catalina.core.ApplicationContext log
INFO: Manager: list: Listing contexts for virtual host 'localhost'
19 Jan, 2012 11:31:29 AM org.apache.catalina.core.ApplicationContext log
INFO: Manager: list: Listing contexts for virtual host 'localhost'
19 Jan, 2012 11:31:41 AM org.apache.catalina.core.ApplicationContext log
INFO: Manager: list: Listing contexts for virtual host 'localhost'
19 Jan, 2012 11:31:41 AM org.apache.catalina.core.ApplicationContext log
INFO: Manager: list: Listing contexts for virtual host 'localhost'
19 Jan, 2012 11:31:41 AM org.apache.catalina.core.ApplicationContext log
INFO: Manager: undeploy: Undeploying web application at '/'
19 Jan, 2012 11:31:41 AM org.apache.catalina.core.ApplicationContext log
INFO: Manager: install: Installing context configuration at 'file:/C:/Users/AMALJO~1/AppData/Local/Temp/context8825959150395469836.xml'
19 Jan, 2012 11:31:41 AM org.apache.catalina.core.ApplicationContext log
INFO: Manager: start: Starting web application at '/'
19 Jan, 2012 11:32:13 AM org.apache.catalina.core.ApplicationContext log
INFO: Manager: list: Listing contexts for virtual host 'localhost'
19 Jan, 2012 11:32:57 AM org.apache.catalina.core.ApplicationContext log
INFO: Manager: list: Listing contexts for virtual host 'localhost'
19 Jan, 2012 11:32:57 AM org.apache.catalina.core.ApplicationContext log
INFO: Manager: list: Listing contexts for virtual host 'localhost'
19 Jan, 2012 11:32:57 AM org.apache.catalina.core.ApplicationContext log
INFO: Manager: undeploy: Undeploying web application at '/'
19 Jan, 2012 11:32:58 AM org.apache.catalina.core.ApplicationContext log
INFO: Manager: install: Installing context configuration at 'file:/C:/Users/AMALJO~1/AppData/Local/Temp/context143721264960481704.xml'
19 Jan, 2012 11:32:58 AM org.apache.catalina.core.ApplicationContext log
INFO: Manager: start: Starting web application at '/'
19 Jan, 2012 11:43:13 AM org.apache.catalina.core.ApplicationContext log
INFO: Manager: list: Listing contexts for virtual host 'localhost'
19 Jan, 2012 11:45:01 AM org.apache.catalina.core.ApplicationContext log
INFO: Manager: list: Listing contexts for virtual host 'localhost'
