17 Feb, 2012 7:49:44 AM org.apache.catalina.core.ApplicationContext log
INFO: Manager: init: Associated with Deployer 'Catalina:type=Deployer,host=localhost'
17 Feb, 2012 7:49:44 AM org.apache.catalina.core.ApplicationContext log
INFO: Manager: init: Global resources are available
17 Feb, 2012 7:49:44 AM org.apache.catalina.core.ApplicationContext log
INFO: Manager: list: Listing contexts for virtual host 'localhost'
17 Feb, 2012 7:49:44 AM org.apache.catalina.core.ApplicationContext log
INFO: Manager: list: Listing contexts for virtual host 'localhost'
17 Feb, 2012 7:49:44 AM org.apache.catalina.core.ApplicationContext log
INFO: Manager: undeploy: Undeploying web application at '/'
17 Feb, 2012 7:49:45 AM org.apache.catalina.core.ApplicationContext log
INFO: Manager: install: Installing context configuration at 'file:/C:/Users/AMALJO~1/AppData/Local/Temp/context2121538923896566219.xml'
17 Feb, 2012 7:49:45 AM org.apache.catalina.core.ApplicationContext log
INFO: Manager: start: Starting web application at '/'
17 Feb, 2012 8:58:27 AM org.apache.catalina.core.ApplicationContext log
INFO: Manager: init: Associated with Deployer 'Catalina:type=Deployer,host=localhost'
17 Feb, 2012 8:58:27 AM org.apache.catalina.core.ApplicationContext log
INFO: Manager: init: Global resources are available
17 Feb, 2012 8:58:27 AM org.apache.catalina.core.ApplicationContext log
INFO: Manager: list: Listing contexts for virtual host 'localhost'
17 Feb, 2012 8:58:27 AM org.apache.catalina.core.ApplicationContext log
INFO: Manager: list: Listing contexts for virtual host 'localhost'
17 Feb, 2012 8:58:27 AM org.apache.catalina.core.ApplicationContext log
INFO: Manager: install: Installing context configuration at 'file:/C:/Users/TTT/AppData/Local/Temp/context28574.xml'
17 Feb, 2012 8:58:27 AM org.apache.catalina.core.ApplicationContext log
INFO: Manager: start: Starting web application at '/FileUP'
17 Feb, 2012 9:00:26 AM org.apache.catalina.core.ApplicationContext log
INFO: Manager: list: Listing contexts for virtual host 'localhost'
17 Feb, 2012 9:00:59 AM org.apache.catalina.core.ApplicationContext log
INFO: Manager: list: Listing contexts for virtual host 'localhost'
17 Feb, 2012 9:00:59 AM org.apache.catalina.core.ApplicationContext log
INFO: Manager: stop: Stopping web application at '/FileUP'
17 Feb, 2012 9:01:00 AM org.apache.catalina.core.ApplicationContext log
INFO: Manager: start: Starting web application at '/FileUP'
17 Feb, 2012 9:01:00 AM org.apache.catalina.core.ApplicationContext log
INFO: Manager: list: Listing contexts for virtual host 'localhost'
17 Feb, 2012 9:01:00 AM org.apache.catalina.core.ApplicationContext log
INFO: Manager: restart: Reloading web application at '/FileUP'
17 Feb, 2012 9:02:04 AM org.apache.catalina.core.ApplicationContext log
INFO: Manager: list: Listing contexts for virtual host 'localhost'
17 Feb, 2012 9:02:04 AM org.apache.catalina.core.ApplicationContext log
INFO: Manager: restart: Reloading web application at '/FileUP'
