19 Feb, 2012 12:00:01 AM org.apache.catalina.core.ApplicationContext log
INFO: Manager: list: Listing contexts for virtual host 'localhost'
19 Feb, 2012 12:00:04 AM org.apache.catalina.core.ApplicationContext log
INFO: Manager: list: Listing contexts for virtual host 'localhost'
19 Feb, 2012 12:00:04 AM org.apache.catalina.core.ApplicationContext log
INFO: Manager: list: Listing contexts for virtual host 'localhost'
19 Feb, 2012 12:00:04 AM org.apache.catalina.core.ApplicationContext log
INFO: Manager: undeploy: Undeploying web application at '/'
19 Feb, 2012 12:00:04 AM org.apache.catalina.core.ApplicationContext log
INFO: Manager: install: Installing context configuration at 'file:/C:/Users/AMALJO~1/AppData/Local/Temp/context715928802068261063.xml'
19 Feb, 2012 12:00:04 AM org.apache.catalina.core.ApplicationContext log
INFO: Manager: start: Starting web application at '/'
19 Feb, 2012 12:24:25 AM org.apache.catalina.core.ApplicationContext log
INFO: Manager: init: Associated with Deployer 'Catalina:type=Deployer,host=localhost'
19 Feb, 2012 12:24:25 AM org.apache.catalina.core.ApplicationContext log
INFO: Manager: init: Global resources are available
19 Feb, 2012 12:24:25 AM org.apache.catalina.core.ApplicationContext log
INFO: Manager: list: Listing contexts for virtual host 'localhost'
19 Feb, 2012 12:24:25 AM org.apache.catalina.core.ApplicationContext log
INFO: Manager: list: Listing contexts for virtual host 'localhost'
19 Feb, 2012 12:24:25 AM org.apache.catalina.core.ApplicationContext log
INFO: Manager: undeploy: Undeploying web application at '/'
19 Feb, 2012 12:24:25 AM org.apache.catalina.core.ApplicationContext log
INFO: Manager: install: Installing context configuration at 'file:/C:/Users/TTT/AppData/Local/Temp/context33224.xml'
19 Feb, 2012 12:24:26 AM org.apache.catalina.core.ApplicationContext log
INFO: Manager: start: Starting web application at '/'
19 Feb, 2012 12:26:00 AM org.apache.catalina.core.ApplicationContext log
INFO: Manager: list: Listing contexts for virtual host 'localhost'
19 Feb, 2012 12:26:00 AM org.apache.catalina.core.ApplicationContext log
INFO: Manager: list: Listing contexts for virtual host 'localhost'
19 Feb, 2012 12:26:00 AM org.apache.catalina.core.ApplicationContext log
INFO: Manager: undeploy: Undeploying web application at '/'
19 Feb, 2012 12:26:01 AM org.apache.catalina.core.ApplicationContext log
INFO: Manager: install: Installing context configuration at 'file:/C:/Users/TTT/AppData/Local/Temp/context33225.xml'
19 Feb, 2012 12:26:01 AM org.apache.catalina.core.ApplicationContext log
INFO: Manager: start: Starting web application at '/'
19 Feb, 2012 12:29:59 AM org.apache.catalina.core.ApplicationContext log
INFO: Manager: list: Listing contexts for virtual host 'localhost'
19 Feb, 2012 12:29:59 AM org.apache.catalina.core.ApplicationContext log
INFO: Manager: list: Listing contexts for virtual host 'localhost'
19 Feb, 2012 12:29:59 AM org.apache.catalina.core.ApplicationContext log
INFO: Manager: undeploy: Undeploying web application at '/'
19 Feb, 2012 12:29:59 AM org.apache.catalina.core.ApplicationContext log
INFO: Manager: install: Installing context configuration at 'file:/C:/Users/TTT/AppData/Local/Temp/context33226.xml'
19 Feb, 2012 12:29:59 AM org.apache.catalina.core.ApplicationContext log
INFO: Manager: start: Starting web application at '/'
19 Feb, 2012 12:32:58 AM org.apache.catalina.core.ApplicationContext log
INFO: Manager: list: Listing contexts for virtual host 'localhost'
19 Feb, 2012 12:32:58 AM org.apache.catalina.core.ApplicationContext log
INFO: Manager: list: Listing contexts for virtual host 'localhost'
19 Feb, 2012 12:32:58 AM org.apache.catalina.core.ApplicationContext log
INFO: Manager: undeploy: Undeploying web application at '/'
19 Feb, 2012 12:32:59 AM org.apache.catalina.core.ApplicationContext log
INFO: Manager: install: Installing context configuration at 'file:/C:/Users/TTT/AppData/Local/Temp/context33227.xml'
19 Feb, 2012 12:32:59 AM org.apache.catalina.core.ApplicationContext log
INFO: Manager: start: Starting web application at '/'
19 Feb, 2012 12:36:49 AM org.apache.catalina.core.ApplicationContext log
INFO: Manager: list: Listing contexts for virtual host 'localhost'
19 Feb, 2012 12:36:49 AM org.apache.catalina.core.ApplicationContext log
INFO: Manager: list: Listing contexts for virtual host 'localhost'
19 Feb, 2012 12:36:49 AM org.apache.catalina.core.ApplicationContext log
INFO: Manager: undeploy: Undeploying web application at '/'
19 Feb, 2012 12:36:49 AM org.apache.catalina.core.ApplicationContext log
INFO: Manager: install: Installing context configuration at 'file:/C:/Users/TTT/AppData/Local/Temp/context33228.xml'
19 Feb, 2012 12:36:49 AM org.apache.catalina.core.ApplicationContext log
INFO: Manager: start: Starting web application at '/'
19 Feb, 2012 12:37:41 AM org.apache.catalina.core.ApplicationContext log
INFO: Manager: list: Listing contexts for virtual host 'localhost'
19 Feb, 2012 12:37:41 AM org.apache.catalina.core.ApplicationContext log
INFO: Manager: list: Listing contexts for virtual host 'localhost'
19 Feb, 2012 12:37:41 AM org.apache.catalina.core.ApplicationContext log
INFO: Manager: undeploy: Undeploying web application at '/'
19 Feb, 2012 12:37:41 AM org.apache.catalina.core.ApplicationContext log
INFO: Manager: install: Installing context configuration at 'file:/C:/Users/TTT/AppData/Local/Temp/context33229.xml'
19 Feb, 2012 12:37:41 AM org.apache.catalina.core.ApplicationContext log
INFO: Manager: start: Starting web application at '/'
19 Feb, 2012 12:43:17 AM org.apache.catalina.core.ApplicationContext log
INFO: Manager: list: Listing contexts for virtual host 'localhost'
19 Feb, 2012 12:43:40 AM org.apache.catalina.core.ApplicationContext log
INFO: Manager: list: Listing contexts for virtual host 'localhost'
19 Feb, 2012 12:43:40 AM org.apache.catalina.core.ApplicationContext log
INFO: Manager: list: Listing contexts for virtual host 'localhost'
19 Feb, 2012 12:43:40 AM org.apache.catalina.core.ApplicationContext log
INFO: Manager: undeploy: Undeploying web application at '/'
19 Feb, 2012 12:43:41 AM org.apache.catalina.core.ApplicationContext log
INFO: Manager: install: Installing context configuration at 'file:/C:/Users/TTT/AppData/Local/Temp/context33231.xml'
19 Feb, 2012 12:43:41 AM org.apache.catalina.core.ApplicationContext log
INFO: Manager: start: Starting web application at '/'
19 Feb, 2012 12:45:08 AM org.apache.catalina.core.ApplicationContext log
INFO: Manager: list: Listing contexts for virtual host 'localhost'
19 Feb, 2012 12:45:15 AM org.apache.catalina.core.ApplicationContext log
INFO: Manager: list: Listing contexts for virtual host 'localhost'
19 Feb, 2012 12:45:21 AM org.apache.catalina.core.ApplicationContext log
INFO: Manager: list: Listing contexts for virtual host 'localhost'
19 Feb, 2012 12:53:30 AM org.apache.catalina.core.ApplicationContext log
INFO: Manager: init: Associated with Deployer 'Catalina:type=Deployer,host=localhost'
19 Feb, 2012 12:53:30 AM org.apache.catalina.core.ApplicationContext log
INFO: Manager: init: Global resources are available
19 Feb, 2012 12:53:30 AM org.apache.catalina.core.ApplicationContext log
INFO: Manager: list: Listing contexts for virtual host 'localhost'
19 Feb, 2012 12:53:30 AM org.apache.catalina.core.ApplicationContext log
INFO: Manager: list: Listing contexts for virtual host 'localhost'
19 Feb, 2012 12:53:30 AM org.apache.catalina.core.ApplicationContext log
INFO: Manager: undeploy: Undeploying web application at '/'
19 Feb, 2012 12:53:31 AM org.apache.catalina.core.ApplicationContext log
INFO: Manager: install: Installing context configuration at 'file:/C:/Users/TTT/AppData/Local/Temp/context32494.xml'
19 Feb, 2012 12:53:31 AM org.apache.catalina.core.ApplicationContext log
INFO: Manager: start: Starting web application at '/'
Feb 19, 2012 12:03:52 AM org.apache.catalina.core.ApplicationContext log
INFO: Manager: list: Listing contexts for virtual host 'localhost'
Feb 19, 2012 12:03:52 AM org.apache.catalina.core.ApplicationContext log
INFO: Manager: list: Listing contexts for virtual host 'localhost'
Feb 19, 2012 12:03:52 AM org.apache.catalina.core.ApplicationContext log
INFO: Manager: undeploy: Undeploying web application at '/'
Feb 19, 2012 12:03:52 AM org.apache.catalina.core.ApplicationContext log
INFO: Manager: install: Installing context configuration at 'file:/tmp/context8233366613498172578.xml'
Feb 19, 2012 12:03:52 AM org.apache.catalina.core.ApplicationContext log
INFO: Manager: start: Starting web application at '/'
Feb 19, 2012 12:06:19 AM org.apache.catalina.core.ApplicationContext log
INFO: Manager: list: Listing contexts for virtual host 'localhost'
Feb 19, 2012 12:06:19 AM org.apache.catalina.core.ApplicationContext log
INFO: Manager: list: Listing contexts for virtual host 'localhost'
Feb 19, 2012 12:06:19 AM org.apache.catalina.core.ApplicationContext log
INFO: Manager: undeploy: Undeploying web application at '/'
Feb 19, 2012 12:06:19 AM org.apache.catalina.core.ApplicationContext log
INFO: Manager: install: Installing context configuration at 'file:/tmp/context1753331803446488183.xml'
Feb 19, 2012 12:06:20 AM org.apache.catalina.core.ApplicationContext log
INFO: Manager: start: Starting web application at '/'
Feb 19, 2012 11:26:03 AM org.apache.catalina.core.ApplicationContext log
INFO: Manager: list: Listing contexts for virtual host 'localhost'
Feb 19, 2012 11:26:03 AM org.apache.catalina.core.ApplicationContext log
INFO: Manager: restart: Reloading web application at '/'
Feb 19, 2012 11:26:05 AM org.apache.catalina.core.ApplicationContext log
INFO: Manager: list: Listing contexts for virtual host 'localhost'
Feb 19, 2012 11:26:05 AM org.apache.catalina.core.ApplicationContext log
INFO: Manager: stop: Stopping web application at '/'
Feb 19, 2012 11:26:05 AM org.apache.catalina.core.ApplicationContext log
INFO: Manager: start: Starting web application at '/'
Feb 19, 2012 11:27:49 AM org.apache.catalina.core.ApplicationContext log
INFO: Manager: list: Listing contexts for virtual host 'localhost'
Feb 19, 2012 11:27:49 AM org.apache.catalina.core.ApplicationContext log
INFO: Manager: restart: Reloading web application at '/'
Feb 19, 2012 11:28:28 AM org.apache.catalina.core.ApplicationContext log
INFO: Manager: list: Listing contexts for virtual host 'localhost'
Feb 19, 2012 11:28:28 AM org.apache.catalina.core.ApplicationContext log
INFO: Manager: restart: Reloading web application at '/'
Feb 19, 2012 11:30:03 AM org.apache.catalina.core.ApplicationContext log
INFO: Manager: list: Listing contexts for virtual host 'localhost'
Feb 19, 2012 11:30:03 AM org.apache.catalina.core.ApplicationContext log
INFO: Manager: restart: Reloading web application at '/'
Feb 19, 2012 11:30:37 AM org.apache.catalina.core.ApplicationContext log
INFO: Manager: list: Listing contexts for virtual host 'localhost'
Feb 19, 2012 11:30:37 AM org.apache.catalina.core.ApplicationContext log
INFO: Manager: restart: Reloading web application at '/'
Feb 19, 2012 11:31:14 AM org.apache.catalina.core.ApplicationContext log
INFO: Manager: list: Listing contexts for virtual host 'localhost'
Feb 19, 2012 11:31:14 AM org.apache.catalina.core.ApplicationContext log
INFO: Manager: restart: Reloading web application at '/'
Feb 19, 2012 11:31:27 AM org.apache.catalina.core.ApplicationContext log
INFO: Manager: list: Listing contexts for virtual host 'localhost'
Feb 19, 2012 11:31:27 AM org.apache.catalina.core.ApplicationContext log
INFO: Manager: restart: Reloading web application at '/'
Feb 19, 2012 11:32:07 AM org.apache.catalina.core.ApplicationContext log
INFO: Manager: list: Listing contexts for virtual host 'localhost'
Feb 19, 2012 11:32:07 AM org.apache.catalina.core.ApplicationContext log
INFO: Manager: restart: Reloading web application at '/'
Feb 19, 2012 11:32:19 AM org.apache.catalina.core.ApplicationContext log
INFO: Manager: list: Listing contexts for virtual host 'localhost'
Feb 19, 2012 11:32:19 AM org.apache.catalina.core.ApplicationContext log
INFO: Manager: restart: Reloading web application at '/'
Feb 19, 2012 11:35:40 AM org.apache.catalina.core.ApplicationContext log
INFO: Manager: list: Listing contexts for virtual host 'localhost'
Feb 19, 2012 11:36:29 AM org.apache.catalina.core.ApplicationContext log
INFO: Manager: list: Listing contexts for virtual host 'localhost'
Feb 19, 2012 11:37:14 AM org.apache.catalina.core.ApplicationContext log
INFO: Manager: list: Listing contexts for virtual host 'localhost'
Feb 19, 2012 11:43:59 AM org.apache.catalina.core.ApplicationContext log
INFO: Manager: list: Listing contexts for virtual host 'localhost'
Feb 19, 2012 11:44:41 AM org.apache.catalina.core.ApplicationContext log
INFO: Manager: list: Listing contexts for virtual host 'localhost'
Feb 19, 2012 11:45:16 AM org.apache.catalina.core.ApplicationContext log
INFO: Manager: list: Listing contexts for virtual host 'localhost'
Feb 19, 2012 12:04:58 PM org.apache.catalina.core.ApplicationContext log
INFO: Manager: list: Listing contexts for virtual host 'localhost'
Feb 19, 2012 12:25:23 PM org.apache.catalina.core.ApplicationContext log
INFO: Manager: list: Listing contexts for virtual host 'localhost'
Feb 19, 2012 12:26:37 PM org.apache.catalina.core.ApplicationContext log
INFO: Manager: list: Listing contexts for virtual host 'localhost'
Feb 19, 2012 12:28:53 PM org.apache.catalina.core.ApplicationContext log
INFO: Manager: list: Listing contexts for virtual host 'localhost'
19 Feb, 2012 2:20:39 PM org.apache.catalina.core.ApplicationContext log
INFO: Manager: init: Associated with Deployer 'Catalina:type=Deployer,host=localhost'
19 Feb, 2012 2:20:39 PM org.apache.catalina.core.ApplicationContext log
INFO: Manager: init: Global resources are available
19 Feb, 2012 2:20:39 PM org.apache.catalina.core.ApplicationContext log
INFO: Manager: list: Listing contexts for virtual host 'localhost'
19 Feb, 2012 2:20:39 PM org.apache.catalina.core.ApplicationContext log
INFO: Manager: list: Listing contexts for virtual host 'localhost'
19 Feb, 2012 2:20:39 PM org.apache.catalina.core.ApplicationContext log
INFO: Manager: undeploy: Undeploying web application at '/'
19 Feb, 2012 2:20:40 PM org.apache.catalina.core.ApplicationContext log
INFO: Manager: install: Installing context configuration at 'file:/C:/Users/AMALJO~1/AppData/Local/Temp/context6206994195448988565.xml'
19 Feb, 2012 2:20:40 PM org.apache.catalina.core.ApplicationContext log
INFO: Manager: start: Starting web application at '/'
19 Feb, 2012 2:21:02 PM org.apache.catalina.core.ApplicationContext log
INFO: Manager: list: Listing contexts for virtual host 'localhost'
19 Feb, 2012 2:21:02 PM org.apache.catalina.core.ApplicationContext log
INFO: Manager: list: Listing contexts for virtual host 'localhost'
19 Feb, 2012 2:21:02 PM org.apache.catalina.core.ApplicationContext log
INFO: Manager: undeploy: Undeploying web application at '/'
19 Feb, 2012 2:21:02 PM org.apache.catalina.core.ApplicationContext log
INFO: Manager: install: Installing context configuration at 'file:/C:/Users/AMALJO~1/AppData/Local/Temp/context841111878237572130.xml'
19 Feb, 2012 2:21:02 PM org.apache.catalina.core.ApplicationContext log
INFO: Manager: start: Starting web application at '/'
19 Feb, 2012 2:22:12 PM org.apache.catalina.core.ApplicationContext log
INFO: Manager: list: Listing contexts for virtual host 'localhost'
19 Feb, 2012 2:23:42 PM org.apache.catalina.core.ApplicationContext log
INFO: Manager: list: Listing contexts for virtual host 'localhost'
19 Feb, 2012 2:23:45 PM org.apache.catalina.core.ApplicationContext log
INFO: Manager: list: Listing contexts for virtual host 'localhost'
19 Feb, 2012 2:23:45 PM org.apache.catalina.core.ApplicationContext log
INFO: Manager: list: Listing contexts for virtual host 'localhost'
19 Feb, 2012 2:23:45 PM org.apache.catalina.core.ApplicationContext log
INFO: Manager: undeploy: Undeploying web application at '/'
19 Feb, 2012 2:23:46 PM org.apache.catalina.core.ApplicationContext log
INFO: Manager: install: Installing context configuration at 'file:/C:/Users/AMALJO~1/AppData/Local/Temp/context8012264162788145960.xml'
19 Feb, 2012 2:23:46 PM org.apache.catalina.core.ApplicationContext log
INFO: Manager: start: Starting web application at '/'
19 Feb, 2012 2:24:25 PM org.apache.catalina.core.ApplicationContext log
INFO: Manager: list: Listing contexts for virtual host 'localhost'
19 Feb, 2012 2:24:46 PM org.apache.catalina.core.ApplicationContext log
INFO: Manager: list: Listing contexts for virtual host 'localhost'
19 Feb, 2012 2:25:09 PM org.apache.catalina.core.ApplicationContext log
INFO: Manager: list: Listing contexts for virtual host 'localhost'
19 Feb, 2012 2:25:34 PM org.apache.catalina.core.ApplicationContext log
INFO: Manager: list: Listing contexts for virtual host 'localhost'
19 Feb, 2012 2:25:58 PM org.apache.catalina.core.ApplicationContext log
INFO: Manager: list: Listing contexts for virtual host 'localhost'
19 Feb, 2012 2:26:21 PM org.apache.catalina.core.ApplicationContext log
INFO: Manager: list: Listing contexts for virtual host 'localhost'
19 Feb, 2012 2:26:38 PM org.apache.catalina.core.ApplicationContext log
INFO: Manager: list: Listing contexts for virtual host 'localhost'
19 Feb, 2012 2:26:50 PM org.apache.catalina.core.ApplicationContext log
INFO: Manager: list: Listing contexts for virtual host 'localhost'
19 Feb, 2012 2:27:14 PM org.apache.catalina.core.ApplicationContext log
INFO: Manager: list: Listing contexts for virtual host 'localhost'
19 Feb, 2012 2:27:29 PM org.apache.catalina.core.ApplicationContext log
INFO: Manager: list: Listing contexts for virtual host 'localhost'
19 Feb, 2012 2:27:37 PM org.apache.catalina.core.ApplicationContext log
INFO: Manager: list: Listing contexts for virtual host 'localhost'
19 Feb, 2012 2:27:54 PM org.apache.catalina.core.ApplicationContext log
INFO: Manager: list: Listing contexts for virtual host 'localhost'
19 Feb, 2012 2:28:15 PM org.apache.catalina.core.ApplicationContext log
INFO: Manager: list: Listing contexts for virtual host 'localhost'
19 Feb, 2012 2:28:23 PM org.apache.catalina.core.ApplicationContext log
INFO: Manager: list: Listing contexts for virtual host 'localhost'
19 Feb, 2012 2:28:36 PM org.apache.catalina.core.ApplicationContext log
INFO: Manager: list: Listing contexts for virtual host 'localhost'
19 Feb, 2012 2:28:47 PM org.apache.catalina.core.ApplicationContext log
INFO: Manager: list: Listing contexts for virtual host 'localhost'
19 Feb, 2012 2:29:57 PM org.apache.catalina.core.ApplicationContext log
INFO: Manager: list: Listing contexts for virtual host 'localhost'
19 Feb, 2012 2:30:09 PM org.apache.catalina.core.ApplicationContext log
INFO: Manager: list: Listing contexts for virtual host 'localhost'
19 Feb, 2012 2:30:17 PM org.apache.catalina.core.ApplicationContext log
INFO: Manager: list: Listing contexts for virtual host 'localhost'
19 Feb, 2012 2:30:58 PM org.apache.catalina.core.ApplicationContext log
INFO: Manager: list: Listing contexts for virtual host 'localhost'
19 Feb, 2012 2:30:58 PM org.apache.catalina.core.ApplicationContext log
INFO: Manager: list: Listing contexts for virtual host 'localhost'
19 Feb, 2012 2:30:58 PM org.apache.catalina.core.ApplicationContext log
INFO: Manager: undeploy: Undeploying web application at '/'
19 Feb, 2012 2:30:59 PM org.apache.catalina.core.ApplicationContext log
INFO: Manager: install: Installing context configuration at 'file:/C:/Users/AMALJO~1/AppData/Local/Temp/context2641489406993048376.xml'
19 Feb, 2012 2:30:59 PM org.apache.catalina.core.ApplicationContext log
INFO: Manager: start: Starting web application at '/'
19 Feb, 2012 2:39:18 PM org.apache.catalina.core.ApplicationContext log
INFO: Manager: list: Listing contexts for virtual host 'localhost'
19 Feb, 2012 2:39:20 PM org.apache.catalina.core.ApplicationContext log
INFO: Manager: list: Listing contexts for virtual host 'localhost'
19 Feb, 2012 2:39:22 PM org.apache.catalina.core.ApplicationContext log
INFO: Manager: list: Listing contexts for virtual host 'localhost'
19 Feb, 2012 2:40:33 PM org.apache.catalina.core.ApplicationContext log
INFO: Manager: list: Listing contexts for virtual host 'localhost'
19 Feb, 2012 2:40:34 PM org.apache.catalina.core.ApplicationContext log
INFO: Manager: list: Listing contexts for virtual host 'localhost'
19 Feb, 2012 2:42:20 PM org.apache.catalina.core.ApplicationContext log
INFO: Manager: list: Listing contexts for virtual host 'localhost'
19 Feb, 2012 2:42:54 PM org.apache.catalina.core.ApplicationContext log
INFO: Manager: list: Listing contexts for virtual host 'localhost'
19 Feb, 2012 2:42:55 PM org.apache.catalina.core.ApplicationContext log
INFO: Manager: list: Listing contexts for virtual host 'localhost'
19 Feb, 2012 2:43:50 PM org.apache.catalina.core.ApplicationContext log
INFO: Manager: list: Listing contexts for virtual host 'localhost'
19 Feb, 2012 2:45:07 PM org.apache.catalina.core.ApplicationContext log
INFO: Manager: list: Listing contexts for virtual host 'localhost'
19 Feb, 2012 2:45:19 PM org.apache.catalina.core.ApplicationContext log
INFO: Manager: list: Listing contexts for virtual host 'localhost'
19 Feb, 2012 2:45:47 PM org.apache.catalina.core.ApplicationContext log
INFO: Manager: list: Listing contexts for virtual host 'localhost'
19 Feb, 2012 2:45:59 PM org.apache.catalina.core.ApplicationContext log
INFO: Manager: list: Listing contexts for virtual host 'localhost'
19 Feb, 2012 2:46:22 PM org.apache.catalina.core.ApplicationContext log
INFO: Manager: list: Listing contexts for virtual host 'localhost'
19 Feb, 2012 2:46:51 PM org.apache.catalina.core.ApplicationContext log
INFO: Manager: list: Listing contexts for virtual host 'localhost'
19 Feb, 2012 2:46:51 PM org.apache.catalina.core.ApplicationContext log
INFO: Manager: list: Listing contexts for virtual host 'localhost'
19 Feb, 2012 2:46:51 PM org.apache.catalina.core.ApplicationContext log
INFO: Manager: undeploy: Undeploying web application at '/'
19 Feb, 2012 2:46:52 PM org.apache.catalina.core.ApplicationContext log
INFO: Manager: install: Installing context configuration at 'file:/C:/Users/AMALJO~1/AppData/Local/Temp/context56471291968167828.xml'
19 Feb, 2012 2:46:52 PM org.apache.catalina.core.ApplicationContext log
INFO: Manager: start: Starting web application at '/'
19 Feb, 2012 2:49:41 PM org.apache.catalina.core.ApplicationContext log
INFO: Manager: list: Listing contexts for virtual host 'localhost'
19 Feb, 2012 2:50:10 PM org.apache.catalina.core.ApplicationContext log
INFO: Manager: list: Listing contexts for virtual host 'localhost'
19 Feb, 2012 2:50:10 PM org.apache.catalina.core.ApplicationContext log
INFO: Manager: list: Listing contexts for virtual host 'localhost'
19 Feb, 2012 2:50:10 PM org.apache.catalina.core.ApplicationContext log
INFO: Manager: undeploy: Undeploying web application at '/'
19 Feb, 2012 2:50:10 PM org.apache.catalina.core.ApplicationContext log
INFO: Manager: install: Installing context configuration at 'file:/C:/Users/AMALJO~1/AppData/Local/Temp/context5863570264203002815.xml'
19 Feb, 2012 2:50:10 PM org.apache.catalina.core.ApplicationContext log
INFO: Manager: start: Starting web application at '/'
19 Feb, 2012 2:50:31 PM org.apache.catalina.core.ApplicationContext log
INFO: Manager: list: Listing contexts for virtual host 'localhost'
19 Feb, 2012 2:50:41 PM org.apache.catalina.core.ApplicationContext log
INFO: Manager: list: Listing contexts for virtual host 'localhost'
19 Feb, 2012 2:50:41 PM org.apache.catalina.core.ApplicationContext log
INFO: Manager: list: Listing contexts for virtual host 'localhost'
19 Feb, 2012 2:50:41 PM org.apache.catalina.core.ApplicationContext log
INFO: Manager: undeploy: Undeploying web application at '/'
19 Feb, 2012 2:50:41 PM org.apache.catalina.core.ApplicationContext log
INFO: Manager: install: Installing context configuration at 'file:/C:/Users/AMALJO~1/AppData/Local/Temp/context6443256127872328867.xml'
19 Feb, 2012 2:50:41 PM org.apache.catalina.core.ApplicationContext log
INFO: Manager: start: Starting web application at '/'
19 Feb, 2012 3:00:50 PM org.apache.catalina.core.ApplicationContext log
INFO: Manager: list: Listing contexts for virtual host 'localhost'
19 Feb, 2012 3:02:04 PM org.apache.catalina.core.ApplicationContext log
INFO: Manager: list: Listing contexts for virtual host 'localhost'
19 Feb, 2012 3:03:22 PM org.apache.catalina.core.ApplicationContext log
INFO: Manager: list: Listing contexts for virtual host 'localhost'
19 Feb, 2012 3:03:48 PM org.apache.catalina.core.ApplicationContext log
INFO: Manager: list: Listing contexts for virtual host 'localhost'
19 Feb, 2012 3:03:48 PM org.apache.catalina.core.ApplicationContext log
INFO: Manager: list: Listing contexts for virtual host 'localhost'
19 Feb, 2012 3:03:48 PM org.apache.catalina.core.ApplicationContext log
INFO: Manager: undeploy: Undeploying web application at '/'
19 Feb, 2012 3:03:48 PM org.apache.catalina.core.ApplicationContext log
INFO: Manager: install: Installing context configuration at 'file:/C:/Users/AMALJO~1/AppData/Local/Temp/context3067817426059231004.xml'
19 Feb, 2012 3:03:49 PM org.apache.catalina.core.ApplicationContext log
INFO: Manager: start: Starting web application at '/'
19 Feb, 2012 3:04:11 PM org.apache.catalina.core.ApplicationContext log
INFO: Manager: list: Listing contexts for virtual host 'localhost'
19 Feb, 2012 3:04:19 PM org.apache.catalina.core.ApplicationContext log
INFO: Manager: list: Listing contexts for virtual host 'localhost'
19 Feb, 2012 3:04:19 PM org.apache.catalina.core.ApplicationContext log
INFO: Manager: list: Listing contexts for virtual host 'localhost'
19 Feb, 2012 3:04:19 PM org.apache.catalina.core.ApplicationContext log
INFO: Manager: undeploy: Undeploying web application at '/'
19 Feb, 2012 3:04:20 PM org.apache.catalina.core.ApplicationContext log
INFO: Manager: install: Installing context configuration at 'file:/C:/Users/AMALJO~1/AppData/Local/Temp/context8932572457001112078.xml'
19 Feb, 2012 3:04:20 PM org.apache.catalina.core.ApplicationContext log
INFO: Manager: start: Starting web application at '/'
19 Feb, 2012 3:04:47 PM org.apache.catalina.core.ApplicationContext log
INFO: Manager: list: Listing contexts for virtual host 'localhost'
19 Feb, 2012 3:04:47 PM org.apache.catalina.core.ApplicationContext log
INFO: Manager: list: Listing contexts for virtual host 'localhost'
19 Feb, 2012 3:04:47 PM org.apache.catalina.core.ApplicationContext log
INFO: Manager: undeploy: Undeploying web application at '/'
19 Feb, 2012 3:04:48 PM org.apache.catalina.core.ApplicationContext log
INFO: Manager: install: Installing context configuration at 'file:/C:/Users/AMALJO~1/AppData/Local/Temp/context3440434659633040186.xml'
19 Feb, 2012 3:04:48 PM org.apache.catalina.core.ApplicationContext log
INFO: Manager: start: Starting web application at '/'
19 Feb, 2012 3:05:45 PM org.apache.catalina.core.ApplicationContext log
INFO: Manager: list: Listing contexts for virtual host 'localhost'
19 Feb, 2012 3:05:45 PM org.apache.catalina.core.ApplicationContext log
INFO: Manager: list: Listing contexts for virtual host 'localhost'
19 Feb, 2012 3:05:45 PM org.apache.catalina.core.ApplicationContext log
INFO: Manager: undeploy: Undeploying web application at '/'
19 Feb, 2012 3:05:46 PM org.apache.catalina.core.ApplicationContext log
INFO: Manager: install: Installing context configuration at 'file:/C:/Users/AMALJO~1/AppData/Local/Temp/context2814410789217730903.xml'
19 Feb, 2012 3:05:46 PM org.apache.catalina.core.ApplicationContext log
INFO: Manager: start: Starting web application at '/'
19 Feb, 2012 3:12:13 PM org.apache.catalina.core.ApplicationContext log
INFO: Manager: list: Listing contexts for virtual host 'localhost'
19 Feb, 2012 3:14:08 PM org.apache.catalina.core.ApplicationContext log
INFO: Manager: list: Listing contexts for virtual host 'localhost'
19 Feb, 2012 3:15:12 PM org.apache.catalina.core.ApplicationContext log
INFO: Manager: list: Listing contexts for virtual host 'localhost'
19 Feb, 2012 3:15:21 PM org.apache.catalina.core.ApplicationContext log
INFO: Manager: list: Listing contexts for virtual host 'localhost'
19 Feb, 2012 3:15:21 PM org.apache.catalina.core.ApplicationContext log
INFO: Manager: list: Listing contexts for virtual host 'localhost'
19 Feb, 2012 3:15:21 PM org.apache.catalina.core.ApplicationContext log
INFO: Manager: undeploy: Undeploying web application at '/'
19 Feb, 2012 3:15:22 PM org.apache.catalina.core.ApplicationContext log
INFO: Manager: install: Installing context configuration at 'file:/C:/Users/AMALJO~1/AppData/Local/Temp/context1455787261654494530.xml'
19 Feb, 2012 3:15:22 PM org.apache.catalina.core.ApplicationContext log
INFO: Manager: start: Starting web application at '/'
19 Feb, 2012 3:17:55 PM org.apache.catalina.core.ApplicationContext log
INFO: Manager: list: Listing contexts for virtual host 'localhost'
19 Feb, 2012 3:17:55 PM org.apache.catalina.core.ApplicationContext log
INFO: Manager: list: Listing contexts for virtual host 'localhost'
19 Feb, 2012 3:17:55 PM org.apache.catalina.core.ApplicationContext log
INFO: Manager: undeploy: Undeploying web application at '/'
19 Feb, 2012 3:17:55 PM org.apache.catalina.core.ApplicationContext log
INFO: Manager: install: Installing context configuration at 'file:/C:/Users/AMALJO~1/AppData/Local/Temp/context3589564334755664305.xml'
19 Feb, 2012 3:17:55 PM org.apache.catalina.core.ApplicationContext log
INFO: Manager: start: Starting web application at '/'
19 Feb, 2012 3:25:08 PM org.apache.catalina.core.ApplicationContext log
INFO: Manager: list: Listing contexts for virtual host 'localhost'
19 Feb, 2012 3:26:39 PM org.apache.catalina.core.ApplicationContext log
INFO: Manager: list: Listing contexts for virtual host 'localhost'
19 Feb, 2012 3:27:41 PM org.apache.catalina.core.ApplicationContext log
INFO: Manager: list: Listing contexts for virtual host 'localhost'
19 Feb, 2012 3:27:52 PM org.apache.catalina.core.ApplicationContext log
INFO: Manager: list: Listing contexts for virtual host 'localhost'
19 Feb, 2012 3:28:07 PM org.apache.catalina.core.ApplicationContext log
INFO: Manager: list: Listing contexts for virtual host 'localhost'
19 Feb, 2012 3:28:07 PM org.apache.catalina.core.ApplicationContext log
INFO: Manager: list: Listing contexts for virtual host 'localhost'
19 Feb, 2012 3:28:07 PM org.apache.catalina.core.ApplicationContext log
INFO: Manager: undeploy: Undeploying web application at '/'
19 Feb, 2012 3:28:08 PM org.apache.catalina.core.ApplicationContext log
INFO: Manager: install: Installing context configuration at 'file:/C:/Users/AMALJO~1/AppData/Local/Temp/context6241947944129346884.xml'
19 Feb, 2012 3:28:08 PM org.apache.catalina.core.ApplicationContext log
INFO: Manager: start: Starting web application at '/'
19 Feb, 2012 3:30:36 PM org.apache.catalina.core.ApplicationContext log
INFO: Manager: list: Listing contexts for virtual host 'localhost'
19 Feb, 2012 3:30:55 PM org.apache.catalina.core.ApplicationContext log
INFO: Manager: list: Listing contexts for virtual host 'localhost'
19 Feb, 2012 3:31:19 PM org.apache.catalina.core.ApplicationContext log
INFO: Manager: list: Listing contexts for virtual host 'localhost'
19 Feb, 2012 3:31:19 PM org.apache.catalina.core.ApplicationContext log
INFO: Manager: list: Listing contexts for virtual host 'localhost'
19 Feb, 2012 3:31:19 PM org.apache.catalina.core.ApplicationContext log
INFO: Manager: undeploy: Undeploying web application at '/'
19 Feb, 2012 3:31:19 PM org.apache.catalina.core.ApplicationContext log
INFO: Manager: install: Installing context configuration at 'file:/C:/Users/AMALJO~1/AppData/Local/Temp/context7340883512731703094.xml'
19 Feb, 2012 3:31:19 PM org.apache.catalina.core.ApplicationContext log
INFO: Manager: start: Starting web application at '/'
19 Feb, 2012 3:39:35 PM org.apache.catalina.core.ApplicationContext log
INFO: Manager: list: Listing contexts for virtual host 'localhost'
19 Feb, 2012 3:58:44 PM org.apache.catalina.core.ApplicationContext log
INFO: Manager: list: Listing contexts for virtual host 'localhost'
19 Feb, 2012 3:59:31 PM org.apache.catalina.core.ApplicationContext log
INFO: Manager: list: Listing contexts for virtual host 'localhost'
19 Feb, 2012 4:00:41 PM org.apache.catalina.core.ApplicationContext log
INFO: Manager: list: Listing contexts for virtual host 'localhost'
19 Feb, 2012 4:00:57 PM org.apache.catalina.core.ApplicationContext log
INFO: Manager: list: Listing contexts for virtual host 'localhost'
19 Feb, 2012 4:00:57 PM org.apache.catalina.core.ApplicationContext log
INFO: Manager: list: Listing contexts for virtual host 'localhost'
19 Feb, 2012 4:00:57 PM org.apache.catalina.core.ApplicationContext log
INFO: Manager: undeploy: Undeploying web application at '/'
19 Feb, 2012 4:00:58 PM org.apache.catalina.core.ApplicationContext log
INFO: Manager: install: Installing context configuration at 'file:/C:/Users/AMALJO~1/AppData/Local/Temp/context6616002030857829899.xml'
19 Feb, 2012 4:00:58 PM org.apache.catalina.core.ApplicationContext log
INFO: Manager: start: Starting web application at '/'
19 Feb, 2012 4:01:14 PM org.apache.catalina.core.ApplicationContext log
INFO: Manager: list: Listing contexts for virtual host 'localhost'
19 Feb, 2012 4:01:17 PM org.apache.catalina.core.ApplicationContext log
INFO: Manager: list: Listing contexts for virtual host 'localhost'
19 Feb, 2012 4:01:17 PM org.apache.catalina.core.ApplicationContext log
INFO: Manager: list: Listing contexts for virtual host 'localhost'
19 Feb, 2012 4:01:17 PM org.apache.catalina.core.ApplicationContext log
INFO: Manager: undeploy: Undeploying web application at '/'
19 Feb, 2012 4:01:18 PM org.apache.catalina.core.ApplicationContext log
INFO: Manager: install: Installing context configuration at 'file:/C:/Users/AMALJO~1/AppData/Local/Temp/context580229598276846073.xml'
19 Feb, 2012 4:01:18 PM org.apache.catalina.core.ApplicationContext log
INFO: Manager: start: Starting web application at '/'
19 Feb, 2012 4:02:27 PM org.apache.catalina.core.ApplicationContext log
INFO: Manager: list: Listing contexts for virtual host 'localhost'
19 Feb, 2012 4:02:41 PM org.apache.catalina.core.ApplicationContext log
INFO: Manager: list: Listing contexts for virtual host 'localhost'
19 Feb, 2012 4:02:48 PM org.apache.catalina.core.ApplicationContext log
INFO: Manager: list: Listing contexts for virtual host 'localhost'
19 Feb, 2012 4:03:03 PM org.apache.catalina.core.ApplicationContext log
INFO: Manager: list: Listing contexts for virtual host 'localhost'
19 Feb, 2012 4:03:03 PM org.apache.catalina.core.ApplicationContext log
INFO: Manager: list: Listing contexts for virtual host 'localhost'
19 Feb, 2012 4:03:03 PM org.apache.catalina.core.ApplicationContext log
INFO: Manager: undeploy: Undeploying web application at '/'
19 Feb, 2012 4:03:03 PM org.apache.catalina.core.ApplicationContext log
INFO: Manager: install: Installing context configuration at 'file:/C:/Users/AMALJO~1/AppData/Local/Temp/context1154275163567032837.xml'
19 Feb, 2012 4:03:03 PM org.apache.catalina.core.ApplicationContext log
INFO: Manager: start: Starting web application at '/'
19 Feb, 2012 4:03:37 PM org.apache.catalina.core.ApplicationContext log
INFO: Manager: list: Listing contexts for virtual host 'localhost'
19 Feb, 2012 4:03:42 PM org.apache.catalina.core.ApplicationContext log
INFO: Manager: list: Listing contexts for virtual host 'localhost'
19 Feb, 2012 4:03:47 PM org.apache.catalina.core.ApplicationContext log
INFO: Manager: list: Listing contexts for virtual host 'localhost'
19 Feb, 2012 4:03:47 PM org.apache.catalina.core.ApplicationContext log
INFO: Manager: list: Listing contexts for virtual host 'localhost'
19 Feb, 2012 4:03:47 PM org.apache.catalina.core.ApplicationContext log
INFO: Manager: undeploy: Undeploying web application at '/'
19 Feb, 2012 4:03:48 PM org.apache.catalina.core.ApplicationContext log
INFO: Manager: install: Installing context configuration at 'file:/C:/Users/AMALJO~1/AppData/Local/Temp/context5476191063707052498.xml'
19 Feb, 2012 4:03:48 PM org.apache.catalina.core.ApplicationContext log
INFO: Manager: start: Starting web application at '/'
19 Feb, 2012 4:04:04 PM org.apache.catalina.core.ApplicationContext log
INFO: Manager: list: Listing contexts for virtual host 'localhost'
19 Feb, 2012 4:04:09 PM org.apache.catalina.core.ApplicationContext log
INFO: Manager: list: Listing contexts for virtual host 'localhost'
19 Feb, 2012 4:04:09 PM org.apache.catalina.core.ApplicationContext log
INFO: Manager: list: Listing contexts for virtual host 'localhost'
19 Feb, 2012 4:04:09 PM org.apache.catalina.core.ApplicationContext log
INFO: Manager: undeploy: Undeploying web application at '/'
19 Feb, 2012 4:04:09 PM org.apache.catalina.core.ApplicationContext log
INFO: Manager: install: Installing context configuration at 'file:/C:/Users/AMALJO~1/AppData/Local/Temp/context1239136662101608213.xml'
19 Feb, 2012 4:04:09 PM org.apache.catalina.core.ApplicationContext log
INFO: Manager: start: Starting web application at '/'
19 Feb, 2012 4:05:20 PM org.apache.catalina.core.ApplicationContext log
INFO: Manager: list: Listing contexts for virtual host 'localhost'
19 Feb, 2012 4:05:20 PM org.apache.catalina.core.ApplicationContext log
INFO: Manager: list: Listing contexts for virtual host 'localhost'
19 Feb, 2012 4:05:20 PM org.apache.catalina.core.ApplicationContext log
INFO: Manager: undeploy: Undeploying web application at '/'
19 Feb, 2012 4:05:21 PM org.apache.catalina.core.ApplicationContext log
INFO: Manager: install: Installing context configuration at 'file:/C:/Users/AMALJO~1/AppData/Local/Temp/context3023245869325893759.xml'
19 Feb, 2012 4:05:21 PM org.apache.catalina.core.ApplicationContext log
INFO: Manager: start: Starting web application at '/'
19 Feb, 2012 4:05:59 PM org.apache.catalina.core.ApplicationContext log
INFO: Manager: list: Listing contexts for virtual host 'localhost'
19 Feb, 2012 4:06:45 PM org.apache.catalina.core.ApplicationContext log
INFO: Manager: list: Listing contexts for virtual host 'localhost'
19 Feb, 2012 4:14:47 PM org.apache.catalina.core.ApplicationContext log
INFO: Manager: list: Listing contexts for virtual host 'localhost'
19 Feb, 2012 4:14:47 PM org.apache.catalina.core.ApplicationContext log
INFO: Manager: list: Listing contexts for virtual host 'localhost'
19 Feb, 2012 4:14:47 PM org.apache.catalina.core.ApplicationContext log
INFO: Manager: undeploy: Undeploying web application at '/'
19 Feb, 2012 4:14:49 PM org.apache.catalina.core.ApplicationContext log
INFO: Manager: install: Installing context configuration at 'file:/C:/Users/AMALJO~1/AppData/Local/Temp/context1110010923984759865.xml'
19 Feb, 2012 4:14:49 PM org.apache.catalina.core.ApplicationContext log
INFO: Manager: start: Starting web application at '/'
19 Feb, 2012 4:19:17 PM org.apache.catalina.core.ApplicationContext log
INFO: Manager: list: Listing contexts for virtual host 'localhost'
