20 Feb, 2012 1:59:55 AM org.apache.catalina.core.ApplicationContext log
INFO: Manager: list: Listing contexts for virtual host 'localhost'
Feb 20, 2012 10:03:57 AM org.apache.catalina.core.ApplicationContext log
INFO: Manager: init: Associated with Deployer 'Catalina:type=Deployer,host=localhost'
Feb 20, 2012 10:03:57 AM org.apache.catalina.core.ApplicationContext log
INFO: Manager: init: Global resources are available
Feb 20, 2012 10:03:57 AM org.apache.catalina.core.ApplicationContext log
INFO: Manager: list: Listing contexts for virtual host 'localhost'
Feb 20, 2012 10:03:57 AM org.apache.catalina.core.ApplicationContext log
INFO: Manager: list: Listing contexts for virtual host 'localhost'
Feb 20, 2012 10:03:57 AM org.apache.catalina.core.ApplicationContext log
INFO: Manager: undeploy: Undeploying web application at '/'
Feb 20, 2012 10:03:57 AM org.apache.catalina.core.ApplicationContext log
INFO: Manager: install: Installing context configuration at 'file:/tmp/context3552133303987620338.xml'
Feb 20, 2012 10:03:58 AM org.apache.catalina.core.ApplicationContext log
INFO: Manager: start: Starting web application at '/'
Feb 20, 2012 10:04:19 AM org.apache.catalina.core.ApplicationContext log
INFO: Manager: list: Listing contexts for virtual host 'localhost'
Feb 20, 2012 10:04:19 AM org.apache.catalina.core.ApplicationContext log
INFO: Manager: undeploy: Undeploying web application at '/'
Feb 20, 2012 10:04:37 AM org.apache.catalina.core.ApplicationContext log
INFO: Manager: list: Listing contexts for virtual host 'localhost'
Feb 20, 2012 10:04:37 AM org.apache.catalina.core.ApplicationContext log
INFO: Manager: list: Listing contexts for virtual host 'localhost'
Feb 20, 2012 10:04:37 AM org.apache.catalina.core.ApplicationContext log
INFO: Manager: install: Installing context configuration at 'file:/tmp/context687158194489239541.xml'
Feb 20, 2012 10:04:37 AM org.apache.catalina.core.ApplicationContext log
INFO: Manager: start: Starting web application at '/'
Feb 20, 2012 10:07:24 AM org.apache.catalina.core.ApplicationContext log
INFO: Manager: list: Listing contexts for virtual host 'localhost'
Feb 20, 2012 10:07:24 AM org.apache.catalina.core.ApplicationContext log
INFO: Manager: restart: Reloading web application at '/'
Feb 20, 2012 10:07:33 AM org.apache.catalina.core.ApplicationContext log
INFO: Manager: list: Listing contexts for virtual host 'localhost'
Feb 20, 2012 10:07:33 AM org.apache.catalina.core.ApplicationContext log
INFO: Manager: restart: Reloading web application at '/'
Feb 20, 2012 10:11:09 AM org.apache.catalina.core.ApplicationContext log
INFO: Manager: list: Listing contexts for virtual host 'localhost'
Feb 20, 2012 10:18:39 AM org.apache.catalina.core.ApplicationContext log
INFO: Manager: list: Listing contexts for virtual host 'localhost'
Feb 20, 2012 10:19:11 AM org.apache.catalina.core.ApplicationContext log
INFO: Manager: list: Listing contexts for virtual host 'localhost'
Feb 20, 2012 10:23:46 AM org.apache.catalina.core.ApplicationContext log
INFO: Manager: list: Listing contexts for virtual host 'localhost'
Feb 20, 2012 10:26:42 AM org.apache.catalina.core.ApplicationContext log
INFO: Manager: list: Listing contexts for virtual host 'localhost'
Feb 20, 2012 10:27:01 AM org.apache.catalina.core.ApplicationContext log
INFO: Manager: list: Listing contexts for virtual host 'localhost'
Feb 20, 2012 10:28:38 AM org.apache.catalina.core.ApplicationContext log
INFO: Manager: list: Listing contexts for virtual host 'localhost'
Feb 20, 2012 10:32:14 AM org.apache.catalina.core.ApplicationContext log
INFO: Manager: list: Listing contexts for virtual host 'localhost'
Feb 20, 2012 10:34:00 AM org.apache.catalina.core.ApplicationContext log
INFO: Manager: list: Listing contexts for virtual host 'localhost'
Feb 20, 2012 10:36:17 AM org.apache.catalina.core.ApplicationContext log
INFO: Manager: list: Listing contexts for virtual host 'localhost'
Feb 20, 2012 10:37:05 AM org.apache.catalina.core.ApplicationContext log
INFO: Manager: list: Listing contexts for virtual host 'localhost'
Feb 20, 2012 10:37:58 AM org.apache.catalina.core.ApplicationContext log
INFO: Manager: list: Listing contexts for virtual host 'localhost'
Feb 20, 2012 10:38:36 AM org.apache.catalina.core.ApplicationContext log
INFO: Manager: list: Listing contexts for virtual host 'localhost'
Feb 20, 2012 10:41:35 AM org.apache.catalina.core.ApplicationContext log
INFO: Manager: list: Listing contexts for virtual host 'localhost'
Feb 20, 2012 10:46:52 AM org.apache.catalina.core.ApplicationContext log
INFO: Manager: list: Listing contexts for virtual host 'localhost'
Feb 20, 2012 10:48:52 AM org.apache.catalina.core.ApplicationContext log
INFO: Manager: list: Listing contexts for virtual host 'localhost'
Feb 20, 2012 10:49:15 AM org.apache.catalina.core.ApplicationContext log
INFO: Manager: list: Listing contexts for virtual host 'localhost'
Feb 20, 2012 10:51:32 AM org.apache.catalina.core.ApplicationContext log
INFO: Manager: list: Listing contexts for virtual host 'localhost'
Feb 20, 2012 10:51:59 AM org.apache.catalina.core.ApplicationContext log
INFO: Manager: list: Listing contexts for virtual host 'localhost'
Feb 20, 2012 10:52:33 AM org.apache.catalina.core.ApplicationContext log
INFO: Manager: list: Listing contexts for virtual host 'localhost'
Feb 20, 2012 10:54:36 AM org.apache.catalina.core.ApplicationContext log
INFO: Manager: list: Listing contexts for virtual host 'localhost'
Feb 20, 2012 10:55:02 AM org.apache.catalina.core.ApplicationContext log
INFO: Manager: list: Listing contexts for virtual host 'localhost'
Feb 20, 2012 10:58:43 AM org.apache.catalina.core.ApplicationContext log
INFO: Manager: list: Listing contexts for virtual host 'localhost'
Feb 20, 2012 10:58:43 AM org.apache.catalina.core.ApplicationContext log
INFO: Manager: restart: Reloading web application at '/'
Feb 20, 2012 10:59:50 AM org.apache.catalina.core.ApplicationContext log
INFO: Manager: list: Listing contexts for virtual host 'localhost'
Feb 20, 2012 10:59:50 AM org.apache.catalina.core.ApplicationContext log
INFO: Manager: restart: Reloading web application at '/'
Feb 20, 2012 11:00:23 AM org.apache.catalina.core.ApplicationContext log
INFO: Manager: list: Listing contexts for virtual host 'localhost'
Feb 20, 2012 11:00:23 AM org.apache.catalina.core.ApplicationContext log
INFO: Manager: restart: Reloading web application at '/'
Feb 20, 2012 11:03:01 AM org.apache.catalina.core.ApplicationContext log
INFO: Manager: list: Listing contexts for virtual host 'localhost'
Feb 20, 2012 11:03:01 AM org.apache.catalina.core.ApplicationContext log
INFO: Manager: restart: Reloading web application at '/'
Feb 20, 2012 11:05:02 AM org.apache.catalina.core.ApplicationContext log
INFO: Manager: list: Listing contexts for virtual host 'localhost'
Feb 20, 2012 11:05:02 AM org.apache.catalina.core.ApplicationContext log
INFO: Manager: restart: Reloading web application at '/'
Feb 20, 2012 11:06:04 AM org.apache.catalina.core.ApplicationContext log
INFO: Manager: list: Listing contexts for virtual host 'localhost'
Feb 20, 2012 11:07:24 AM org.apache.catalina.core.ApplicationContext log
INFO: Manager: list: Listing contexts for virtual host 'localhost'
Feb 20, 2012 11:07:45 AM org.apache.catalina.core.ApplicationContext log
INFO: Manager: list: Listing contexts for virtual host 'localhost'
Feb 20, 2012 11:08:22 AM org.apache.catalina.core.ApplicationContext log
INFO: Manager: list: Listing contexts for virtual host 'localhost'
Feb 20, 2012 11:15:16 AM org.apache.catalina.core.ApplicationContext log
INFO: Manager: list: Listing contexts for virtual host 'localhost'
Feb 20, 2012 11:15:20 AM org.apache.catalina.core.ApplicationContext log
INFO: Manager: list: Listing contexts for virtual host 'localhost'
Feb 20, 2012 11:15:20 AM org.apache.catalina.core.ApplicationContext log
INFO: Manager: restart: Reloading web application at '/'
20 Feb, 2012 1:04:47 PM org.apache.catalina.core.ApplicationContext log
INFO: Manager: init: Associated with Deployer 'Catalina:type=Deployer,host=localhost'
20 Feb, 2012 1:04:47 PM org.apache.catalina.core.ApplicationContext log
INFO: Manager: init: Global resources are available
20 Feb, 2012 1:04:47 PM org.apache.catalina.core.ApplicationContext log
INFO: Manager: list: Listing contexts for virtual host 'localhost'
20 Feb, 2012 1:04:47 PM org.apache.catalina.core.ApplicationContext log
INFO: Manager: list: Listing contexts for virtual host 'localhost'
20 Feb, 2012 1:04:48 PM org.apache.catalina.core.ApplicationContext log
INFO: Manager: undeploy: Undeploying web application at '/'
20 Feb, 2012 1:04:48 PM org.apache.catalina.core.ApplicationContext log
INFO: Manager: install: Installing context configuration at 'file:/C:/Users/AMALJO~1/AppData/Local/Temp/context123659904572498434.xml'
20 Feb, 2012 1:04:48 PM org.apache.catalina.core.ApplicationContext log
INFO: Manager: start: Starting web application at '/'
20 Feb, 2012 1:17:50 PM org.apache.catalina.core.ApplicationContext log
INFO: Manager: list: Listing contexts for virtual host 'localhost'
20 Feb, 2012 1:17:50 PM org.apache.catalina.core.ApplicationContext log
INFO: Manager: list: Listing contexts for virtual host 'localhost'
20 Feb, 2012 1:17:50 PM org.apache.catalina.core.ApplicationContext log
INFO: Manager: undeploy: Undeploying web application at '/'
20 Feb, 2012 1:17:51 PM org.apache.catalina.core.ApplicationContext log
INFO: Manager: install: Installing context configuration at 'file:/C:/Users/AMALJO~1/AppData/Local/Temp/context8991896647984720679.xml'
20 Feb, 2012 1:17:51 PM org.apache.catalina.core.ApplicationContext log
INFO: Manager: start: Starting web application at '/'
20 Feb, 2012 1:23:10 PM org.apache.catalina.core.ApplicationContext log
INFO: Manager: list: Listing contexts for virtual host 'localhost'
20 Feb, 2012 1:23:10 PM org.apache.catalina.core.ApplicationContext log
INFO: Manager: list: Listing contexts for virtual host 'localhost'
20 Feb, 2012 1:23:10 PM org.apache.catalina.core.ApplicationContext log
INFO: Manager: undeploy: Undeploying web application at '/'
20 Feb, 2012 1:23:11 PM org.apache.catalina.core.ApplicationContext log
INFO: Manager: install: Installing context configuration at 'file:/C:/Users/AMALJO~1/AppData/Local/Temp/context6944569364287342379.xml'
20 Feb, 2012 1:23:12 PM org.apache.catalina.core.ApplicationContext log
INFO: Manager: start: Starting web application at '/'
20 Feb, 2012 1:28:32 PM org.apache.catalina.core.ApplicationContext log
INFO: Manager: list: Listing contexts for virtual host 'localhost'
20 Feb, 2012 1:29:43 PM org.apache.catalina.core.ApplicationContext log
INFO: Manager: list: Listing contexts for virtual host 'localhost'
20 Feb, 2012 1:34:45 PM org.apache.catalina.core.ApplicationContext log
INFO: Manager: list: Listing contexts for virtual host 'localhost'
20 Feb, 2012 1:39:26 PM org.apache.catalina.core.ApplicationContext log
INFO: Manager: list: Listing contexts for virtual host 'localhost'
20 Feb, 2012 1:39:26 PM org.apache.catalina.core.ApplicationContext log
INFO: Manager: list: Listing contexts for virtual host 'localhost'
20 Feb, 2012 1:39:26 PM org.apache.catalina.core.ApplicationContext log
INFO: Manager: undeploy: Undeploying web application at '/'
20 Feb, 2012 1:39:27 PM org.apache.catalina.core.ApplicationContext log
INFO: Manager: install: Installing context configuration at 'file:/C:/Users/AMALJO~1/AppData/Local/Temp/context5804142940721198968.xml'
20 Feb, 2012 1:39:27 PM org.apache.catalina.core.ApplicationContext log
INFO: Manager: start: Starting web application at '/'
Feb 20, 2012 5:08:33 PM org.apache.catalina.core.ApplicationContext log
INFO: Manager: init: Associated with Deployer 'Catalina:type=Deployer,host=localhost'
Feb 20, 2012 5:08:33 PM org.apache.catalina.core.ApplicationContext log
INFO: Manager: init: Global resources are available
Feb 20, 2012 5:08:33 PM org.apache.catalina.core.ApplicationContext log
INFO: Manager: list: Listing contexts for virtual host 'localhost'
Feb 20, 2012 5:08:33 PM org.apache.catalina.core.ApplicationContext log
INFO: Manager: list: Listing contexts for virtual host 'localhost'
Feb 20, 2012 5:08:34 PM org.apache.catalina.core.ApplicationContext log
INFO: Manager: undeploy: Undeploying web application at '/'
Feb 20, 2012 5:08:34 PM org.apache.catalina.core.ApplicationContext log
INFO: Manager: install: Installing context configuration at 'file:/tmp/context7158852353076827915.xml'
Feb 20, 2012 5:08:34 PM org.apache.catalina.core.ApplicationContext log
INFO: Manager: start: Starting web application at '/'
Feb 20, 2012 5:09:19 PM org.apache.catalina.core.ApplicationContext log
INFO: Manager: list: Listing contexts for virtual host 'localhost'
Feb 20, 2012 5:09:20 PM org.apache.catalina.core.ApplicationContext log
INFO: Manager: restart: Reloading web application at '/'
Feb 20, 2012 5:11:56 PM org.apache.catalina.core.ApplicationContext log
INFO: Manager: list: Listing contexts for virtual host 'localhost'
Feb 20, 2012 5:12:39 PM org.apache.catalina.core.ApplicationContext log
INFO: Manager: list: Listing contexts for virtual host 'localhost'
Feb 20, 2012 5:13:36 PM org.apache.catalina.core.ApplicationContext log
INFO: Manager: list: Listing contexts for virtual host 'localhost'
Feb 20, 2012 5:14:01 PM org.apache.catalina.core.ApplicationContext log
INFO: Manager: list: Listing contexts for virtual host 'localhost'
Feb 20, 2012 5:16:16 PM org.apache.catalina.core.ApplicationContext log
INFO: Manager: list: Listing contexts for virtual host 'localhost'
Feb 20, 2012 5:18:20 PM org.apache.catalina.core.ApplicationContext log
INFO: Manager: list: Listing contexts for virtual host 'localhost'
Feb 20, 2012 5:22:06 PM org.apache.catalina.core.ApplicationContext log
INFO: Manager: list: Listing contexts for virtual host 'localhost'
Feb 20, 2012 5:22:17 PM org.apache.catalina.core.ApplicationContext log
INFO: Manager: list: Listing contexts for virtual host 'localhost'
Feb 20, 2012 5:23:03 PM org.apache.catalina.core.ApplicationContext log
INFO: Manager: list: Listing contexts for virtual host 'localhost'
Feb 20, 2012 5:23:09 PM org.apache.catalina.core.ApplicationContext log
INFO: Manager: list: Listing contexts for virtual host 'localhost'
Feb 20, 2012 5:23:31 PM org.apache.catalina.core.ApplicationContext log
INFO: Manager: list: Listing contexts for virtual host 'localhost'
Feb 20, 2012 5:24:33 PM org.apache.catalina.core.ApplicationContext log
INFO: Manager: list: Listing contexts for virtual host 'localhost'
Feb 20, 2012 5:28:12 PM org.apache.catalina.core.ApplicationContext log
INFO: Manager: list: Listing contexts for virtual host 'localhost'
Feb 20, 2012 5:28:53 PM org.apache.catalina.core.ApplicationContext log
INFO: Manager: list: Listing contexts for virtual host 'localhost'
Feb 20, 2012 5:52:18 PM org.apache.catalina.core.ApplicationContext log
INFO: Manager: list: Listing contexts for virtual host 'localhost'
Feb 20, 2012 5:52:18 PM org.apache.catalina.core.ApplicationContext log
INFO: Manager: list: Listing contexts for virtual host 'localhost'
Feb 20, 2012 5:52:18 PM org.apache.catalina.core.ApplicationContext log
INFO: Manager: undeploy: Undeploying web application at '/'
Feb 20, 2012 5:52:19 PM org.apache.catalina.core.ApplicationContext log
INFO: Manager: install: Installing context configuration at 'file:/tmp/context3981623656022786152.xml'
Feb 20, 2012 5:52:19 PM org.apache.catalina.core.ApplicationContext log
INFO: Manager: start: Starting web application at '/'
Feb 20, 2012 5:53:06 PM org.apache.catalina.core.ApplicationContext log
INFO: Manager: list: Listing contexts for virtual host 'localhost'
Feb 20, 2012 5:54:08 PM org.apache.catalina.core.ApplicationContext log
INFO: Manager: list: Listing contexts for virtual host 'localhost'
Feb 20, 2012 5:54:54 PM org.apache.catalina.core.ApplicationContext log
INFO: Manager: list: Listing contexts for virtual host 'localhost'
Feb 20, 2012 5:55:15 PM org.apache.catalina.core.ApplicationContext log
INFO: Manager: list: Listing contexts for virtual host 'localhost'
Feb 20, 2012 5:56:17 PM org.apache.catalina.core.ApplicationContext log
INFO: Manager: list: Listing contexts for virtual host 'localhost'
Feb 20, 2012 5:56:50 PM org.apache.catalina.core.ApplicationContext log
INFO: Manager: list: Listing contexts for virtual host 'localhost'
Feb 20, 2012 5:57:00 PM org.apache.catalina.core.ApplicationContext log
INFO: Manager: list: Listing contexts for virtual host 'localhost'
Feb 20, 2012 6:03:08 PM org.apache.catalina.core.ApplicationContext log
INFO: Manager: list: Listing contexts for virtual host 'localhost'
Feb 20, 2012 6:16:18 PM org.apache.catalina.core.ApplicationContext log
INFO: Manager: list: Listing contexts for virtual host 'localhost'
Feb 20, 2012 6:17:56 PM org.apache.catalina.core.ApplicationContext log
INFO: Manager: list: Listing contexts for virtual host 'localhost'
Feb 20, 2012 6:18:18 PM org.apache.catalina.core.ApplicationContext log
INFO: Manager: list: Listing contexts for virtual host 'localhost'
Feb 20, 2012 6:18:52 PM org.apache.catalina.core.ApplicationContext log
INFO: Manager: list: Listing contexts for virtual host 'localhost'
Feb 20, 2012 6:19:34 PM org.apache.catalina.core.ApplicationContext log
INFO: Manager: list: Listing contexts for virtual host 'localhost'
Feb 20, 2012 6:19:34 PM org.apache.catalina.core.ApplicationContext log
INFO: Manager: undeploy: Undeploying web application at '/'
Feb 20, 2012 6:33:33 PM org.apache.catalina.core.ApplicationContext log
INFO: Manager: init: Associated with Deployer 'Catalina:type=Deployer,host=localhost'
Feb 20, 2012 6:33:33 PM org.apache.catalina.core.ApplicationContext log
INFO: Manager: init: Global resources are available
Feb 20, 2012 6:33:33 PM org.apache.catalina.core.ApplicationContext log
INFO: Manager: list: Listing contexts for virtual host 'localhost'
Feb 20, 2012 6:33:33 PM org.apache.catalina.core.ApplicationContext log
INFO: Manager: list: Listing contexts for virtual host 'localhost'
Feb 20, 2012 6:33:33 PM org.apache.catalina.core.ApplicationContext log
INFO: Manager: install: Installing context configuration at 'file:/tmp/context1669481382039636750.xml'
Feb 20, 2012 6:33:33 PM org.apache.catalina.core.ApplicationContext log
INFO: Manager: start: Starting web application at '/'
Feb 20, 2012 7:00:57 PM org.apache.catalina.core.ApplicationContext log
INFO: Manager: list: Listing contexts for virtual host 'localhost'
Feb 20, 2012 8:35:45 PM org.apache.catalina.core.ApplicationContext log
INFO: Manager: init: Associated with Deployer 'Catalina:type=Deployer,host=localhost'
Feb 20, 2012 8:35:45 PM org.apache.catalina.core.ApplicationContext log
INFO: Manager: init: Global resources are available
Feb 20, 2012 8:35:45 PM org.apache.catalina.core.ApplicationContext log
INFO: Manager: list: Listing contexts for virtual host 'localhost'
Feb 20, 2012 8:35:46 PM org.apache.catalina.core.ApplicationContext log
INFO: Manager: list: Listing contexts for virtual host 'localhost'
Feb 20, 2012 8:35:46 PM org.apache.catalina.core.ApplicationContext log
INFO: Manager: undeploy: Undeploying web application at '/'
Feb 20, 2012 8:35:47 PM org.apache.catalina.core.ApplicationContext log
INFO: Manager: install: Installing context configuration at 'file:/tmp/context252755666758054514.xml'
Feb 20, 2012 8:35:47 PM org.apache.catalina.core.ApplicationContext log
INFO: Manager: start: Starting web application at '/'
20 Feb, 2012 8:43:03 PM org.apache.catalina.core.ApplicationContext log
INFO: Manager: init: Associated with Deployer 'Catalina:type=Deployer,host=localhost'
20 Feb, 2012 8:43:03 PM org.apache.catalina.core.ApplicationContext log
INFO: Manager: init: Global resources are available
20 Feb, 2012 8:43:03 PM org.apache.catalina.core.ApplicationContext log
INFO: Manager: list: Listing contexts for virtual host 'localhost'
20 Feb, 2012 8:43:03 PM org.apache.catalina.core.ApplicationContext log
INFO: Manager: list: Listing contexts for virtual host 'localhost'
20 Feb, 2012 8:43:03 PM org.apache.catalina.core.ApplicationContext log
INFO: Manager: undeploy: Undeploying web application at '/'
20 Feb, 2012 8:43:04 PM org.apache.catalina.core.ApplicationContext log
INFO: Manager: install: Installing context configuration at 'file:/C:/Users/TTT/AppData/Local/Temp/context34079.xml'
20 Feb, 2012 8:43:04 PM org.apache.catalina.core.ApplicationContext log
INFO: Manager: start: Starting web application at '/'
20 Feb, 2012 9:00:48 PM org.apache.catalina.core.ApplicationContext log
INFO: Manager: list: Listing contexts for virtual host 'localhost'
20 Feb, 2012 9:01:02 PM org.apache.catalina.core.ApplicationContext log
INFO: Manager: list: Listing contexts for virtual host 'localhost'
20 Feb, 2012 9:01:02 PM org.apache.catalina.core.ApplicationContext log
INFO: Manager: list: Listing contexts for virtual host 'localhost'
20 Feb, 2012 9:01:02 PM org.apache.catalina.core.ApplicationContext log
INFO: Manager: undeploy: Undeploying web application at '/'
20 Feb, 2012 9:01:02 PM org.apache.catalina.core.ApplicationContext log
INFO: Manager: install: Installing context configuration at 'file:/C:/Users/TTT/AppData/Local/Temp/context34080.xml'
20 Feb, 2012 9:01:02 PM org.apache.catalina.core.ApplicationContext log
INFO: Manager: start: Starting web application at '/'
20 Feb, 2012 9:03:21 PM org.apache.catalina.core.ApplicationContext log
INFO: Manager: list: Listing contexts for virtual host 'localhost'
20 Feb, 2012 9:06:32 PM org.apache.catalina.core.ApplicationContext log
INFO: Manager: list: Listing contexts for virtual host 'localhost'
20 Feb, 2012 9:09:19 PM org.apache.catalina.core.ApplicationContext log
INFO: Manager: list: Listing contexts for virtual host 'localhost'
20 Feb, 2012 9:09:19 PM org.apache.catalina.core.ApplicationContext log
INFO: Manager: list: Listing contexts for virtual host 'localhost'
20 Feb, 2012 9:09:19 PM org.apache.catalina.core.ApplicationContext log
INFO: Manager: undeploy: Undeploying web application at '/'
20 Feb, 2012 9:09:20 PM org.apache.catalina.core.ApplicationContext log
INFO: Manager: install: Installing context configuration at 'file:/C:/Users/TTT/AppData/Local/Temp/context34081.xml'
20 Feb, 2012 9:09:20 PM org.apache.catalina.core.ApplicationContext log
INFO: Manager: start: Starting web application at '/'
20 Feb, 2012 9:10:33 PM org.apache.catalina.core.ApplicationContext log
INFO: Manager: list: Listing contexts for virtual host 'localhost'
20 Feb, 2012 9:10:33 PM org.apache.catalina.core.ApplicationContext log
INFO: Manager: list: Listing contexts for virtual host 'localhost'
20 Feb, 2012 9:10:33 PM org.apache.catalina.core.ApplicationContext log
INFO: Manager: undeploy: Undeploying web application at '/'
20 Feb, 2012 9:10:34 PM org.apache.catalina.core.ApplicationContext log
INFO: Manager: install: Installing context configuration at 'file:/C:/Users/TTT/AppData/Local/Temp/context34082.xml'
20 Feb, 2012 9:10:34 PM org.apache.catalina.core.ApplicationContext log
INFO: Manager: start: Starting web application at '/'
20 Feb, 2012 9:10:54 PM org.apache.catalina.core.ApplicationContext log
INFO: Manager: list: Listing contexts for virtual host 'localhost'
20 Feb, 2012 9:12:52 PM org.apache.catalina.core.ApplicationContext log
INFO: Manager: list: Listing contexts for virtual host 'localhost'
20 Feb, 2012 9:13:01 PM org.apache.catalina.core.ApplicationContext log
INFO: Manager: list: Listing contexts for virtual host 'localhost'
20 Feb, 2012 9:13:08 PM org.apache.catalina.core.ApplicationContext log
INFO: Manager: list: Listing contexts for virtual host 'localhost'
20 Feb, 2012 9:13:08 PM org.apache.catalina.core.ApplicationContext log
INFO: Manager: list: Listing contexts for virtual host 'localhost'
20 Feb, 2012 9:13:08 PM org.apache.catalina.core.ApplicationContext log
INFO: Manager: undeploy: Undeploying web application at '/'
20 Feb, 2012 9:13:09 PM org.apache.catalina.core.ApplicationContext log
INFO: Manager: install: Installing context configuration at 'file:/C:/Users/TTT/AppData/Local/Temp/context34083.xml'
20 Feb, 2012 9:13:09 PM org.apache.catalina.core.ApplicationContext log
INFO: Manager: start: Starting web application at '/'
20 Feb, 2012 9:16:45 PM org.apache.catalina.core.ApplicationContext log
INFO: Manager: list: Listing contexts for virtual host 'localhost'
20 Feb, 2012 9:16:53 PM org.apache.catalina.core.ApplicationContext log
INFO: Manager: list: Listing contexts for virtual host 'localhost'
20 Feb, 2012 9:16:53 PM org.apache.catalina.core.ApplicationContext log
INFO: Manager: list: Listing contexts for virtual host 'localhost'
20 Feb, 2012 9:16:53 PM org.apache.catalina.core.ApplicationContext log
INFO: Manager: undeploy: Undeploying web application at '/'
20 Feb, 2012 9:16:54 PM org.apache.catalina.core.ApplicationContext log
INFO: Manager: install: Installing context configuration at 'file:/C:/Users/TTT/AppData/Local/Temp/context34084.xml'
20 Feb, 2012 9:16:55 PM org.apache.catalina.core.ApplicationContext log
INFO: Manager: start: Starting web application at '/'
20 Feb, 2012 9:17:34 PM org.apache.catalina.core.ApplicationContext log
INFO: Manager: list: Listing contexts for virtual host 'localhost'
20 Feb, 2012 9:19:46 PM org.apache.catalina.core.ApplicationContext log
INFO: Manager: list: Listing contexts for virtual host 'localhost'
20 Feb, 2012 9:20:01 PM org.apache.catalina.core.ApplicationContext log
INFO: Manager: list: Listing contexts for virtual host 'localhost'
20 Feb, 2012 9:20:01 PM org.apache.catalina.core.ApplicationContext log
INFO: Manager: list: Listing contexts for virtual host 'localhost'
20 Feb, 2012 9:20:01 PM org.apache.catalina.core.ApplicationContext log
INFO: Manager: undeploy: Undeploying web application at '/'
20 Feb, 2012 9:20:02 PM org.apache.catalina.core.ApplicationContext log
INFO: Manager: install: Installing context configuration at 'file:/C:/Users/TTT/AppData/Local/Temp/context34085.xml'
20 Feb, 2012 9:20:03 PM org.apache.catalina.core.ApplicationContext log
INFO: Manager: start: Starting web application at '/'
20 Feb, 2012 9:27:35 PM org.apache.catalina.core.ApplicationContext log
INFO: Manager: list: Listing contexts for virtual host 'localhost'
20 Feb, 2012 9:27:44 PM org.apache.catalina.core.ApplicationContext log
INFO: Manager: list: Listing contexts for virtual host 'localhost'
20 Feb, 2012 9:27:44 PM org.apache.catalina.core.ApplicationContext log
INFO: Manager: list: Listing contexts for virtual host 'localhost'
20 Feb, 2012 9:27:45 PM org.apache.catalina.core.ApplicationContext log
INFO: Manager: undeploy: Undeploying web application at '/'
20 Feb, 2012 9:27:45 PM org.apache.catalina.core.ApplicationContext log
INFO: Manager: install: Installing context configuration at 'file:/C:/Users/TTT/AppData/Local/Temp/context34086.xml'
20 Feb, 2012 9:27:45 PM org.apache.catalina.core.ApplicationContext log
INFO: Manager: start: Starting web application at '/'
20 Feb, 2012 9:46:24 PM org.apache.catalina.core.ApplicationContext log
INFO: Manager: list: Listing contexts for virtual host 'localhost'
20 Feb, 2012 9:46:36 PM org.apache.catalina.core.ApplicationContext log
INFO: Manager: list: Listing contexts for virtual host 'localhost'
20 Feb, 2012 10:35:11 PM org.apache.catalina.core.ApplicationContext log
INFO: Manager: list: Listing contexts for virtual host 'localhost'
20 Feb, 2012 10:35:13 PM org.apache.catalina.core.ApplicationContext log
INFO: Manager: list: Listing contexts for virtual host 'localhost'
20 Feb, 2012 10:43:41 PM org.apache.catalina.core.ApplicationContext log
INFO: Manager: list: Listing contexts for virtual host 'localhost'
20 Feb, 2012 10:43:53 PM org.apache.catalina.core.ApplicationContext log
INFO: Manager: list: Listing contexts for virtual host 'localhost'
20 Feb, 2012 10:43:53 PM org.apache.catalina.core.ApplicationContext log
INFO: Manager: list: Listing contexts for virtual host 'localhost'
20 Feb, 2012 10:43:53 PM org.apache.catalina.core.ApplicationContext log
INFO: Manager: undeploy: Undeploying web application at '/'
20 Feb, 2012 10:43:54 PM org.apache.catalina.core.ApplicationContext log
INFO: Manager: install: Installing context configuration at 'file:/C:/Users/TTT/AppData/Local/Temp/context34087.xml'
20 Feb, 2012 10:43:54 PM org.apache.catalina.core.ApplicationContext log
INFO: Manager: start: Starting web application at '/'
20 Feb, 2012 10:44:33 PM org.apache.catalina.core.ApplicationContext log
INFO: Manager: list: Listing contexts for virtual host 'localhost'
20 Feb, 2012 10:44:33 PM org.apache.catalina.core.ApplicationContext log
INFO: Manager: list: Listing contexts for virtual host 'localhost'
20 Feb, 2012 10:44:33 PM org.apache.catalina.core.ApplicationContext log
INFO: Manager: undeploy: Undeploying web application at '/'
20 Feb, 2012 10:44:34 PM org.apache.catalina.core.ApplicationContext log
INFO: Manager: install: Installing context configuration at 'file:/C:/Users/TTT/AppData/Local/Temp/context34088.xml'
20 Feb, 2012 10:44:34 PM org.apache.catalina.core.ApplicationContext log
INFO: Manager: start: Starting web application at '/'
20 Feb, 2012 10:47:09 PM org.apache.catalina.core.ApplicationContext log
INFO: Manager: list: Listing contexts for virtual host 'localhost'
20 Feb, 2012 10:48:37 PM org.apache.catalina.core.ApplicationContext log
INFO: Manager: list: Listing contexts for virtual host 'localhost'
20 Feb, 2012 10:49:49 PM org.apache.catalina.core.ApplicationContext log
INFO: Manager: list: Listing contexts for virtual host 'localhost'
20 Feb, 2012 10:49:49 PM org.apache.catalina.core.ApplicationContext log
INFO: Manager: list: Listing contexts for virtual host 'localhost'
20 Feb, 2012 10:52:21 PM org.apache.catalina.core.ApplicationContext log
INFO: Manager: list: Listing contexts for virtual host 'localhost'
20 Feb, 2012 10:53:01 PM org.apache.catalina.core.ApplicationContext log
INFO: Manager: list: Listing contexts for virtual host 'localhost'
20 Feb, 2012 10:53:01 PM org.apache.catalina.core.ApplicationContext log
INFO: Manager: list: Listing contexts for virtual host 'localhost'
20 Feb, 2012 10:53:01 PM org.apache.catalina.core.ApplicationContext log
INFO: Manager: undeploy: Undeploying web application at '/'
20 Feb, 2012 10:53:02 PM org.apache.catalina.core.ApplicationContext log
INFO: Manager: install: Installing context configuration at 'file:/C:/Users/TTT/AppData/Local/Temp/context34089.xml'
20 Feb, 2012 10:53:04 PM org.apache.catalina.core.ApplicationContext log
INFO: Manager: start: Starting web application at '/'
20 Feb, 2012 10:53:29 PM org.apache.catalina.core.ApplicationContext log
INFO: Manager: list: Listing contexts for virtual host 'localhost'
20 Feb, 2012 10:53:34 PM org.apache.catalina.core.ApplicationContext log
INFO: Manager: list: Listing contexts for virtual host 'localhost'
20 Feb, 2012 10:53:39 PM org.apache.catalina.core.ApplicationContext log
INFO: Manager: list: Listing contexts for virtual host 'localhost'
20 Feb, 2012 10:53:45 PM org.apache.catalina.core.ApplicationContext log
INFO: Manager: list: Listing contexts for virtual host 'localhost'
20 Feb, 2012 10:53:45 PM org.apache.catalina.core.ApplicationContext log
INFO: Manager: list: Listing contexts for virtual host 'localhost'
20 Feb, 2012 10:53:45 PM org.apache.catalina.core.ApplicationContext log
INFO: Manager: undeploy: Undeploying web application at '/'
20 Feb, 2012 10:53:46 PM org.apache.catalina.core.ApplicationContext log
INFO: Manager: install: Installing context configuration at 'file:/C:/Users/TTT/AppData/Local/Temp/context34090.xml'
20 Feb, 2012 10:53:46 PM org.apache.catalina.core.ApplicationContext log
INFO: Manager: start: Starting web application at '/'
20 Feb, 2012 10:54:25 PM org.apache.catalina.core.ApplicationContext log
INFO: Manager: list: Listing contexts for virtual host 'localhost'
20 Feb, 2012 10:58:14 PM org.apache.catalina.core.ApplicationContext log
INFO: Manager: list: Listing contexts for virtual host 'localhost'
20 Feb, 2012 10:59:32 PM org.apache.catalina.core.ApplicationContext log
INFO: Manager: list: Listing contexts for virtual host 'localhost'
20 Feb, 2012 10:59:37 PM org.apache.catalina.core.ApplicationContext log
INFO: Manager: list: Listing contexts for virtual host 'localhost'
20 Feb, 2012 11:04:54 PM org.apache.catalina.core.ApplicationContext log
INFO: Manager: list: Listing contexts for virtual host 'localhost'
20 Feb, 2012 11:05:34 PM org.apache.catalina.core.ApplicationContext log
INFO: Manager: list: Listing contexts for virtual host 'localhost'
20 Feb, 2012 11:06:29 PM org.apache.catalina.core.ApplicationContext log
INFO: Manager: list: Listing contexts for virtual host 'localhost'
20 Feb, 2012 11:06:40 PM org.apache.catalina.core.ApplicationContext log
INFO: Manager: list: Listing contexts for virtual host 'localhost'
20 Feb, 2012 11:08:05 PM org.apache.catalina.core.ApplicationContext log
INFO: Manager: list: Listing contexts for virtual host 'localhost'
20 Feb, 2012 11:08:35 PM org.apache.catalina.core.ApplicationContext log
INFO: Manager: list: Listing contexts for virtual host 'localhost'
20 Feb, 2012 11:08:44 PM org.apache.catalina.core.ApplicationContext log
INFO: Manager: list: Listing contexts for virtual host 'localhost'
20 Feb, 2012 11:08:57 PM org.apache.catalina.core.ApplicationContext log
INFO: Manager: list: Listing contexts for virtual host 'localhost'
20 Feb, 2012 11:09:12 PM org.apache.catalina.core.ApplicationContext log
INFO: Manager: list: Listing contexts for virtual host 'localhost'
20 Feb, 2012 11:11:19 PM org.apache.catalina.core.ApplicationContext log
INFO: Manager: list: Listing contexts for virtual host 'localhost'
20 Feb, 2012 11:15:34 PM org.apache.catalina.core.ApplicationContext log
INFO: Manager: list: Listing contexts for virtual host 'localhost'
20 Feb, 2012 11:15:34 PM org.apache.catalina.core.ApplicationContext log
INFO: Manager: list: Listing contexts for virtual host 'localhost'
20 Feb, 2012 11:15:34 PM org.apache.catalina.core.ApplicationContext log
INFO: Manager: undeploy: Undeploying web application at '/'
20 Feb, 2012 11:15:35 PM org.apache.catalina.core.ApplicationContext log
INFO: Manager: install: Installing context configuration at 'file:/C:/Users/TTT/AppData/Local/Temp/context34091.xml'
20 Feb, 2012 11:15:35 PM org.apache.catalina.core.ApplicationContext log
INFO: Manager: start: Starting web application at '/'
20 Feb, 2012 11:16:00 PM org.apache.catalina.core.ApplicationContext log
INFO: Manager: list: Listing contexts for virtual host 'localhost'
20 Feb, 2012 11:16:41 PM org.apache.catalina.core.ApplicationContext log
INFO: Manager: list: Listing contexts for virtual host 'localhost'
20 Feb, 2012 11:16:55 PM org.apache.catalina.core.ApplicationContext log
INFO: Manager: list: Listing contexts for virtual host 'localhost'
20 Feb, 2012 11:17:26 PM org.apache.catalina.core.ApplicationContext log
INFO: Manager: list: Listing contexts for virtual host 'localhost'
20 Feb, 2012 11:18:04 PM org.apache.catalina.core.ApplicationContext log
INFO: Manager: list: Listing contexts for virtual host 'localhost'
20 Feb, 2012 11:18:22 PM org.apache.catalina.core.ApplicationContext log
INFO: Manager: list: Listing contexts for virtual host 'localhost'
20 Feb, 2012 11:19:14 PM org.apache.catalina.core.ApplicationContext log
INFO: Manager: list: Listing contexts for virtual host 'localhost'
20 Feb, 2012 11:22:54 PM org.apache.catalina.core.ApplicationContext log
INFO: Manager: list: Listing contexts for virtual host 'localhost'
20 Feb, 2012 11:28:06 PM org.apache.catalina.core.ApplicationContext log
INFO: Manager: list: Listing contexts for virtual host 'localhost'
20 Feb, 2012 11:28:06 PM org.apache.catalina.core.ApplicationContext log
INFO: Manager: list: Listing contexts for virtual host 'localhost'
20 Feb, 2012 11:28:06 PM org.apache.catalina.core.ApplicationContext log
INFO: Manager: undeploy: Undeploying web application at '/'
20 Feb, 2012 11:28:06 PM org.apache.catalina.core.ApplicationContext log
INFO: Manager: install: Installing context configuration at 'file:/C:/Users/TTT/AppData/Local/Temp/context34092.xml'
20 Feb, 2012 11:28:06 PM org.apache.catalina.core.ApplicationContext log
INFO: Manager: start: Starting web application at '/'
20 Feb, 2012 11:28:30 PM org.apache.catalina.core.ApplicationContext log
INFO: Manager: list: Listing contexts for virtual host 'localhost'
20 Feb, 2012 11:29:37 PM org.apache.catalina.core.ApplicationContext log
INFO: Manager: list: Listing contexts for virtual host 'localhost'
20 Feb, 2012 11:29:49 PM org.apache.catalina.core.ApplicationContext log
INFO: Manager: list: Listing contexts for virtual host 'localhost'
20 Feb, 2012 11:30:18 PM org.apache.catalina.core.ApplicationContext log
INFO: Manager: list: Listing contexts for virtual host 'localhost'
20 Feb, 2012 11:30:22 PM org.apache.catalina.core.ApplicationContext log
INFO: Manager: list: Listing contexts for virtual host 'localhost'
20 Feb, 2012 11:30:26 PM org.apache.catalina.core.ApplicationContext log
INFO: Manager: list: Listing contexts for virtual host 'localhost'
20 Feb, 2012 11:30:30 PM org.apache.catalina.core.ApplicationContext log
INFO: Manager: list: Listing contexts for virtual host 'localhost'
20 Feb, 2012 11:30:37 PM org.apache.catalina.core.ApplicationContext log
INFO: Manager: list: Listing contexts for virtual host 'localhost'
20 Feb, 2012 11:30:37 PM org.apache.catalina.core.ApplicationContext log
INFO: Manager: list: Listing contexts for virtual host 'localhost'
20 Feb, 2012 11:30:37 PM org.apache.catalina.core.ApplicationContext log
INFO: Manager: undeploy: Undeploying web application at '/'
20 Feb, 2012 11:30:38 PM org.apache.catalina.core.ApplicationContext log
INFO: Manager: install: Installing context configuration at 'file:/C:/Users/TTT/AppData/Local/Temp/context34093.xml'
20 Feb, 2012 11:30:38 PM org.apache.catalina.core.ApplicationContext log
INFO: Manager: start: Starting web application at '/'
20 Feb, 2012 11:32:35 PM org.apache.catalina.core.ApplicationContext log
INFO: Manager: list: Listing contexts for virtual host 'localhost'
20 Feb, 2012 11:32:42 PM org.apache.catalina.core.ApplicationContext log
INFO: Manager: list: Listing contexts for virtual host 'localhost'
20 Feb, 2012 11:33:45 PM org.apache.catalina.core.ApplicationContext log
INFO: Manager: list: Listing contexts for virtual host 'localhost'
20 Feb, 2012 11:34:44 PM org.apache.catalina.core.ApplicationContext log
INFO: Manager: list: Listing contexts for virtual host 'localhost'
20 Feb, 2012 11:35:01 PM org.apache.catalina.core.ApplicationContext log
INFO: Manager: list: Listing contexts for virtual host 'localhost'
20 Feb, 2012 11:36:34 PM org.apache.catalina.core.ApplicationContext log
INFO: Manager: list: Listing contexts for virtual host 'localhost'
20 Feb, 2012 11:41:30 PM org.apache.catalina.core.ApplicationContext log
INFO: Manager: list: Listing contexts for virtual host 'localhost'
20 Feb, 2012 11:43:01 PM org.apache.catalina.core.ApplicationContext log
INFO: Manager: list: Listing contexts for virtual host 'localhost'
20 Feb, 2012 11:43:01 PM org.apache.catalina.core.ApplicationContext log
INFO: Manager: list: Listing contexts for virtual host 'localhost'
20 Feb, 2012 11:43:01 PM org.apache.catalina.core.ApplicationContext log
INFO: Manager: undeploy: Undeploying web application at '/'
20 Feb, 2012 11:43:02 PM org.apache.catalina.core.ApplicationContext log
INFO: Manager: install: Installing context configuration at 'file:/C:/Users/TTT/AppData/Local/Temp/context34094.xml'
20 Feb, 2012 11:43:02 PM org.apache.catalina.core.ApplicationContext log
INFO: Manager: start: Starting web application at '/'
20 Feb, 2012 11:43:56 PM org.apache.catalina.core.ApplicationContext log
INFO: Manager: list: Listing contexts for virtual host 'localhost'
20 Feb, 2012 11:44:38 PM org.apache.catalina.core.ApplicationContext log
INFO: Manager: list: Listing contexts for virtual host 'localhost'
20 Feb, 2012 11:46:32 PM org.apache.catalina.core.ApplicationContext log
INFO: Manager: list: Listing contexts for virtual host 'localhost'
20 Feb, 2012 11:46:58 PM org.apache.catalina.core.ApplicationContext log
INFO: Manager: list: Listing contexts for virtual host 'localhost'
20 Feb, 2012 11:47:27 PM org.apache.catalina.core.ApplicationContext log
INFO: Manager: list: Listing contexts for virtual host 'localhost'
20 Feb, 2012 11:50:17 PM org.apache.catalina.core.ApplicationContext log
INFO: Manager: list: Listing contexts for virtual host 'localhost'
20 Feb, 2012 11:51:13 PM org.apache.catalina.core.ApplicationContext log
INFO: Manager: list: Listing contexts for virtual host 'localhost'
20 Feb, 2012 11:51:50 PM org.apache.catalina.core.ApplicationContext log
INFO: Manager: list: Listing contexts for virtual host 'localhost'
20 Feb, 2012 11:52:35 PM org.apache.catalina.core.ApplicationContext log
INFO: Manager: list: Listing contexts for virtual host 'localhost'
20 Feb, 2012 11:53:03 PM org.apache.catalina.core.ApplicationContext log
INFO: Manager: list: Listing contexts for virtual host 'localhost'
20 Feb, 2012 11:53:24 PM org.apache.catalina.core.ApplicationContext log
INFO: Manager: list: Listing contexts for virtual host 'localhost'
20 Feb, 2012 11:54:37 PM org.apache.catalina.core.ApplicationContext log
INFO: Manager: list: Listing contexts for virtual host 'localhost'
20 Feb, 2012 11:55:04 PM org.apache.catalina.core.ApplicationContext log
INFO: Manager: list: Listing contexts for virtual host 'localhost'
20 Feb, 2012 11:57:04 PM org.apache.catalina.core.ApplicationContext log
INFO: Manager: list: Listing contexts for virtual host 'localhost'
20 Feb, 2012 11:57:14 PM org.apache.catalina.core.ApplicationContext log
INFO: Manager: list: Listing contexts for virtual host 'localhost'
20 Feb, 2012 11:57:34 PM org.apache.catalina.core.ApplicationContext log
INFO: Manager: list: Listing contexts for virtual host 'localhost'
20 Feb, 2012 11:57:34 PM org.apache.catalina.core.ApplicationContext log
INFO: Manager: list: Listing contexts for virtual host 'localhost'
20 Feb, 2012 11:57:34 PM org.apache.catalina.core.ApplicationContext log
INFO: Manager: undeploy: Undeploying web application at '/'
20 Feb, 2012 11:57:34 PM org.apache.catalina.core.ApplicationContext log
INFO: Manager: install: Installing context configuration at 'file:/C:/Users/TTT/AppData/Local/Temp/context34095.xml'
20 Feb, 2012 11:57:34 PM org.apache.catalina.core.ApplicationContext log
INFO: Manager: start: Starting web application at '/'
20 Feb, 2012 11:58:54 PM org.apache.catalina.core.ApplicationContext log
INFO: Manager: list: Listing contexts for virtual host 'localhost'
20 Feb, 2012 11:59:01 PM org.apache.catalina.core.ApplicationContext log
INFO: Manager: list: Listing contexts for virtual host 'localhost'
20 Feb, 2012 11:59:07 PM org.apache.catalina.core.ApplicationContext log
INFO: Manager: list: Listing contexts for virtual host 'localhost'
20 Feb, 2012 11:59:07 PM org.apache.catalina.core.ApplicationContext log
INFO: Manager: list: Listing contexts for virtual host 'localhost'
20 Feb, 2012 11:59:07 PM org.apache.catalina.core.ApplicationContext log
INFO: Manager: undeploy: Undeploying web application at '/'
20 Feb, 2012 11:59:08 PM org.apache.catalina.core.ApplicationContext log
INFO: Manager: install: Installing context configuration at 'file:/C:/Users/TTT/AppData/Local/Temp/context34096.xml'
20 Feb, 2012 11:59:08 PM org.apache.catalina.core.ApplicationContext log
INFO: Manager: start: Starting web application at '/'
20 Feb, 2012 11:59:54 PM org.apache.catalina.core.ApplicationContext log
INFO: Manager: list: Listing contexts for virtual host 'localhost'
