13 Jan, 2012 11:41:53 AM org.apache.catalina.core.ApplicationContext log
INFO: Manager: init: Associated with Deployer 'Catalina:type=Deployer,host=localhost'
13 Jan, 2012 11:41:53 AM org.apache.catalina.core.ApplicationContext log
INFO: Manager: init: Global resources are available
13 Jan, 2012 11:41:53 AM org.apache.catalina.core.ApplicationContext log
INFO: Manager: list: Listing contexts for virtual host 'localhost'
13 Jan, 2012 11:41:53 AM org.apache.catalina.core.ApplicationContext log
INFO: Manager: list: Listing contexts for virtual host 'localhost'
13 Jan, 2012 11:41:53 AM org.apache.catalina.core.ApplicationContext log
INFO: Manager: undeploy: Undeploying web application at '/'
13 Jan, 2012 11:41:54 AM org.apache.catalina.core.ApplicationContext log
INFO: Manager: install: Installing context configuration at 'file:/C:/Users/TTT/AppData/Local/Temp/context59627.xml'
13 Jan, 2012 11:41:54 AM org.apache.catalina.core.ApplicationContext log
INFO: Manager: start: Starting web application at '/'
13 Jan, 2012 3:13:06 PM org.apache.catalina.core.ApplicationContext log
INFO: Manager: init: Associated with Deployer 'Catalina:type=Deployer,host=localhost'
13 Jan, 2012 3:13:06 PM org.apache.catalina.core.ApplicationContext log
INFO: Manager: init: Global resources are available
13 Jan, 2012 3:13:06 PM org.apache.catalina.core.ApplicationContext log
INFO: Manager: list: Listing contexts for virtual host 'localhost'
13 Jan, 2012 3:13:06 PM org.apache.catalina.core.ApplicationContext log
INFO: Manager: list: Listing contexts for virtual host 'localhost'
13 Jan, 2012 3:13:06 PM org.apache.catalina.core.ApplicationContext log
INFO: Manager: undeploy: Undeploying web application at '/'
13 Jan, 2012 3:13:07 PM org.apache.catalina.core.ApplicationContext log
INFO: Manager: install: Installing context configuration at 'file:/C:/Users/TTT/AppData/Local/Temp/context27273.xml'
13 Jan, 2012 3:13:07 PM org.apache.catalina.core.ApplicationContext log
INFO: Manager: start: Starting web application at '/'
13 Jan, 2012 3:14:43 PM org.apache.catalina.core.ApplicationContext log
INFO: Manager: list: Listing contexts for virtual host 'localhost'
13 Jan, 2012 3:16:50 PM org.apache.catalina.core.ApplicationContext log
INFO: Manager: list: Listing contexts for virtual host 'localhost'
13 Jan, 2012 3:18:31 PM org.apache.catalina.core.ApplicationContext log
INFO: Manager: list: Listing contexts for virtual host 'localhost'
13 Jan, 2012 3:22:09 PM org.apache.catalina.core.ApplicationContext log
INFO: Manager: list: Listing contexts for virtual host 'localhost'
13 Jan, 2012 3:25:14 PM org.apache.catalina.core.ApplicationContext log
INFO: Manager: list: Listing contexts for virtual host 'localhost'
13 Jan, 2012 3:27:08 PM org.apache.catalina.core.ApplicationContext log
INFO: Manager: list: Listing contexts for virtual host 'localhost'
13 Jan, 2012 3:27:08 PM org.apache.catalina.core.ApplicationContext log
INFO: Manager: list: Listing contexts for virtual host 'localhost'
13 Jan, 2012 3:27:08 PM org.apache.catalina.core.ApplicationContext log
INFO: Manager: undeploy: Undeploying web application at '/'
13 Jan, 2012 3:27:09 PM org.apache.catalina.core.ApplicationContext log
INFO: Manager: install: Installing context configuration at 'file:/C:/Users/TTT/AppData/Local/Temp/context27274.xml'
13 Jan, 2012 3:27:09 PM org.apache.catalina.core.ApplicationContext log
INFO: Manager: start: Starting web application at '/'
13 Jan, 2012 3:30:53 PM org.apache.catalina.core.ApplicationContext log
INFO: Manager: list: Listing contexts for virtual host 'localhost'
13 Jan, 2012 3:31:01 PM org.apache.catalina.core.ApplicationContext log
INFO: Manager: list: Listing contexts for virtual host 'localhost'
13 Jan, 2012 3:31:15 PM org.apache.catalina.core.ApplicationContext log
INFO: Manager: list: Listing contexts for virtual host 'localhost'
13 Jan, 2012 3:31:15 PM org.apache.catalina.core.ApplicationContext log
INFO: Manager: list: Listing contexts for virtual host 'localhost'
13 Jan, 2012 3:31:15 PM org.apache.catalina.core.ApplicationContext log
INFO: Manager: undeploy: Undeploying web application at '/'
13 Jan, 2012 3:31:15 PM org.apache.catalina.core.ApplicationContext log
INFO: Manager: install: Installing context configuration at 'file:/C:/Users/TTT/AppData/Local/Temp/context27275.xml'
13 Jan, 2012 3:31:15 PM org.apache.catalina.core.ApplicationContext log
INFO: Manager: start: Starting web application at '/'
13 Jan, 2012 3:33:57 PM org.apache.catalina.core.ApplicationContext log
INFO: Manager: list: Listing contexts for virtual host 'localhost'
13 Jan, 2012 3:34:35 PM org.apache.catalina.core.ApplicationContext log
INFO: Manager: list: Listing contexts for virtual host 'localhost'
13 Jan, 2012 3:35:05 PM org.apache.catalina.core.ApplicationContext log
INFO: Manager: list: Listing contexts for virtual host 'localhost'
13 Jan, 2012 3:35:05 PM org.apache.catalina.core.ApplicationContext log
INFO: Manager: list: Listing contexts for virtual host 'localhost'
13 Jan, 2012 3:35:05 PM org.apache.catalina.core.ApplicationContext log
INFO: Manager: undeploy: Undeploying web application at '/'
13 Jan, 2012 3:35:06 PM org.apache.catalina.core.ApplicationContext log
INFO: Manager: install: Installing context configuration at 'file:/C:/Users/TTT/AppData/Local/Temp/context27276.xml'
13 Jan, 2012 3:35:06 PM org.apache.catalina.core.ApplicationContext log
INFO: Manager: start: Starting web application at '/'
13 Jan, 2012 3:36:14 PM org.apache.catalina.core.ApplicationContext log
INFO: Manager: list: Listing contexts for virtual host 'localhost'
13 Jan, 2012 3:38:49 PM org.apache.catalina.core.ApplicationContext log
INFO: Manager: list: Listing contexts for virtual host 'localhost'
13 Jan, 2012 3:41:33 PM org.apache.catalina.core.ApplicationContext log
INFO: Manager: list: Listing contexts for virtual host 'localhost'
13 Jan, 2012 3:41:57 PM org.apache.catalina.core.ApplicationContext log
INFO: Manager: list: Listing contexts for virtual host 'localhost'
13 Jan, 2012 3:42:58 PM org.apache.catalina.core.ApplicationContext log
INFO: Manager: list: Listing contexts for virtual host 'localhost'
13 Jan, 2012 3:42:58 PM org.apache.catalina.core.ApplicationContext log
INFO: Manager: list: Listing contexts for virtual host 'localhost'
13 Jan, 2012 3:42:58 PM org.apache.catalina.core.ApplicationContext log
INFO: Manager: undeploy: Undeploying web application at '/'
13 Jan, 2012 3:42:59 PM org.apache.catalina.core.ApplicationContext log
INFO: Manager: install: Installing context configuration at 'file:/C:/Users/TTT/AppData/Local/Temp/context27277.xml'
13 Jan, 2012 3:42:59 PM org.apache.catalina.core.ApplicationContext log
INFO: Manager: start: Starting web application at '/'
13 Jan, 2012 3:43:38 PM org.apache.catalina.core.ApplicationContext log
INFO: Manager: list: Listing contexts for virtual host 'localhost'
13 Jan, 2012 3:44:06 PM org.apache.catalina.core.ApplicationContext log
INFO: Manager: list: Listing contexts for virtual host 'localhost'
13 Jan, 2012 3:44:06 PM org.apache.catalina.core.ApplicationContext log
INFO: Manager: list: Listing contexts for virtual host 'localhost'
13 Jan, 2012 3:44:06 PM org.apache.catalina.core.ApplicationContext log
INFO: Manager: undeploy: Undeploying web application at '/'
13 Jan, 2012 3:44:06 PM org.apache.catalina.core.ApplicationContext log
INFO: Manager: install: Installing context configuration at 'file:/C:/Users/TTT/AppData/Local/Temp/context27278.xml'
13 Jan, 2012 3:44:06 PM org.apache.catalina.core.ApplicationContext log
INFO: Manager: start: Starting web application at '/'
13 Jan, 2012 3:45:30 PM org.apache.catalina.core.ApplicationContext log
INFO: Manager: list: Listing contexts for virtual host 'localhost'
13 Jan, 2012 3:45:39 PM org.apache.catalina.core.ApplicationContext log
INFO: Manager: list: Listing contexts for virtual host 'localhost'
13 Jan, 2012 3:45:39 PM org.apache.catalina.core.ApplicationContext log
INFO: Manager: list: Listing contexts for virtual host 'localhost'
13 Jan, 2012 3:45:39 PM org.apache.catalina.core.ApplicationContext log
INFO: Manager: undeploy: Undeploying web application at '/'
13 Jan, 2012 3:45:40 PM org.apache.catalina.core.ApplicationContext log
INFO: Manager: install: Installing context configuration at 'file:/C:/Users/TTT/AppData/Local/Temp/context27279.xml'
13 Jan, 2012 3:45:40 PM org.apache.catalina.core.ApplicationContext log
INFO: Manager: start: Starting web application at '/'
13 Jan, 2012 3:49:18 PM org.apache.catalina.core.ApplicationContext log
INFO: Manager: list: Listing contexts for virtual host 'localhost'
13 Jan, 2012 3:49:26 PM org.apache.catalina.core.ApplicationContext log
INFO: Manager: list: Listing contexts for virtual host 'localhost'
13 Jan, 2012 3:49:26 PM org.apache.catalina.core.ApplicationContext log
INFO: Manager: list: Listing contexts for virtual host 'localhost'
13 Jan, 2012 3:49:26 PM org.apache.catalina.core.ApplicationContext log
INFO: Manager: undeploy: Undeploying web application at '/'
13 Jan, 2012 3:49:27 PM org.apache.catalina.core.ApplicationContext log
INFO: Manager: install: Installing context configuration at 'file:/C:/Users/TTT/AppData/Local/Temp/context27280.xml'
13 Jan, 2012 3:49:27 PM org.apache.catalina.core.ApplicationContext log
INFO: Manager: start: Starting web application at '/'
13 Jan, 2012 3:50:45 PM org.apache.catalina.core.ApplicationContext log
INFO: Manager: list: Listing contexts for virtual host 'localhost'
13 Jan, 2012 3:51:05 PM org.apache.catalina.core.ApplicationContext log
INFO: Manager: list: Listing contexts for virtual host 'localhost'
13 Jan, 2012 3:51:14 PM org.apache.catalina.core.ApplicationContext log
INFO: Manager: list: Listing contexts for virtual host 'localhost'
13 Jan, 2012 3:51:14 PM org.apache.catalina.core.ApplicationContext log
INFO: Manager: list: Listing contexts for virtual host 'localhost'
13 Jan, 2012 3:51:14 PM org.apache.catalina.core.ApplicationContext log
INFO: Manager: undeploy: Undeploying web application at '/'
13 Jan, 2012 3:51:14 PM org.apache.catalina.core.ApplicationContext log
INFO: Manager: install: Installing context configuration at 'file:/C:/Users/TTT/AppData/Local/Temp/context27281.xml'
13 Jan, 2012 3:51:14 PM org.apache.catalina.core.ApplicationContext log
INFO: Manager: start: Starting web application at '/'
13 Jan, 2012 3:53:29 PM org.apache.catalina.core.ApplicationContext log
INFO: Manager: list: Listing contexts for virtual host 'localhost'
13 Jan, 2012 3:53:39 PM org.apache.catalina.core.ApplicationContext log
INFO: Manager: list: Listing contexts for virtual host 'localhost'
13 Jan, 2012 3:53:39 PM org.apache.catalina.core.ApplicationContext log
INFO: Manager: list: Listing contexts for virtual host 'localhost'
13 Jan, 2012 3:53:39 PM org.apache.catalina.core.ApplicationContext log
INFO: Manager: undeploy: Undeploying web application at '/'
13 Jan, 2012 3:53:40 PM org.apache.catalina.core.ApplicationContext log
INFO: Manager: install: Installing context configuration at 'file:/C:/Users/TTT/AppData/Local/Temp/context27282.xml'
13 Jan, 2012 3:53:40 PM org.apache.catalina.core.ApplicationContext log
INFO: Manager: start: Starting web application at '/'
13 Jan, 2012 3:54:21 PM org.apache.catalina.core.ApplicationContext log
INFO: Manager: list: Listing contexts for virtual host 'localhost'
13 Jan, 2012 3:54:41 PM org.apache.catalina.core.ApplicationContext log
INFO: Manager: list: Listing contexts for virtual host 'localhost'
13 Jan, 2012 3:54:41 PM org.apache.catalina.core.ApplicationContext log
INFO: Manager: list: Listing contexts for virtual host 'localhost'
13 Jan, 2012 3:54:41 PM org.apache.catalina.core.ApplicationContext log
INFO: Manager: undeploy: Undeploying web application at '/'
13 Jan, 2012 3:54:41 PM org.apache.catalina.core.ApplicationContext log
INFO: Manager: install: Installing context configuration at 'file:/C:/Users/TTT/AppData/Local/Temp/context27283.xml'
13 Jan, 2012 3:54:42 PM org.apache.catalina.core.ApplicationContext log
INFO: Manager: start: Starting web application at '/'
13 Jan, 2012 3:56:17 PM org.apache.catalina.core.ApplicationContext log
INFO: Manager: list: Listing contexts for virtual host 'localhost'
13 Jan, 2012 3:56:50 PM org.apache.catalina.core.ApplicationContext log
INFO: Manager: init: Associated with Deployer 'Catalina:type=Deployer,host=localhost'
13 Jan, 2012 3:56:50 PM org.apache.catalina.core.ApplicationContext log
INFO: Manager: init: Global resources are available
13 Jan, 2012 3:56:50 PM org.apache.catalina.core.ApplicationContext log
INFO: Manager: list: Listing contexts for virtual host 'localhost'
13 Jan, 2012 3:56:50 PM org.apache.catalina.core.ApplicationContext log
INFO: Manager: list: Listing contexts for virtual host 'localhost'
13 Jan, 2012 3:56:50 PM org.apache.catalina.core.ApplicationContext log
INFO: Manager: undeploy: Undeploying web application at '/'
13 Jan, 2012 3:56:50 PM org.apache.catalina.core.ApplicationContext log
INFO: Manager: install: Installing context configuration at 'file:/C:/Users/TTT/AppData/Local/Temp/context27284.xml'
13 Jan, 2012 3:56:51 PM org.apache.catalina.core.ApplicationContext log
INFO: Manager: start: Starting web application at '/'
