2 Feb, 2012 12:04:06 AM org.apache.catalina.core.ApplicationContext log
INFO: Manager: init: Associated with Deployer 'Catalina:type=Deployer,host=localhost'
2 Feb, 2012 12:04:06 AM org.apache.catalina.core.ApplicationContext log
INFO: Manager: init: Global resources are available
2 Feb, 2012 12:04:06 AM org.apache.catalina.core.ApplicationContext log
INFO: Manager: list: Listing contexts for virtual host 'localhost'
2 Feb, 2012 12:04:06 AM org.apache.catalina.core.ApplicationContext log
INFO: Manager: list: Listing contexts for virtual host 'localhost'
2 Feb, 2012 12:04:06 AM org.apache.catalina.core.ApplicationContext log
INFO: Manager: undeploy: Undeploying web application at '/'
2 Feb, 2012 12:04:07 AM org.apache.catalina.core.ApplicationContext log
INFO: Manager: install: Installing context configuration at 'file:/C:/Users/AMALJO~1/AppData/Local/Temp/context4268491474243711515.xml'
2 Feb, 2012 12:04:07 AM org.apache.catalina.core.ApplicationContext log
INFO: Manager: start: Starting web application at '/'
2 Feb, 2012 12:07:14 AM org.apache.catalina.core.ApplicationContext log
INFO: Manager: list: Listing contexts for virtual host 'localhost'
2 Feb, 2012 12:07:42 AM org.apache.catalina.core.ApplicationContext log
INFO: Manager: list: Listing contexts for virtual host 'localhost'
2 Feb, 2012 12:07:42 AM org.apache.catalina.core.ApplicationContext log
INFO: Manager: list: Listing contexts for virtual host 'localhost'
2 Feb, 2012 12:07:43 AM org.apache.catalina.core.ApplicationContext log
INFO: Manager: undeploy: Undeploying web application at '/'
2 Feb, 2012 12:07:43 AM org.apache.catalina.core.ApplicationContext log
INFO: Manager: install: Installing context configuration at 'file:/C:/Users/AMALJO~1/AppData/Local/Temp/context5137774021446116515.xml'
2 Feb, 2012 12:07:43 AM org.apache.catalina.core.ApplicationContext log
INFO: Manager: start: Starting web application at '/'
2 Feb, 2012 12:10:25 AM org.apache.catalina.core.ApplicationContext log
INFO: Manager: list: Listing contexts for virtual host 'localhost'
2 Feb, 2012 12:10:25 AM org.apache.catalina.core.ApplicationContext log
INFO: Manager: list: Listing contexts for virtual host 'localhost'
2 Feb, 2012 12:10:25 AM org.apache.catalina.core.ApplicationContext log
INFO: Manager: undeploy: Undeploying web application at '/'
2 Feb, 2012 12:10:26 AM org.apache.catalina.core.ApplicationContext log
INFO: Manager: install: Installing context configuration at 'file:/C:/Users/AMALJO~1/AppData/Local/Temp/context4714245889836073169.xml'
2 Feb, 2012 12:10:26 AM org.apache.catalina.core.ApplicationContext log
INFO: Manager: start: Starting web application at '/'
