15 Feb, 2012 10:47:34 AM org.apache.catalina.core.ApplicationContext log
INFO: Manager: init: Associated with Deployer 'Catalina:type=Deployer,host=localhost'
15 Feb, 2012 10:47:34 AM org.apache.catalina.core.ApplicationContext log
INFO: Manager: init: Global resources are available
15 Feb, 2012 10:47:34 AM org.apache.catalina.core.ApplicationContext log
INFO: Manager: list: Listing contexts for virtual host 'localhost'
15 Feb, 2012 10:47:34 AM org.apache.catalina.core.ApplicationContext log
INFO: Manager: list: Listing contexts for virtual host 'localhost'
15 Feb, 2012 10:47:34 AM org.apache.catalina.core.ApplicationContext log
INFO: Manager: undeploy: Undeploying web application at '/'
15 Feb, 2012 10:47:35 AM org.apache.catalina.core.ApplicationContext log
INFO: Manager: install: Installing context configuration at 'file:/C:/Users/AMALJO~1/AppData/Local/Temp/context1971605295167783440.xml'
15 Feb, 2012 10:47:35 AM org.apache.catalina.core.ApplicationContext log
INFO: Manager: start: Starting web application at '/'
15 Feb, 2012 10:47:37 AM org.apache.catalina.core.ApplicationContext log
INFO: Manager: list: Listing contexts for virtual host 'localhost'
15 Feb, 2012 10:47:38 AM org.apache.catalina.core.ApplicationContext log
INFO: Manager: list: Listing contexts for virtual host 'localhost'
15 Feb, 2012 10:54:03 AM org.apache.catalina.core.ApplicationContext log
INFO: Manager: list: Listing contexts for virtual host 'localhost'
15 Feb, 2012 10:54:05 AM org.apache.catalina.core.ApplicationContext log
INFO: Manager: list: Listing contexts for virtual host 'localhost'
15 Feb, 2012 10:54:25 AM org.apache.catalina.core.ApplicationContext log
INFO: Manager: list: Listing contexts for virtual host 'localhost'
15 Feb, 2012 10:54:25 AM org.apache.catalina.core.ApplicationContext log
INFO: Manager: list: Listing contexts for virtual host 'localhost'
15 Feb, 2012 10:54:25 AM org.apache.catalina.core.ApplicationContext log
INFO: Manager: undeploy: Undeploying web application at '/'
15 Feb, 2012 10:54:25 AM org.apache.catalina.core.ApplicationContext log
INFO: Manager: install: Installing context configuration at 'file:/C:/Users/AMALJO~1/AppData/Local/Temp/context1955311475473925616.xml'
15 Feb, 2012 10:54:26 AM org.apache.catalina.core.ApplicationContext log
INFO: Manager: start: Starting web application at '/'
15 Feb, 2012 10:55:59 AM org.apache.catalina.core.ApplicationContext log
INFO: Manager: list: Listing contexts for virtual host 'localhost'
15 Feb, 2012 12:30:52 PM org.apache.catalina.core.ApplicationContext log
INFO: Manager: list: Listing contexts for virtual host 'localhost'
15 Feb, 2012 12:33:18 PM org.apache.catalina.core.ApplicationContext log
INFO: Manager: list: Listing contexts for virtual host 'localhost'
15 Feb, 2012 12:34:09 PM org.apache.catalina.core.ApplicationContext log
INFO: Manager: list: Listing contexts for virtual host 'localhost'
15 Feb, 2012 12:35:57 PM org.apache.catalina.core.ApplicationContext log
INFO: Manager: list: Listing contexts for virtual host 'localhost'
15 Feb, 2012 12:35:59 PM org.apache.catalina.core.ApplicationContext log
INFO: Manager: list: Listing contexts for virtual host 'localhost'
15 Feb, 2012 12:36:16 PM org.apache.catalina.core.ApplicationContext log
INFO: Manager: list: Listing contexts for virtual host 'localhost'
15 Feb, 2012 12:36:58 PM org.apache.catalina.core.ApplicationContext log
INFO: Manager: list: Listing contexts for virtual host 'localhost'
15 Feb, 2012 12:37:18 PM org.apache.catalina.core.ApplicationContext log
INFO: Manager: list: Listing contexts for virtual host 'localhost'
15 Feb, 2012 12:38:01 PM org.apache.catalina.core.ApplicationContext log
INFO: Manager: list: Listing contexts for virtual host 'localhost'
15 Feb, 2012 12:38:02 PM org.apache.catalina.core.ApplicationContext log
INFO: Manager: list: Listing contexts for virtual host 'localhost'
15 Feb, 2012 12:38:02 PM org.apache.catalina.core.ApplicationContext log
INFO: Manager: undeploy: Undeploying web application at '/'
15 Feb, 2012 12:38:02 PM org.apache.catalina.core.ApplicationContext log
INFO: Manager: install: Installing context configuration at 'file:/C:/Users/AMALJO~1/AppData/Local/Temp/context8339148238517609637.xml'
15 Feb, 2012 12:38:02 PM org.apache.catalina.core.ApplicationContext log
INFO: Manager: start: Starting web application at '/'
15 Feb, 2012 12:39:00 PM org.apache.catalina.core.ApplicationContext log
INFO: Manager: list: Listing contexts for virtual host 'localhost'
15 Feb, 2012 6:43:31 PM org.apache.catalina.core.ApplicationContext log
INFO: Manager: init: Associated with Deployer 'Catalina:type=Deployer,host=localhost'
15 Feb, 2012 6:43:31 PM org.apache.catalina.core.ApplicationContext log
INFO: Manager: init: Global resources are available
15 Feb, 2012 6:43:31 PM org.apache.catalina.core.ApplicationContext log
INFO: Manager: list: Listing contexts for virtual host 'localhost'
15 Feb, 2012 6:43:31 PM org.apache.catalina.core.ApplicationContext log
INFO: Manager: list: Listing contexts for virtual host 'localhost'
15 Feb, 2012 6:43:31 PM org.apache.catalina.core.ApplicationContext log
INFO: Manager: undeploy: Undeploying web application at '/'
15 Feb, 2012 6:43:32 PM org.apache.catalina.core.ApplicationContext log
INFO: Manager: install: Installing context configuration at 'file:/C:/Users/AMALJO~1/AppData/Local/Temp/context8589487756120243300.xml'
15 Feb, 2012 6:43:32 PM org.apache.catalina.core.ApplicationContext log
INFO: Manager: start: Starting web application at '/'
15 Feb, 2012 6:49:05 PM org.apache.catalina.core.ApplicationContext log
INFO: Manager: list: Listing contexts for virtual host 'localhost'
15 Feb, 2012 6:53:46 PM org.apache.catalina.core.ApplicationContext log
INFO: Manager: init: Associated with Deployer 'Catalina:type=Deployer,host=localhost'
15 Feb, 2012 6:53:46 PM org.apache.catalina.core.ApplicationContext log
INFO: Manager: init: Global resources are available
15 Feb, 2012 6:53:46 PM org.apache.catalina.core.ApplicationContext log
INFO: Manager: list: Listing contexts for virtual host 'localhost'
15 Feb, 2012 6:53:46 PM org.apache.catalina.core.ApplicationContext log
INFO: Manager: list: Listing contexts for virtual host 'localhost'
15 Feb, 2012 6:53:46 PM org.apache.catalina.core.ApplicationContext log
INFO: Manager: undeploy: Undeploying web application at '/'
15 Feb, 2012 6:53:46 PM org.apache.catalina.core.ApplicationContext log
INFO: Manager: install: Installing context configuration at 'file:/C:/Users/AMALJO~1/AppData/Local/Temp/context6773317053704483045.xml'
15 Feb, 2012 6:53:46 PM org.apache.catalina.core.ApplicationContext log
INFO: Manager: start: Starting web application at '/'
15 Feb, 2012 9:08:18 PM org.apache.catalina.core.ApplicationContext log
INFO: Manager: init: Associated with Deployer 'Catalina:type=Deployer,host=localhost'
15 Feb, 2012 9:08:18 PM org.apache.catalina.core.ApplicationContext log
INFO: Manager: init: Global resources are available
15 Feb, 2012 9:08:18 PM org.apache.catalina.core.ApplicationContext log
INFO: Manager: list: Listing contexts for virtual host 'localhost'
15 Feb, 2012 9:08:18 PM org.apache.catalina.core.ApplicationContext log
INFO: Manager: list: Listing contexts for virtual host 'localhost'
15 Feb, 2012 9:08:18 PM org.apache.catalina.core.ApplicationContext log
INFO: Manager: undeploy: Undeploying web application at '/'
15 Feb, 2012 9:08:19 PM org.apache.catalina.core.ApplicationContext log
INFO: Manager: install: Installing context configuration at 'file:/C:/Users/TTT/AppData/Local/Temp/context24777.xml'
15 Feb, 2012 9:08:19 PM org.apache.catalina.core.ApplicationContext log
INFO: Manager: start: Starting web application at '/'
15 Feb, 2012 9:09:28 PM org.apache.catalina.core.ApplicationContext log
INFO: Manager: list: Listing contexts for virtual host 'localhost'
15 Feb, 2012 9:10:38 PM org.apache.catalina.core.ApplicationContext log
INFO: Manager: list: Listing contexts for virtual host 'localhost'
15 Feb, 2012 9:11:22 PM org.apache.catalina.core.ApplicationContext log
INFO: Manager: list: Listing contexts for virtual host 'localhost'
15 Feb, 2012 9:14:12 PM org.apache.catalina.core.ApplicationContext log
INFO: Manager: list: Listing contexts for virtual host 'localhost'
15 Feb, 2012 9:14:28 PM org.apache.catalina.core.ApplicationContext log
INFO: Manager: list: Listing contexts for virtual host 'localhost'
15 Feb, 2012 9:14:28 PM org.apache.catalina.core.ApplicationContext log
INFO: Manager: list: Listing contexts for virtual host 'localhost'
15 Feb, 2012 9:14:28 PM org.apache.catalina.core.ApplicationContext log
INFO: Manager: undeploy: Undeploying web application at '/'
15 Feb, 2012 9:14:29 PM org.apache.catalina.core.ApplicationContext log
INFO: Manager: install: Installing context configuration at 'file:/C:/Users/TTT/AppData/Local/Temp/context24778.xml'
15 Feb, 2012 9:14:30 PM org.apache.catalina.core.ApplicationContext log
INFO: Manager: start: Starting web application at '/'
15 Feb, 2012 9:14:59 PM org.apache.catalina.core.ApplicationContext log
INFO: Manager: list: Listing contexts for virtual host 'localhost'
15 Feb, 2012 9:16:35 PM org.apache.catalina.core.ApplicationContext log
INFO: Manager: list: Listing contexts for virtual host 'localhost'
15 Feb, 2012 9:16:56 PM org.apache.catalina.core.ApplicationContext log
INFO: Manager: list: Listing contexts for virtual host 'localhost'
15 Feb, 2012 9:16:56 PM org.apache.catalina.core.ApplicationContext log
INFO: Manager: list: Listing contexts for virtual host 'localhost'
15 Feb, 2012 9:16:56 PM org.apache.catalina.core.ApplicationContext log
INFO: Manager: undeploy: Undeploying web application at '/'
15 Feb, 2012 9:16:57 PM org.apache.catalina.core.ApplicationContext log
INFO: Manager: install: Installing context configuration at 'file:/C:/Users/TTT/AppData/Local/Temp/context24779.xml'
15 Feb, 2012 9:16:57 PM org.apache.catalina.core.ApplicationContext log
INFO: Manager: start: Starting web application at '/'
15 Feb, 2012 9:17:49 PM org.apache.catalina.core.ApplicationContext log
INFO: Manager: list: Listing contexts for virtual host 'localhost'
15 Feb, 2012 9:17:58 PM org.apache.catalina.core.ApplicationContext log
INFO: Manager: list: Listing contexts for virtual host 'localhost'
15 Feb, 2012 9:17:58 PM org.apache.catalina.core.ApplicationContext log
INFO: Manager: list: Listing contexts for virtual host 'localhost'
15 Feb, 2012 9:17:58 PM org.apache.catalina.core.ApplicationContext log
INFO: Manager: undeploy: Undeploying web application at '/'
15 Feb, 2012 9:17:58 PM org.apache.catalina.core.ApplicationContext log
INFO: Manager: install: Installing context configuration at 'file:/C:/Users/TTT/AppData/Local/Temp/context24780.xml'
15 Feb, 2012 9:17:58 PM org.apache.catalina.core.ApplicationContext log
INFO: Manager: start: Starting web application at '/'
15 Feb, 2012 9:43:34 PM org.apache.catalina.core.ApplicationContext log
INFO: Manager: list: Listing contexts for virtual host 'localhost'
