Feb 23, 2012 12:01:31 AM org.apache.catalina.core.ApplicationContext log
INFO: Manager: list: Listing contexts for virtual host 'localhost'
Feb 23, 2012 12:03:11 AM org.apache.catalina.core.ApplicationContext log
INFO: Manager: list: Listing contexts for virtual host 'localhost'
Feb 23, 2012 12:03:11 AM org.apache.catalina.core.ApplicationContext log
INFO: Manager: restart: Reloading web application at '/'
Feb 23, 2012 12:03:20 AM org.apache.catalina.core.ApplicationContext log
INFO: Manager: list: Listing contexts for virtual host 'localhost'
Feb 23, 2012 12:05:54 AM org.apache.catalina.core.ApplicationContext log
INFO: Manager: list: Listing contexts for virtual host 'localhost'
Feb 23, 2012 12:18:17 AM org.apache.catalina.core.ApplicationContext log
INFO: Manager: list: Listing contexts for virtual host 'localhost'
Feb 23, 2012 12:18:17 AM org.apache.catalina.core.ApplicationContext log
INFO: Manager: list: Listing contexts for virtual host 'localhost'
Feb 23, 2012 12:18:18 AM org.apache.catalina.core.ApplicationContext log
INFO: Manager: list: Listing contexts for virtual host 'localhost'
Feb 23, 2012 12:18:18 AM org.apache.catalina.core.ApplicationContext log
INFO: Manager: list: Listing contexts for virtual host 'localhost'
Feb 23, 2012 12:18:52 AM org.apache.catalina.core.ApplicationContext log
INFO: Manager: list: Listing contexts for virtual host 'localhost'
Feb 23, 2012 12:19:17 AM org.apache.catalina.core.ApplicationContext log
INFO: Manager: list: Listing contexts for virtual host 'localhost'
Feb 23, 2012 12:19:18 AM org.apache.catalina.core.ApplicationContext log
INFO: Manager: list: Listing contexts for virtual host 'localhost'
Feb 23, 2012 12:19:29 AM org.apache.catalina.core.ApplicationContext log
INFO: Manager: list: Listing contexts for virtual host 'localhost'
Feb 23, 2012 12:19:29 AM org.apache.catalina.core.ApplicationContext log
INFO: Manager: restart: Reloading web application at '/'
Feb 23, 2012 12:19:56 AM org.apache.catalina.core.ApplicationContext log
INFO: Manager: list: Listing contexts for virtual host 'localhost'
Feb 23, 2012 12:20:36 AM org.apache.catalina.core.ApplicationContext log
INFO: Manager: list: Listing contexts for virtual host 'localhost'
Feb 23, 2012 12:21:00 AM org.apache.catalina.core.ApplicationContext log
INFO: Manager: list: Listing contexts for virtual host 'localhost'
Feb 23, 2012 12:21:36 AM org.apache.catalina.core.ApplicationContext log
INFO: Manager: list: Listing contexts for virtual host 'localhost'
Feb 23, 2012 12:21:48 AM org.apache.catalina.core.ApplicationContext log
INFO: Manager: list: Listing contexts for virtual host 'localhost'
Feb 23, 2012 12:21:48 AM org.apache.catalina.core.ApplicationContext log
INFO: Manager: list: Listing contexts for virtual host 'localhost'
Feb 23, 2012 12:21:48 AM org.apache.catalina.core.ApplicationContext log
INFO: Manager: list: Listing contexts for virtual host 'localhost'
Feb 23, 2012 12:21:48 AM org.apache.catalina.core.ApplicationContext log
INFO: Manager: list: Listing contexts for virtual host 'localhost'
Feb 23, 2012 12:21:49 AM org.apache.catalina.core.ApplicationContext log
INFO: Manager: list: Listing contexts for virtual host 'localhost'
Feb 23, 2012 12:21:49 AM org.apache.catalina.core.ApplicationContext log
INFO: Manager: list: Listing contexts for virtual host 'localhost'
Feb 23, 2012 12:21:49 AM org.apache.catalina.core.ApplicationContext log
INFO: Manager: list: Listing contexts for virtual host 'localhost'
Feb 23, 2012 12:21:49 AM org.apache.catalina.core.ApplicationContext log
INFO: Manager: list: Listing contexts for virtual host 'localhost'
Feb 23, 2012 12:21:49 AM org.apache.catalina.core.ApplicationContext log
INFO: Manager: list: Listing contexts for virtual host 'localhost'
Feb 23, 2012 12:21:49 AM org.apache.catalina.core.ApplicationContext log
INFO: Manager: list: Listing contexts for virtual host 'localhost'
Feb 23, 2012 12:21:49 AM org.apache.catalina.core.ApplicationContext log
INFO: Manager: list: Listing contexts for virtual host 'localhost'
Feb 23, 2012 12:21:50 AM org.apache.catalina.core.ApplicationContext log
INFO: Manager: list: Listing contexts for virtual host 'localhost'
Feb 23, 2012 12:21:57 AM org.apache.catalina.core.ApplicationContext log
INFO: Manager: list: Listing contexts for virtual host 'localhost'
Feb 23, 2012 12:35:55 AM org.apache.catalina.core.ApplicationContext log
INFO: Manager: list: Listing contexts for virtual host 'localhost'
Feb 23, 2012 12:35:55 AM org.apache.catalina.core.ApplicationContext log
INFO: Manager: list: Listing contexts for virtual host 'localhost'
Feb 23, 2012 12:35:55 AM org.apache.catalina.core.ApplicationContext log
INFO: Manager: undeploy: Undeploying web application at '/'
Feb 23, 2012 12:35:56 AM org.apache.catalina.core.ApplicationContext log
INFO: Manager: install: Installing context configuration at 'file:/tmp/context2698571389264407067.xml'
Feb 23, 2012 12:35:56 AM org.apache.catalina.core.ApplicationContext log
INFO: Manager: start: Starting web application at '/'
Feb 23, 2012 12:39:30 AM org.apache.catalina.core.ApplicationContext log
INFO: Manager: list: Listing contexts for virtual host 'localhost'
Feb 23, 2012 12:42:31 AM org.apache.catalina.core.ApplicationContext log
INFO: Manager: list: Listing contexts for virtual host 'localhost'
Feb 23, 2012 12:42:52 AM org.apache.catalina.core.ApplicationContext log
INFO: Manager: list: Listing contexts for virtual host 'localhost'
Feb 23, 2012 12:43:07 AM org.apache.catalina.core.ApplicationContext log
INFO: Manager: list: Listing contexts for virtual host 'localhost'
Feb 23, 2012 12:43:19 AM org.apache.catalina.core.ApplicationContext log
INFO: Manager: list: Listing contexts for virtual host 'localhost'
Feb 23, 2012 12:45:50 AM org.apache.catalina.core.ApplicationContext log
INFO: Manager: list: Listing contexts for virtual host 'localhost'
23 Feb, 2012 1:32:16 AM org.apache.catalina.core.ApplicationContext log
INFO: Manager: init: Associated with Deployer 'Catalina:type=Deployer,host=localhost'
23 Feb, 2012 1:32:16 AM org.apache.catalina.core.ApplicationContext log
INFO: Manager: init: Global resources are available
23 Feb, 2012 1:32:16 AM org.apache.catalina.core.ApplicationContext log
INFO: Manager: list: Listing contexts for virtual host 'localhost'
23 Feb, 2012 1:32:28 AM org.apache.catalina.core.ApplicationContext log
INFO: Manager: list: Listing contexts for virtual host 'localhost'
23 Feb, 2012 1:32:28 AM org.apache.catalina.core.ApplicationContext log
INFO: Manager: list: Listing contexts for virtual host 'localhost'
23 Feb, 2012 1:32:28 AM org.apache.catalina.core.ApplicationContext log
INFO: Manager: undeploy: Undeploying web application at '/'
23 Feb, 2012 1:32:28 AM org.apache.catalina.core.ApplicationContext log
INFO: Manager: install: Installing context configuration at 'file:/C:/Users/AMALJO~1/AppData/Local/Temp/context5173138867324295534.xml'
23 Feb, 2012 1:32:29 AM org.apache.catalina.core.ApplicationContext log
INFO: Manager: start: Starting web application at '/'
23 Feb, 2012 1:42:21 AM org.apache.catalina.core.ApplicationContext log
INFO: Manager: init: Associated with Deployer 'Catalina:type=Deployer,host=localhost'
23 Feb, 2012 1:42:21 AM org.apache.catalina.core.ApplicationContext log
INFO: Manager: init: Global resources are available
23 Feb, 2012 1:42:21 AM org.apache.catalina.core.ApplicationContext log
INFO: Manager: list: Listing contexts for virtual host 'localhost'
23 Feb, 2012 1:42:21 AM org.apache.catalina.core.ApplicationContext log
INFO: Manager: list: Listing contexts for virtual host 'localhost'
23 Feb, 2012 1:42:21 AM org.apache.catalina.core.ApplicationContext log
INFO: Manager: undeploy: Undeploying web application at '/'
23 Feb, 2012 1:42:22 AM org.apache.catalina.core.ApplicationContext log
INFO: Manager: install: Installing context configuration at 'file:/C:/Users/AMALJO~1/AppData/Local/Temp/context8934459442874280886.xml'
23 Feb, 2012 1:42:22 AM org.apache.catalina.core.ApplicationContext log
INFO: Manager: start: Starting web application at '/'
23 Feb, 2012 2:23:19 AM org.apache.catalina.core.ApplicationContext log
INFO: Manager: init: Associated with Deployer 'Catalina:type=Deployer,host=localhost'
23 Feb, 2012 2:23:19 AM org.apache.catalina.core.ApplicationContext log
INFO: Manager: init: Global resources are available
23 Feb, 2012 2:23:19 AM org.apache.catalina.core.ApplicationContext log
INFO: Manager: list: Listing contexts for virtual host 'localhost'
23 Feb, 2012 2:23:19 AM org.apache.catalina.core.ApplicationContext log
INFO: Manager: list: Listing contexts for virtual host 'localhost'
23 Feb, 2012 2:23:19 AM org.apache.catalina.core.ApplicationContext log
INFO: Manager: undeploy: Undeploying web application at '/'
23 Feb, 2012 2:23:20 AM org.apache.catalina.core.ApplicationContext log
INFO: Manager: install: Installing context configuration at 'file:/C:/Users/AMALJO~1/AppData/Local/Temp/context8756413598978832925.xml'
23 Feb, 2012 2:23:20 AM org.apache.catalina.core.ApplicationContext log
INFO: Manager: start: Starting web application at '/'
23 Feb, 2012 2:28:44 AM org.apache.catalina.core.ApplicationContext log
INFO: Manager: init: Associated with Deployer 'Catalina:type=Deployer,host=localhost'
23 Feb, 2012 2:28:44 AM org.apache.catalina.core.ApplicationContext log
INFO: Manager: init: Global resources are available
23 Feb, 2012 2:28:44 AM org.apache.catalina.core.ApplicationContext log
INFO: Manager: list: Listing contexts for virtual host 'localhost'
23 Feb, 2012 2:28:44 AM org.apache.catalina.core.ApplicationContext log
INFO: Manager: list: Listing contexts for virtual host 'localhost'
23 Feb, 2012 2:28:44 AM org.apache.catalina.core.ApplicationContext log
INFO: Manager: undeploy: Undeploying web application at '/'
23 Feb, 2012 2:28:45 AM org.apache.catalina.core.ApplicationContext log
INFO: Manager: install: Installing context configuration at 'file:/C:/Users/AMALJO~1/AppData/Local/Temp/context5371109298402597614.xml'
23 Feb, 2012 2:28:45 AM org.apache.catalina.core.ApplicationContext log
INFO: Manager: start: Starting web application at '/'
23 Feb, 2012 2:34:49 AM org.apache.catalina.core.ApplicationContext log
INFO: Manager: list: Listing contexts for virtual host 'localhost'
23 Feb, 2012 2:35:09 AM org.apache.catalina.core.ApplicationContext log
INFO: Manager: list: Listing contexts for virtual host 'localhost'
23 Feb, 2012 2:35:13 AM org.apache.catalina.core.ApplicationContext log
INFO: Manager: list: Listing contexts for virtual host 'localhost'
23 Feb, 2012 2:35:13 AM org.apache.catalina.core.ApplicationContext log
INFO: Manager: list: Listing contexts for virtual host 'localhost'
23 Feb, 2012 2:35:13 AM org.apache.catalina.core.ApplicationContext log
INFO: Manager: undeploy: Undeploying web application at '/'
23 Feb, 2012 2:35:14 AM org.apache.catalina.core.ApplicationContext log
INFO: Manager: install: Installing context configuration at 'file:/C:/Users/AMALJO~1/AppData/Local/Temp/context4663548287161860996.xml'
23 Feb, 2012 2:35:14 AM org.apache.catalina.core.ApplicationContext log
INFO: Manager: start: Starting web application at '/'
23 Feb, 2012 2:41:31 AM org.apache.catalina.core.ApplicationContext log
INFO: Manager: init: Associated with Deployer 'Catalina:type=Deployer,host=localhost'
23 Feb, 2012 2:41:31 AM org.apache.catalina.core.ApplicationContext log
INFO: Manager: init: Global resources are available
23 Feb, 2012 2:41:31 AM org.apache.catalina.core.ApplicationContext log
INFO: Manager: list: Listing contexts for virtual host 'localhost'
23 Feb, 2012 2:41:31 AM org.apache.catalina.core.ApplicationContext log
INFO: Manager: list: Listing contexts for virtual host 'localhost'
23 Feb, 2012 2:41:31 AM org.apache.catalina.core.ApplicationContext log
INFO: Manager: undeploy: Undeploying web application at '/'
23 Feb, 2012 2:41:32 AM org.apache.catalina.core.ApplicationContext log
INFO: Manager: install: Installing context configuration at 'file:/C:/Users/AMALJO~1/AppData/Local/Temp/context850847102290231940.xml'
23 Feb, 2012 2:41:32 AM org.apache.catalina.core.ApplicationContext log
INFO: Manager: start: Starting web application at '/'
23 Feb, 2012 2:43:28 AM org.apache.catalina.core.ApplicationContext log
INFO: Manager: list: Listing contexts for virtual host 'localhost'
23 Feb, 2012 2:43:28 AM org.apache.catalina.core.ApplicationContext log
INFO: Manager: list: Listing contexts for virtual host 'localhost'
23 Feb, 2012 2:43:28 AM org.apache.catalina.core.ApplicationContext log
INFO: Manager: undeploy: Undeploying web application at '/'
23 Feb, 2012 2:43:29 AM org.apache.catalina.core.ApplicationContext log
INFO: Manager: install: Installing context configuration at 'file:/C:/Users/AMALJO~1/AppData/Local/Temp/context6296991751657050629.xml'
23 Feb, 2012 2:43:29 AM org.apache.catalina.core.ApplicationContext log
INFO: Manager: start: Starting web application at '/'
23 Feb, 2012 7:52:06 AM org.apache.catalina.core.ApplicationContext log
INFO: Manager: init: Associated with Deployer 'Catalina:type=Deployer,host=localhost'
23 Feb, 2012 7:52:06 AM org.apache.catalina.core.ApplicationContext log
INFO: Manager: init: Global resources are available
23 Feb, 2012 7:52:06 AM org.apache.catalina.core.ApplicationContext log
INFO: Manager: list: Listing contexts for virtual host 'localhost'
23 Feb, 2012 7:52:06 AM org.apache.catalina.core.ApplicationContext log
INFO: Manager: list: Listing contexts for virtual host 'localhost'
23 Feb, 2012 7:52:06 AM org.apache.catalina.core.ApplicationContext log
INFO: Manager: undeploy: Undeploying web application at '/'
23 Feb, 2012 7:52:07 AM org.apache.catalina.core.ApplicationContext log
INFO: Manager: install: Installing context configuration at 'file:/C:/Users/AMALJO~1/AppData/Local/Temp/context2796449490775813856.xml'
23 Feb, 2012 7:52:07 AM org.apache.catalina.core.ApplicationContext log
INFO: Manager: start: Starting web application at '/'
23 Feb, 2012 7:59:04 AM org.apache.catalina.core.ApplicationContext log
INFO: Manager: init: Associated with Deployer 'Catalina:type=Deployer,host=localhost'
23 Feb, 2012 7:59:04 AM org.apache.catalina.core.ApplicationContext log
INFO: Manager: init: Global resources are available
23 Feb, 2012 7:59:04 AM org.apache.catalina.core.ApplicationContext log
INFO: Manager: list: Listing contexts for virtual host 'localhost'
23 Feb, 2012 7:59:04 AM org.apache.catalina.core.ApplicationContext log
INFO: Manager: list: Listing contexts for virtual host 'localhost'
23 Feb, 2012 7:59:04 AM org.apache.catalina.core.ApplicationContext log
INFO: Manager: undeploy: Undeploying web application at '/'
23 Feb, 2012 7:59:05 AM org.apache.catalina.core.ApplicationContext log
INFO: Manager: install: Installing context configuration at 'file:/C:/Users/AMALJO~1/AppData/Local/Temp/context7400765143412207980.xml'
23 Feb, 2012 7:59:05 AM org.apache.catalina.core.ApplicationContext log
INFO: Manager: start: Starting web application at '/'
23 Feb, 2012 9:16:02 AM org.apache.catalina.core.ApplicationContext log
INFO: Manager: init: Associated with Deployer 'Catalina:type=Deployer,host=localhost'
23 Feb, 2012 9:16:02 AM org.apache.catalina.core.ApplicationContext log
INFO: Manager: init: Global resources are available
23 Feb, 2012 9:16:02 AM org.apache.catalina.core.ApplicationContext log
INFO: Manager: list: Listing contexts for virtual host 'localhost'
23 Feb, 2012 9:16:02 AM org.apache.catalina.core.ApplicationContext log
INFO: Manager: list: Listing contexts for virtual host 'localhost'
23 Feb, 2012 9:16:02 AM org.apache.catalina.core.ApplicationContext log
INFO: Manager: undeploy: Undeploying web application at '/'
23 Feb, 2012 9:16:03 AM org.apache.catalina.core.ApplicationContext log
INFO: Manager: install: Installing context configuration at 'file:/C:/Users/AMALJO~1/AppData/Local/Temp/context2783204911368993660.xml'
23 Feb, 2012 9:16:03 AM org.apache.catalina.core.ApplicationContext log
INFO: Manager: start: Starting web application at '/'
23 Feb, 2012 9:25:02 AM org.apache.catalina.core.ApplicationContext log
INFO: Manager: list: Listing contexts for virtual host 'localhost'
23 Feb, 2012 9:25:15 AM org.apache.catalina.core.ApplicationContext log
INFO: Manager: list: Listing contexts for virtual host 'localhost'
23 Feb, 2012 9:25:15 AM org.apache.catalina.core.ApplicationContext log
INFO: Manager: list: Listing contexts for virtual host 'localhost'
23 Feb, 2012 9:25:15 AM org.apache.catalina.core.ApplicationContext log
INFO: Manager: undeploy: Undeploying web application at '/'
23 Feb, 2012 9:25:16 AM org.apache.catalina.core.ApplicationContext log
INFO: Manager: install: Installing context configuration at 'file:/C:/Users/AMALJO~1/AppData/Local/Temp/context4326149524228031837.xml'
23 Feb, 2012 9:25:16 AM org.apache.catalina.core.ApplicationContext log
INFO: Manager: start: Starting web application at '/'
23 Feb, 2012 9:38:36 AM org.apache.catalina.core.ApplicationContext log
INFO: Manager: list: Listing contexts for virtual host 'localhost'
23 Feb, 2012 9:39:00 AM org.apache.catalina.core.ApplicationContext log
INFO: Manager: list: Listing contexts for virtual host 'localhost'
23 Feb, 2012 9:39:07 AM org.apache.catalina.core.ApplicationContext log
INFO: Manager: list: Listing contexts for virtual host 'localhost'
23 Feb, 2012 9:39:07 AM org.apache.catalina.core.ApplicationContext log
INFO: Manager: list: Listing contexts for virtual host 'localhost'
23 Feb, 2012 9:39:07 AM org.apache.catalina.core.ApplicationContext log
INFO: Manager: undeploy: Undeploying web application at '/'
23 Feb, 2012 9:39:08 AM org.apache.catalina.core.ApplicationContext log
INFO: Manager: install: Installing context configuration at 'file:/C:/Users/AMALJO~1/AppData/Local/Temp/context1525837389001657552.xml'
23 Feb, 2012 9:39:08 AM org.apache.catalina.core.ApplicationContext log
INFO: Manager: start: Starting web application at '/'
23 Feb, 2012 9:47:25 AM org.apache.catalina.core.ApplicationContext log
INFO: Manager: list: Listing contexts for virtual host 'localhost'
23 Feb, 2012 9:53:46 AM org.apache.catalina.core.ApplicationContext log
INFO: Manager: list: Listing contexts for virtual host 'localhost'
23 Feb, 2012 9:54:26 AM org.apache.catalina.core.ApplicationContext log
INFO: Manager: list: Listing contexts for virtual host 'localhost'
23 Feb, 2012 9:54:50 AM org.apache.catalina.core.ApplicationContext log
INFO: Manager: init: Associated with Deployer 'Catalina:type=Deployer,host=localhost'
23 Feb, 2012 9:54:50 AM org.apache.catalina.core.ApplicationContext log
INFO: Manager: init: Global resources are available
23 Feb, 2012 9:54:50 AM org.apache.catalina.core.ApplicationContext log
INFO: Manager: list: Listing contexts for virtual host 'localhost'
23 Feb, 2012 9:54:50 AM org.apache.catalina.core.ApplicationContext log
INFO: Manager: list: Listing contexts for virtual host 'localhost'
23 Feb, 2012 9:54:50 AM org.apache.catalina.core.ApplicationContext log
INFO: Manager: undeploy: Undeploying web application at '/'
23 Feb, 2012 9:54:51 AM org.apache.catalina.core.ApplicationContext log
INFO: Manager: install: Installing context configuration at 'file:/C:/Users/AMALJO~1/AppData/Local/Temp/context6771645649811522238.xml'
23 Feb, 2012 9:54:51 AM org.apache.catalina.core.ApplicationContext log
INFO: Manager: start: Starting web application at '/'
23 Feb, 2012 9:54:55 AM org.apache.catalina.core.ApplicationContext log
INFO: Manager: list: Listing contexts for virtual host 'localhost'
23 Feb, 2012 9:54:55 AM org.apache.catalina.core.ApplicationContext log
INFO: Manager: list: Listing contexts for virtual host 'localhost'
23 Feb, 2012 9:54:55 AM org.apache.catalina.core.ApplicationContext log
INFO: Manager: undeploy: Undeploying web application at '/'
23 Feb, 2012 9:54:55 AM org.apache.catalina.core.ApplicationContext log
INFO: Manager: install: Installing context configuration at 'file:/C:/Users/AMALJO~1/AppData/Local/Temp/context2474728198329961974.xml'
23 Feb, 2012 9:54:56 AM org.apache.catalina.core.ApplicationContext log
INFO: Manager: start: Starting web application at '/'
23 Feb, 2012 9:55:19 AM org.apache.catalina.core.ApplicationContext log
INFO: Manager: list: Listing contexts for virtual host 'localhost'
23 Feb, 2012 9:55:42 AM org.apache.catalina.core.ApplicationContext log
INFO: Manager: list: Listing contexts for virtual host 'localhost'
23 Feb, 2012 9:55:49 AM org.apache.catalina.core.ApplicationContext log
INFO: Manager: list: Listing contexts for virtual host 'localhost'
23 Feb, 2012 9:55:49 AM org.apache.catalina.core.ApplicationContext log
INFO: Manager: list: Listing contexts for virtual host 'localhost'
23 Feb, 2012 9:55:49 AM org.apache.catalina.core.ApplicationContext log
INFO: Manager: undeploy: Undeploying web application at '/'
23 Feb, 2012 9:55:49 AM org.apache.catalina.core.ApplicationContext log
INFO: Manager: install: Installing context configuration at 'file:/C:/Users/AMALJO~1/AppData/Local/Temp/context2445314724609439241.xml'
23 Feb, 2012 9:55:51 AM org.apache.catalina.core.ApplicationContext log
INFO: Manager: start: Starting web application at '/'
23 Feb, 2012 11:08:44 AM org.apache.catalina.core.ApplicationContext log
INFO: Manager: init: Associated with Deployer 'Catalina:type=Deployer,host=localhost'
23 Feb, 2012 11:08:44 AM org.apache.catalina.core.ApplicationContext log
INFO: Manager: init: Global resources are available
23 Feb, 2012 11:08:44 AM org.apache.catalina.core.ApplicationContext log
INFO: Manager: list: Listing contexts for virtual host 'localhost'
23 Feb, 2012 11:08:44 AM org.apache.catalina.core.ApplicationContext log
INFO: Manager: list: Listing contexts for virtual host 'localhost'
23 Feb, 2012 11:08:44 AM org.apache.catalina.core.ApplicationContext log
INFO: Manager: undeploy: Undeploying web application at '/'
23 Feb, 2012 11:08:45 AM org.apache.catalina.core.ApplicationContext log
INFO: Manager: install: Installing context configuration at 'file:/C:/Users/AMALJO~1/AppData/Local/Temp/context100663669189579724.xml'
23 Feb, 2012 11:08:45 AM org.apache.catalina.core.ApplicationContext log
INFO: Manager: start: Starting web application at '/'
23 Feb, 2012 11:13:01 AM org.apache.catalina.core.ApplicationContext log
INFO: Manager: list: Listing contexts for virtual host 'localhost'
23 Feb, 2012 11:13:05 AM org.apache.catalina.core.ApplicationContext log
INFO: Manager: list: Listing contexts for virtual host 'localhost'
23 Feb, 2012 11:13:05 AM org.apache.catalina.core.ApplicationContext log
INFO: Manager: list: Listing contexts for virtual host 'localhost'
23 Feb, 2012 11:13:05 AM org.apache.catalina.core.ApplicationContext log
INFO: Manager: undeploy: Undeploying web application at '/'
23 Feb, 2012 11:13:06 AM org.apache.catalina.core.ApplicationContext log
INFO: Manager: install: Installing context configuration at 'file:/C:/Users/AMALJO~1/AppData/Local/Temp/context1747404371589785351.xml'
23 Feb, 2012 11:13:06 AM org.apache.catalina.core.ApplicationContext log
INFO: Manager: start: Starting web application at '/'
23 Feb, 2012 11:14:58 AM org.apache.catalina.core.ApplicationContext log
INFO: Manager: list: Listing contexts for virtual host 'localhost'
23 Feb, 2012 11:17:37 AM org.apache.catalina.core.ApplicationContext log
INFO: Manager: list: Listing contexts for virtual host 'localhost'
23 Feb, 2012 11:45:00 AM org.apache.catalina.core.ApplicationContext log
INFO: Manager: init: Associated with Deployer 'Catalina:type=Deployer,host=localhost'
23 Feb, 2012 11:45:00 AM org.apache.catalina.core.ApplicationContext log
INFO: Manager: init: Global resources are available
23 Feb, 2012 11:45:00 AM org.apache.catalina.core.ApplicationContext log
INFO: Manager: list: Listing contexts for virtual host 'localhost'
23 Feb, 2012 11:45:00 AM org.apache.catalina.core.ApplicationContext log
INFO: Manager: list: Listing contexts for virtual host 'localhost'
23 Feb, 2012 11:45:00 AM org.apache.catalina.core.ApplicationContext log
INFO: Manager: undeploy: Undeploying web application at '/'
23 Feb, 2012 11:45:01 AM org.apache.catalina.core.ApplicationContext log
INFO: Manager: install: Installing context configuration at 'file:/C:/Users/AMALJO~1/AppData/Local/Temp/context7761204145761504179.xml'
23 Feb, 2012 11:45:01 AM org.apache.catalina.core.ApplicationContext log
INFO: Manager: start: Starting web application at '/'
23 Feb, 2012 11:50:16 AM org.apache.catalina.core.ApplicationContext log
INFO: Manager: list: Listing contexts for virtual host 'localhost'
23 Feb, 2012 11:50:22 AM org.apache.catalina.core.ApplicationContext log
INFO: Manager: list: Listing contexts for virtual host 'localhost'
23 Feb, 2012 11:50:58 AM org.apache.catalina.core.ApplicationContext log
INFO: Manager: list: Listing contexts for virtual host 'localhost'
23 Feb, 2012 11:51:09 AM org.apache.catalina.core.ApplicationContext log
INFO: Manager: list: Listing contexts for virtual host 'localhost'
23 Feb, 2012 11:54:27 AM org.apache.catalina.core.ApplicationContext log
INFO: Manager: list: Listing contexts for virtual host 'localhost'
23 Feb, 2012 11:55:18 AM org.apache.catalina.core.ApplicationContext log
INFO: Manager: list: Listing contexts for virtual host 'localhost'
23 Feb, 2012 11:59:22 AM org.apache.catalina.core.ApplicationContext log
INFO: Manager: list: Listing contexts for virtual host 'localhost'
23 Feb, 2012 11:59:39 AM org.apache.catalina.core.ApplicationContext log
INFO: Manager: list: Listing contexts for virtual host 'localhost'
23 Feb, 2012 11:59:50 AM org.apache.catalina.core.ApplicationContext log
INFO: Manager: list: Listing contexts for virtual host 'localhost'
23 Feb, 2012 12:00:24 PM org.apache.catalina.core.ApplicationContext log
INFO: Manager: list: Listing contexts for virtual host 'localhost'
23 Feb, 2012 12:01:25 PM org.apache.catalina.core.ApplicationContext log
INFO: Manager: list: Listing contexts for virtual host 'localhost'
23 Feb, 2012 12:02:40 PM org.apache.catalina.core.ApplicationContext log
INFO: Manager: list: Listing contexts for virtual host 'localhost'
23 Feb, 2012 12:02:59 PM org.apache.catalina.core.ApplicationContext log
INFO: Manager: list: Listing contexts for virtual host 'localhost'
23 Feb, 2012 12:03:24 PM org.apache.catalina.core.ApplicationContext log
INFO: Manager: list: Listing contexts for virtual host 'localhost'
23 Feb, 2012 12:05:42 PM org.apache.catalina.core.ApplicationContext log
INFO: Manager: list: Listing contexts for virtual host 'localhost'
23 Feb, 2012 12:08:48 PM org.apache.catalina.core.ApplicationContext log
INFO: Manager: list: Listing contexts for virtual host 'localhost'
23 Feb, 2012 12:10:07 PM org.apache.catalina.core.ApplicationContext log
INFO: Manager: list: Listing contexts for virtual host 'localhost'
23 Feb, 2012 12:10:22 PM org.apache.catalina.core.ApplicationContext log
INFO: Manager: list: Listing contexts for virtual host 'localhost'
23 Feb, 2012 12:10:30 PM org.apache.catalina.core.ApplicationContext log
INFO: Manager: list: Listing contexts for virtual host 'localhost'
23 Feb, 2012 12:10:42 PM org.apache.catalina.core.ApplicationContext log
INFO: Manager: list: Listing contexts for virtual host 'localhost'
23 Feb, 2012 12:12:26 PM org.apache.catalina.core.ApplicationContext log
INFO: Manager: list: Listing contexts for virtual host 'localhost'
23 Feb, 2012 12:13:45 PM org.apache.catalina.core.ApplicationContext log
INFO: Manager: list: Listing contexts for virtual host 'localhost'
23 Feb, 2012 12:14:31 PM org.apache.catalina.core.ApplicationContext log
INFO: Manager: list: Listing contexts for virtual host 'localhost'
23 Feb, 2012 12:14:48 PM org.apache.catalina.core.ApplicationContext log
INFO: Manager: list: Listing contexts for virtual host 'localhost'
23 Feb, 2012 12:16:25 PM org.apache.catalina.core.ApplicationContext log
INFO: Manager: list: Listing contexts for virtual host 'localhost'
23 Feb, 2012 12:17:48 PM org.apache.catalina.core.ApplicationContext log
INFO: Manager: list: Listing contexts for virtual host 'localhost'
23 Feb, 2012 12:18:11 PM org.apache.catalina.core.ApplicationContext log
INFO: Manager: list: Listing contexts for virtual host 'localhost'
23 Feb, 2012 12:18:33 PM org.apache.catalina.core.ApplicationContext log
INFO: Manager: list: Listing contexts for virtual host 'localhost'
23 Feb, 2012 12:18:56 PM org.apache.catalina.core.ApplicationContext log
INFO: Manager: list: Listing contexts for virtual host 'localhost'
23 Feb, 2012 12:19:19 PM org.apache.catalina.core.ApplicationContext log
INFO: Manager: list: Listing contexts for virtual host 'localhost'
23 Feb, 2012 12:19:35 PM org.apache.catalina.core.ApplicationContext log
INFO: Manager: list: Listing contexts for virtual host 'localhost'
23 Feb, 2012 12:21:29 PM org.apache.catalina.core.ApplicationContext log
INFO: Manager: list: Listing contexts for virtual host 'localhost'
23 Feb, 2012 12:21:32 PM org.apache.catalina.core.ApplicationContext log
INFO: Manager: list: Listing contexts for virtual host 'localhost'
23 Feb, 2012 12:23:01 PM org.apache.catalina.core.ApplicationContext log
INFO: Manager: list: Listing contexts for virtual host 'localhost'
23 Feb, 2012 12:27:40 PM org.apache.catalina.core.ApplicationContext log
INFO: Manager: list: Listing contexts for virtual host 'localhost'
23 Feb, 2012 12:28:13 PM org.apache.catalina.core.ApplicationContext log
INFO: Manager: list: Listing contexts for virtual host 'localhost'
