Jan 22, 2012 12:11:17 AM org.apache.catalina.core.ApplicationContext log
INFO: Manager: init: Associated with Deployer 'Catalina:type=Deployer,host=localhost'
Jan 22, 2012 12:11:17 AM org.apache.catalina.core.ApplicationContext log
INFO: Manager: init: Global resources are available
Jan 22, 2012 12:11:17 AM org.apache.catalina.core.ApplicationContext log
INFO: Manager: list: Listing contexts for virtual host 'localhost'
Jan 22, 2012 12:11:17 AM org.apache.catalina.core.ApplicationContext log
INFO: Manager: list: Listing contexts for virtual host 'localhost'
Jan 22, 2012 12:11:17 AM org.apache.catalina.core.ApplicationContext log
INFO: Manager: undeploy: Undeploying web application at '/'
Jan 22, 2012 12:11:18 AM org.apache.catalina.core.ApplicationContext log
INFO: Manager: install: Installing context configuration at 'file:/tmp/context8634368386559383386.xml'
Jan 22, 2012 12:11:18 AM org.apache.catalina.core.ApplicationContext log
INFO: Manager: start: Starting web application at '/'
Jan 22, 2012 12:11:45 AM org.apache.catalina.core.ApplicationContext log
INFO: Manager: list: Listing contexts for virtual host 'localhost'
Jan 22, 2012 12:13:35 AM org.apache.catalina.core.ApplicationContext log
INFO: Manager: list: Listing contexts for virtual host 'localhost'
Jan 22, 2012 12:14:16 AM org.apache.catalina.core.ApplicationContext log
INFO: Manager: list: Listing contexts for virtual host 'localhost'
Jan 22, 2012 12:16:14 AM org.apache.catalina.core.ApplicationContext log
INFO: Manager: list: Listing contexts for virtual host 'localhost'
Jan 22, 2012 12:19:17 AM org.apache.catalina.core.ApplicationContext log
INFO: Manager: list: Listing contexts for virtual host 'localhost'
Jan 22, 2012 12:20:16 AM org.apache.catalina.core.ApplicationContext log
INFO: Manager: list: Listing contexts for virtual host 'localhost'
Jan 22, 2012 12:21:01 AM org.apache.catalina.core.ApplicationContext log
INFO: Manager: list: Listing contexts for virtual host 'localhost'
Jan 22, 2012 12:21:29 AM org.apache.catalina.core.ApplicationContext log
INFO: Manager: list: Listing contexts for virtual host 'localhost'
Jan 22, 2012 12:22:24 AM org.apache.catalina.core.ApplicationContext log
INFO: Manager: list: Listing contexts for virtual host 'localhost'
Jan 22, 2012 12:23:10 AM org.apache.catalina.core.ApplicationContext log
INFO: Manager: list: Listing contexts for virtual host 'localhost'
Jan 22, 2012 12:24:13 AM org.apache.catalina.core.ApplicationContext log
INFO: Manager: list: Listing contexts for virtual host 'localhost'
Jan 22, 2012 12:26:07 AM org.apache.catalina.core.ApplicationContext log
INFO: Manager: list: Listing contexts for virtual host 'localhost'
Jan 22, 2012 12:27:14 AM org.apache.catalina.core.ApplicationContext log
INFO: Manager: list: Listing contexts for virtual host 'localhost'
Jan 22, 2012 12:28:55 AM org.apache.catalina.core.ApplicationContext log
INFO: Manager: list: Listing contexts for virtual host 'localhost'
Jan 22, 2012 12:31:23 AM org.apache.catalina.core.ApplicationContext log
INFO: Manager: list: Listing contexts for virtual host 'localhost'
Jan 22, 2012 12:31:48 AM org.apache.catalina.core.ApplicationContext log
INFO: Manager: list: Listing contexts for virtual host 'localhost'
Jan 22, 2012 12:32:58 AM org.apache.catalina.core.ApplicationContext log
INFO: Manager: list: Listing contexts for virtual host 'localhost'
Jan 22, 2012 12:34:34 AM org.apache.catalina.core.ApplicationContext log
INFO: Manager: list: Listing contexts for virtual host 'localhost'
Jan 22, 2012 12:36:00 AM org.apache.catalina.core.ApplicationContext log
INFO: Manager: list: Listing contexts for virtual host 'localhost'
Jan 22, 2012 12:36:24 AM org.apache.catalina.core.ApplicationContext log
INFO: Manager: list: Listing contexts for virtual host 'localhost'
Jan 22, 2012 12:36:35 AM org.apache.catalina.core.ApplicationContext log
INFO: Manager: list: Listing contexts for virtual host 'localhost'
Jan 22, 2012 12:36:50 AM org.apache.catalina.core.ApplicationContext log
INFO: Manager: list: Listing contexts for virtual host 'localhost'
Jan 22, 2012 12:38:18 AM org.apache.catalina.core.ApplicationContext log
INFO: Manager: list: Listing contexts for virtual host 'localhost'
Jan 22, 2012 12:39:17 AM org.apache.catalina.core.ApplicationContext log
INFO: Manager: list: Listing contexts for virtual host 'localhost'
Jan 22, 2012 12:44:12 AM org.apache.catalina.core.ApplicationContext log
INFO: Manager: list: Listing contexts for virtual host 'localhost'
Jan 22, 2012 12:44:24 AM org.apache.catalina.core.ApplicationContext log
INFO: Manager: list: Listing contexts for virtual host 'localhost'
Jan 22, 2012 12:44:50 AM org.apache.catalina.core.ApplicationContext log
INFO: Manager: list: Listing contexts for virtual host 'localhost'
Jan 22, 2012 1:03:21 AM org.apache.catalina.core.ApplicationContext log
INFO: Manager: list: Listing contexts for virtual host 'localhost'
Jan 22, 2012 1:04:29 AM org.apache.catalina.core.ApplicationContext log
INFO: Manager: list: Listing contexts for virtual host 'localhost'
Jan 22, 2012 1:04:37 AM org.apache.catalina.core.ApplicationContext log
INFO: Manager: list: Listing contexts for virtual host 'localhost'
Jan 22, 2012 1:10:43 AM org.apache.catalina.core.ApplicationContext log
INFO: Manager: list: Listing contexts for virtual host 'localhost'
Jan 22, 2012 1:11:31 AM org.apache.catalina.core.ApplicationContext log
INFO: Manager: list: Listing contexts for virtual host 'localhost'
Jan 22, 2012 1:13:23 AM org.apache.catalina.core.ApplicationContext log
INFO: Manager: list: Listing contexts for virtual host 'localhost'
Jan 22, 2012 1:19:27 AM org.apache.catalina.core.ApplicationContext log
INFO: Manager: list: Listing contexts for virtual host 'localhost'
Jan 22, 2012 1:20:46 AM org.apache.catalina.core.ApplicationContext log
INFO: Manager: list: Listing contexts for virtual host 'localhost'
Jan 22, 2012 1:21:10 AM org.apache.catalina.core.ApplicationContext log
INFO: Manager: list: Listing contexts for virtual host 'localhost'
Jan 22, 2012 1:22:58 AM org.apache.catalina.core.ApplicationContext log
INFO: Manager: list: Listing contexts for virtual host 'localhost'
Jan 22, 2012 1:25:11 AM org.apache.catalina.core.ApplicationContext log
INFO: Manager: list: Listing contexts for virtual host 'localhost'
Jan 22, 2012 1:27:28 AM org.apache.catalina.core.ApplicationContext log
INFO: Manager: list: Listing contexts for virtual host 'localhost'
Jan 22, 2012 1:28:01 AM org.apache.catalina.core.ApplicationContext log
INFO: Manager: list: Listing contexts for virtual host 'localhost'
Jan 22, 2012 1:32:22 AM org.apache.catalina.core.ApplicationContext log
INFO: Manager: list: Listing contexts for virtual host 'localhost'
Jan 22, 2012 1:32:50 AM org.apache.catalina.core.ApplicationContext log
INFO: Manager: list: Listing contexts for virtual host 'localhost'
22 Jan, 2012 12:04:59 PM org.apache.catalina.core.ApplicationContext log
INFO: Manager: init: Associated with Deployer 'Catalina:type=Deployer,host=localhost'
22 Jan, 2012 12:04:59 PM org.apache.catalina.core.ApplicationContext log
INFO: Manager: init: Global resources are available
22 Jan, 2012 12:04:59 PM org.apache.catalina.core.ApplicationContext log
INFO: Manager: list: Listing contexts for virtual host 'localhost'
22 Jan, 2012 12:04:59 PM org.apache.catalina.core.ApplicationContext log
INFO: Manager: list: Listing contexts for virtual host 'localhost'
22 Jan, 2012 12:04:59 PM org.apache.catalina.core.ApplicationContext log
INFO: Manager: undeploy: Undeploying web application at '/'
22 Jan, 2012 12:04:59 PM org.apache.catalina.core.ApplicationContext log
INFO: Manager: install: Installing context configuration at 'file:/C:/Users/AMALJO~1/AppData/Local/Temp/context704694544367324482.xml'
22 Jan, 2012 12:04:59 PM org.apache.catalina.core.ApplicationContext log
INFO: Manager: start: Starting web application at '/'
22 Jan, 2012 12:14:09 PM org.apache.catalina.core.ApplicationContext log
INFO: Manager: init: Associated with Deployer 'Catalina:type=Deployer,host=localhost'
22 Jan, 2012 12:14:09 PM org.apache.catalina.core.ApplicationContext log
INFO: Manager: init: Global resources are available
22 Jan, 2012 12:14:09 PM org.apache.catalina.core.ApplicationContext log
INFO: Manager: list: Listing contexts for virtual host 'localhost'
22 Jan, 2012 12:28:03 PM org.apache.catalina.core.ApplicationContext log
INFO: Manager: list: Listing contexts for virtual host 'localhost'
22 Jan, 2012 12:28:04 PM org.apache.catalina.core.ApplicationContext log
INFO: Manager: list: Listing contexts for virtual host 'localhost'
