13 Feb, 2012 9:05:59 PM org.apache.catalina.core.ApplicationContext log
INFO: Manager: init: Associated with Deployer 'Catalina:type=Deployer,host=localhost'
13 Feb, 2012 9:05:59 PM org.apache.catalina.core.ApplicationContext log
INFO: Manager: init: Global resources are available
13 Feb, 2012 9:05:59 PM org.apache.catalina.core.ApplicationContext log
INFO: Manager: list: Listing contexts for virtual host 'localhost'
13 Feb, 2012 9:05:59 PM org.apache.catalina.core.ApplicationContext log
INFO: Manager: list: Listing contexts for virtual host 'localhost'
13 Feb, 2012 9:05:59 PM org.apache.catalina.core.ApplicationContext log
INFO: Manager: undeploy: Undeploying web application at '/'
13 Feb, 2012 9:06:00 PM org.apache.catalina.core.ApplicationContext log
INFO: Manager: install: Installing context configuration at 'file:/C:/Users/AMALJO~1/AppData/Local/Temp/context8004166827949505669.xml'
13 Feb, 2012 9:06:00 PM org.apache.catalina.core.ApplicationContext log
INFO: Manager: start: Starting web application at '/'
13 Feb, 2012 9:09:04 PM org.apache.catalina.core.ApplicationContext log
INFO: Manager: list: Listing contexts for virtual host 'localhost'
13 Feb, 2012 9:17:04 PM org.apache.catalina.core.ApplicationContext log
INFO: Manager: list: Listing contexts for virtual host 'localhost'
13 Feb, 2012 9:17:20 PM org.apache.catalina.core.ApplicationContext log
INFO: Manager: list: Listing contexts for virtual host 'localhost'
13 Feb, 2012 9:17:20 PM org.apache.catalina.core.ApplicationContext log
INFO: Manager: list: Listing contexts for virtual host 'localhost'
13 Feb, 2012 9:17:20 PM org.apache.catalina.core.ApplicationContext log
INFO: Manager: undeploy: Undeploying web application at '/'
13 Feb, 2012 9:17:20 PM org.apache.catalina.core.ApplicationContext log
INFO: Manager: install: Installing context configuration at 'file:/C:/Users/AMALJO~1/AppData/Local/Temp/context6363717338472723653.xml'
13 Feb, 2012 9:17:21 PM org.apache.catalina.core.ApplicationContext log
INFO: Manager: start: Starting web application at '/'
13 Feb, 2012 9:45:57 PM org.apache.catalina.core.ApplicationContext log
INFO: Manager: list: Listing contexts for virtual host 'localhost'
13 Feb, 2012 9:46:07 PM org.apache.catalina.core.ApplicationContext log
INFO: Manager: list: Listing contexts for virtual host 'localhost'
13 Feb, 2012 9:46:08 PM org.apache.catalina.core.ApplicationContext log
INFO: Manager: list: Listing contexts for virtual host 'localhost'
13 Feb, 2012 9:46:27 PM org.apache.catalina.core.ApplicationContext log
INFO: Manager: list: Listing contexts for virtual host 'localhost'
